[DESIGN]
d001=0
d001001=[表-14]主要材料价格表,200,200,200,200,2,1.25,-1,宋体,-10,0,0,0.1,0.1,-1
d003=9
d0030001=number,56,宋体,-10,,0,0,0,0,16777215,0,2,1,1,1,1,0,0,0,0,0,0,序号,0
d0030002=mark,46,宋体,-10,,0,0,0,0,16777215,0,2,1,1,1,1,0,0,0,0,0,0,材料编码,0
d0030003=name,200,宋体,-10,,0,0,0,0,16777215,0,2,1,1,1,1,0,0,0,0,0,0,材料名称,0
d0030004=model,114,宋体,-10,,0,0,0,0,16777215,0,2,1,1,1,1,0,0,0,0,0,0,规格型号及特殊要求,0
d0030005=unit,70,宋体,-10,,0,0,0,0,16777215,0,2,1,1,1,1,0,0,0,0,0,0,单位,0
d0030006=quantity,70,宋体,-10,,0,0,0,0,16777215,0,2,1,1,1,1,0,0,0,0,0,0,数量,0
d0030007=price,70,宋体,-10,,0,0,0,0,16777215,0,2,1,1,1,1,0,0,0,0,0,0,单价,0
d0030008=sum,70,宋体,-10,,0,0,0,0,16777215,0,2,1,1,1,1,0,0,0,0,0,0,金额,0
d0030009=memo,70,宋体,-10,,0,0,0,0,16777215,0,2,1,1,1,1,0,0,0,0,0,0,备注,0

d0040001=3
d0040002=2
d0040003=2
d0040004=0
d0040005=1

d005=26
d0050001=1,1,1,9,2,主要材料价格表,宋体,-18,700,0,0,0,0,0,2,2,0,0,0,0,0,0,0,0,-1,0,,0
d0050002=1,1,3,9,3,[macroGcName],宋体,-10.5,,0,0,0,0,0,0,1,0,0,0,0,0,0,0,0,-1,0,,0
d0050003=2,1,1,1,2,序号,宋体,-9,,0,0,0,0,0,2,2,1,1,1,1,0,0,0,0,-1,0,,0
d0050004=2,2,1,2,2,材料编码,宋体,-9,,0,0,0,0,0,2,2,1,1,1,1,0,0,0,0,-1,0,,0
d0050005=2,3,1,3,2,材 料 名 称,宋体,-9,,0,0,0,0,0,2,2,1,1,1,1,0,0,0,0,-1,0,,0
d0050006=2,4,1,4,2,规格、型号及特殊要求,宋体,-9,,0,0,0,0,0,2,2,1,1,1,1,0,0,0,0,-1,0,,0
d0050007=2,5,1,5,2,单 位,宋体,-9,,0,0,0,0,0,2,2,1,1,1,1,0,0,0,0,-1,0,,0
d0050008=2,6,1,6,2,数 量,宋体,-9,,0,0,0,0,0,2,2,1,1,1,1,0,0,0,0,-1,0,,0
d0050009=2,7,1,7,2,单价（元）,宋体,-9,,0,0,0,0,0,2,2,1,1,1,1,0,0,0,0,-1,0,,0
d0050010=2,8,1,8,2,金 额,宋体,-9,,0,0,0,0,0,2,2,1,1,1,1,0,0,0,0,-1,0,,0
d0050011=2,9,1,9,2,备 注,宋体,-9,,0,0,0,0,0,2,2,1,1,1,1,0,0,0,0,-1,0,,0
d0050012=3,1,1,1,1,,宋体,-9,,0,0,0,0,0,0,2,1,1,1,1,0,0,0,0,-1,0,,0
d0050013=3,2,1,2,1,,宋体,-9,,0,0,0,0,0,0,2,1,1,1,1,0,0,0,0,-1,0,,0
d0050014=3,3,1,3,1,,宋体,-9,,0,0,0,0,0,0,2,1,1,1,1,0,0,0,0,-1,0,,0
d0050015=3,4,1,4,1,,宋体,-9,,0,0,0,0,0,0,2,1,1,1,1,0,0,0,0,-1,0,,0
d0050016=3,5,1,5,1,,宋体,-9,,0,0,0,0,0,2,2,1,1,1,1,0,0,0,0,-1,0,,0
d0050017=3,6,1,6,1,,宋体,-9,,0,0,0,0,0,1,2,1,1,1,1,0,0,0,0,-1,0,,0
d0050018=3,7,1,7,1,,宋体,-9,,0,0,0,0,0,1,2,1,1,1,1,0,0,0,0,-1,0,,0
d0050019=3,8,1,8,1,,宋体,-9,,0,0,0,0,0,1,2,1,1,1,1,0,0,0,0,-1,0,,0
d0050020=3,9,1,9,1,,宋体,-9,,0,0,0,0,0,2,2,1,1,1,1,0,0,0,0,-1,0,,0
d0050021=3,10,1,10,1,1,宋体,-9,,0,0,0,0,0,2,2,0,0,0,0,0,0,0,0,-1,0,,0
d0050022=3,1,2,6,2,===合  计===,宋体,-9,,0,0,0,0,0,2,2,1,1,1,1,0,0,0,0,-1,0,,0
d0050023=3,7,2,8,2,,宋体,-9,,0,0,0,0,0,1,2,1,1,1,1,0,0,0,0,-1,0,,0
d0050024=3,9,2,9,2,,宋体,-9,,0,0,0,0,0,2,2,1,1,1,1,0,0,0,0,-1,0,,0
d0050025=3,10,2,10,2,1003,宋体,-9,,0,0,0,0,0,2,2,0,0,0,0,0,0,0,0,-1,0,,0
d0050026=5,1,1,9,1,第[pageno]页 共[pagecount]页,宋体,-9,,0,0,0,0,0,2,2,0,0,0,0,0,0,0,0,-1,0,,0
[PARAMETER]
P001004=0
[报表参数]
enabled = 1
desc=报表参数
count=2
1=是否打印合计行,R(false)
2=单价以预算价计取,R(true)
[/PARAMETER]
[TEMP]
ReWrite=1
[DeletedCol]
place=品牌产地
[SOURCE]
level=0
