[DESIGN]
d001=0
d001001=主体建筑工程费用表,150,150,150,150,2,1.5,-1,宋体,-10,0,0,1,0.1,-1
d003=28
d0030001=xh,41,宋体,-9,,0,0,0,0,16777215,2,2,1,1,0,1,0,0,0,0,-1,0,xh,0,,0
d0030002=xmmc,88,宋体,-9,,0,0,0,0,16777215,1,2,1,1,1,0,0,0,0,0,-1,0,xmmc,0,,0
d0030003=土方开挖费用,33,宋体,-9,,0,0,0,0,0,0,0,1,1,1,1,0,0,0,0,-1,0,土方开挖费用,0,,0
d0030004=石方明挖费用,34,宋体,-9,,0,0,0,0,0,0,0,1,1,1,1,0,0,0,0,-1,0,石方明挖费用,0,,0
d0030005=石方洞挖费用,34,宋体,-9,,0,0,0,0,0,0,0,1,1,1,1,0,0,0,0,-1,0,石方洞挖费用,0,,0
d0030006=混凝土费用,32,宋体,-9,,0,0,0,0,0,0,0,1,1,1,1,0,0,0,0,-1,0,混凝土费用,0,,0
d0030007=土石方填筑费用,33,宋体,-9,,0,0,0,0,0,0,0,1,1,1,1,0,0,0,0,-1,0,土石方填筑费用,0,,0
d0030008=钢筋费用,31,宋体,-9,,0,0,0,0,0,0,0,1,1,1,1,0,0,0,0,-1,0,钢筋费用,0,,0
d0030009=帷幕灌浆费用,36,宋体,-9,,0,0,0,0,0,0,0,1,1,1,1,0,0,0,0,-1,0,帷幕灌浆费用,0,,0
d0030010=固结灌浆费用,35,宋体,-9,,0,0,0,0,0,0,0,1,1,1,1,0,0,0,0,-1,0,固结灌浆费用,0,,0
d0030011=锚杆费用,32,宋体,-9,,0,0,0,0,0,0,0,1,1,1,1,0,0,0,0,-1,0,锚杆费用,0,,0
d0030012=锚杆束费用,32,宋体,-9,,0,0,0,0,0,0,0,1,1,1,1,0,0,0,0,-1,0,锚杆束费用,0,,0
d0030013=锚索费用,29,宋体,-9,,0,0,0,0,0,0,0,1,1,1,1,0,0,0,0,-1,0,锚索费用,0,,0
d0030014=喷混凝土费用,32,宋体,-9,,0,0,0,0,0,0,0,1,1,1,1,0,0,0,0,-1,0,喷混凝土费用,0,,0
d0030015=防渗墙费用,29,宋体,-9,,0,0,0,0,0,0,0,1,1,1,1,0,0,0,0,-1,0,防渗墙费用,0,,0
d0030016=土方开挖,30,宋体,-9,,0,0,0,0,0,0,0,1,1,1,1,0,0,0,0,-1,0,土方开挖,0,,0
d0030017=石方明挖,32,宋体,-9,,0,0,0,0,0,0,0,1,1,1,1,0,0,0,0,-1,0,石方明挖,0,,0
d0030018=石方洞挖,35,宋体,-9,,0,0,0,0,0,0,0,1,1,1,1,0,0,0,0,-1,0,石方洞挖,0,,0
d0030019=混凝土,34,宋体,-9,,0,0,0,0,0,0,0,1,1,1,1,0,0,0,0,-1,0,混凝土,0,,0
d0030020=土石方填筑,32,宋体,-9,,0,0,0,0,0,0,0,1,1,1,1,0,0,0,0,-1,0,土石方填筑,0,,0
d0030021=钢筋,30,宋体,-9,,0,0,0,0,0,0,0,1,1,1,1,0,0,0,0,-1,0,钢筋,0,,0
d0030022=帷幕灌浆,32,宋体,-9,,0,0,0,0,0,0,0,1,1,1,1,0,0,0,0,-1,0,帷幕灌浆,0,,0
d0030023=固结灌浆,32,宋体,-9,,0,0,0,0,0,0,0,1,1,1,0,0,0,0,0,-1,0,固结灌浆,0,,0
d0030024=锚杆,32,宋体,-9,,0,0,0,0,0,0,0,1,1,1,1,0,0,0,0,-1,0,锚杆,0,,0
d0030025=锚杆束,30,宋体,-9,,0,0,0,0,0,0,0,1,1,1,1,0,0,0,0,-1,0,锚杆束,0,,0
d0030026=锚索,32,宋体,-9,,0,0,0,0,0,0,0,1,1,1,1,0,0,0,0,-1,0,锚索,0,,0
d0030027=喷混凝土,30,宋体,-9,,0,0,0,0,0,0,0,1,1,1,1,0,0,0,0,-1,0,喷混凝土,0,,0
d0030028=防渗墙,32,宋体,-9,,0,0,0,0,0,0,0,1,1,1,1,0,0,0,0,-1,0,防渗墙,0,,0

d0040001=3
d0040002=2
d0040003=2
d0040004=1
d0040005=1
d00400040001=0
d00400050001=0

d005=160
d0050001=1,1,1,23,2,主体建筑工程量费用统计表,宋体,-18,700,0,0,0,0,0,2,2,0,0,0,0,0,0,0,0,-1,0,,0,,0
d0050002=1,24,1,24,1,,宋体,-9,,0,0,0,0,0,2,2,0,0,0,0,0,0,0,0,-1,0,,0,,0
d0050003=1,25,1,25,1,,宋体,-9,,0,0,0,0,0,2,2,0,0,0,0,0,0,0,0,-1,0,,0,,0
d0050004=1,26,1,26,1,,宋体,-9,,0,0,0,0,0,2,2,0,0,0,0,0,0,0,0,-1,0,,0,,0
d0050005=1,27,1,27,1,,宋体,-9,,0,0,0,0,0,2,2,0,0,0,0,0,0,0,0,-1,0,,0,,0
d0050006=1,28,1,28,1,,宋体,-9,,0,0,0,0,0,2,2,0,0,0,0,0,0,0,0,-1,0,,0,,0
d0050007=1,24,2,24,2,,宋体,-9,,0,0,0,0,0,2,2,0,0,0,0,0,0,0,0,-1,0,,0,,0
d0050008=1,25,2,25,2,,宋体,-9,,0,0,0,0,0,2,2,0,0,0,0,0,0,0,0,-1,0,,0,,0
d0050009=1,26,2,26,2,,宋体,-9,,0,0,0,0,0,2,2,0,0,0,0,0,0,0,0,-1,0,,0,,0
d0050010=1,27,2,27,2,,宋体,-9,,0,0,0,0,0,2,2,0,0,0,0,0,0,0,0,-1,0,,0,,0
d0050011=1,28,2,28,2,,宋体,-9,,0,0,0,0,0,2,2,0,0,0,0,0,0,0,0,-1,0,,0,,0
d0050012=1,1,3,2,3,表10.2.1-5,宋体,-9,,0,0,0,0,0,0,2,0,0,0,0,0,0,0,0,-1,0,,0,,0
d0050013=1,3,3,3,3,,宋体,-9,,0,0,0,0,0,2,2,0,0,0,0,0,0,0,0,-1,0,,0,,0
d0050014=1,4,3,4,3,,宋体,-9,,0,0,0,0,0,2,2,0,0,0,0,0,0,0,0,-1,0,,0,,0
d0050015=1,5,3,5,3,,宋体,-9,,0,0,0,0,0,2,2,0,0,0,0,0,0,0,0,-1,0,,0,,0
d0050016=1,6,3,6,3,,宋体,-9,,0,0,0,0,0,2,2,0,0,0,0,0,0,0,0,-1,0,,0,,0
d0050017=1,7,3,7,3,,宋体,-9,,0,0,0,0,0,2,2,0,0,0,0,0,0,0,0,-1,0,,0,,0
d0050018=1,8,3,8,3,,宋体,-9,,0,0,0,0,0,2,2,0,0,0,0,0,0,0,0,-1,0,,0,,0
d0050019=1,9,3,9,3,,宋体,-9,,0,0,0,0,0,2,2,0,0,0,0,0,0,0,0,-1,0,,0,,0
d0050020=1,10,3,10,3,,宋体,-9,,0,0,0,0,0,2,2,0,0,0,0,0,0,0,0,-1,0,,0,,0
d0050021=1,11,3,11,3,,宋体,-9,,0,0,0,0,0,2,2,0,0,0,0,0,0,0,0,-1,0,,0,,0
d0050022=1,12,3,12,3,,宋体,-9,,0,0,0,0,0,2,2,0,0,0,0,0,0,0,0,-1,0,,0,,0
d0050023=1,13,3,13,3,,宋体,-9,,0,0,0,0,0,2,2,0,0,0,0,0,0,0,0,-1,0,,0,,0
d0050024=1,14,3,14,3,,宋体,-9,,0,0,0,0,0,2,2,0,0,0,0,0,0,0,0,-1,0,,0,,0
d0050025=1,15,3,15,3,,宋体,-9,,0,0,0,0,0,2,2,0,0,0,0,0,0,0,0,-1,0,,0,,0
d0050026=1,16,3,16,3,,宋体,-9,,0,0,0,0,0,2,2,0,0,0,0,0,0,0,0,-1,0,,0,,0
d0050027=1,17,3,17,3,,宋体,-9,,0,0,0,0,0,2,2,0,0,0,0,0,0,0,0,-1,0,,0,,0
d0050028=1,18,3,18,3,,宋体,-9,,0,0,0,0,0,2,2,0,0,0,0,0,0,0,0,-1,0,,0,,0
d0050029=1,19,3,19,3,,宋体,-9,,0,0,0,0,0,2,2,0,0,0,0,0,0,0,0,-1,0,,0,,0
d0050030=1,20,3,20,3,,宋体,-9,,0,0,0,0,0,2,2,0,0,0,0,0,0,0,0,-1,0,,0,,0
d0050031=1,21,3,21,3,,宋体,-9,,0,0,0,0,0,2,2,0,0,0,0,0,0,0,0,-1,0,,0,,0
d0050032=1,22,3,22,3,,宋体,-9,,0,0,0,0,0,2,2,0,0,0,0,0,0,0,0,-1,0,,0,,0
d0050033=1,23,3,23,3,,宋体,-9,,0,0,0,0,0,2,2,0,0,0,0,0,0,0,0,-1,0,,0,,0
d0050034=1,24,3,24,3,,宋体,-9,,0,0,0,0,0,2,2,0,0,0,0,0,0,0,0,-1,0,,0,,0
d0050035=1,25,3,25,3,,宋体,-9,,0,0,0,0,0,2,2,0,0,0,0,0,0,0,0,-1,0,,0,,0
d0050036=1,26,3,26,3,,宋体,-9,,0,0,0,0,0,2,2,0,0,0,0,0,0,0,0,-1,0,,0,,0
d0050037=1,27,3,27,3,,宋体,-9,,0,0,0,0,0,2,2,0,0,0,0,0,0,0,0,-1,0,,0,,0
d0050038=1,28,3,28,3,,宋体,-9,,0,0,0,0,0,2,2,0,0,0,0,0,0,0,0,-1,0,,0,,0
d0050039=2,1,1,1,2,工程编号,宋体,-9,,0,0,0,0,0,2,2,1,1,1,1,0,0,0,0,-1,0,,0,,0
d0050040=2,2,1,2,2,工程名称,宋体,-9,,0,0,0,0,0,2,2,1,1,1,1,0,0,0,0,-1,0,,0,,0
d0050041=2,3,1,15,1,费用([合价单位]),宋体,-9,,0,0,0,0,0,2,2,1,1,1,1,0,0,0,0,-1,0,,0,,0
d0050042=2,16,1,28,1,工程量,宋体,-9,,0,0,0,0,0,2,2,1,1,1,1,0,0,0,0,-1,0,,0,,0
d0050043=2,3,2,3,2,土方char(13)char(10)开挖,宋体,-9,,0,0,0,0,0,2,2,1,1,1,1,0,0,0,0,-1,0,,0,,0
d0050044=2,4,2,4,2,石方char(13)char(10)明挖,宋体,-9,,0,0,0,0,0,2,2,1,1,1,1,0,0,0,0,-1,0,,0,,0
d0050045=2,5,2,5,2,石方char(13)char(10)洞挖,宋体,-9,,0,0,0,0,0,2,2,1,1,1,1,0,0,0,0,-1,0,,0,,0
d0050046=2,6,2,6,2,混凝char(13)char(10)土,宋体,-9,,0,0,0,0,0,2,2,1,1,1,1,0,0,0,0,-1,0,,0,,0
d0050047=2,7,2,7,2,土石char(13)char(10)方填char(13)char(10)筑,宋体,-9,,0,0,0,0,0,2,2,1,1,1,1,0,0,0,0,-1,0,,0,,0
d0050048=2,8,2,8,2,钢筋,宋体,-9,,0,0,0,0,0,2,2,1,1,1,1,0,0,0,0,-1,0,,0,,0
d0050049=2,9,2,9,2,帷幕char(13)char(10)灌浆,宋体,-9,,0,0,0,0,0,2,2,1,1,1,1,0,0,0,0,-1,0,,0,,0
d0050050=2,10,2,10,2,固结char(13)char(10)灌浆,宋体,-9,,0,0,0,0,0,2,2,1,1,1,1,0,0,0,0,-1,0,,0,,0
d0050051=2,11,2,11,2,锚杆,宋体,-9,,0,0,0,0,0,2,2,1,1,1,1,0,0,0,0,-1,0,,0,,0
d0050052=2,12,2,12,2,锚杆char(13)char(10)束,宋体,-9,,0,0,0,0,0,2,2,1,1,1,1,0,0,0,0,-1,0,,0,,0
d0050053=2,13,2,13,2,锚索,宋体,-9,,0,0,0,0,0,2,2,1,1,1,1,0,0,0,0,-1,0,,0,,0
d0050054=2,14,2,14,2,喷混char(13)char(10)凝土,宋体,-9,,0,0,0,0,0,2,2,1,1,1,1,0,0,0,0,-1,0,,0,,0
d0050055=2,15,2,15,2,防渗char(13)char(10)墙,宋体,-9,,0,0,0,0,0,2,2,1,1,1,1,0,0,0,0,-1,0,,0,,0
d0050056=2,16,2,16,2,土方char(13)char(10)开挖char(13)char(10)(m3),宋体,-9,,0,0,0,0,0,2,2,1,1,1,1,0,0,0,0,-1,0,,0,,0
d0050057=2,17,2,17,2,石方char(13)char(10)明挖char(13)char(10)(m3),宋体,-9,,0,0,0,0,0,2,2,1,1,1,1,0,0,0,0,-1,0,,0,,0
d0050058=2,18,2,18,2,石方char(13)char(10)洞挖char(13)char(10)(m3),宋体,-9,,0,0,0,0,0,2,2,1,1,1,1,0,0,0,0,-1,0,,0,,0
d0050059=2,19,2,19,2,混凝char(13)char(10)土char(13)char(10)(m3),宋体,-9,,0,0,0,0,0,2,2,1,1,1,1,0,0,0,0,-1,0,,0,,0
d0050060=2,20,2,20,2,土石方char(13)char(10)填筑char(13)char(10)(m3),宋体,-9,,0,0,0,0,0,2,2,1,1,1,1,0,0,0,0,-1,0,,0,,0
d0050061=2,21,2,21,2,钢筋char(13)char(10)(t),宋体,-9,,0,0,0,0,0,2,2,1,1,1,1,0,0,0,0,-1,0,,0,,0
d0050062=2,22,2,22,2,帷幕char(13)char(10)灌浆char(13)char(10)(m),宋体,-9,,0,0,0,0,0,2,2,1,1,1,1,0,0,0,0,-1,0,,0,,0
d0050063=2,23,2,23,2,固结char(13)char(10)灌浆char(13)char(10)(m),宋体,-9,,0,0,0,0,0,2,2,1,1,1,1,0,0,0,0,-1,0,,0,,0
d0050064=2,24,2,24,2,锚杆char(13)char(10)(根),宋体,-9,,0,0,0,0,0,2,2,1,1,1,1,0,0,0,0,-1,0,,0,,0
d0050065=2,25,2,25,2,锚杆char(13)char(10)束char(13)char(10)(根),宋体,-9,,0,0,0,0,0,2,2,1,1,1,1,0,0,0,0,-1,0,,0,,0
d0050066=2,26,2,26,2,锚索char(13)char(10)(束),宋体,-9,,0,0,0,0,0,2,2,1,1,1,1,0,0,0,0,-1,0,,0,,0
d0050067=2,27,2,27,2,喷混char(13)char(10)凝土char(13)char(10)(m3),宋体,-9,,0,0,0,0,0,2,2,1,1,1,1,0,0,0,0,-1,0,,0,,0
d0050068=2,28,2,28,2,防渗char(13)char(10)墙char(13)char(10)(m2),宋体,-9,,0,0,0,0,0,2,2,1,1,1,1,0,0,0,0,-1,0,,0,,0
d0050069=3,1,1,1,1,,宋体,-9,,0,0,0,0,0,2,2,1,1,0,1,0,0,0,0,-1,0,,0,,0
d0050070=3,2,1,2,1,,宋体,-9,,0,0,0,0,0,0,2,1,1,0,1,0,0,0,0,-1,0,,0,,0
d0050071=3,3,1,3,1,,宋体,-9,,0,0,0,0,0,2,2,1,1,1,1,0,0,0,0,-1,0,,0,,0
d0050072=3,4,1,4,1,,宋体,-9,,0,0,0,0,0,2,2,1,1,1,1,0,0,0,0,-1,0,,0,,0
d0050073=3,5,1,5,1,,宋体,-9,,0,0,0,0,0,2,2,1,1,1,1,0,0,0,0,-1,0,,0,,0
d0050074=3,6,1,6,1,,宋体,-9,,0,0,0,0,0,2,2,1,1,1,1,0,0,0,0,-1,0,,0,,0
d0050075=3,7,1,7,1,,宋体,-9,,0,0,0,0,0,2,2,1,1,1,1,0,0,0,0,-1,0,,0,,0
d0050076=3,8,1,8,1,,宋体,-9,,0,0,0,0,0,2,2,1,1,1,1,0,0,0,0,-1,0,,0,,0
d0050077=3,9,1,9,1,,宋体,-9,,0,0,0,0,0,2,2,1,1,1,1,0,0,0,0,-1,0,,0,,0
d0050078=3,10,1,10,1,,宋体,-9,,0,0,0,0,0,2,2,1,1,1,1,0,0,0,0,-1,0,,0,,0
d0050079=3,11,1,11,1,,宋体,-9,,0,0,0,0,0,2,2,1,1,1,1,0,0,0,0,-1,0,,0,,0
d0050080=3,12,1,12,1,,宋体,-9,,0,0,0,0,0,2,2,1,1,1,1,0,0,0,0,-1,0,,0,,0
d0050081=3,13,1,13,1,,宋体,-9,,0,0,0,0,0,2,2,1,1,1,1,0,0,0,0,-1,0,,0,,0
d0050082=3,14,1,14,1,,宋体,-9,,0,0,0,0,0,2,2,1,1,1,1,0,0,0,0,-1,0,,0,,0
d0050083=3,15,1,15,1,,宋体,-9,,0,0,0,0,0,2,2,1,1,1,1,0,0,0,0,-1,0,,0,,0
d0050084=3,16,1,16,1,,宋体,-9,,0,0,0,0,0,2,2,1,1,1,1,0,0,0,0,-1,0,,0,,0
d0050085=3,17,1,17,1,,宋体,-9,,0,0,0,0,0,2,2,1,1,1,1,0,0,0,0,-1,0,,0,,0
d0050086=3,18,1,18,1,,宋体,-9,,0,0,0,0,0,1,2,1,1,0,1,0,0,0,0,-1,0,,0,,0
d0050087=3,19,1,19,1,,宋体,-9,,0,0,0,0,0,1,2,1,1,0,1,0,0,0,0,-1,0,,0,,0
d0050088=3,20,1,20,1,,宋体,-9,,0,0,0,0,0,1,2,1,1,0,1,0,0,0,0,-1,0,,0,,0
d0050089=3,21,1,21,1,,宋体,-9,,0,0,0,0,0,1,2,1,1,0,1,0,0,0,0,-1,0,,0,,0
d0050090=3,22,1,22,1,,宋体,-9,,0,0,0,0,0,1,2,1,1,0,1,0,0,0,0,-1,0,,0,,0
d0050091=3,23,1,23,1,,宋体,-9,,0,0,0,0,0,1,2,1,1,0,0,0,0,0,0,-1,0,,0,,0
d0050092=3,24,1,24,1,,宋体,-9,,0,0,0,0,0,2,2,1,1,1,1,0,0,0,0,-1,0,,0,,0
d0050093=3,25,1,25,1,,宋体,-9,,0,0,0,0,0,2,2,1,1,1,1,0,0,0,0,-1,0,,0,,0
d0050094=3,26,1,26,1,,宋体,-9,,0,0,0,0,0,2,2,1,1,1,1,0,0,0,0,-1,0,,0,,0
d0050095=3,27,1,27,1,,宋体,-9,,0,0,0,0,0,2,2,1,1,1,1,0,0,0,0,-1,0,,0,,0
d0050096=3,28,1,28,1,,宋体,-9,,0,0,0,0,0,2,2,1,1,1,1,0,0,0,0,-1,0,,0,,0
d0050097=3,29,1,29,1,2,宋体,-9,,0,0,0,0,0,0,2,0,0,0,0,0,0,0,0,-1,0,,0,,0
d0050098=3,1,2,1,2,,宋体,-9,,0,0,0,0,0,2,2,1,2,0,1,0,0,0,0,-1,0,,0,,0
d0050099=3,2,2,2,2,,宋体,-9,,0,0,0,0,0,0,2,1,2,0,1,0,0,0,0,-1,0,,0,,0
d0050100=3,3,2,3,2,,宋体,-9,,0,0,0,0,0,2,2,1,1,1,1,0,0,0,0,-1,0,,0,,0
d0050101=3,4,2,4,2,,宋体,-9,,0,0,0,0,0,2,2,1,1,1,1,0,0,0,0,-1,0,,0,,0
d0050102=3,5,2,5,2,,宋体,-9,,0,0,0,0,0,2,2,1,1,1,1,0,0,0,0,-1,0,,0,,0
d0050103=3,6,2,6,2,,宋体,-9,,0,0,0,0,0,2,2,1,1,1,1,0,0,0,0,-1,0,,0,,0
d0050104=3,7,2,7,2,,宋体,-9,,0,0,0,0,0,2,2,1,1,1,1,0,0,0,0,-1,0,,0,,0
d0050105=3,8,2,8,2,,宋体,-9,,0,0,0,0,0,2,2,1,1,1,1,0,0,0,0,-1,0,,0,,0
d0050106=3,9,2,9,2,,宋体,-9,,0,0,0,0,0,2,2,1,1,1,1,0,0,0,0,-1,0,,0,,0
d0050107=3,10,2,10,2,,宋体,-9,,0,0,0,0,0,2,2,1,1,1,1,0,0,0,0,-1,0,,0,,0
d0050108=3,11,2,11,2,,宋体,-9,,0,0,0,0,0,2,2,1,1,1,1,0,0,0,0,-1,0,,0,,0
d0050109=3,12,2,12,2,,宋体,-9,,0,0,0,0,0,2,2,1,1,1,1,0,0,0,0,-1,0,,0,,0
d0050110=3,13,2,13,2,,宋体,-9,,0,0,0,0,0,2,2,1,1,1,1,0,0,0,0,-1,0,,0,,0
d0050111=3,14,2,14,2,,宋体,-9,,0,0,0,0,0,2,2,1,1,1,1,0,0,0,0,-1,0,,0,,0
d0050112=3,15,2,15,2,,宋体,-9,,0,0,0,0,0,2,2,1,1,1,1,0,0,0,0,-1,0,,0,,0
d0050113=3,16,2,16,2,,宋体,-9,,0,0,0,0,0,2,2,1,1,1,1,0,0,0,0,-1,0,,0,,0
d0050114=3,17,2,17,2,,宋体,-9,,0,0,0,0,0,2,2,1,1,1,1,0,0,0,0,-1,0,,0,,0
d0050115=3,18,2,18,2,,宋体,-9,,0,0,0,0,0,2,2,1,2,0,1,0,0,0,0,-1,0,,0,,0
d0050116=3,19,2,19,2,,宋体,-9,,0,0,0,0,0,2,2,1,2,0,1,0,0,0,0,-1,0,,0,,0
d0050117=3,20,2,20,2,,宋体,-9,,0,0,0,0,0,2,2,1,2,0,1,0,0,0,0,-1,0,,0,,0
d0050118=3,21,2,21,2,,宋体,-9,,0,0,0,0,0,2,2,1,2,0,1,0,0,0,0,-1,0,,0,,0
d0050119=3,22,2,22,2,,宋体,-9,,0,0,0,0,0,2,2,1,2,0,1,0,0,0,0,-1,0,,0,,0
d0050120=3,23,2,23,2,,宋体,-9,,0,0,0,0,0,2,2,1,2,0,0,0,0,0,0,-1,0,,0,,0
d0050121=3,24,2,24,2,,宋体,-9,,0,0,0,0,0,2,2,1,1,1,1,0,0,0,0,-1,0,,0,,0
d0050122=3,25,2,25,2,,宋体,-9,,0,0,0,0,0,2,2,1,1,1,1,0,0,0,0,-1,0,,0,,0
d0050123=3,26,2,26,2,,宋体,-9,,0,0,0,0,0,2,2,1,1,1,1,0,0,0,0,-1,0,,0,,0
d0050124=3,27,2,27,2,,宋体,-9,,0,0,0,0,0,2,2,1,1,1,1,0,0,0,0,-1,0,,0,,0
d0050125=3,28,2,28,2,,宋体,-9,,0,0,0,0,0,2,2,1,1,1,1,0,0,0,0,-1,0,,0,,0
d0050126=3,29,2,29,2,1003,宋体,-9,,0,0,0,0,0,0,2,0,0,0,0,0,0,0,0,-1,0,,0,,0
d0050127=4,1,1,23,1,  ,宋体,-9,,0,0,0,0,0,2,2,2,0,0,0,0,0,0,0,-1,0,,0,,0
d0050128=4,24,1,24,1,,宋体,-9,,0,0,0,0,0,2,2,0,0,0,0,0,0,0,0,-1,0,,0,,0
d0050129=4,25,1,25,1,,宋体,-9,,0,0,0,0,0,2,2,0,0,0,0,0,0,0,0,-1,0,,0,,0
d0050130=4,26,1,26,1,,宋体,-9,,0,0,0,0,0,2,2,0,0,0,0,0,0,0,0,-1,0,,0,,0
d0050131=4,27,1,27,1,,宋体,-9,,0,0,0,0,0,2,2,0,0,0,0,0,0,0,0,-1,0,,0,,0
d0050132=4,28,1,28,1,,宋体,-9,,0,0,0,0,0,2,2,0,0,0,0,0,0,0,0,-1,0,,0,,0
d0050133=5,1,1,1,1, ,宋体,-9,,0,0,0,0,0,2,2,0,0,0,0,0,0,0,0,-1,0,,0,,0
d0050134=5,2,1,2,1, ,宋体,-9,,0,0,0,0,0,2,2,0,0,0,0,0,0,0,0,-1,0,,0,,0
d0050135=5,3,1,3,1,,宋体,-9,,0,0,0,0,0,2,2,0,0,0,0,0,0,0,0,-1,0,,0,,0
d0050136=5,4,1,4,1,,宋体,-9,,0,0,0,0,0,2,2,0,0,0,0,0,0,0,0,-1,0,,0,,0
d0050137=5,5,1,5,1,,宋体,-9,,0,0,0,0,0,2,2,0,0,0,0,0,0,0,0,-1,0,,0,,0
d0050138=5,6,1,6,1,,宋体,-9,,0,0,0,0,0,2,2,0,0,0,0,0,0,0,0,-1,0,,0,,0
d0050139=5,7,1,7,1,,宋体,-9,,0,0,0,0,0,2,2,0,0,0,0,0,0,0,0,-1,0,,0,,0
d0050140=5,8,1,8,1,,宋体,-9,,0,0,0,0,0,2,2,0,0,0,0,0,0,0,0,-1,0,,0,,0
d0050141=5,9,1,9,1,,宋体,-9,,0,0,0,0,0,2,2,0,0,0,0,0,0,0,0,-1,0,,0,,0
d0050142=5,10,1,10,1,,宋体,-9,,0,0,0,0,0,2,2,0,0,0,0,0,0,0,0,-1,0,,0,,0
d0050143=5,11,1,11,1,,宋体,-9,,0,0,0,0,0,2,2,0,0,0,0,0,0,0,0,-1,0,,0,,0
d0050144=5,12,1,12,1,,宋体,-9,,0,0,0,0,0,2,2,0,0,0,0,0,0,0,0,-1,0,,0,,0
d0050145=5,13,1,13,1,,宋体,-9,,0,0,0,0,0,2,2,0,0,0,0,0,0,0,0,-1,0,,0,,0
d0050146=5,14,1,14,1,,宋体,-9,,0,0,0,0,0,2,2,0,0,0,0,0,0,0,0,-1,0,,0,,0
d0050147=5,15,1,15,1,,宋体,-9,,0,0,0,0,0,2,2,0,0,0,0,0,0,0,0,-1,0,,0,,0
d0050148=5,16,1,16,1,,宋体,-9,,0,0,0,0,0,2,2,0,0,0,0,0,0,0,0,-1,0,,0,,0
d0050149=5,17,1,17,1,,宋体,-9,,0,0,0,0,0,2,2,0,0,0,0,0,0,0,0,-1,0,,0,,0
d0050150=5,18,1,18,1,,宋体,-9,,0,0,0,0,0,2,2,0,0,0,0,0,0,0,0,-1,0,,0,,0
d0050151=5,19,1,19,1,,宋体,-9,,0,0,0,0,0,2,2,0,0,0,0,0,0,0,0,-1,0,,0,,0
d0050152=5,20,1,20,1,,宋体,-9,,0,0,0,0,0,2,2,0,0,0,0,0,0,0,0,-1,0,,0,,0
d0050153=5,21,1,21,1,,宋体,-9,,0,0,0,0,0,2,2,0,0,0,0,0,0,0,0,-1,0,,0,,0
d0050154=5,22,1,22,1,,宋体,-9,,0,0,0,0,0,2,2,0,0,0,0,0,0,0,0,-1,0,,0,,0
d0050155=5,23,1,23,1,,宋体,-9,,0,0,0,0,0,2,2,0,0,0,0,0,0,0,0,-1,0,,0,,0
d0050156=5,24,1,24,1,,宋体,-9,,0,0,0,0,0,2,2,0,0,0,0,0,0,0,0,-1,0,,0,,0
d0050157=5,25,1,25,1,,宋体,-9,,0,0,0,0,0,2,2,0,0,0,0,0,0,0,0,-1,0,,0,,0
d0050158=5,26,1,26,1,,宋体,-9,,0,0,0,0,0,2,2,0,0,0,0,0,0,0,0,-1,0,,0,,0
d0050159=5,27,1,27,1,,宋体,-9,,0,0,0,0,0,2,2,0,0,0,0,0,0,0,0,-1,0,,0,,0
d0050160=5,28,1,28,1,,宋体,-9,,0,0,0,0,0,2,2,0,0,0,0,0,0,0,0,-1,0,,0,,0
[PARAMETER]
[报表参数]
desc=报表参数
enabled=1
count=3
1=打印级数,L(一级项目),工程层次,一级项目,二级项目,三级项目,四级项目,五级项目,六级项目,清单项目
2=打印工程名称,L(项目名称),项目名称,标段名称,项目名称+标段名称
3=打印套用单价序号,R(false)
[/PARAMETER]
[SOURCE]
dll=report_自定义_主体建筑工程费用表.dll
level=0
[参数设置结果]
打印级数=六级项目
打印工程名称=项目名称
打印套用单价序号=False
NodeType=220
不循环子节点=True
不打印节点=2101,2002,2003
[TEMP]
ReWrite=1
