[DESIGN]
d001=0
d001001=施工机械台时汇总表,150,150,100,100,2,1.5,-1,宋体,-10,0,0,1,1.5
d003=22
d0030001=序号,40,宋体,-9,,0,0,0,0,16777215,1,2,1,1,1,1,0,0,1,0,-1,0,序号,0
d0030002=编号,40,宋体,-9,,0,0,0,0,16777215,1,2,1,1,1,1,0,0,0,1,-1,0,编号,0
d0030003=名称及规格,100,宋体,-9,,0,0,0,0,16777215,1,2,1,1,1,1,1,0,0,0,-1,0,名称及规格,0
d0030004=台时费,37,宋体,-9,,0,0,0,0,16777215,1,2,1,1,1,1,0,0,0,1,-1,0,台时费,0
d0030005=折旧费,44,宋体,-9,,0,0,0,0,16777215,1,2,1,1,1,1,0,0,0,1,-1,0,折旧费,0
d0030006=修理费,44,宋体,-9,,0,0,0,0,16777215,1,2,1,1,1,1,0,0,0,1,-1,0,修理费,0
d0030007=安装拆卸费,44,宋体,-9,,0,0,0,0,16777215,1,2,1,1,1,1,0,0,0,1,-1,0,安装拆卸费,0
d0030008=一类费用小计,44,宋体,-9,,0,0,0,0,16777215,1,2,1,1,1,1,0,0,0,1,-1,0,一类费用小计,0
d0030009=人工用量,44,宋体,-9,,0,0,0,0,0,0,0,1,1,1,1,0,0,0,1,-1,0,人工用量,0
d0030010=人工,44,宋体,-9,,0,0,0,0,0,0,0,1,1,1,1,0,0,0,1,-1,0,人工,0
d0030011=柴油用量,44,宋体,-9,,0,0,0,0,0,0,0,1,1,1,1,0,0,0,1,-1,0,柴油用量,0
d0030012=柴油,44,宋体,-9,,0,0,0,0,16777215,1,2,1,1,1,1,0,0,0,1,-1,0,柴油,0
d0030013=汽油用量,44,宋体,-9,,0,0,0,0,0,0,0,1,1,1,1,0,0,0,1,-1,0,汽油用量,0
d0030014=汽油,44,宋体,-9,,0,0,0,0,16777215,1,2,1,1,1,1,0,0,0,1,-1,0,汽油,0
d0030015=电用量,44,宋体,-9,,0,0,0,0,0,0,0,1,1,1,1,0,0,0,1,-1,0,电用量,0
d0030016=电,44,宋体,-9,,0,0,0,0,16777215,1,2,1,1,1,1,0,0,0,1,-1,0,电,0
d0030017=风用量,44,宋体,-9,,0,0,0,0,0,0,0,1,1,1,1,0,0,0,1,-1,0,风用量,0
d0030018=风,44,宋体,-9,,0,0,0,0,16777215,1,2,1,1,1,1,0,0,0,1,-1,0,风,0
d0030019=水用量,44,宋体,-9,,0,0,0,0,0,0,0,1,1,1,1,0,0,0,1,-1,0,水用量,0
d0030020=水,44,宋体,-9,,0,0,0,0,16777215,1,2,1,1,1,1,0,0,0,1,-1,0,水,0
d0030021=二类其他,44,宋体,-9,,0,0,0,0,16777215,1,2,1,1,1,1,0,0,0,1,-1,0,二类其他,0
d0030022=二类费用小计,44,宋体,-9,,0,0,0,0,16777215,1,2,1,1,1,1,0,0,0,1,-1,0,二类费用小计,0

d0040001=4
d0040002=3
d0040003=1
d0040004=0
d0040005=6

d005=64
d0050001=1,1,1,22,2,施工机械[台班单位]汇总表,宋体,-18,700,0,0,0,0,0,2,2,0,0,0,0,0,0,0,0,-1,0,,0
d0050002=1,1,3,22,4,[macroGcName],宋体,-9,,0,0,0,0,0,0,1,0,0,0,0,0,0,0,0,-1,0,,0
d0050003=2,1,1,1,3,序号,宋体,-9,,0,0,0,0,0,2,2,1,1,1,1,0,0,0,0,-1,0,,0
d0050004=2,2,1,2,3,编号,宋体,-9,,0,0,0,0,0,2,2,1,1,1,1,0,0,0,0,-1,0,,0
d0050005=2,3,1,3,3,设备名称,宋体,-9,,0,0,0,0,0,2,2,1,1,1,1,0,0,0,0,-1,0,,0
d0050006=2,4,1,4,3,[台班单位]费,宋体,-9,,0,0,0,0,0,2,2,1,1,1,1,0,0,0,0,-1,0,,0
d0050007=2,5,1,8,1,一类费用,宋体,-9,,0,0,0,0,0,2,2,1,1,1,1,0,0,0,0,-1,0,,0
d0050008=2,9,1,22,1,二类费用,宋体,-9,,0,0,0,0,0,2,2,1,1,1,1,0,0,0,0,-1,0,,0
d0050009=2,5,2,5,3,折旧费,宋体,-9,,0,0,0,0,0,2,2,1,1,1,1,0,0,0,0,-1,0,,0
d0050010=2,6,2,6,3,修理费,宋体,-9,,0,0,0,0,0,2,2,1,1,1,1,0,0,0,0,-1,0,,0
d0050011=2,7,2,7,3,安拆费,宋体,-9,,0,0,0,0,0,2,2,1,1,1,1,0,0,0,0,-1,0,,0
d0050012=2,8,2,8,3,小计,宋体,-9,,0,0,0,0,0,2,2,1,1,1,1,0,0,0,0,-1,0,,0
d0050013=2,9,2,10,2,人工,宋体,-9,,0,0,0,0,0,2,2,1,1,1,1,0,0,0,0,-1,0,,0
d0050014=2,11,2,12,2,柴油,宋体,-9,,0,0,0,0,0,2,2,1,1,1,1,0,0,0,0,-1,0,,0
d0050015=2,13,2,14,2,汽油,宋体,-9,,0,0,0,0,0,2,2,1,1,1,1,0,0,0,0,-1,0,,0
d0050016=2,15,2,16,2,电,宋体,-9,,0,0,0,0,0,2,2,1,1,1,1,0,0,0,0,-1,0,,0
d0050017=2,17,2,18,2,风,宋体,-9,,0,0,0,0,0,2,2,1,1,1,1,0,0,0,0,-1,0,,0
d0050018=2,19,2,20,2,水,宋体,-9,,0,0,0,0,0,2,2,1,1,1,1,0,0,0,0,-1,0,,0
d0050019=2,21,2,21,3,其它,宋体,-9,,0,0,0,0,0,2,2,1,1,1,1,0,0,0,0,-1,0,,0
d0050020=2,22,2,22,3,小计,宋体,-9,,0,0,0,0,0,2,2,1,1,1,1,0,0,0,0,-1,0,,0
d0050021=2,9,3,9,3,数量,宋体,-9,,0,0,0,0,0,2,2,1,1,1,1,0,0,0,0,-1,0,,0
d0050022=2,10,3,10,3,合价,宋体,-9,,0,0,0,0,0,2,2,1,1,1,1,0,0,0,0,-1,0,,0
d0050023=2,11,3,11,3,数量,宋体,-9,,0,0,0,0,0,2,2,1,1,1,1,0,0,0,0,-1,0,,0
d0050024=2,12,3,12,3,合价,宋体,-9,,0,0,0,0,0,2,2,1,1,1,1,0,0,0,0,-1,0,,0
d0050025=2,13,3,13,3,数量,宋体,-9,,0,0,0,0,0,2,2,1,1,1,1,0,0,0,0,-1,0,,0
d0050026=2,14,3,14,3,合价,宋体,-9,,0,0,0,0,0,2,2,1,1,1,1,0,0,0,0,-1,0,,0
d0050027=2,15,3,15,3,数量,宋体,-9,,0,0,0,0,0,2,2,1,1,1,1,0,0,0,0,-1,0,,0
d0050028=2,16,3,16,3,合价,宋体,-9,,0,0,0,0,0,2,2,1,1,1,1,0,0,0,0,-1,0,,0
d0050029=2,17,3,17,3,数量,宋体,-9,,0,0,0,0,0,2,2,1,1,1,1,0,0,0,0,-1,0,,0
d0050030=2,18,3,18,3,合价,宋体,-9,,0,0,0,0,0,2,2,1,1,1,1,0,0,0,0,-1,0,,0
d0050031=2,19,3,19,3,数量,宋体,-9,,0,0,0,0,0,2,2,1,1,1,1,0,0,0,0,-1,0,,0
d0050032=2,20,3,20,3,合价,宋体,-9,,0,0,0,0,0,2,2,1,1,1,1,0,0,0,0,-1,0,,0
d0050033=3,1,1,1,1,,宋体,-9,,0,0,0,0,0,2,2,1,1,1,1,0,0,0,0,-1,0,,0
d0050034=3,2,1,2,1,,宋体,-9,,0,0,0,0,0,0,2,1,1,1,1,0,0,0,0,-1,0,,0
d0050035=3,3,1,3,1,,宋体,-9,,0,0,0,0,0,0,2,1,1,1,1,0,0,0,0,-1,0,,0
d0050036=3,4,1,4,1,,宋体,-9,,0,0,0,0,0,1,2,1,1,1,1,0,0,0,0,-1,0,,0
d0050037=3,5,1,5,1,,宋体,-9,,0,0,0,0,0,1,2,1,1,1,1,0,0,0,0,-1,0,,0
d0050038=3,6,1,6,1,,宋体,-9,,0,0,0,0,0,1,2,1,1,1,1,0,0,0,0,-1,0,,0
d0050039=3,7,1,7,1,,宋体,-9,,0,0,0,0,0,1,2,1,1,1,1,0,0,0,0,-1,0,,0
d0050040=3,8,1,8,1,,宋体,-9,,0,0,0,0,0,1,2,1,1,1,1,0,0,0,0,-1,0,,0
d0050041=3,9,1,9,1,,宋体,-9,,0,0,0,0,0,1,2,1,1,1,1,0,0,0,0,-1,0,,0
d0050042=3,10,1,10,1,,宋体,-9,,0,0,0,0,0,1,2,1,1,1,1,0,0,0,0,-1,0,,0
d0050043=3,11,1,11,1,,宋体,-9,,0,0,0,0,0,1,2,1,1,1,1,0,0,0,0,-1,0,,0
d0050044=3,12,1,12,1,,宋体,-9,,0,0,0,0,0,1,2,1,1,1,1,0,0,0,0,-1,0,,0
d0050045=3,13,1,13,1,,宋体,-9,,0,0,0,0,0,1,2,1,1,1,1,0,0,0,0,-1,0,,0
d0050046=3,14,1,14,1,,宋体,-9,,0,0,0,0,0,1,2,1,1,1,1,0,0,0,0,-1,0,,0
d0050047=3,15,1,15,1,,宋体,-9,,0,0,0,0,0,1,2,1,1,1,1,0,0,0,0,-1,0,,0
d0050048=3,16,1,16,1,,宋体,-9,,0,0,0,0,0,1,2,1,1,1,1,0,0,0,0,-1,0,,0
d0050049=3,17,1,17,1,,宋体,-9,,0,0,0,0,0,1,2,1,1,1,1,0,0,0,0,-1,0,,0
d0050050=3,18,1,18,1,,宋体,-9,,0,0,0,0,0,1,2,1,1,1,1,0,0,0,0,-1,0,,0
d0050051=3,19,1,19,1,,宋体,-9,,0,0,0,0,0,1,2,1,1,1,1,0,0,0,0,-1,0,,0
d0050052=3,20,1,20,1,,宋体,-9,,0,0,0,0,0,1,2,1,1,1,1,0,0,0,0,-1,0,,0
d0050053=3,21,1,21,1,,宋体,-9,,0,0,0,0,0,1,2,1,1,1,1,0,0,0,0,-1,0,,0
d0050054=3,22,1,22,1,,宋体,-9,,0,0,0,0,0,1,2,1,1,1,1,0,0,0,0,-1,0,,0
d0050055=3,23,1,23,1,1,宋体,-9,,0,0,0,0,0,0,2,1,1,1,1,0,0,0,0,-1,0,,0
d0050056=5,1,1,22,1,备注：(1)计算施工设备台时费的人工、材料预算价格：,宋体,-9,,0,0,0,0,0,0,1,0,0,0,0,0,0,0,0,-1,0,,0
d0050057=5,1,2,22,2,      人工  [人工单价]元/工时，柴油  [柴油单价]元/kg，汽油  [汽油单价]元/kg，电  [电单价]元/kW.h，风  [风单价]元/m3，水  [水单价]元/m3。,宋体,-9,,0,0,0,0,0,0,1,0,0,0,0,0,0,0,0,-1,0,,0
d0050058=5,1,3,18,3,投标人：,宋体,-9,,0,0,0,0,0,1,1,0,0,0,0,0,0,0,0,-1,0,,0
d0050059=5,19,3,22,3,[投标单位],宋体,-9,,0,0,0,0,0,0,1,0,1,0,0,0,0,0,0,-1,0,,0
d0050060=5,1,4,18,4,法定代表人(委托代理人)：,宋体,-9,,0,0,0,0,0,1,1,0,0,0,0,0,0,0,0,-1,0,,0
d0050061=5,19,4,22,4,[投标单位法定代表人],宋体,-9,,0,0,0,0,0,0,1,0,1,0,0,0,0,0,0,-1,0,,0
d0050062=5,1,5,18,5,,宋体,-9,,0,0,0,0,0,1,1,0,0,0,0,0,0,0,0,-1,0,,0
d0050063=5,19,5,22,5,[编制日期],宋体,-9,,0,0,0,0,0,0,1,0,0,0,0,0,0,0,0,-1,0,,0
d0050064=5,1,6,22,6,第[pageno]页 共[pagecount]页,宋体,-9,,0,0,0,0,0,2,1,0,0,0,0,0,0,0,0,-1,0,,0
[PARAMETER]
[报表参数]
enabled=1
desc=报表参数
count=1
1=打印工程名称,L(项目名称),项目名称,标段名称,项目名称+标段名称,合同编号
[/PARAMETER]
[SOURCE]
type=rptx
dll=全国02_通用_投标_机械台班报价表.dll
[TEMP]
ReWrite=1
[参数设置结果]
打印工程名称=项目名称
