[DESIGN]
d001=1
d001001=投标总价,200,200,200,200,1,1.25,-1,宋体,-9,0,1,1,0.1,-1
d003=6
d0030001=col1,74,宋体,-9,,1,0,0,0,16777215,0,2,1,1,1,1,0,0,0,0,-1,0,未命名,0,,0
d0030002=coll,132,宋体,-9,,0,0,0,0,0,0,0,1,1,1,1,0,0,0,0,-1,0,,0,,0
d0030003=col2,95,宋体,-9,,1,0,0,0,16777215,0,2,1,1,1,1,0,0,0,1,-1,0,未命名,0,,0
d0030004=colll,124,宋体,-9,,0,0,0,0,0,0,0,1,1,1,1,0,0,0,0,-1,0,,0,,0
d0030005=col3,92,宋体,-9,,1,0,0,0,16777215,0,2,1,1,1,1,0,0,0,1,-1,0,未命名,0,,0
d0030006=col4,125,宋体,-9,,1,0,0,0,16777215,0,2,1,1,1,1,0,0,0,0,-1,0,未命名,0,,0

d0040001=0
d0040002=42
d0040003=1
d0040004=0
d0040005=0

d005=171
d0050001=2,1,1,1,1,,宋体,-9,,0,0,0,0,0,2,2,0,0,0,0,0,0,0,0,-1,0,,0,A1,0
d0050002=2,2,1,2,1,,宋体,-9,,0,0,0,0,0,2,2,0,0,0,0,0,0,0,0,-1,0,,0,B1,0
d0050003=2,3,1,3,1,,宋体,-9,,0,0,0,0,0,2,2,0,0,0,0,0,0,0,0,-1,0,,0,C1,0
d0050004=2,4,1,4,1,,宋体,-9,,0,0,0,0,0,2,2,0,0,0,0,0,0,0,0,-1,0,,0,D1,0
d0050005=2,5,1,5,1,,宋体,-9,,0,0,0,0,0,2,2,0,0,0,0,0,0,0,0,-1,0,,0,E1,0
d0050006=2,6,1,6,1,,宋体,-9,,0,0,0,0,0,2,2,0,0,0,0,0,0,0,0,-1,0,,0,F1,0
d0050007=2,1,2,6,3,投 标 总 价,宋体,-22,700,0,0,0,0,0,2,1,0,0,0,0,0,0,0,0,-1,0,,0,A2,0
d0050008=2,1,4,1,4,,宋体,-9,,0,0,0,0,0,2,2,0,0,0,0,0,0,0,0,-1,0,,0,A4,0
d0050009=2,2,4,2,4,,宋体,-9,,0,0,0,0,0,2,2,0,0,0,0,0,0,0,0,-1,0,,0,B4,0
d0050010=2,3,4,3,4,,宋体,-9,,0,0,0,0,0,2,2,0,0,0,0,0,0,0,0,-1,0,,0,C4,0
d0050011=2,4,4,4,4,,宋体,-9,,0,0,0,0,0,2,2,0,0,0,0,0,0,0,0,-1,0,,0,D4,0
d0050012=2,5,4,5,4,,宋体,-9,,0,0,0,0,0,2,2,0,0,0,0,0,0,0,0,-1,0,,0,E4,0
d0050013=2,6,4,6,4,,宋体,-9,,0,0,0,0,0,2,2,0,0,0,0,0,0,0,0,-1,0,,0,F4,0
d0050014=2,1,5,1,5,,宋体,-9,,0,0,0,0,0,2,2,0,0,0,0,0,0,0,0,-1,0,,0,A5,0
d0050015=2,2,5,2,5,,宋体,-9,,0,0,0,0,0,2,2,0,0,0,0,0,0,0,0,-1,0,,0,B5,0
d0050016=2,3,5,3,5,,宋体,-9,,0,0,0,0,0,2,2,0,0,0,0,0,0,0,0,-1,0,,0,C5,0
d0050017=2,4,5,4,5,,宋体,-9,,0,0,0,0,0,2,2,0,0,0,0,0,0,0,0,-1,0,,0,D5,0
d0050018=2,5,5,5,5,,宋体,-9,,0,0,0,0,0,2,2,0,0,0,0,0,0,0,0,-1,0,,0,E5,0
d0050019=2,6,5,6,5,,宋体,-9,,0,0,0,0,0,2,2,0,0,0,0,0,0,0,0,-1,0,,0,F5,0
d0050020=2,1,6,1,6,,宋体,-9,,0,0,0,0,0,2,2,0,0,0,0,0,0,0,0,-1,0,,0,A6,0
d0050021=2,2,6,2,6,,宋体,-9,,0,0,0,0,0,2,2,0,0,0,0,0,0,0,0,-1,0,,0,B6,0
d0050022=2,3,6,3,6,,宋体,-9,,0,0,0,0,0,2,2,0,0,0,0,0,0,0,0,-1,0,,0,C6,0
d0050023=2,4,6,4,6,,宋体,-9,,0,0,0,0,0,2,2,0,0,0,0,0,0,0,0,-1,0,,0,D6,0
d0050024=2,5,6,5,6,,宋体,-9,,0,0,0,0,0,2,2,0,0,0,0,0,0,0,0,-1,0,,0,E6,0
d0050025=2,6,6,6,6,,宋体,-9,,0,0,0,0,0,2,2,0,0,0,0,0,0,0,0,-1,0,,0,F6,0
d0050026=2,1,7,1,7,,宋体,-9,,0,0,0,0,0,2,2,0,0,0,0,0,0,0,0,-1,0,,0,A7,0
d0050027=2,2,7,2,7,,宋体,-9,,0,0,0,0,0,2,2,0,0,0,0,0,0,0,0,-1,0,,0,B7,0
d0050028=2,3,7,3,7,,宋体,-9,,0,0,0,0,0,2,2,0,0,0,0,0,0,0,0,-1,0,,0,C7,0
d0050029=2,4,7,4,7,,宋体,-9,,0,0,0,0,0,2,2,0,0,0,0,0,0,0,0,-1,0,,0,D7,0
d0050030=2,5,7,5,7,,宋体,-9,,0,0,0,0,0,2,2,0,0,0,0,0,0,0,0,-1,0,,0,E7,0
d0050031=2,6,7,6,7,,宋体,-9,,0,0,0,0,0,2,2,0,0,0,0,0,0,0,0,-1,0,,0,F7,0
d0050032=2,1,8,1,8,,宋体,-9,,0,0,0,0,0,2,2,0,0,0,0,0,0,0,0,-1,0,,0,A8,0
d0050033=2,2,8,2,8,,宋体,-9,,0,0,0,0,0,2,2,0,0,0,0,0,0,0,0,-1,0,,0,B8,0
d0050034=2,3,8,3,8,,宋体,-9,,0,0,0,0,0,2,2,0,0,0,0,0,0,0,0,-1,0,,0,C8,0
d0050035=2,4,8,4,8,,宋体,-9,,0,0,0,0,0,2,2,0,0,0,0,0,0,0,0,-1,0,,0,D8,0
d0050036=2,5,8,5,8,,宋体,-9,,0,0,0,0,0,2,2,0,0,0,0,0,0,0,0,-1,0,,0,E8,0
d0050037=2,6,8,6,8,,宋体,-9,,0,0,0,0,0,2,2,0,0,0,0,0,0,0,0,-1,0,,0,F8,0
d0050038=2,1,9,1,9,,宋体,-9,,0,0,0,0,0,2,2,0,0,0,0,0,0,0,0,-1,0,,0,A9,0
d0050039=2,2,9,2,9,,宋体,-9,,0,0,0,0,0,2,2,0,0,0,0,0,0,0,0,-1,0,,0,B9,0
d0050040=2,3,9,3,9,,宋体,-9,,0,0,0,0,0,2,2,0,0,0,0,0,0,0,0,-1,0,,0,C9,0
d0050041=2,4,9,4,9,,宋体,-9,,0,0,0,0,0,2,2,0,0,0,0,0,0,0,0,-1,0,,0,D9,0
d0050042=2,5,9,5,9,,宋体,-9,,0,0,0,0,0,2,2,0,0,0,0,0,0,0,0,-1,0,,0,E9,0
d0050043=2,6,9,6,9,,宋体,-9,,0,0,0,0,0,2,2,0,0,0,0,0,0,0,0,-1,0,,0,F9,0
d0050044=2,1,10,1,10,,宋体,-9,,0,0,0,0,0,2,2,0,0,0,0,0,0,0,0,-1,0,,0,A10,0
d0050045=2,2,10,2,10,,宋体,-9,,0,0,0,0,0,2,2,0,0,0,0,0,0,0,0,-1,0,,0,B10,0
d0050046=2,3,10,3,10,,宋体,-9,,0,0,0,0,0,2,2,0,0,0,0,0,0,0,0,-1,0,,0,C10,0
d0050047=2,4,10,4,10,,宋体,-9,,0,0,0,0,0,2,2,0,0,0,0,0,0,0,0,-1,0,,0,D10,0
d0050048=2,5,10,5,10,,宋体,-9,,0,0,0,0,0,2,2,0,0,0,0,0,0,0,0,-1,0,,0,E10,0
d0050049=2,6,10,6,10,,宋体,-9,,0,0,0,0,0,2,2,0,0,0,0,0,0,0,0,-1,0,,0,F10,0
d0050050=2,1,11,1,11,,宋体,-9,,0,0,0,0,0,2,2,0,0,0,0,0,0,0,0,-1,0,,0,A11,0
d0050051=2,2,11,2,11,,宋体,-9,,0,0,0,0,0,2,2,0,0,0,0,0,0,0,0,-1,0,,0,B11,0
d0050052=2,3,11,3,11,,宋体,-9,,0,0,0,0,0,2,2,0,0,0,0,0,0,0,0,-1,0,,0,C11,0
d0050053=2,4,11,4,11,,宋体,-9,,0,0,0,0,0,2,2,0,0,0,0,0,0,0,0,-1,0,,0,D11,0
d0050054=2,5,11,5,11,,宋体,-9,,0,0,0,0,0,2,2,0,0,0,0,0,0,0,0,-1,0,,0,E11,0
d0050055=2,6,11,6,11,,宋体,-9,,0,0,0,0,0,2,2,0,0,0,0,0,0,0,0,-1,0,,0,F11,0
d0050056=2,1,12,1,12,,宋体,-9,,0,0,0,0,0,2,2,0,0,0,0,0,0,0,0,-1,0,,0,A12,0
d0050057=2,2,12,2,12,,宋体,-9,,0,0,0,0,0,2,2,0,0,0,0,0,0,0,0,-1,0,,0,B12,0
d0050058=2,3,12,3,12,,宋体,-9,,0,0,0,0,0,2,2,0,0,0,0,0,0,0,0,-1,0,,0,C12,0
d0050059=2,4,12,4,12,,宋体,-9,,0,0,0,0,0,2,2,0,0,0,0,0,0,0,0,-1,0,,0,D12,0
d0050060=2,5,12,5,12,,宋体,-9,,0,0,0,0,0,2,2,0,0,0,0,0,0,0,0,-1,0,,0,E12,0
d0050061=2,6,12,6,12,,宋体,-9,,0,0,0,0,0,2,2,0,0,0,0,0,0,0,0,-1,0,,0,F12,0
d0050062=2,1,13,1,13,,宋体,-9,,0,0,0,0,0,2,2,0,0,0,0,0,0,0,0,-1,0,,0,A13,0
d0050063=2,2,13,2,13,,宋体,-9,,0,0,0,0,0,2,2,0,0,0,0,0,0,0,0,-1,0,,0,B13,0
d0050064=2,3,13,3,13,,宋体,-9,,0,0,0,0,0,2,2,0,0,0,0,0,0,0,0,-1,0,,0,C13,0
d0050065=2,4,13,4,13,,宋体,-9,,0,0,0,0,0,2,2,0,0,0,0,0,0,0,0,-1,0,,0,D13,0
d0050066=2,5,13,5,13,,宋体,-9,,0,0,0,0,0,2,2,0,0,0,0,0,0,0,0,-1,0,,0,E13,0
d0050067=2,6,13,6,13,,宋体,-9,,0,0,0,0,0,2,2,0,0,0,0,0,0,0,0,-1,0,,0,F13,0
d0050068=2,1,14,1,14,,宋体,-9,,0,0,0,0,0,2,2,0,0,0,0,0,0,0,0,-1,0,,0,A14,0
d0050069=2,2,14,2,14,,宋体,-9,,0,0,0,0,0,2,2,0,0,0,0,0,0,0,0,-1,0,,0,B14,0
d0050070=2,3,14,3,14,,宋体,-9,,0,0,0,0,0,2,2,0,0,0,0,0,0,0,0,-1,0,,0,C14,0
d0050071=2,4,14,4,14,,宋体,-9,,0,0,0,0,0,2,2,0,0,0,0,0,0,0,0,-1,0,,0,D14,0
d0050072=2,5,14,5,14,,宋体,-9,,0,0,0,0,0,2,2,0,0,0,0,0,0,0,0,-1,0,,0,E14,0
d0050073=2,6,14,6,14,,宋体,-9,,0,0,0,0,0,2,2,0,0,0,0,0,0,0,0,-1,0,,0,F14,0
d0050074=2,1,15,1,15,,宋体,-9,,0,0,0,0,0,2,2,0,0,0,0,0,0,0,0,-1,0,,0,A15,0
d0050075=2,2,15,2,15,,宋体,-9,,0,0,0,0,0,2,2,0,0,0,0,0,0,0,0,-1,0,,0,B15,0
d0050076=2,3,15,3,15,,宋体,-9,,0,0,0,0,0,2,2,0,0,0,0,0,0,0,0,-1,0,,0,C15,0
d0050077=2,4,15,4,15,,宋体,-9,,0,0,0,0,0,2,2,0,0,0,0,0,0,0,0,-1,0,,0,D15,0
d0050078=2,5,15,5,15,,宋体,-9,,0,0,0,0,0,2,2,0,0,0,0,0,0,0,0,-1,0,,0,E15,0
d0050079=2,6,15,6,15,,宋体,-9,,0,0,0,0,0,2,2,0,0,0,0,0,0,0,0,-1,0,,0,F15,0
d0050080=2,1,16,1,17,,宋体,-14.25,,0,0,0,0,0,1,1,0,0,0,0,0,0,0,0,-1,0,,0,A16,0
d0050081=2,2,16,2,16,,宋体,-9,,0,0,0,0,0,2,2,0,0,0,0,0,0,0,0,-1,0,,0,B16,0
d0050082=2,3,16,5,17,,宋体,-14.25,,0,0,0,0,0,2,1,0,0,0,0,0,0,0,0,-1,0,,0,C16,0
d0050083=2,6,16,6,16,,宋体,-9,,0,0,0,0,0,2,2,0,0,0,0,0,0,0,0,-1,0,,0,F16,0
d0050084=2,2,17,2,17,,宋体,-9,,0,0,0,0,0,2,2,0,0,0,0,0,0,0,0,-1,0,,0,B17,0
d0050085=2,6,17,6,17,,宋体,-9,,0,0,0,0,0,2,2,0,0,0,0,0,0,0,0,-1,0,,0,F17,0
d0050086=2,1,18,1,19,,宋体,-14.25,,0,0,0,0,0,1,1,0,0,0,0,0,0,0,0,-1,0,,0,A18,0
d0050087=2,2,18,2,18,,宋体,-9,,0,0,0,0,0,2,2,0,0,0,0,0,0,0,0,-1,0,,0,B18,0
d0050088=2,3,18,5,19,,宋体,-14.25,,0,0,0,0,0,2,1,0,0,0,0,0,0,0,0,-1,0,,0,C18,0
d0050089=2,6,18,6,18,,宋体,-9,,0,0,0,0,0,2,2,0,0,0,0,0,0,0,0,-1,0,,0,F18,0
d0050090=2,2,19,2,19,,宋体,-9,,0,0,0,0,0,2,2,0,0,0,0,0,0,0,0,-1,0,,0,B19,0
d0050091=2,6,19,6,19,,宋体,-9,,0,0,0,0,0,2,2,0,0,0,0,0,0,0,0,-1,0,,0,F19,0
d0050092=2,1,20,1,27,,宋体,-14.25,,0,0,0,0,0,1,1,0,0,0,0,0,0,0,0,-1,0,,0,A20,0
d0050093=2,2,20,2,20,,宋体,-9,,0,0,0,0,0,2,2,0,0,0,0,0,0,0,0,-1,0,,0,B20,0
d0050094=2,3,20,5,27,,宋体,-14.25,,0,0,0,0,0,2,1,0,0,0,0,0,0,0,0,-1,0,,0,C20,0
d0050095=2,6,20,6,20,,宋体,-9,,0,0,0,0,0,2,2,0,0,0,0,0,0,0,0,-1,0,,0,F20,0
d0050096=2,2,21,2,21,,宋体,-9,,0,0,0,0,0,2,2,0,0,0,0,0,0,0,0,-1,0,,0,B21,0
d0050097=2,6,21,6,21,,宋体,-9,,0,0,0,0,0,2,2,0,0,0,0,0,0,0,0,-1,0,,0,F21,0
d0050098=2,2,22,2,22,,宋体,-9,,0,0,0,0,0,2,2,0,0,0,0,0,0,0,0,-1,0,,0,B22,0
d0050099=2,6,22,6,22,,宋体,-9,,0,0,0,0,0,2,2,0,0,0,0,0,0,0,0,-1,0,,0,F22,0
d0050100=2,2,23,2,23,,宋体,-9,,0,0,0,0,0,2,2,0,0,0,0,0,0,0,0,-1,0,,0,B23,0
d0050101=2,6,23,6,23,,宋体,-9,,0,0,0,0,0,2,2,0,0,0,0,0,0,0,0,-1,0,,0,F23,0
d0050102=2,2,24,2,24,,宋体,-9,,0,0,0,0,0,2,2,0,0,0,0,0,0,0,0,-1,0,,0,B24,0
d0050103=2,6,24,6,24,,宋体,-9,,0,0,0,0,0,2,2,0,0,0,0,0,0,0,0,-1,0,,0,F24,0
d0050104=2,2,25,2,25,,宋体,-9,,0,0,0,0,0,2,2,0,0,0,0,0,0,0,0,-1,0,,0,B25,0
d0050105=2,6,25,6,25,,宋体,-9,,0,0,0,0,0,2,2,0,0,0,0,0,0,0,0,-1,0,,0,F25,0
d0050106=2,2,26,2,26,,宋体,-9,,0,0,0,0,0,2,2,0,0,0,0,0,0,0,0,-1,0,,0,B26,0
d0050107=2,6,26,6,26,,宋体,-9,,0,0,0,0,0,2,2,0,0,0,0,0,0,0,0,-1,0,,0,F26,0
d0050108=2,2,27,2,27,,宋体,-9,,0,0,0,0,0,2,2,0,0,0,0,0,0,0,0,-1,0,,0,B27,0
d0050109=2,6,27,6,27,,宋体,-9,,0,0,0,0,0,2,2,0,0,0,0,0,0,0,0,-1,0,,0,F27,0
d0050110=2,1,28,1,33,,宋体,-14.25,,0,0,0,0,0,1,1,0,0,0,0,0,0,0,0,-1,0,,0,A28,0
d0050111=2,2,28,2,28,,宋体,-9,,0,0,0,0,0,2,2,0,0,0,0,0,0,0,0,-1,0,,0,B28,0
d0050112=2,3,28,5,33,,宋体,-14.25,,0,0,0,0,0,2,1,0,0,0,0,0,0,0,0,-1,0,,0,C28,0
d0050113=2,6,28,6,28,,宋体,-9,,0,0,0,0,0,2,2,0,0,0,0,0,0,0,0,-1,0,,0,F28,0
d0050114=2,2,29,2,29,,宋体,-9,,0,0,0,0,0,2,2,0,0,0,0,0,0,0,0,-1,0,,0,B29,0
d0050115=2,6,29,6,29,,宋体,-9,,0,0,0,0,0,2,2,0,0,0,0,0,0,0,0,-1,0,,0,F29,0
d0050116=2,2,30,2,30,,宋体,-9,,0,0,0,0,0,2,2,0,0,0,0,0,0,0,0,-1,0,,0,B30,0
d0050117=2,6,30,6,30,,宋体,-9,,0,0,0,0,0,2,2,0,0,0,0,0,0,0,0,-1,0,,0,F30,0
d0050118=2,2,31,2,31,,宋体,-9,,0,0,0,0,0,2,2,0,0,0,0,0,0,0,0,-1,0,,0,B31,0
d0050119=2,6,31,6,31,,宋体,-9,,0,0,0,0,0,2,2,0,0,0,0,0,0,0,0,-1,0,,0,F31,0
d0050120=2,2,32,2,32,,宋体,-9,,0,0,0,0,0,2,2,0,0,0,0,0,0,0,0,-1,0,,0,B32,0
d0050121=2,6,32,6,32,,宋体,-9,,0,0,0,0,0,2,2,0,0,0,0,0,0,0,0,-1,0,,0,F32,0
d0050122=2,2,33,2,33,,宋体,-9,,0,0,0,0,0,2,2,0,0,0,0,0,0,0,0,-1,0,,0,B33,0
d0050123=2,6,33,6,33,,宋体,-9,,0,0,0,0,0,2,2,0,0,0,0,0,0,0,0,-1,0,,0,F33,0
d0050124=2,1,34,1,34,,宋体,-14.25,,0,0,0,0,0,1,1,0,0,0,0,0,0,0,0,-1,0,,0,A34,0
d0050125=2,2,34,2,34,,宋体,-9,,0,0,0,0,0,2,2,0,0,0,0,0,0,0,0,-1,0,,0,B34,0
d0050126=2,3,34,5,34,,宋体,-14.25,,0,0,0,0,0,2,1,0,0,0,0,0,0,0,0,-1,0,,0,C34,0
d0050127=2,6,34,6,34,,宋体,-14.25,,0,0,0,0,0,0,1,0,0,0,0,0,0,0,0,-1,0,,0,F34,0
d0050128=2,1,35,1,36,,宋体,-14.25,,0,0,0,0,0,1,1,0,0,0,0,0,0,0,0,-1,0,,0,A35,0
d0050129=2,2,35,2,35,,宋体,-9,,0,0,0,0,0,2,2,0,0,0,0,0,0,0,0,-1,0,,0,B35,0
d0050130=2,3,35,5,36,,宋体,-14.25,,0,0,0,0,0,2,1,0,0,0,0,0,0,0,0,-1,0,,0,C35,0
d0050131=2,6,35,6,36,,宋体,-14.25,,0,0,0,0,0,0,1,0,0,0,0,0,0,0,0,-1,0,,0,F35,0
d0050132=2,2,36,2,36,,宋体,-9,,0,0,0,0,0,2,2,0,0,0,0,0,0,0,0,-1,0,,0,B36,0
d0050133=2,1,37,1,37,,宋体,-9,,0,0,0,0,0,2,2,0,0,0,0,0,0,0,0,-1,0,,0,A37,0
d0050134=2,2,37,2,37,,宋体,-9,,0,0,0,0,0,2,2,0,1,0,0,0,0,0,0,-1,0,,0,B37,0
d0050135=2,3,37,3,37,(项目名称),宋体,-14.25,,0,0,0,0,0,2,2,0,0,0,0,0,0,0,0,-1,0,,0,C37,0
d0050136=2,4,37,4,37,,宋体,-9,,0,0,0,0,0,2,2,0,1,0,0,0,0,0,0,-1,0,,0,D37,0
d0050137=2,5,37,5,37,(标段名称),宋体,-14.25,,0,0,0,0,0,2,2,0,0,0,0,0,0,0,0,-1,0,,0,E37,0
d0050138=2,6,37,6,37,,宋体,-9,,0,0,0,0,0,2,2,0,0,0,0,0,0,0,0,-1,0,,0,F37,0
d0050139=2,1,38,1,38,,宋体,-9,,0,0,0,0,0,2,2,0,0,0,0,0,0,0,0,-1,0,,0,A38,0
d0050140=2,2,38,2,38,合同编号：      ,宋体,-14.25,,0,0,0,0,0,0,1,0,0,0,0,0,0,0,0,-1,0,,0,B38,0
d0050141=2,3,38,4,38,,宋体,-9,,0,0,0,0,0,2,2,0,1,0,0,0,0,0,0,-1,0,,0,C38,0
d0050142=2,5,38,5,38,,宋体,-9,,0,0,0,0,0,2,2,0,0,0,0,0,0,0,0,-1,0,,0,E38,0
d0050143=2,6,38,6,38,,宋体,-9,,0,0,0,0,0,2,2,0,0,0,0,0,0,0,0,-1,0,,0,F38,0
d0050144=2,1,39,1,40,,宋体,-14.25,,0,0,0,0,0,1,1,0,0,0,0,0,0,0,0,-1,0,,0,A39,0
d0050145=2,2,39,3,39,投标总价人民币（大写）：,宋体,-14.25,,0,0,0,0,0,0,2,0,0,0,0,0,0,0,0,-1,0,,0,B39,0
d0050146=2,4,39,4,39,,宋体,-9,,0,0,0,0,0,2,2,0,1,0,0,0,0,0,0,-1,0,,0,D39,0
d0050147=2,5,39,5,39,元,宋体,-14.25,,0,0,0,0,0,2,2,0,0,0,0,0,0,0,0,-1,0,,0,E39,0
d0050148=2,6,39,6,39,,宋体,-9,,0,0,0,0,0,2,2,0,0,0,0,0,0,0,0,-1,0,,0,F39,0
d0050149=2,2,40,3,40,（￥）:,宋体,-14.25,,0,0,0,0,0,1,2,0,0,0,0,0,0,0,0,-1,0,,0,B40,0
d0050150=2,4,40,4,40,,宋体,-14.25,,0,0,0,0,0,2,2,0,1,0,0,0,0,0,0,-1,0,,0,D40,0
d0050151=2,5,40,5,40,元,宋体,-14.25,,0,0,0,0,0,2,2,0,0,0,0,0,0,0,0,-1,0,,0,E40,0
d0050152=2,6,40,6,40,,宋体,-9,,0,0,0,0,0,2,2,0,0,0,0,0,0,0,0,-1,0,,0,F40,0
d0050153=2,1,41,1,41,,宋体,-9,,0,0,0,0,0,2,2,0,0,0,0,0,0,0,0,-1,0,,0,A41,0
d0050154=2,2,41,2,41,,宋体,-9,,0,0,0,0,0,2,2,0,0,0,0,0,0,0,0,-1,0,,0,B41,0
d0050155=2,3,41,3,41,,宋体,-9,,0,0,0,0,0,2,2,0,0,0,0,0,0,0,0,-1,0,,0,C41,0
d0050156=2,4,41,4,41,,宋体,-9,,0,0,0,0,0,2,2,0,0,0,0,0,0,0,0,-1,0,,0,D41,0
d0050157=2,5,41,5,41,,宋体,-9,,0,0,0,0,0,2,2,0,0,0,0,0,0,0,0,-1,0,,0,E41,0
d0050158=2,6,41,6,41,,宋体,-9,,0,0,0,0,0,2,2,0,0,0,0,0,0,0,0,-1,0,,0,F41,0
d0050159=2,1,42,1,42,,宋体,-9,,0,0,0,0,0,2,2,0,0,0,0,0,0,0,0,-1,0,,0,A42,0
d0050160=2,2,42,2,42,,宋体,-9,,0,0,0,0,0,2,2,0,0,0,0,0,0,0,0,-1,0,,0,B42,0
d0050161=2,3,42,3,42,,宋体,-9,,0,0,0,0,0,2,2,0,0,0,0,0,0,0,0,-1,0,,0,C42,0
d0050162=2,4,42,4,42,,宋体,-9,,0,0,0,0,0,2,2,0,0,0,0,0,0,0,0,-1,0,,0,D42,0
d0050163=2,5,42,5,42,,宋体,-9,,0,0,0,0,0,2,2,0,0,0,0,0,0,0,0,-1,0,,0,E42,0
d0050164=2,6,42,6,42,,宋体,-9,,0,0,0,0,0,2,2,0,0,0,0,0,0,0,0,-1,0,,0,F42,0
d0050165=3,1,1,1,1,,宋体,-9,,0,0,0,0,0,2,2,1,1,1,1,0,0,0,0,-1,0,,0,A43,0
d0050166=3,2,1,2,1,,宋体,-9,,0,0,0,0,0,2,2,0,0,0,0,0,0,0,0,-1,0,,0,B43,0
d0050167=3,3,1,3,1,,宋体,-9,,0,0,0,0,0,2,2,1,1,1,1,0,0,0,0,-1,0,,0,C43,0
d0050168=3,4,1,4,1,,宋体,-9,,0,0,0,0,0,2,2,0,0,0,0,0,0,0,0,-1,0,,0,D43,0
d0050169=3,5,1,5,1,,宋体,-9,,0,0,0,0,0,2,2,1,1,1,1,0,0,0,0,-1,0,,0,E43,0
d0050170=3,6,1,6,1,,宋体,-9,,0,0,0,0,0,2,2,1,1,1,1,0,0,0,0,-1,0,,0,F43,0
d0050171=3,7,1,7,1,1,宋体,-9,,0,0,0,0,0,2,2,1,1,1,1,0,0,0,0,-1,0,,0,G43,0
[PARAMETER]
[报表参数]
enabled=1
desc=报表参数
count=2
1=大写金额转换,L(财务大写格式),财务大写格式,川发改政策〔2009〕1049号,川发改政策〔2009〕1313号
2=取整,R(false)
[/PARAMETER]
[SOURCE]
type=rptx
dll=report_国标_投标人_投标总价.dll
rptx=report_国标_投标人_投标总价.rptx
level=2
[TEMP]
ReWrite=1
[参数设置结果]
大写金额转换=财务大写格式
取整=False
