[DESIGN]
d001=0
d001001=分年度投资表,150,150,150,150,1,1.5,-1,宋体,-10,0,0,1,1.5,-1
d003=24
d0030001=pxh,48,宋体,-9,,0,0,0,0,16777215,1,2,1,1,1,1,0,0,1,0,-1,0,序号,0,,0
d0030002=bm,60,宋体,-9,,0,0,0,0,0,0,0,1,1,1,1,0,0,1,0,-1,0,编号,0,,0
d0030003=xmmc,175,宋体,-9,,0,0,0,0,16777215,1,2,1,1,1,1,1,0,0,0,-1,0,项目名称,0,,0
d0030004=sumFee,65,宋体,-9,,0,0,0,0,16777215,1,2,1,1,1,1,0,0,0,1,-1,0,合价,0,,0
d0030005=1_fee,60,宋体,-9,,0,0,0,0,16777215,1,2,1,1,1,1,0,0,0,1,-1,0,1_fee,0,,0
d0030006=2_fee,60,宋体,-9,,0,0,0,0,16777215,1,2,1,1,1,1,0,0,0,1,-1,0,2_fee,0,,0
d0030007=3_fee,60,宋体,-9,,0,0,0,0,16777215,1,2,1,1,1,1,0,0,0,1,-1,0,3_fee,0,,0
d0030008=4_fee,60,宋体,-9,,0,0,0,0,16777215,1,2,1,1,1,1,0,0,0,1,-1,0,4_fee,0,,0
d0030009=5_fee,60,宋体,-9,,0,0,0,0,16777215,1,2,1,1,1,1,0,0,0,1,-1,0,5_fee,0,,0
d0030010=6_fee,60,宋体,-9,,0,0,0,0,16777215,1,2,1,1,1,1,0,0,0,1,-1,0,6_fee,0,,0
d0030011=7_fee,60,宋体,-9,,0,0,0,0,16777215,1,2,1,1,1,1,0,0,0,1,-1,0,7_fee,0,,0
d0030012=8_fee,60,宋体,-9,,0,0,0,0,16777215,1,2,1,1,1,1,0,0,0,1,-1,0,8_fee,0,,0
d0030013=9_fee,60,宋体,-9,,0,0,0,0,16777215,1,2,1,1,1,1,0,1,0,1,-1,0,9_fee,0,,0
d0030014=10_fee,60,宋体,-9,,0,0,0,0,16777215,1,2,1,1,1,1,0,1,0,1,-1,0,10_fee,0,,0
d0030015=11_fee,64,宋体,-9,,0,0,0,0,16777215,1,2,1,1,1,1,0,1,0,1,-1,0,11_fee,0,,0
d0030016=12_fee,60,宋体,-9,,0,0,0,0,16777215,1,2,1,1,1,1,0,1,0,1,-1,0,12_fee,0,,0
d0030017=13_fee,60,宋体,-9,,0,0,0,0,16777215,1,2,1,1,1,1,0,1,0,1,-1,0,13_fee,0,,0
d0030018=14_fee,60,宋体,-9,,0,0,0,0,16777215,1,2,1,1,1,1,0,1,0,1,-1,0,14_fee,0,,0
d0030019=15_fee,60,宋体,-9,,0,0,0,0,16777215,1,2,1,1,1,1,0,1,0,1,-1,0,15_fee,0,,0
d0030020=16_fee,60,宋体,-9,,0,0,0,0,16777215,1,2,1,1,1,1,0,1,0,1,-1,0,16_fee,0,,0
d0030021=17_fee,60,宋体,-9,,0,0,0,0,16777215,1,2,1,1,1,1,0,1,0,1,-1,0,17_fee,0,,0
d0030022=18_fee,60,宋体,-9,,0,0,0,0,16777215,1,2,1,1,1,1,0,1,0,1,-1,0,18_fee,0,,0
d0030023=19_fee,60,宋体,-9,,0,0,0,0,16777215,1,2,1,1,1,1,0,1,0,1,-1,0,19_fee,0,,0
d0030024=20_fee,60,宋体,-9,,0,0,0,0,16777215,1,2,1,1,1,1,0,1,0,1,-1,0,20_fee,0,,0

d0040001=3
d0040002=2
d0040003=1
d0040004=0
d0040005=1

d005=54
d0050001=1,1,1,24,2,分年度投资表,宋体,-18,700,0,0,0,0,0,2,2,0,0,0,0,0,0,0,0,-1,0,,0,,0
d0050002=1,1,3,9,3,[macroGcName2],宋体,-9,,0,0,0,0,0,0,2,0,0,0,0,0,0,0,0,-1,0,,0,,0
d0050003=1,10,3,24,3,单位：[macro_unit],宋体,-9,,0,0,0,0,0,1,2,0,0,0,0,0,0,0,0,-1,0,,0,,0
d0050004=2,1,1,1,2,序号,宋体,-9,,0,0,0,0,0,2,2,1,1,1,1,0,0,0,0,-1,0,,0,,0
d0050005=2,2,1,2,2,编号 ,宋体,-9,,0,0,0,0,0,2,2,1,1,1,1,0,0,0,0,-1,0,,0,,0
d0050006=2,3,1,3,2,项目,宋体,-9,,0,0,0,0,0,2,2,1,1,1,1,0,0,0,0,-1,0,,0,,0
d0050007=2,4,1,4,2,合计,宋体,-9,,0,0,0,0,0,2,2,1,1,1,1,0,0,0,0,-1,0,,0,,0
d0050008=2,5,1,24,1,建设工期(年),宋体,-9,,0,0,0,0,0,2,2,1,1,1,1,0,0,0,0,-1,0,,0,,0
d0050009=2,5,2,5,2,1,宋体,-9,,0,0,0,0,0,2,2,1,1,1,1,0,0,0,0,-1,0,,0,,0
d0050010=2,6,2,6,2,2,宋体,-9,,0,0,0,0,0,2,2,1,1,1,1,0,0,0,0,-1,0,,0,,0
d0050011=2,7,2,7,2,3,宋体,-9,,0,0,0,0,0,2,2,1,1,1,1,0,0,0,0,-1,0,,0,,0
d0050012=2,8,2,8,2,4,宋体,-9,,0,0,0,0,0,2,2,1,1,1,1,0,0,0,0,-1,0,,0,,0
d0050013=2,9,2,9,2,5,宋体,-9,,0,0,0,0,0,2,2,1,1,1,1,0,0,0,0,-1,0,,0,,0
d0050014=2,10,2,10,2,6,宋体,-9,,0,0,0,0,0,2,2,1,1,1,1,0,0,0,0,-1,0,,0,,0
d0050015=2,11,2,11,2,7,宋体,-9,,0,0,0,0,0,2,2,1,1,1,1,0,0,0,0,-1,0,,0,,0
d0050016=2,12,2,12,2,8,宋体,-9,,0,0,0,0,0,2,2,1,1,1,1,0,0,0,0,-1,0,,0,,0
d0050017=2,13,2,13,2,9,宋体,-9,,0,0,0,0,0,2,2,1,1,1,1,0,0,0,0,-1,0,,0,,0
d0050018=2,14,2,14,2,10,宋体,-9,,0,0,0,0,0,2,2,1,1,1,1,0,0,0,0,-1,0,,0,,0
d0050019=2,15,2,15,2,11,宋体,-9,,0,0,0,0,0,2,2,1,1,1,1,0,0,0,0,-1,0,,0,,0
d0050020=2,16,2,16,2,12,宋体,-9,,0,0,0,0,0,2,2,1,1,1,1,0,0,0,0,-1,0,,0,,0
d0050021=2,17,2,17,2,13,宋体,-9,,0,0,0,0,0,2,2,1,1,1,1,0,0,0,0,-1,0,,0,,0
d0050022=2,18,2,18,2,14,宋体,-9,,0,0,0,0,0,2,2,1,1,1,1,0,0,0,0,-1,0,,0,,0
d0050023=2,19,2,19,2,15,宋体,-9,,0,0,0,0,0,2,2,1,1,1,1,0,0,0,0,-1,0,,0,,0
d0050024=2,20,2,20,2,16,宋体,-9,,0,0,0,0,0,2,2,1,1,1,1,0,0,0,0,-1,0,,0,,0
d0050025=2,21,2,21,2,17,宋体,-9,,0,0,0,0,0,2,2,1,1,1,1,0,0,0,0,-1,0,,0,,0
d0050026=2,22,2,22,2,18,宋体,-9,,0,0,0,0,0,2,2,1,1,1,1,0,0,0,0,-1,0,,0,,0
d0050027=2,23,2,23,2,19,宋体,-9,,0,0,0,0,0,2,2,1,1,1,1,0,0,0,0,-1,0,,0,,0
d0050028=2,24,2,24,2,20,宋体,-9,,0,0,0,0,0,2,2,1,1,1,1,0,0,0,0,-1,0,,0,,0
d0050029=3,1,1,1,1,,宋体,-9,,0,0,0,0,0,2,2,1,1,1,1,0,0,0,0,-1,0,,0,,0
d0050030=3,2,1,2,1,,宋体,-9,,0,0,0,0,0,2,2,1,1,1,1,0,0,0,0,-1,0,,0,,0
d0050031=3,3,1,3,1,,宋体,-9,,0,0,0,0,0,0,2,1,1,1,1,0,0,0,0,-1,0,,0,,0
d0050032=3,4,1,4,1,,宋体,-9,,0,0,0,0,0,1,2,1,1,1,1,0,0,0,0,-1,0,,0,,0
d0050033=3,5,1,5,1,,宋体,-9,,0,0,0,0,0,1,2,1,1,1,1,0,0,0,0,-1,0,,0,,0
d0050034=3,6,1,6,1,,宋体,-9,,0,0,0,0,0,1,2,1,1,1,1,0,0,0,0,-1,0,,0,,0
d0050035=3,7,1,7,1,,宋体,-9,,0,0,0,0,0,1,2,1,1,1,1,0,0,0,0,-1,0,,0,,0
d0050036=3,8,1,8,1,,宋体,-9,,0,0,0,0,0,1,2,1,1,1,1,0,0,0,0,-1,0,,0,,0
d0050037=3,9,1,9,1,,宋体,-9,,0,0,0,0,0,1,2,1,1,1,1,0,0,0,0,-1,0,,0,,0
d0050038=3,10,1,10,1,,宋体,-9,,0,0,0,0,0,1,2,1,1,1,1,0,0,0,0,-1,0,,0,,0
d0050039=3,11,1,11,1,,宋体,-9,,0,0,0,0,0,1,2,1,1,1,1,0,0,0,0,-1,0,,0,,0
d0050040=3,12,1,12,1,,宋体,-9,,0,0,0,0,0,1,2,1,1,1,1,0,0,0,0,-1,0,,0,,0
d0050041=3,13,1,13,1,,宋体,-9,,0,0,0,0,0,1,2,1,1,1,1,0,0,0,0,-1,0,,0,,0
d0050042=3,14,1,14,1,,宋体,-9,,0,0,0,0,0,1,2,1,1,1,1,0,0,0,0,-1,0,,0,,0
d0050043=3,15,1,15,1,,宋体,-9,,0,0,0,0,0,1,2,1,1,1,1,0,0,0,0,-1,0,,0,,0
d0050044=3,16,1,16,1,,宋体,-9,,0,0,0,0,0,1,2,1,1,1,1,0,0,0,0,-1,0,,0,,0
d0050045=3,17,1,17,1,,宋体,-9,,0,0,0,0,0,1,2,1,1,1,1,0,0,0,0,-1,0,,0,,0
d0050046=3,18,1,18,1,,宋体,-9,,0,0,0,0,0,1,2,1,1,1,1,0,0,0,0,-1,0,,0,,0
d0050047=3,19,1,19,1,,宋体,-9,,0,0,0,0,0,1,2,1,1,1,1,0,0,0,0,-1,0,,0,,0
d0050048=3,20,1,20,1,,宋体,-9,,0,0,0,0,0,1,2,1,1,1,1,0,0,0,0,-1,0,,0,,0
d0050049=3,21,1,21,1,,宋体,-9,,0,0,0,0,0,1,2,1,1,1,1,0,0,0,0,-1,0,,0,,0
d0050050=3,22,1,22,1,,宋体,-9,,0,0,0,0,0,1,2,1,1,1,1,0,0,0,0,-1,0,,0,,0
d0050051=3,23,1,23,1,,宋体,-9,,0,0,0,0,0,1,2,1,1,1,1,0,0,0,0,-1,0,,0,,0
d0050052=3,24,1,24,1,,宋体,-9,,0,0,0,0,0,0,2,1,1,1,1,0,0,0,0,-1,0,,0,,0
d0050053=3,25,1,25,1,1,宋体,-9,,0,0,0,0,0,0,2,1,1,1,1,0,0,0,0,-1,0,,0,,0
d0050054=5,1,1,24,1,第[pageno]页 共[pagecount]页,宋体,-11,,0,0,0,0,0,2,2,0,0,0,0,0,0,0,0,-1,0,,0,,0
[PARAMETER]
[报表参数]
enabled=1
desc=报表参数
count=5
1=统计级数,L(一级),一级,二级,三级,四级,五级,六级,清单
2=合价万元,R(False)
3=打印工程名称,L(项目名称),项目名称,标段名称,项目名称+标段名称
4=精度,L(2),0,1,2,3,4,5,6
5=打印一至四部分合计,R(true)
[/PARAMETER]
[SOURCE]
dll=空表.dll
level=1
[参数设置结果]
打印工程名称=项目名称
统计级数=二级
精度=2
RptType=分年度投资表
打印一至四部分合计=True
AddTotalRow=True
合价万元=True
[TEMP]
ReWrite=1
