[DESIGN]
d001=0
d001001=分类分项工程量清单计价表,150,150,150,150,1,1.5,-1,宋体,-10,0,0,1,1.5,-1
d003=11
d0030001=bzmlid,50,宋体,-10,,0,0,0,0,16777215,0,2,1,1,1,1,0,0,0,0,-1,0,序号,0,
d0030002=node_bh,80,宋体,-10,,0,0,0,0,16777215,2,2,1,1,1,1,0,0,0,1,-1,0,项目编号,0,
d0030003=node_mc,200,宋体,-10,,0,0,0,0,16777215,0,2,1,1,1,1,1,0,0,0,0,0,项目名称,0,
d0030004=node_dw,50,宋体,-10,,0,0,0,0,16777215,0,2,1,1,1,1,0,0,0,0,0,0,计量单位,0,
d0030005=gcl,60,宋体,-10,,0,0,0,0,16777215,2,2,1,1,1,1,0,0,0,1,-1,0,工程数量,0,
d0030006=sjjj1,60,宋体,-10,,0,0,0,0,16777215,0,2,1,1,1,1,0,0,1,1,-1,0,单价,0,
d0030007=hjjj1,60,宋体,-10,,0,0,0,0,16777215,0,2,1,1,1,1,0,0,1,1,-1,0,合价,0,
d0030008=text_color,60,宋体,-10,,0,0,0,0,16777215,0,2,1,1,1,1,1,0,1,0,-1,0,项目主要特征,0,
d0030009=mc2,60,宋体,-10,,0,0,0,0,16777215,0,2,1,1,1,1,1,0,1,0,-1,0,主要工作内容,0,
d0030010=mc3,60,宋体,-10,,0,0,0,0,16777215,0,2,1,1,1,1,1,0,0,0,0,0,主要技术条款,0,
d0030011=bz,100,宋体,-10,,0,0,0,0,16777215,0,2,1,1,1,1,1,0,0,0,-1,0,备注,0,

d0040001=4
d0040002=2
d0040003=1
d0040004=0
d0040005=2
d00400050001=0
d00400050002=0

d005=41
d0050001=1,1,1,11,2,分类分项工程量清单,宋体,-18,700,0,0,0,0,0,2,2,0,0,0,0,0,0,0,0,-1,0,,0,A1
d0050002=1,1,3,5,3,合同编号：[合同编号],宋体,-9,,0,0,0,0,0,0,2,0,0,0,0,0,0,0,0,-1,0,,0,A3
d0050003=1,6,3,6,3,,宋体,-9,,0,0,0,0,0,2,2,0,0,0,0,0,0,0,0,-1,0,,0,F3
d0050004=1,7,3,7,3,,宋体,-9,,0,0,0,0,0,2,2,0,0,0,0,0,0,0,0,-1,0,,0,G3
d0050005=1,8,3,8,3,,宋体,-9,,0,0,0,0,0,2,2,0,0,0,0,0,0,0,0,-1,0,,0,H3
d0050006=1,9,3,9,3,,宋体,-9,,0,0,0,0,0,2,2,0,0,0,0,0,0,0,0,-1,0,,0,I3
d0050007=1,10,3,10,3,,宋体,-9,,0,0,0,0,0,2,2,0,0,0,0,0,0,0,0,-1,0,,0,J3
d0050008=1,11,3,11,3,,宋体,-9,,0,0,0,0,0,2,2,0,0,0,0,0,0,0,0,-1,0,,0,K3
d0050009=1,1,4,7,4,工程名称：<U>[工程名称]</U><U>[标段名称]</U>,宋体,-9,,0,0,0,0,0,0,2,0,0,0,0,0,0,0,0,-1,0,,0,A4
d0050010=1,8,4,11,4,,宋体,-9,,0,0,0,0,0,1,2,0,0,0,0,0,0,0,0,-1,0,,0,H4
d0050011=2,1,1,1,2,序号,宋体,-9,,0,0,0,0,0,2,2,1,1,1,1,0,0,0,0,-1,0,,0,A5
d0050012=2,2,1,2,2,项 目 编 号,宋体,-9,,0,0,0,0,0,2,2,1,1,1,1,0,0,0,0,-1,0,,0,B5
d0050013=2,3,1,3,2,项目名称,宋体,-9,,0,0,0,0,0,2,2,1,1,1,1,0,0,0,0,-1,0,,0,C5
d0050014=2,4,1,4,2,计量char(13)char(10)单位,宋体,-9,,0,0,0,0,0,2,2,1,1,1,1,0,0,0,0,-1,0,,0,D5
d0050015=2,5,1,5,2,工程char(13)char(10)数量,宋体,-9,,0,0,0,0,0,2,2,1,1,1,1,0,0,0,0,-1,0,,0,E5
d0050016=2,6,1,6,2,单价（元）,宋体,-9,,0,0,0,0,0,2,2,1,1,1,1,0,0,0,0,-1,0,,0,F5
d0050017=2,7,1,7,2,合价（元）,宋体,-9,,0,0,0,0,0,2,2,1,1,1,1,0,0,0,0,-1,0,,0,G5
d0050018=2,8,1,8,2,项目主要特征,宋体,-9,,0,0,0,0,0,2,2,1,1,1,1,0,0,0,0,-1,0,,0,H5
d0050019=2,9,1,9,2,主要工作内容,宋体,-9,,0,0,0,0,0,2,2,1,1,1,1,0,0,0,0,-1,0,,0,I5
d0050020=2,10,1,10,2,主要技术条款编码,宋体,-9,,0,0,0,0,0,2,2,1,1,1,1,0,0,0,0,-1,0,,0,J5
d0050021=2,11,1,11,2,备 注,宋体,-9,,0,0,0,0,0,2,2,1,1,1,1,0,0,0,0,-1,0,,0,K5
d0050022=3,1,1,1,1,,宋体,-9,,0,0,0,0,0,0,2,1,1,1,1,0,0,0,0,-1,0,,0,A7
d0050023=3,2,1,2,1,,宋体,-9,,0,0,0,0,0,2,2,1,1,1,1,0,0,0,0,-1,0,,0,B7
d0050024=3,3,1,3,1,,宋体,-9,,0,0,0,0,0,0,2,1,1,1,1,0,0,0,0,-1,0,,0,C7
d0050025=3,4,1,4,1,,宋体,-9,,0,0,0,0,0,2,2,1,1,1,1,0,0,0,0,-1,0,,0,D7
d0050026=3,5,1,5,1,,宋体,-9,,0,0,0,0,0,1,2,1,1,1,1,0,0,0,0,-1,0,,0,E7
d0050027=3,6,1,6,1,,宋体,-9,,0,0,0,0,0,0,2,1,1,1,1,0,0,0,0,-1,0,,0,F7
d0050028=3,7,1,7,1,,宋体,-9,,0,0,0,0,0,0,2,1,1,1,1,0,0,0,0,-1,0,,0,G7
d0050029=3,8,1,8,1,,宋体,-9,,0,0,0,0,0,0,2,1,1,1,1,0,0,0,0,-1,0,,0,H7
d0050030=3,9,1,9,1,,宋体,-9,,0,0,0,0,0,0,2,1,1,1,1,0,0,0,0,-1,0,,0,I7
d0050031=3,10,1,10,1,,宋体,-9,,0,0,0,0,0,2,2,1,1,1,1,0,0,0,0,-1,0,,0,J7
d0050032=3,11,1,11,1,,宋体,-9,,0,0,0,0,0,0,2,1,1,1,1,0,0,0,0,-1,0,,0,K7
d0050033=3,12,1,12,1,1,宋体,-9,,0,0,0,0,0,2,2,0,0,0,0,0,0,0,0,-1,0,,0,L7
d0050034=5,1,1,1,1,,宋体,-9,,0,0,0,0,0,1,2,0,0,0,0,0,0,0,0,-1,0,,0,A8
d0050035=5,2,1,2,1,,宋体,-9,,0,0,0,0,0,2,2,0,0,0,0,0,0,0,0,-1,0,,0,B8
d0050036=5,3,1,3,1,,宋体,-9,,0,0,0,0,0,2,2,0,0,0,0,0,0,0,0,-1,0,,0,C8
d0050037=5,4,1,9,2,法 定 代 表 人  (或委托代理人)：,宋体,-9,,0,0,0,0,0,1,1,0,0,0,0,0,0,0,0,-1,0,,0,D8
d0050038=5,10,1,11,2,[投标单位法定代表人]    （签字）,宋体,-9,,0,0,0,0,0,1,1,0,0,0,0,0,0,0,0,-1,0,,0,J8
d0050039=5,1,2,1,2,,宋体,-9,,0,0,0,0,0,2,2,0,0,0,0,0,0,0,0,-1,0,,0,A9
d0050040=5,2,2,2,2,,宋体,-9,,0,0,0,0,0,2,2,0,0,0,0,0,0,0,0,-1,0,,0,B9
d0050041=5,3,2,3,2,,宋体,-9,,0,0,0,0,0,2,2,0,0,0,0,0,0,0,0,-1,0,,0,C9
[PARAMETER]
[报表参数]
desc=报表参数
enabled=1
count=1
1=打印套用单价序号,R(False)
[/PARAMETER]
[SOURCE]
type=rptx
rptx=report_国标_招标人_分类分项工程量清单.rptx
dll=report_国标_投标人_分类分项工程量清单计价表.dll
level=0
tx
tx
[TEMP]
ReWrite=1
[参数设置结果]
项目选择=全部打印
打印套用单价序号=False
