[DESIGN]
d001=0
d001001=投标人生产电、风、水、砂石基础单价汇总表,200,200,200,200,2,1.5,-1,宋体,-10,0,0,1,1.5,-1
d003=12
d0030001=序号,60,宋体,-9,,0,0,0,0,16777215,1,2,1,1,1,1,0,0,0,0,-1,0,序号,0,,0
d0030002=材料名称,88,宋体,-9,,0,0,0,0,16777215,1,2,1,1,1,1,0,0,0,0,-1,0,名称,0,,0
d0030003=规格型号,74,宋体,-9,,0,0,0,0,16777215,1,2,1,1,1,1,0,0,0,0,-1,0,规格型号,0,,0
d0030004=材料单位,60,宋体,-9,,0,0,0,0,16777215,1,2,1,1,1,1,0,0,0,0,-1,0,计量单位,0,,0
d0030005=人工费,60,宋体,-9,,0,0,0,0,16777215,0,2,1,1,1,1,0,0,0,0,0,0,人工费,0,,0
d0030006=材料费,60,宋体,-9,,0,0,0,0,16777215,0,2,1,1,1,1,0,0,0,0,0,0,材料费,0,,0
d0030007=机械使用费,60,宋体,-9,,0,0,0,0,16777215,0,2,1,1,1,1,0,0,0,0,0,0,机械使用费,0,,0
d0030008=其他费,60,宋体,-9,,0,0,0,0,16777215,0,2,1,1,1,1,0,0,0,0,0,0,其他费,0,,0
d0030009=,60,宋体,-9,,0,0,0,0,0,0,0,1,1,1,1,0,0,0,0,-1,0,,0,,0
d0030010=,60,宋体,-9,,0,0,0,0,0,0,0,1,1,1,1,0,0,0,0,-1,0,,0,,0
d0030011=材料单价,60,宋体,-9,,0,0,0,0,16777215,1,2,1,1,1,1,0,0,0,0,-1,0,合计,0,,0
d0030012=备注,60,宋体,-9,,0,0,0,0,16777215,1,2,1,1,1,1,0,0,0,0,-1,0,备注,0,,0

d0040001=5
d0040002=2
d0040003=1
d0040004=0
d0040005=3
d00400050001=0
d00400050002=0
d00400050003=0

d005=56
d0050001=1,1,1,12,3,投标人生产电、风、水、砂石基础单价汇总表,宋体,-19,700,0,0,0,0,0,2,2,0,0,0,0,0,0,0,0,-1,0,,0,A1,0
d0050002=1,1,4,3,4,合同编号：[合同编号],宋体,-9,,0,0,0,0,0,0,2,0,0,0,0,0,0,0,0,-1,0,,0,A4,0
d0050003=1,4,4,4,4,,宋体,-9,,0,0,0,0,0,2,2,0,0,0,0,0,0,0,0,-1,0,,0,D4,0
d0050004=1,5,4,5,4,,宋体,-9,,0,0,0,0,0,2,2,0,0,0,0,0,0,0,0,-1,0,,0,E4,0
d0050005=1,6,4,6,4,,宋体,-9,,0,0,0,0,0,2,2,0,0,0,0,0,0,0,0,-1,0,,0,F4,0
d0050006=1,7,4,7,4,,宋体,-9,,0,0,0,0,0,2,2,0,0,0,0,0,0,0,0,-1,0,,0,G4,0
d0050007=1,8,4,12,4,,宋体,-9,,0,0,0,0,0,1,2,0,0,0,0,0,0,0,0,-1,0,,0,H4,0
d0050008=1,1,5,8,5,[macroGcName],宋体,-9,,0,0,0,0,0,0,2,0,0,0,0,0,0,0,0,-1,0,,0,A5,0
d0050009=1,9,5,9,5,,宋体,-9,,0,0,0,0,0,2,2,0,0,0,0,0,0,0,0,-1,0,,0,I5,0
d0050010=1,10,5,10,5,,宋体,-9,,0,0,0,0,0,2,2,0,0,0,0,0,0,0,0,-1,0,,0,J5,0
d0050011=1,11,5,12,5,,宋体,-9,,0,0,0,0,0,1,1,0,0,0,0,0,0,0,0,-1,0,,0,K5,0
d0050012=2,1,1,1,2,序号,宋体,-9,,0,0,0,0,0,2,2,1,1,1,1,0,0,0,0,-1,0,,0,A6,0
d0050013=2,2,1,2,2,名 称,宋体,-9,,0,0,0,0,0,2,2,1,1,1,1,0,0,0,0,-1,0,,0,B6,0
d0050014=2,3,1,3,2,型号规格,宋体,-9,,0,0,0,0,0,2,2,1,1,1,1,0,0,0,0,-1,0,,0,C6,0
d0050015=2,4,1,4,2,计量单位,宋体,-9,,0,0,0,0,0,2,2,1,1,1,1,0,0,0,0,-1,0,,0,D6,0
d0050016=2,5,1,5,2,人工费,宋体,-9,,0,0,0,0,0,2,2,1,1,1,1,0,0,0,0,-1,0,,0,E6,0
d0050017=2,6,1,6,2,材料费,宋体,-9,,0,0,0,0,0,2,2,1,1,1,1,0,0,0,0,-1,0,,0,F6,0
d0050018=2,7,1,7,2, 机械char(13)char(10)使用费,宋体,-9,,0,0,0,0,0,2,2,1,1,1,1,0,0,0,0,-1,0,,0,G6,0
d0050019=2,8,1,8,2,其它费,宋体,-9,,0,0,0,0,0,2,2,1,1,1,1,0,0,0,0,-1,0,,0,H6,0
d0050020=2,9,1,9,2,,宋体,-9,,0,0,0,0,0,2,2,1,1,1,1,0,0,0,0,-1,0,,0,I6,0
d0050021=2,10,1,10,2,,宋体,-9,,0,0,0,0,0,2,2,1,1,1,1,0,0,0,0,-1,0,,0,J6,0
d0050022=2,11,1,11,2,合计,宋体,-9,,0,0,0,0,0,2,2,1,1,1,1,0,0,0,0,-1,0,,0,K6,0
d0050023=2,12,1,12,2,备 注,宋体,-9,,0,0,0,0,0,2,2,1,1,1,1,0,0,0,0,-1,0,,0,L6,0
d0050024=3,1,1,1,1,,宋体,-9,,0,0,0,0,0,2,2,1,1,1,1,0,0,0,0,-1,0,,0,A8,0
d0050025=3,2,1,2,1,,宋体,-9,,0,0,0,0,0,2,2,1,1,1,1,0,0,0,0,-1,0,,0,B8,0
d0050026=3,3,1,3,1,,宋体,-9,,0,0,0,0,0,2,2,1,1,1,1,0,0,0,0,-1,0,,0,C8,0
d0050027=3,4,1,4,1,,宋体,-9,,0,0,0,0,0,2,2,1,1,1,1,0,0,0,0,-1,0,,0,D8,0
d0050028=3,5,1,5,1,,宋体,-9,,0,0,0,0,0,1,2,1,1,1,1,0,0,0,0,-1,0,,0,E8,0
d0050029=3,6,1,6,1,,宋体,-9,,0,0,0,0,0,1,2,1,1,1,1,0,0,0,0,-1,0,,0,F8,0
d0050030=3,7,1,7,1,,宋体,-9,,0,0,0,0,0,1,2,1,1,1,1,0,0,0,0,-1,0,,0,G8,0
d0050031=3,8,1,8,1,,宋体,-9,,0,0,0,0,0,1,2,1,1,1,1,0,0,0,0,-1,0,,0,H8,0
d0050032=3,9,1,9,1,,宋体,-9,,0,0,0,0,0,2,2,1,1,1,1,0,0,0,0,-1,0,,0,I8,0
d0050033=3,10,1,10,1,,宋体,-9,,0,0,0,0,0,2,2,1,1,1,1,0,0,0,0,-1,0,,0,J8,0
d0050034=3,11,1,11,1,,宋体,-9,,0,0,0,0,0,1,2,1,1,1,1,0,0,0,0,-1,0,,0,K8,0
d0050035=3,12,1,12,1,,宋体,-9,,0,0,0,0,0,1,2,1,1,1,1,0,0,0,0,-1,0,,0,L8,0
d0050036=3,13,1,13,1,1,宋体,-9,,0,0,0,0,0,0,2,1,1,1,1,0,0,0,0,-1,0,,0,M8,0
d0050037=5,1,1,1,1,,宋体,-9,,0,0,0,0,0,2,2,0,0,0,0,0,0,0,0,-1,0,,0,A9,0
d0050038=5,2,1,2,1,,宋体,-9,,0,0,0,0,0,2,2,0,0,0,0,0,0,0,0,-1,0,,0,B9,0
d0050039=5,3,1,3,1,,宋体,-9,,0,0,0,0,0,2,2,0,0,0,0,0,0,0,0,-1,0,,0,C9,0
d0050040=5,4,1,4,1,,宋体,-9,,0,0,0,0,0,2,2,0,0,0,0,0,0,0,0,-1,0,,0,D9,0
d0050041=5,5,1,5,1,,宋体,-9,,0,0,0,0,0,2,2,0,0,0,0,0,0,0,0,-1,0,,0,E9,0
d0050042=5,6,1,6,1,,宋体,-9,,0,0,0,0,0,2,2,0,0,0,0,0,0,0,0,-1,0,,0,F9,0
d0050043=5,7,1,7,1,,宋体,-9,,0,0,0,0,0,2,2,0,0,0,0,0,0,0,0,-1,0,,0,G9,0
d0050044=5,8,1,8,1,,宋体,-9,,0,0,0,0,0,2,2,0,0,0,0,0,0,0,0,-1,0,,0,H9,0
d0050045=5,9,1,9,1,,宋体,-9,,0,0,0,0,0,2,2,0,0,0,0,0,0,0,0,-1,0,,0,I9,0
d0050046=5,10,1,10,1,,宋体,-9,,0,0,0,0,0,2,2,0,0,0,0,0,0,0,0,-1,0,,0,J9,0
d0050047=5,11,1,11,1,,宋体,-9,,0,0,0,0,0,2,2,0,0,0,0,0,0,0,0,-1,0,,0,K9,0
d0050048=5,12,1,12,1,,宋体,-9,,0,0,0,0,0,2,2,0,0,0,0,0,0,0,0,-1,0,,0,L9,0
d0050049=5,1,2,1,2,,宋体,-9,,0,0,0,0,0,2,2,0,0,0,0,0,0,0,0,-1,0,,0,A10,0
d0050050=5,2,2,2,2,,宋体,-9,,0,0,0,0,0,2,2,0,0,0,0,0,0,0,0,-1,0,,0,B10,0
d0050051=5,3,2,3,2,,宋体,-9,,0,0,0,0,0,2,2,0,0,0,0,0,0,0,0,-1,0,,0,C10,0
d0050052=5,4,2,4,2,,宋体,-9,,0,0,0,0,0,2,2,0,0,0,0,0,0,0,0,-1,0,,0,D10,0
d0050053=5,5,2,5,2,,宋体,-9,,0,0,0,0,0,0,1,0,0,0,0,0,0,0,0,-1,0,,0,E10,0
d0050054=5,6,2,6,2,,宋体,-9,,0,0,0,0,0,2,2,0,0,0,0,0,0,0,0,-1,0,,0,F10,0
d0050055=5,7,2,12,2,         char(13)char(10)          投   标   人：[投标单位]    （盖单位章）char(13)char(10)char(13)char(10)char(13)char(10) 法定代表人或委托代理人：[投标单位法定代表人]    （签   字）char(13)char(10)char(13)char(10)                     char(13)char(10)         编制时间：[编制日期],宋体,-9,,0,0,0,0,0,2,2,0,0,0,0,0,0,0,0,-1,0,,0,G10,0
d0050056=5,1,3,12,3,第[pageno]页 共[pagecount]页,宋体,-9,,0,0,0,0,0,2,2,0,0,0,0,0,0,0,0,-1,0,,0,A11,0
[PARAMETER]
[报表参数]
enabled=1
desc=报表参数
count=2
1=打印工程名称,L(工程名称),工程名称,标段名称,工程名称+标段名称
2=是否为招标人,R(False)
[/PARAMETER]
[SOURCE]
type=rptx
dll=report_国标_投标人_投标人生产电风水砂石基础单价汇总表.dll
level=0
[TEMP]
ReWrite=1
[参数设置结果]
打印工程名称=工程名称+标段名称
是否为招标人=False
