[DESIGN]
d001=0
d001001=工程项目总价表,150,150,150,150,1,1.5,-1,宋体,-10,0,0,1,1.5,-1
d003=5
d0030001=xh,122,宋体,-9,,0,0,0,0,16777215,0,2,1,1,1,1,0,0,0,0,-1,0,序号,0,,0
d0030002=xmmc,263,宋体,-9,,0,0,0,0,16777215,1,2,1,1,1,1,1,0,0,0,-1,0,项目名称,0,,0
d0030003=sumFee,80,宋体,-9,,0,0,0,0,16777215,1,2,1,1,1,1,0,0,0,1,-1,0,合价,0,,0
d0030004=machineFee,80,宋体,-9,,0,0,0,0,16777215,0,2,1,1,1,1,0,0,1,0,0,0,设备费,0,,0
d0030005=bz,200,宋体,-9,,0,0,0,0,16777215,1,2,1,1,1,1,1,0,0,0,-1,0,备注,0,,0

d0040001=4
d0040002=1
d0040003=2
d0040004=0
d0040005=5
d00400050005=0

d005=40
d0050001=1,1,1,5,2,工程项目总价表,宋体,-18,700,0,0,0,0,0,2,2,0,0,0,0,0,0,0,0,-1,0,,0,A1,0
d0050002=1,1,3,5,3,合同编号：[合同编号],宋体,-9,,0,0,0,0,0,0,2,0,0,0,0,0,0,0,0,-1,0,,0,A3,0
d0050003=1,1,4,4,4,<U>[macroGcName]</U>,宋体,-9,,0,0,0,0,0,0,2,0,0,0,0,0,0,0,0,-1,0,,0,A4,0
d0050004=1,5,4,5,4,,宋体,-9,,0,0,0,0,0,1,2,0,0,0,0,0,0,0,0,-1,0,,0,E4,0
d0050005=2,1,1,1,1,组 号,宋体,-9,,0,0,0,0,0,2,2,1,1,1,1,0,0,0,0,-1,0,,0,A5,0
d0050006=2,2,1,2,1,项 目 分 组 名 称,宋体,-9,,0,0,0,0,0,2,2,1,1,1,1,0,0,0,0,-1,0,,0,B5,0
d0050007=2,3,1,3,1,金 额char(13)char(10)（[金额单位]）,宋体,-9,,0,0,0,0,0,2,2,1,1,1,1,0,0,0,0,-1,0,,0,C5,0
d0050008=2,4,1,4,1,设备费,宋体,-9,,0,0,0,0,0,2,2,1,1,1,1,0,0,0,0,-1,0,,0,D5,0
d0050009=2,5,1,5,1,备 注,宋体,-9,,0,0,0,0,0,2,2,1,1,1,1,0,0,0,0,-1,0,,0,E5,0
d0050010=3,1,1,1,1,,宋体,-9,,0,0,0,0,0,2,2,1,1,1,1,0,0,0,0,-1,0,,0,A6,0
d0050011=3,2,1,2,1,,宋体,-9,,0,0,0,0,0,0,2,1,1,1,1,0,0,0,0,-1,0,,0,B6,0
d0050012=3,3,1,3,1,,宋体,-9,,0,0,0,0,0,1,2,1,1,1,1,0,0,0,0,-1,0,,0,C6,0
d0050013=3,4,1,4,1,,宋体,-9,,0,0,0,0,0,1,2,1,1,1,1,0,0,0,0,-1,0,,0,D6,0
d0050014=3,5,1,5,1,,宋体,-9,,0,0,0,0,0,2,2,1,1,1,1,0,0,0,0,-1,0,,0,E6,0
d0050015=3,6,1,6,1,1,宋体,-9,,0,0,0,0,0,0,2,1,1,1,1,0,0,0,0,-1,0,,0,F6,0
d0050016=3,1,2,1,2,,宋体,-9,,0,0,0,0,0,2,2,1,1,1,1,0,0,0,0,-1,0,,0,A7,0
d0050017=3,2,2,2,2,合计（A）,宋体,-9,,0,0,0,0,0,2,2,1,1,1,1,0,0,0,0,-1,0,,0,B7,0
d0050018=3,3,2,3,2,,宋体,-9,,0,0,0,0,0,1,2,1,1,1,1,0,0,0,0,-1,0,,0,C7,0
d0050019=3,4,2,4,2,,宋体,-9,,0,0,0,0,0,1,2,1,1,1,1,0,0,0,0,-1,0,,0,D7,0
d0050020=3,5,2,5,2,,宋体,-9,,0,0,0,0,0,0,2,1,1,1,1,0,0,0,0,-1,0,,0,E7,0
d0050021=3,6,2,6,2,1003,宋体,-9,,0,0,0,0,0,0,2,1,1,1,1,0,0,0,0,-1,0,,0,F7,0
d0050022=5,1,1,1,1,暂列金额(B),宋体,-9,,0,0,0,0,0,0,2,0,0,0,0,0,0,0,0,-1,0,,0,A8,0
d0050023=5,2,1,2,1,  ,宋体,-9,,0,0,0,0,0,2,2,0,1,0,0,0,0,0,0,-1,0,,0,B8,0
d0050024=5,3,1,3,1,  ,宋体,-9,,0,0,0,0,0,2,2,0,0,0,0,0,0,0,0,-1,0,,0,C8,0
d0050025=5,4,1,4,1,,宋体,-9,,0,0,0,0,0,2,2,0,0,0,0,0,0,0,0,-1,0,,0,D8,0
d0050026=5,5,1,5,1,  ,宋体,-9,,0,0,0,0,0,2,2,0,0,0,0,0,0,0,0,-1,0,,0,E8,0
d0050027=5,1,2,1,2,投标总报价(A)+(B),宋体,-9,,0,0,0,0,0,0,2,0,0,0,0,0,0,0,0,-1,0,,0,A9,0
d0050028=5,2,2,2,2,  ,宋体,-9,,0,0,0,0,0,2,2,0,1,0,0,0,0,0,0,-1,0,,0,B9,0
d0050029=5,3,2,3,2,  ,宋体,-9,,0,0,0,0,0,0,1,0,0,0,0,0,0,0,0,-1,0,,0,C9,0
d0050030=5,4,2,4,2,,宋体,-9,,0,0,0,0,0,2,2,0,0,0,0,0,0,0,0,-1,0,,0,D9,0
d0050031=5,5,2,5,2,  ,宋体,-9,,0,0,0,0,0,2,2,0,0,0,0,0,0,0,0,-1,0,,0,E9,0
d0050032=5,1,3,2,3,,宋体,-9,,0,0,0,0,0,2,2,0,0,0,0,0,0,0,0,-1,0,,0,A10,0
d0050033=5,3,3,3,3,,宋体,-9,,0,0,0,0,0,2,2,0,0,0,0,0,0,0,0,-1,0,,0,C10,0
d0050034=5,4,3,4,3,,宋体,-9,,0,0,0,0,0,2,2,0,0,0,0,0,0,0,0,-1,0,,0,D10,0
d0050035=5,5,3,5,3,,宋体,-9,,0,0,0,0,0,2,2,0,0,0,0,0,0,0,0,-1,0,,0,E10,0
d0050036=5,1,4,2,4,,宋体,-9,,0,0,0,0,0,2,2,0,0,0,0,0,0,0,0,-1,0,,0,A11,0
d0050037=5,3,4,3,4,,宋体,-9,,0,0,0,0,0,2,2,0,0,0,0,0,0,0,0,-1,0,,0,C11,0
d0050038=5,4,4,4,4,,宋体,-9,,0,0,0,0,0,2,2,0,0,0,0,0,0,0,0,-1,0,,0,D11,0
d0050039=5,5,4,5,4,,宋体,-9,,0,0,0,0,0,2,2,0,0,0,0,0,0,0,0,-1,0,,0,E11,0
d0050040=5,1,5,5,5,第[pageno]页 共[pagecount]页,宋体,-11,,0,0,0,0,0,2,2,0,0,0,0,0,0,0,0,-1,0,,0,A12,0
[PARAMETER]
[报表参数]
desc=报表参数
enabled=1
count=3
1=合价万元,R(False)
2=打印工程名称,L(项目名称),项目名称,标段名称,项目名称+标段名称,合同编号
3=是否为招标人,R(false)
[/PARAMETER]
[SOURCE]
dll=全国02_通用_投标_报价汇总表.dll
level=0
[参数设置结果]
合价万元=False
项目打印级数=一级项目
打印工程名称=项目名称+标段名称
打印套用单价序号=False
是否为招标人=True
[TEMP]
ReWrite=1
