[DESIGN]
d001=1
d001001=工程量清单,110,110,120,120,1,1.5,-1,宋体,-20,0,1,1,0.1,-1
d003=4
d0030001=col1,181,宋体,-20,,1,0,0,0,16777215,0,2,1,1,1,1,0,0,0,0,-1,0,未命名,0,
d0030002=col2,136,宋体,-20,,1,0,0,0,16777215,0,2,1,1,1,1,0,0,0,1,-1,0,未命名,0,
d0030003=col3,135,宋体,-20,,1,0,0,0,16777215,0,2,1,1,1,1,0,0,0,1,-1,0,未命名,0,
d0030004=col4,181,宋体,-20,,1,0,0,0,16777215,0,2,1,1,1,1,0,0,0,0,-1,0,未命名,0,

d0040001=0
d0040002=22
d0040003=0
d0040004=0
d0040005=0

d005=49
d0050001=2,1,1,1,1,,宋体,-9,,0,0,0,0,0,2,2,0,0,0,0,0,0,0,0,-1,0,,0,A1
d0050002=2,2,1,2,1,,宋体,-9,,0,0,0,0,0,2,2,0,0,0,0,0,0,0,0,-1,0,,0,B1
d0050003=2,3,1,3,1,,宋体,-9,,0,0,0,0,0,2,2,0,0,0,0,0,0,0,0,-1,0,,0,C1
d0050004=2,4,1,4,1,,宋体,-9,,0,0,0,0,0,2,2,0,0,0,0,0,0,0,0,-1,0,,0,D1
d0050005=2,1,2,4,3,<U>[工程名称]</U>工程,宋体,-14.25,,0,0,0,0,0,2,1,0,0,0,0,0,0,0,0,-1,0,,0,A2
d0050006=2,1,4,4,5,工 程 量 清 单,宋体,-22,700,0,0,0,0,0,2,2,0,0,0,0,0,0,0,0,-1,0,,0,A4
d0050007=2,1,6,1,6,,宋体,-9,,0,0,0,0,0,2,2,0,0,0,0,0,0,0,0,-1,0,,0,A6
d0050008=2,2,6,2,6,合同编号：,宋体,-12,,0,0,0,0,0,1,2,0,0,0,0,0,0,0,0,-1,0,,0,B6
d0050009=2,3,6,4,6,[合同编号],宋体,-12,700,0,0,0,0,0,0,2,0,0,0,0,0,0,0,0,-1,0,,0,C6
d0050010=2,1,7,1,7,,宋体,-9,,0,0,0,0,0,2,2,0,0,0,0,0,0,0,0,-1,0,,0,A7
d0050011=2,2,7,2,7,,宋体,-9,,0,0,0,0,0,2,2,0,0,0,0,0,0,0,0,-1,0,,0,B7
d0050012=2,3,7,3,7,,宋体,-9,,0,0,0,0,0,2,2,0,0,0,0,0,0,0,0,-1,0,,0,C7
d0050013=2,4,7,4,7,,宋体,-9,,0,0,0,0,0,2,2,0,0,0,0,0,0,0,0,-1,0,,0,D7
d0050014=2,1,8,1,8,,宋体,-9,,0,0,0,0,0,2,2,0,0,0,0,0,0,0,0,-1,0,,0,A8
d0050015=2,2,8,2,8,,宋体,-9,,0,0,0,0,0,2,2,0,0,0,0,0,0,0,0,-1,0,,0,B8
d0050016=2,3,8,3,8,,宋体,-9,,0,0,0,0,0,2,2,0,0,0,0,0,0,0,0,-1,0,,0,C8
d0050017=2,4,8,4,8,,宋体,-9,,0,0,0,0,0,2,2,0,0,0,0,0,0,0,0,-1,0,,0,D8
d0050018=2,1,9,1,9,,宋体,-9,,0,0,0,0,0,2,2,0,0,0,0,0,0,0,0,-1,0,,0,A9
d0050019=2,2,9,2,9,,宋体,-9,,0,0,0,0,0,2,2,0,0,0,0,0,0,0,0,-1,0,,0,B9
d0050020=2,3,9,3,9,,宋体,-9,,0,0,0,0,0,2,2,0,0,0,0,0,0,0,0,-1,0,,0,C9
d0050021=2,4,9,4,9,,宋体,-9,,0,0,0,0,0,2,2,0,0,0,0,0,0,0,0,-1,0,,0,D9
d0050022=2,1,10,1,11,招    标    人：,宋体,-12,,0,0,0,0,0,1,1,0,0,0,0,0,0,0,0,-1,0,,0,A10
d0050023=2,2,10,3,11,[招标单位],宋体,-12,,0,0,0,0,0,0,1,0,1,0,0,0,0,0,0,-1,0,,0,B10
d0050024=2,4,10,4,11,（单位盖章）,宋体,-12,,0,0,0,0,0,0,1,0,0,0,0,0,0,0,0,-1,0,,0,D10
d0050025=2,1,12,1,13,招  标  单  位  char(13)char(10)法 定 代 表 人  char(13)char(10)(或委托代理人)：,宋体,-12,,0,0,0,0,0,1,1,0,0,0,0,0,0,0,0,-1,0,,0,A12
d0050026=2,2,12,3,13,[招标单位法定代表人],宋体,-12,,0,0,0,0,0,0,1,0,1,0,0,0,0,0,0,-1,0,,0,B12
d0050027=2,4,12,4,13,（签字盖章）,宋体,-12,,0,0,0,0,0,0,1,0,0,0,0,0,0,0,0,-1,0,,0,D12
d0050028=2,1,14,1,15,中  介  机  构  char(13)char(10)法 定 代 表 人  char(13)char(10)(或委托代理人)：,宋体,-12,,0,0,0,0,0,1,1,0,0,0,0,0,0,0,0,-1,0,,0,A14
d0050029=2,2,14,3,15,[中介单位法定代表人],宋体,-12,,0,0,0,0,0,0,1,0,1,0,0,0,0,0,0,-1,0,,0,B14
d0050030=2,4,14,4,15,（签字盖章）,宋体,-12,,0,0,0,0,0,0,1,0,0,0,0,0,0,0,0,-1,0,,0,D14
d0050031=2,1,16,1,17,造 价 工 程 师  char(13)char(10)及 注 册 证 号：,宋体,-12,,0,0,0,0,0,1,1,0,0,0,0,0,0,0,0,-1,0,,0,A16
d0050032=2,2,16,3,17,[招标单位资格证],宋体,-12,,0,0,0,0,0,0,1,0,1,0,0,0,0,0,0,-1,0,,0,B16
d0050033=2,4,16,4,17,（签字盖执业专用章）,宋体,-12,,0,0,0,0,0,0,1,0,0,0,0,0,0,0,0,-1,0,,0,D16
d0050034=2,1,18,1,19,编  制  时  间：,宋体,-12,,0,0,0,0,0,1,1,0,0,0,0,0,0,0,0,-1,0,,0,A18
d0050035=2,2,18,3,19,[编制日期],宋体,-12,,0,0,0,0,0,0,1,0,1,0,0,0,0,0,0,-1,0,,0,B18
d0050036=2,4,18,4,18,,宋体,-12,,0,0,0,0,0,2,2,0,0,0,0,0,0,0,0,-1,0,,0,D18
d0050037=2,4,19,4,19,,宋体,-12,,0,0,0,0,0,2,2,0,0,0,0,0,0,0,0,-1,0,,0,D19
d0050038=2,1,20,1,20,,宋体,-9,,0,0,0,0,0,2,2,0,0,0,0,0,0,0,0,-1,0,,0,A20
d0050039=2,2,20,2,20,,宋体,-9,,0,0,0,0,0,2,2,0,0,0,0,0,0,0,0,-1,0,,0,B20
d0050040=2,3,20,3,20,,宋体,-9,,0,0,0,0,0,2,2,0,0,0,0,0,0,0,0,-1,0,,0,C20
d0050041=2,4,20,4,20,,宋体,-9,,0,0,0,0,0,2,2,0,0,0,0,0,0,0,0,-1,0,,0,D20
d0050042=2,1,21,1,21,,宋体,-9,,0,0,0,0,0,2,2,0,0,0,0,0,0,0,0,-1,0,,0,A21
d0050043=2,2,21,2,21,,宋体,-9,,0,0,0,0,0,2,2,0,0,0,0,0,0,0,0,-1,0,,0,B21
d0050044=2,3,21,3,21,,宋体,-9,,0,0,0,0,0,2,2,0,0,0,0,0,0,0,0,-1,0,,0,C21
d0050045=2,4,21,4,21,,宋体,-9,,0,0,0,0,0,2,2,0,0,0,0,0,0,0,0,-1,0,,0,D21
d0050046=2,1,22,1,22,,宋体,-9,,0,0,0,0,0,2,2,0,0,0,0,0,0,0,0,-1,0,,0,A22
d0050047=2,2,22,2,22,,宋体,-9,,0,0,0,0,0,2,2,0,0,0,0,0,0,0,0,-1,0,,0,B22
d0050048=2,3,22,3,22,,宋体,-9,,0,0,0,0,0,2,2,0,0,0,0,0,0,0,0,-1,0,,0,C22
d0050049=2,4,22,4,22,,宋体,-9,,0,0,0,0,0,2,2,0,0,0,0,0,0,0,0,-1,0,,0,D22
[PARAMETER]
[/PARAMETER]
[SOURCE]
type=rptx
dll=空表.dll
level=0
[TEMP]
ReWrite=1
