[DESIGN]
d001=0
d001001=工时数量汇总表,110,110,120,120,1,2.25,-1,宋体,-9,0,0,1,1.5,-1
d003=10
d0030001=序号,57,宋体,-9,,0,0,0,0,16777215,1,2,1,1,1,1,0,0,0,0,-1,0,序号,0
d0030002=项目名称,124,宋体,-9,,0,0,0,0,16777215,1,2,1,1,1,1,0,0,0,0,-1,0,项目名称,0
d0030003=分类分项项目,79,宋体,-9,,0,0,0,0,16777215,0,2,1,1,1,1,0,0,0,0,0,0,分类分项项目,0
d0030004=措施项目,72,宋体,-9,,0,0,0,0,16777215,0,2,1,1,1,1,0,0,0,0,0,0,措施项目,0
d0030005=其他项目,80,宋体,-9,,0,0,0,0,16777215,0,2,1,1,1,1,0,0,0,0,0,0,其他项目,0
d0030006=零星项目,72,宋体,-9,,0,0,0,0,16777215,0,2,1,1,1,1,0,0,0,0,0,0,零星项目,0
d0030007=备用金,60,宋体,-9,,0,0,0,0,0,0,0,1,1,1,1,0,0,0,0,-1,0,备用金,0
d0030008=安全生产费用,60,宋体,-9,,0,0,0,0,0,0,0,1,1,1,1,0,0,0,0,-1,0,安全生产费用,0
d0030009=合计,60,宋体,-9,,0,0,0,0,16777215,0,2,1,1,1,1,0,0,0,0,0,0,合计,0
d0030010=备注,60,宋体,-9,,0,0,0,0,16777215,1,2,1,1,1,1,0,0,0,0,-1,0,备注,0

d0040001=3
d0040002=1
d0040003=2
d0040004=0
d0040005=1

d005=35
d0050001=1,1,1,10,2,工程项目总价表,宋体,-18,700,0,0,0,0,0,2,2,0,0,0,0,0,0,0,0,-1,0,,0
d0050002=1,1,3,10,3,[macroGcName],宋体,-9,,0,0,0,0,0,0,2,0,0,0,0,0,0,0,0,-1,0,,0
d0050003=2,1,1,1,1,序号,宋体,-9,,0,0,0,0,0,2,2,1,1,1,1,0,0,0,0,-1,0,,0
d0050004=2,2,1,2,1,项    目,宋体,-9,,0,0,0,0,0,2,2,1,1,1,1,0,0,0,0,-1,0,,0
d0050005=2,3,1,3,1,分类分项清单,宋体,-9,,0,0,0,0,0,2,2,1,1,1,1,0,0,0,0,-1,0,,0
d0050006=2,4,1,4,1,措施项目清单,宋体,-9,,0,0,0,0,0,2,2,1,1,1,1,0,0,0,0,-1,0,,0
d0050007=2,5,1,5,1,其它项目清单,宋体,-9,,0,0,0,0,0,2,2,1,1,1,1,0,0,0,0,-1,0,,0
d0050008=2,6,1,6,1,零星项目清单,宋体,-9,,0,0,0,0,0,2,2,1,1,1,1,0,0,0,0,-1,0,,0
d0050009=2,7,1,7,1,备用金,宋体,-9,,0,0,0,0,0,2,2,1,1,1,1,0,0,0,0,-1,0,,0
d0050010=2,8,1,8,1,安全生产费用,宋体,-9,,0,0,0,0,0,2,2,1,1,1,1,0,0,0,0,-1,0,,0
d0050011=2,9,1,9,1,合计,宋体,-9,,0,0,0,0,0,2,2,1,1,1,1,0,0,0,0,-1,0,,0
d0050012=2,10,1,10,1,备注,宋体,-9,,0,0,0,0,0,2,2,1,1,1,1,0,0,0,0,-1,0,,0
d0050013=3,1,1,1,1,,宋体,-9,,0,0,0,0,0,2,2,1,1,1,1,0,0,0,0,-1,0,,0
d0050014=3,2,1,2,1,,宋体,-9,,0,0,0,0,0,2,2,1,1,1,1,0,0,0,0,-1,0,,0
d0050015=3,3,1,3,1,,宋体,-9,,0,0,0,0,0,2,2,1,1,1,1,0,0,0,0,-1,0,,0
d0050016=3,4,1,4,1,,宋体,-9,,0,0,0,0,0,2,2,1,1,1,1,0,0,0,0,-1,0,,0
d0050017=3,5,1,5,1,,宋体,-9,,0,0,0,0,0,2,2,1,1,1,1,0,0,0,0,-1,0,,0
d0050018=3,6,1,6,1,,宋体,-9,,0,0,0,0,0,2,2,1,1,1,1,0,0,0,0,-1,0,,0
d0050019=3,7,1,7,1,,宋体,-9,,0,0,0,0,0,2,2,1,1,1,1,0,0,0,0,-1,0,,0
d0050020=3,8,1,8,1,,宋体,-9,,0,0,0,0,0,2,2,1,1,1,1,0,0,0,0,-1,0,,0
d0050021=3,9,1,9,1,,宋体,-9,,0,0,0,0,0,2,2,1,1,1,1,0,0,0,0,-1,0,,0
d0050022=3,10,1,10,1,,宋体,-9,,0,0,0,0,0,2,2,1,1,1,1,0,0,0,0,-1,0,,0
d0050023=3,11,1,11,1,2,宋体,-9,,0,0,0,0,0,2,2,1,1,1,1,0,0,0,0,-1,0,,0
d0050024=3,1,2,1,2,,宋体,-9,,0,0,0,0,0,2,2,1,1,1,1,0,0,0,0,-1,0,,0
d0050025=3,2,2,2,2,,宋体,-9,,0,0,0,0,0,2,2,1,1,1,1,0,0,0,0,-1,0,,0
d0050026=3,3,2,3,2,,宋体,-9,,0,0,0,0,0,2,2,1,1,1,1,0,0,0,0,-1,0,,0
d0050027=3,4,2,4,2,,宋体,-9,,0,0,0,0,0,2,2,1,1,1,1,0,0,0,0,-1,0,,0
d0050028=3,5,2,5,2,,宋体,-9,,0,0,0,0,0,2,2,1,1,1,1,0,0,0,0,-1,0,,0
d0050029=3,6,2,6,2,,宋体,-9,,0,0,0,0,0,2,2,1,1,1,1,0,0,0,0,-1,0,,0
d0050030=3,7,2,7,2,,宋体,-9,,0,0,0,0,0,2,2,1,1,1,1,0,0,0,0,-1,0,,0
d0050031=3,8,2,8,2,,宋体,-9,,0,0,0,0,0,2,2,1,1,1,1,0,0,0,0,-1,0,,0
d0050032=3,9,2,9,2,,宋体,-9,,0,0,0,0,0,2,2,1,1,1,1,0,0,0,0,-1,0,,0
d0050033=3,10,2,10,2,,宋体,-9,,0,0,0,0,0,2,2,1,1,1,1,0,0,0,0,-1,0,,0
d0050034=3,11,2,11,2,1003,宋体,-9,,0,0,0,0,0,2,2,1,1,1,1,0,0,0,0,-1,0,,0
d0050035=5,1,1,10,1,第[pageno]页 共[pagecount]页,宋体,-11,,0,0,0,0,0,2,2,0,0,0,0,0,0,0,0,-1,0,,0
[PARAMETER]
[报表参数]
desc=报表参数
enabled=1
count=0
1=打印级数,L(一级项目),一级项目,二级项目,三级项目,四级项目,五级项目
2=序号前缀,R(true)
3=打印工程名称,L(项目名称),项目名称,标段名称,项目名称+标段名称
[/PARAMETER]
[SOURCE]
rpt=report_自定义_表03_工程项目总价表.rpt
rptx=report_自定义_表03_工程项目总价表.rptx
dll=report_自定义_表03_工程项目总价表.dll
type=rptx
level=1
[参数设置结果]
打印级数=三级项目
序号前缀=False
[DeletedCol]
单位=单位
[TEMP]
ReWrite=1
