[DESIGN]
d001=0
d001001=总承包费分解表,150,150,150,150,1,1.5,-1,宋体,-10,0,0,1,1.5,-1
d003=9
d0030001=node_bh,54,宋体,-9,,0,0,0,0,16777215,0,2,1,1,1,1,0,0,0,0,-1,0,序号,0,
d0030002=node_xh,60,宋体,-9,,0,0,0,0,0,0,0,1,1,1,1,0,0,0,1,-1,0,项目编号,0,
d0030003=node_mc,163,宋体,-9,,0,0,0,0,16777215,0,2,1,1,1,1,1,0,0,0,0,0,工程项目及名称,0,
d0030004=node_dw,50,宋体,-9,,0,0,0,0,16777215,0,2,1,1,1,1,0,0,0,0,0,0,单位,0,
d0030005=gcl_exp,100,宋体,-9,,0,0,0,0,16777215,0,2,1,1,1,1,0,0,1,0,0,0,工程量计算式,0,
d0030006=gcl,54,宋体,-9,,0,0,0,0,16777215,0,2,1,1,1,1,0,0,0,1,0,0,工程量,0,
d0030007=sjjj1,62,宋体,-9,,0,0,0,0,16777215,0,2,1,1,1,1,0,0,0,1,0,0,单价,0,
d0030008=hjjj1,62,宋体,-9,,0,0,0,0,16777215,0,2,1,1,1,1,0,0,0,1,0,0,合计,0,
d0030009=bz,77,宋体,-9,,0,0,0,0,16777215,0,2,1,1,1,1,1,0,0,0,0,0,备注,0,

d0040001=4
d0040002=2
d0040003=2
d0040004=0
d0040005=4

d005=42
d0050001=1,1,1,9,2,总价项目分类分项工程分解表,宋体,-18,700,0,0,0,0,0,2,2,0,0,0,0,0,0,0,0,-1,0,,0,A1
d0050002=1,1,3,7,3,合同编号：[合同编号],宋体,-9,,0,0,0,0,0,0,2,0,0,0,0,0,0,0,0,-1,0,,0,A3
d0050003=1,8,3,8,3,,宋体,-9,,0,0,0,0,0,2,2,0,0,0,0,0,0,0,0,-1,0,,0,H3
d0050004=1,9,3,9,3,  ,宋体,-9,,0,0,0,0,0,0,2,0,0,0,0,0,0,0,0,-1,0,,0,I3
d0050005=1,1,4,7,4,[macroGcName],宋体,-9,,0,0,0,0,0,0,2,0,0,0,0,0,0,0,0,-1,0,,0,A4
d0050006=1,8,4,8,4,,宋体,-9,,0,0,0,0,0,2,2,0,0,0,0,0,0,0,0,-1,0,,0,H4
d0050007=1,9,4,9,4,  ,宋体,-9,,0,0,0,0,0,0,2,0,0,0,0,0,0,0,0,-1,0,,0,I4
d0050008=2,1,1,1,2,编号,宋体,-9,,0,0,0,0,0,2,2,1,1,1,1,0,0,0,0,-1,0,,0,A5
d0050009=2,2,1,2,2,项目编号,宋体,-9,,0,0,0,0,0,2,2,1,1,1,1,0,0,0,0,-1,0,,0,B5
d0050010=2,3,1,3,2,项目名称,宋体,-9,,0,0,0,0,0,2,2,1,1,1,1,0,0,0,0,-1,0,,0,C5
d0050011=2,4,1,4,2,单位,宋体,-9,,0,0,0,0,0,2,2,1,1,1,1,0,0,0,0,-1,0,,0,D5
d0050012=2,5,1,5,2,工程量计算式,宋体,-9,,0,0,0,0,0,2,2,1,1,1,1,0,0,0,0,-1,0,,0,E5
d0050013=2,6,1,6,2, 工程char(13)char(10)数量,宋体,-9,,0,0,0,0,0,2,2,1,1,1,1,0,0,0,0,-1,0,,0,F5
d0050014=2,7,1,7,2,单价[micro_dj_wy],宋体,-9,,0,0,0,0,0,2,2,1,1,1,1,0,0,0,0,-1,0,,0,G5
d0050015=2,8,1,8,2,合价[micro_hj_wy],宋体,-9,,0,0,0,0,0,2,2,1,1,1,1,0,0,0,0,-1,0,,0,H5
d0050016=2,9,1,9,2,说明,宋体,-9,,0,0,0,0,0,2,2,1,1,1,1,0,0,0,0,-1,0,,0,I5
d0050017=3,1,1,1,1,,宋体,-9,,0,0,0,0,0,2,2,1,1,1,1,0,0,0,0,-1,0,,0,A7
d0050018=3,2,1,2,1,,宋体,-9,,0,0,0,0,0,2,2,1,1,1,1,0,0,0,0,-1,0,,0,B7
d0050019=3,3,1,4,1,,宋体,-9,,0,0,0,0,0,2,2,1,1,1,1,0,0,0,0,-1,0,,0,C7
d0050020=3,5,1,5,1,,宋体,-9,,0,0,0,0,0,2,2,1,1,1,1,0,0,0,0,-1,0,,0,E7
d0050021=3,6,1,6,1,,宋体,-9,,0,0,0,0,0,2,2,1,1,1,1,0,0,0,0,-1,0,,0,F7
d0050022=3,7,1,7,1,,宋体,-9,,0,0,0,0,0,2,2,1,1,1,1,0,0,0,0,-1,0,,0,G7
d0050023=3,8,1,8,1,,宋体,-9,,0,0,0,0,0,2,2,1,1,1,1,0,0,0,0,-1,0,,0,H7
d0050024=3,9,1,9,1,,宋体,-9,,0,0,0,0,0,0,2,1,1,1,1,0,0,0,0,-1,0,,0,I7
d0050025=3,10,1,10,1,1,宋体,-9,,0,0,0,0,0,2,2,0,0,0,0,0,0,0,0,-1,0,,0,J7
d0050026=3,1,2,1,2,,宋体,-9,,0,0,0,0,0,2,2,1,1,1,1,0,0,0,0,-1,0,,0,A8
d0050027=3,2,2,2,2,,宋体,-9,,0,0,0,0,0,2,2,1,1,1,1,0,0,0,0,-1,0,,0,B8
d0050028=3,3,2,3,2,,宋体,-9,,0,0,0,0,0,2,2,1,1,1,1,0,0,0,0,-1,0,,0,C8
d0050029=3,4,2,4,2,,宋体,-9,,0,0,0,0,0,2,2,1,1,1,1,0,0,0,0,-1,0,,0,D8
d0050030=3,5,2,5,2,,宋体,-9,,0,0,0,0,0,2,2,1,1,1,1,0,0,0,0,-1,0,,0,E8
d0050031=3,6,2,6,2,,宋体,-9,,0,0,0,0,0,2,2,1,1,1,1,0,0,0,0,-1,0,,0,F8
d0050032=3,7,2,7,2,,宋体,-9,,0,0,0,0,0,2,2,1,1,1,1,0,0,0,0,-1,0,,0,G8
d0050033=3,8,2,8,2,,宋体,-9,,0,0,0,0,0,2,2,1,1,1,1,0,0,0,0,-1,0,,0,H8
d0050034=3,9,2,9,2,,宋体,-9,,0,0,0,0,0,2,2,1,1,1,1,0,0,0,0,-1,0,,0,I8
d0050035=3,10,2,10,2,2,宋体,-9,,0,0,0,0,0,2,2,0,0,0,0,0,0,0,0,-1,0,,0,J8
d0050036=5,1,1,5,1,,宋体,-9,,0,0,0,0,0,1,1,0,0,0,0,0,0,0,0,-1,0,,0,A9
d0050037=5,6,1,9,1,,宋体,-9,,0,0,0,0,0,2,2,0,0,0,0,0,0,0,0,-1,0,,0,F9
d0050038=5,1,2,5,2,,宋体,-9,,0,0,0,0,0,1,1,0,0,0,0,0,0,0,0,-1,0,,0,A10
d0050039=5,6,2,9,2,,宋体,-9,,0,0,0,0,0,2,2,0,0,0,0,0,0,0,0,-1,0,,0,F10
d0050040=5,1,3,5,3,,宋体,-9,,0,0,0,0,0,1,1,0,0,0,0,0,0,0,0,-1,0,,0,A11
d0050041=5,6,3,9,3,,宋体,-9,,0,0,0,0,0,2,2,0,0,0,0,0,0,0,0,-1,0,,0,F11
d0050042=5,1,4,9,4,第[pageno]页 共[pagecount]页,宋体,-9,,0,0,0,0,0,2,2,0,0,0,0,0,0,0,0,-1,0,,0,A12
[PARAMETER]
[报表参数]
desc=报表参数
enabled=1
count=2
1=打印套用单价序号,R(False)
2=打印工程名称,L(项目名称),项目名称,标段名称,项目名称+标段名称
[/PARAMETER]
[SOURCE]
level=0
dll=report_国标_投标人_总价项目分类分项工程分解表.dll
[TEMP]
ReWrite=1
