[DESIGN]
d001=0
d001001=工程项目总价表,150,150,150,150,1,1.5,-1,宋体,-10,0,0,1,1.5,-1
d003=8
d0030001=项目编号,60,宋体,-9,,0,0,0,0,16777215,0,2,1,1,1,1,0,0,0,0,-1,0,项目编号,0,
d0030002=项目名称,200,宋体,-9,,0,0,0,0,16777215,1,2,1,1,1,1,1,0,0,0,-1,0,项目名称,0,
d0030003=项目特征,60,宋体,-9,,0,0,0,0,0,0,0,1,1,1,1,0,0,1,0,-1,0,项目特征,0,
d0030004=计量单位,60,宋体,-9,,0,0,0,0,0,0,0,1,1,1,1,0,0,0,0,-1,0,计量单位,0,
d0030005=工程数量,80,宋体,-9,,0,0,0,0,0,0,0,1,1,1,1,0,0,0,1,-1,0,工程数量,0,
d0030006=单价,80,宋体,-9,,0,0,0,0,16777215,1,2,1,1,1,1,0,0,0,1,-1,0,单价,0,
d0030007=合价,80,宋体,-9,,0,0,0,0,16777215,1,2,1,1,1,1,0,0,0,1,-1,0,合价,0,
d0030008=备注,80,宋体,-9,,0,0,0,0,0,0,0,1,1,1,1,0,0,0,1,-1,0,备注,0,

d0040001=5
d0040002=1
d0040003=3
d0040004=0
d0040005=5
d00400010004=0
d00400030002=0
d00400050005=0

d005=56
d0050001=1,1,1,8,2,分组工程量清单报价表,宋体,-18,700,0,0,0,0,0,2,2,0,0,0,0,0,0,0,0,-1,0,,0,A1
d0050002=1,1,3,8,3,合同编号：[合同编号],宋体,-9,,0,0,0,0,0,0,1,0,0,0,0,0,0,0,0,-1,0,,0,A3
d0050003=1,1,4,8,4,[macroGcName],宋体,-9,,0,0,0,0,0,0,1,0,0,0,0,0,0,0,0,-1,0,,0,A4
d0050004=1,1,5,2,5,组号：[分组编号],宋体,-9,,0,0,0,0,0,0,1,0,0,0,0,0,0,0,0,-1,0,,0,A5
d0050005=1,3,5,3,5,,宋体,-9,,0,0,0,0,0,0,2,0,0,0,0,0,0,0,0,-1,0,,0,C5
d0050006=1,4,5,4,5,,宋体,-9,,0,0,0,0,0,2,2,0,0,0,0,0,0,0,0,-1,0,,0,D5
d0050007=1,5,5,5,5,,宋体,-9,,0,0,0,0,0,2,2,0,0,0,0,0,0,0,0,-1,0,,0,E5
d0050008=1,6,5,6,5,,宋体,-9,,0,0,0,0,0,2,2,0,0,0,0,0,0,0,0,-1,0,,0,F5
d0050009=1,7,5,8,5,分组名称：[分组名称],宋体,-9,,0,0,0,0,0,0,2,0,0,0,0,0,0,0,0,-1,0,,0,G5
d0050010=2,1,1,1,1,序号,宋体,-9,,0,0,0,0,0,2,2,1,1,1,1,0,0,0,0,-1,0,,0,A6
d0050011=2,2,1,2,1,项目名称,宋体,-9,,0,0,0,0,0,2,2,1,1,1,1,0,0,0,0,-1,0,,0,B6
d0050012=2,3,1,3,1,项目特征,宋体,-9,,0,0,0,0,0,2,2,1,1,1,1,0,0,0,0,-1,0,,0,C6
d0050013=2,4,1,4,1,计量单位,宋体,-9,,0,0,0,0,0,2,2,1,1,1,1,0,0,0,0,-1,0,,0,D6
d0050014=2,5,1,5,1,工程数量,宋体,-9,,0,0,0,0,0,2,2,1,1,1,1,0,0,0,0,-1,0,,0,E6
d0050015=2,6,1,6,1,单价（元）,宋体,-9,,0,0,0,0,0,2,2,1,1,1,1,0,0,0,0,-1,0,,0,F6
d0050016=2,7,1,7,1,合价（[合价单位]）,宋体,-9,,0,0,0,0,0,2,2,1,1,1,1,0,0,0,0,-1,0,,0,G6
d0050017=2,8,1,8,1,备注,宋体,-9,,0,0,0,0,0,2,2,1,1,1,1,0,0,0,0,-1,0,,0,H6
d0050018=3,1,1,1,1,,宋体,-9,,0,0,0,0,0,2,2,1,1,1,1,0,0,0,0,-1,0,,0,A7
d0050019=3,2,1,2,1,,宋体,-9,,0,0,0,0,0,0,2,1,1,1,1,0,0,0,0,-1,0,,0,B7
d0050020=3,3,1,3,1,,宋体,-9,,0,0,0,0,0,2,2,1,1,1,1,0,0,0,0,-1,0,,0,C7
d0050021=3,4,1,4,1,,宋体,-9,,0,0,0,0,0,2,2,1,1,1,1,0,0,0,0,-1,0,,0,D7
d0050022=3,5,1,5,1,,宋体,-9,,0,0,0,0,0,1,2,1,1,1,1,0,0,0,0,-1,0,,0,E7
d0050023=3,6,1,6,1,,宋体,-9,,0,0,0,0,0,1,2,1,1,1,1,0,0,0,0,-1,0,,0,F7
d0050024=3,7,1,7,1,,宋体,-9,,0,0,0,0,0,1,2,1,1,1,1,0,0,0,0,-1,0,,0,G7
d0050025=3,8,1,8,1,,宋体,-9,,0,0,0,0,0,2,2,1,1,1,1,0,0,0,0,-1,0,,0,H7
d0050026=3,9,1,9,1,1,宋体,-9,,0,0,0,0,0,2,2,0,0,0,0,0,0,0,0,-1,0,,0,I7
d0050027=3,1,2,1,2,,宋体,-9,,0,0,0,0,0,2,2,1,1,1,1,0,0,0,0,-1,0,,0,A8
d0050028=3,2,2,2,2,,宋体,-9,,0,0,0,0,0,0,2,1,1,1,1,0,0,0,0,-1,0,,0,B8
d0050029=3,3,2,3,2,,宋体,-9,,0,0,0,0,0,2,2,1,1,1,1,0,0,0,0,-1,0,,0,C8
d0050030=3,4,2,4,2,,宋体,-9,,0,0,0,0,0,2,2,1,1,1,1,0,0,0,0,-1,0,,0,D8
d0050031=3,5,2,5,2,,宋体,-9,,0,0,0,0,0,1,2,1,1,1,1,0,0,0,0,-1,0,,0,E8
d0050032=3,6,2,6,2,,宋体,-9,,0,0,0,0,0,1,2,1,1,1,1,0,0,0,0,-1,0,,0,F8
d0050033=3,7,2,7,2,,宋体,-9,,0,0,0,0,0,1,2,1,1,1,1,0,0,0,0,-1,0,,0,G8
d0050034=3,8,2,8,2,,宋体,-9,,0,0,0,0,0,2,2,1,1,1,1,0,0,0,0,-1,0,,0,H8
d0050035=3,9,2,9,2,2,宋体,-9,,0,0,0,0,0,2,2,0,0,0,0,0,0,0,0,-1,0,,0,I8
d0050036=3,1,3,1,3,,宋体,-9,,0,0,0,0,0,2,2,0,1,1,0,0,0,0,0,-1,0,,0,A9
d0050037=3,2,3,2,3,,宋体,-9,,0,0,0,0,0,2,2,0,1,0,0,0,0,0,0,-1,0,,0,B9
d0050038=3,3,3,3,3,,宋体,-9,,0,0,0,0,0,2,2,0,1,0,0,0,0,0,0,-1,0,,0,C9
d0050039=3,4,3,4,3,,宋体,-9,,0,0,0,0,0,2,2,0,1,0,0,0,0,0,0,-1,0,,0,D9
d0050040=3,5,3,5,3,,宋体,-9,,0,0,0,0,0,2,2,0,1,0,0,0,0,0,0,-1,0,,0,E9
d0050041=3,6,3,6,3,合计,宋体,-9,,0,0,0,0,0,1,2,0,1,0,0,0,0,0,0,-1,0,,0,F9
d0050042=3,7,3,7,3,,宋体,-9,,0,0,0,0,0,2,2,0,1,0,0,0,0,0,0,-1,0,,0,G9
d0050043=3,8,3,8,3,（汇入工程项目总价表）,宋体,-9,,0,0,0,0,0,0,2,0,1,0,1,0,0,0,0,-1,0,,0,H9
d0050044=3,9,3,9,3,1003,宋体,-9,,0,0,0,0,0,2,2,0,0,0,0,0,0,0,0,-1,0,,0,I9
d0050045=5,1,1,8,1,,宋体,-9,,0,0,0,0,0,0,2,0,0,0,0,0,0,0,0,-1,0,,0,A10
d0050046=5,1,2,2,4,         char(13)char(10)                   投   标   人：[投标单位]    （盖单位章）char(13)char(10)char(13)char(10)char(13)char(10)          法定代表人或委托代理人：[投标单位法定代表人]    （签   字）char(13)char(10)char(13)char(10)                     char(13)char(10)                        编制时间：[编制日期],宋体,-9,,0,0,0,0,0,2,2,0,0,0,0,0,0,0,0,-1,0,,0,A11
d0050047=5,3,2,3,2,,宋体,-9,,0,0,0,0,0,2,2,0,0,0,0,0,0,0,0,-1,0,,0,C11
d0050048=5,4,2,4,2,,宋体,-9,,0,0,0,0,0,2,2,0,0,0,0,0,0,0,0,-1,0,,0,D11
d0050049=5,5,2,8,4,,宋体,-9,,0,0,0,0,0,2,2,0,0,0,0,0,0,0,0,-1,0,,0,E11
d0050050=5,3,3,3,3,,宋体,-9,,0,0,0,0,0,2,2,0,0,0,0,0,0,0,0,-1,0,,0,C12
d0050051=5,4,3,4,3,,宋体,-9,,0,0,0,0,0,2,2,0,0,0,0,0,0,0,0,-1,0,,0,D12
d0050052=5,3,4,3,4,,宋体,-9,,0,0,0,0,0,2,2,0,0,0,0,0,0,0,0,-1,0,,0,C13
d0050053=5,4,4,4,4,,宋体,-9,,0,0,0,0,0,2,2,0,0,0,0,0,0,0,0,-1,0,,0,D13
d0050054=5,1,5,6,5,第[pageno]页 共[pagecount]页,宋体,-11,,0,0,0,0,0,2,2,0,0,0,0,0,0,0,0,-1,0,,0,A14
d0050055=5,7,5,7,5,,宋体,-9,,0,0,0,0,0,2,2,0,0,0,0,0,0,0,0,-1,0,,0,G14
d0050056=5,8,5,8,5,,宋体,-9,,0,0,0,0,0,2,2,0,0,0,0,0,0,0,0,-1,0,,0,H14
[PARAMETER]
[报表参数]
desc=报表参数
enabled=1
count=4
1=打印工程名称,L(项目名称),项目名称,标段名称,项目名称+标段名称,合同编号
2=合价万元,R(False)
3=打印套用单价序号,R(False)
4=是否为招标人,R(False)
[/PARAMETER]
[参数设置结果]
打印套用单价序号=False
是否为招标人=False
[SOURCE]
dll=report_自定义_分组工程量清单.dll
level=0
[TEMP]
ReWrite=1
[SOURCE]
level=1
