[DESIGN]
d001=0
d001001=措施项目清单计价表,150,150,150,150,1,1.5,-1,宋体,-10,0,0,1,1.5,-1
d003=9
d0030001=bzmlid,60,宋体,-10,,0,0,0,0,16777215,2,2,1,1,1,1,0,0,0,0,-1,0,序号,0,,0
d0030002=node_mc,442,宋体,-10,,0,0,0,0,16777215,0,2,1,1,1,1,1,0,0,0,-1,0,项目名称,0,,0
d0030003=xmtz,60,宋体,-9,,0,0,0,0,0,0,0,1,1,1,1,0,0,1,0,-1,0,项目特征,0,,0
d0030004=gznr,60,宋体,-9,,0,0,0,0,0,0,0,1,1,1,1,0,0,1,0,-1,0,工作内容,0,,0
d0030005=node_dw,50,宋体,-10,,0,0,0,0,0,0,0,1,1,1,1,1,0,1,0,-1,0,计量单位,0,,0
d0030006=gcl,60,宋体,-10,,0,0,0,0,0,2,2,1,1,1,1,1,0,1,0,-1,0,工程数量,0,,0
d0030007=sjjj1,60,宋体,-10,,0,0,0,0,0,0,0,1,1,1,1,1,0,1,0,-1,0,单价,0,,0
d0030008=hjjj1,102,宋体,-10,,0,0,0,0,16777215,1,2,1,1,1,1,0,0,0,1,-1,0,合价,0,,0
d0030009=bz,60,宋体,-10,,0,0,0,0,16777215,0,2,1,1,1,1,0,0,1,0,-1,0,备注,0,,0

d0040001=4
d0040002=1
d0040003=2
d0040004=0
d0040005=2

d005=40
d0050001=1,1,1,9,2,措施项目清单计价表,宋体,-18,700,0,0,0,0,0,2,2,0,0,0,0,0,0,0,0,-1,0,,0,,0
d0050002=1,1,3,7,3,合同编号：[合同编号],宋体,-9,,0,0,0,0,0,0,2,0,0,0,0,0,0,0,0,-1,0,,0,,0
d0050003=1,8,3,8,3,,宋体,-9,,0,0,0,0,0,2,2,0,0,0,0,0,0,0,0,-1,0,,0,,0
d0050004=1,9,3,9,3,,宋体,-9,,0,0,0,0,0,2,2,0,0,0,0,0,0,0,0,-1,0,,0,,0
d0050005=1,1,4,7,4,[macroGcName],宋体,-9,,0,0,0,0,0,0,2,0,0,0,0,0,0,0,0,-1,0,,0,,0
d0050006=1,8,4,9,4,第[pageno]页 共[pagecount]页,宋体,-9,,0,0,0,0,0,1,2,0,0,0,0,0,0,0,0,-1,0,,0,,0
d0050007=2,1,1,1,1,序号,宋体,-9,,0,0,0,0,0,2,2,1,1,1,1,0,0,0,0,-1,0,,0,,0
d0050008=2,2,1,2,1,项目名称,宋体,-9,,0,0,0,0,0,2,2,1,1,1,1,0,0,0,0,-1,0,,0,,0
d0050009=2,3,1,3,1,项目特征,宋体,-9,,0,0,0,0,0,2,2,1,1,1,1,0,0,0,0,-1,0,,0,,0
d0050010=2,4,1,4,1,工作内容,宋体,-9,,0,0,0,0,0,2,2,1,1,1,1,0,0,0,0,-1,0,,0,,0
d0050011=2,5,1,5,1,单位,宋体,-9,,0,0,0,0,0,2,2,1,1,1,1,0,0,0,0,-1,0,,0,,0
d0050012=2,6,1,6,1,数量,宋体,-9,,0,0,0,0,0,2,2,1,1,1,1,0,0,0,0,-1,0,,0,,0
d0050013=2,7,1,7,1,单价（元）,宋体,-9,,0,0,0,0,0,2,2,1,1,1,1,0,0,0,0,-1,0,,0,,0
d0050014=2,8,1,8,1,金额（[金额单位]）,宋体,-9,,0,0,0,0,0,2,2,1,1,1,1,0,0,0,0,-1,0,,0,,0
d0050015=2,9,1,9,1,备注,宋体,-9,,0,0,0,0,0,2,2,1,1,1,1,0,0,0,0,-1,0,,0,,0
d0050016=3,1,1,1,1,,宋体,-9,,0,0,0,0,0,2,2,1,1,1,1,0,0,0,0,-1,0,,0,,0
d0050017=3,2,1,2,1,,宋体,-9,,0,0,0,0,0,0,2,1,1,1,1,0,0,0,0,-1,0,,0,,0
d0050018=3,3,1,3,1,,宋体,-9,,0,0,0,0,0,2,2,1,1,1,1,0,0,0,0,-1,0,,0,,0
d0050019=3,4,1,4,1,,宋体,-9,,0,0,0,0,0,2,2,1,1,1,1,0,0,0,0,-1,0,,0,,0
d0050020=3,5,1,5,1,,宋体,-9,,0,0,0,0,0,2,2,1,1,1,1,0,0,0,0,-1,0,,0,,0
d0050021=3,6,1,6,1,,宋体,-9,,0,0,0,0,0,2,2,1,1,1,1,0,0,0,0,-1,0,,0,,0
d0050022=3,7,1,7,1,,宋体,-9,,0,0,0,0,0,2,2,1,1,1,1,0,0,0,0,-1,0,,0,,0
d0050023=3,8,1,8,1,,宋体,-9,,0,0,0,0,0,1,2,1,1,1,1,0,0,0,0,-1,0,,0,,0
d0050024=3,9,1,9,1,,宋体,-9,,0,0,0,0,0,0,2,1,1,1,1,0,0,0,0,-1,0,,0,,0
d0050025=3,10,1,10,1,1,宋体,-9,,0,0,0,0,0,2,2,0,0,0,0,0,0,0,0,-1,0,,0,,0
d0050026=3,1,2,1,2, ,宋体,-9,,0,0,0,0,0,2,2,1,1,1,1,0,0,0,0,-1,0,,0,,0
d0050027=3,2,2,2,2,合        计,宋体,-9,,0,0,0,0,0,2,2,1,1,1,1,0,0,0,0,-1,0,,0,,0
d0050028=3,3,2,3,2,,宋体,-9,,0,0,0,0,0,2,2,1,1,1,1,0,0,0,0,-1,0,,0,,0
d0050029=3,4,2,4,2,,宋体,-9,,0,0,0,0,0,2,2,1,1,1,1,0,0,0,0,-1,0,,0,,0
d0050030=3,5,2,5,2,,宋体,-9,,0,0,0,0,0,2,2,1,1,1,1,0,0,0,0,-1,0,,0,,0
d0050031=3,6,2,6,2,,宋体,-9,,0,0,0,0,0,2,2,1,1,1,1,0,0,0,0,-1,0,,0,,0
d0050032=3,7,2,7,2,,宋体,-9,,0,0,0,0,0,2,2,1,1,1,1,0,0,0,0,-1,0,,0,,0
d0050033=3,8,2,8,2,,宋体,-9,,0,0,0,0,0,1,2,1,1,1,1,0,0,0,0,-1,0,,0,,0
d0050034=3,9,2,9,2,,宋体,-9,,0,0,0,0,0,0,2,1,1,1,1,0,0,0,0,-1,0,,0,,0
d0050035=3,10,2,10,2,1003,宋体,-9,,0,0,0,0,0,2,2,0,0,0,0,0,0,0,0,-1,0,,0,,0
d0050036=5,1,1,2,1,,宋体,-9,,0,0,0,0,0,2,2,0,0,0,0,0,0,0,0,-1,0,,0,,0
d0050037=5,3,1,9,1,,宋体,-9,,0,0,0,0,0,1,1,0,0,0,0,0,0,0,0,-1,0,,0,,0
d0050038=5,1,2,2,2,  ,宋体,-9,,0,0,0,0,0,2,2,0,0,0,0,0,0,0,0,-1,0,,0,,0
d0050039=5,3,2,7,2,法定代表人    char(13)char(10)(或委托代理人)：,宋体,-9,,0,0,0,0,0,1,2,0,0,0,0,0,0,0,0,-1,0,,0,,0
d0050040=5,8,2,9,2,<U>                   </U>（签字）,宋体,-9,,0,0,0,0,0,0,1,0,0,0,0,0,0,0,0,-1,0,,0,,0
[PARAMETER]
[报表参数]
enabled=1
desc=报表参数
count=4
1=打印工程名称,L(工程名称),工程名称,标段名称,工程名称+标段名称
2=项目打印级数,L(一级项目),一级项目,二级项目,三级项目,打印到清单,仅打印目录
3=合价万元,R(False)
4=打印套用单价序号,R(False)
[/PARAMETER]
[SOURCE]
level=1
dll=report_国标_投标人_措施项目清单计价表.dll
[TEMP]
ReWrite=1
[参数设置结果]
项目打印级数=打印到清单
打印工程名称=工程名称
打印套用单价序号=False
合价万元=False
