[DESIGN]
d001=0
d001001=混凝土材料单价计算表,150,150,150,150,2,1.5,-1,宋体,-10,0,0,1,1.5,-1
d003=22
d0030001=xuhao,60,宋体,-9,,0,0,0,0,0,0,0,1,1,1,1,0,0,0,1,-1,0,序号,0,
d0030002=bianhao,60,宋体,-9,,0,0,0,0,16777215,2,2,1,1,1,1,0,0,1,1,0,0,编号,0,
d0030003=bianhao,60,宋体,-9,,0,0,0,0,0,0,0,1,1,1,1,0,0,0,0,-1,0,编号,0,
d0030004=biaohao,60,宋体,-9,,0,0,0,0,16777215,0,2,1,1,1,1,0,0,0,1,0,0,标号,0,
d0030005=qiangdu,60,宋体,-9,,0,0,0,0,16777215,2,2,1,1,1,1,0,0,0,1,0,0,强度,0,
d0030006=jipei,60,宋体,-9,,0,0,0,0,16777215,2,2,1,1,1,1,0,0,0,1,0,0,级配,0,
d0030007=shuini,60,宋体,-9,,0,0,0,0,16777215,1,2,1,1,1,1,0,1,0,1,0,0,水泥,0,
d0030008=chanheliao,60,宋体,-9,,0,0,0,0,16777215,1,2,1,1,1,1,0,1,0,1,0,0,掺合度,0,
d0030009=sha,60,宋体,-9,,0,0,0,0,16777215,1,2,1,1,1,1,0,1,0,1,0,0,砂,0,
d0030010=shizi,60,宋体,-9,,0,0,0,0,16777215,1,2,1,1,1,1,0,1,0,1,0,0,石子,0,
d0030011=ks,60,宋体,-9,,0,0,0,0,16777215,1,2,1,1,1,1,0,1,0,1,-1,0,块石,0,
d0030012=waijiaji,60,宋体,-9,,0,0,0,0,16777215,1,2,1,1,1,1,0,1,0,1,0,0,外加剂,0,
d0030013=shui,60,宋体,-9,,0,0,0,0,16777215,1,2,1,1,1,1,0,1,0,1,0,0,水,0,
d0030014=fmh,60,宋体,-9,,0,0,0,0,0,0,0,1,1,1,1,0,1,1,1,-1,0,粉煤灰,0,
d0030015=shuini_xs,60,宋体,-9,,0,0,0,0,0,0,0,1,1,1,1,0,1,0,1,-1,0,水泥系数,0,
d0030016=chanheliao_xs,60,宋体,-9,,0,0,0,0,0,0,0,1,1,1,1,0,1,0,1,-1,0,掺合料系数,0,
d0030017=sha_xs,60,宋体,-9,,0,0,0,0,0,0,0,1,1,1,1,0,1,0,1,-1,0,砂系数,0,
d0030018=shizi_xs,60,宋体,-9,,0,0,0,0,0,0,0,1,1,1,1,0,1,0,1,-1,0,石子系数,0,
d0030019=ks_xs,60,宋体,-9,,0,0,0,0,0,0,0,1,1,1,1,0,1,0,1,-1,0,块石系数,0,
d0030020=waijiaji_xs,60,宋体,-9,,0,0,0,0,0,0,0,1,1,1,1,0,1,0,1,-1,0,外加剂系数,0,
d0030021=shui_xs,60,宋体,-9,,0,0,0,0,0,0,0,1,1,1,1,0,1,0,1,-1,0,水系数,0,
d0030022=danjia,60,宋体,-9,,0,0,0,0,16777215,1,2,1,1,1,1,0,0,0,1,0,0,单价,0,

d0040001=3
d0040002=2
d0040003=1
d0040004=0
d0040005=1

d005=56
d0050001=1,1,1,1,1,,宋体,-9,,0,0,0,0,0,2,2,0,0,0,0,0,0,0,0,-1,0,,0,A1
d0050002=1,2,1,22,2,混凝土材料单价计算表 ,宋体,-18,700,0,0,0,0,0,2,2,0,0,0,0,0,0,0,0,-1,0,,0,B1
d0050003=1,1,2,1,2,,宋体,-9,,0,0,0,0,0,2,2,0,0,0,0,0,0,0,0,-1,0,,0,A2
d0050004=1,1,3,11,3,[macroGcName],宋体,-9,,0,0,0,0,0,0,1,0,0,0,0,0,0,0,0,-1,0,,0,A3
d0050005=1,12,3,12,3,,宋体,-9,,0,0,0,0,0,2,2,0,0,0,0,0,0,0,0,-1,0,,0,L3
d0050006=1,13,3,22,3,单位：m3,宋体,-9,,0,0,0,0,0,1,1,0,0,0,0,0,0,0,0,-1,0,,0,M3
d0050007=2,1,1,1,2,序号,宋体,-9,,0,0,0,0,0,2,2,1,1,1,1,0,0,0,0,-1,0,,0,A4
d0050008=2,2,1,2,1,编号,宋体,-9,,0,0,0,0,0,2,2,1,1,1,1,0,0,0,0,-1,0,,0,B4
d0050009=2,3,1,3,2,编号,宋体,-9,,0,0,0,0,0,2,2,1,1,1,1,0,0,0,0,-1,0,,0,C4
d0050010=2,4,1,4,2,混凝土char(13)char(10)标号,宋体,-9,,0,0,0,0,0,2,2,1,1,1,1,0,0,0,0,-1,0,,0,D4
d0050011=2,5,1,5,2,水泥char(13)char(10)强度char(13)char(10)等级,宋体,-9,,0,0,0,0,0,2,2,1,1,1,1,0,0,0,0,-1,0,,0,E4
d0050012=2,6,1,6,2,级配,宋体,-9,,0,0,0,0,0,2,2,1,1,1,1,0,0,0,0,-1,0,,0,F4
d0050013=2,7,1,14,1,预算量,宋体,-9,,0,0,0,0,0,2,2,1,1,1,1,0,0,0,0,-1,0,,0,G4
d0050014=2,15,1,21,1,调整系数,宋体,-9,,0,0,0,0,0,2,2,1,1,1,1,0,0,0,0,-1,0,,0,O4
d0050015=2,22,1,22,2,单价char(13)char(10)(元),宋体,-9,,0,0,0,0,0,2,2,1,1,1,1,0,0,0,0,-1,0,,0,V4
d0050016=2,2,2,2,2,,宋体,-9,,0,0,0,0,0,2,2,0,0,0,0,0,0,0,0,-1,0,,0,B5
d0050017=2,7,2,7,2,水泥,宋体,-9,,0,0,0,0,0,2,2,1,1,1,1,0,0,0,0,-1,0,,0,G5
d0050018=2,8,2,8,2,掺和料,宋体,-9,,0,0,0,0,0,2,2,1,1,1,1,0,0,0,0,-1,0,,0,H5
d0050019=2,9,2,9,2,砂,宋体,-9,,0,0,0,0,0,2,2,1,1,1,1,0,0,0,0,-1,0,,0,I5
d0050020=2,10,2,10,2,石子,宋体,-9,,0,0,0,0,0,2,2,1,1,1,1,0,0,0,0,-1,0,,0,J5
d0050021=2,11,2,11,2,块石,宋体,-9,,0,0,0,0,0,2,2,1,1,1,1,0,0,0,0,-1,0,,0,K5
d0050022=2,12,2,12,2,外加剂,宋体,-9,,0,0,0,0,0,2,2,1,1,1,1,0,0,0,0,-1,0,,0,L5
d0050023=2,13,2,13,2,水,宋体,-9,,0,0,0,0,0,2,2,1,1,1,1,0,0,0,0,-1,0,,0,M5
d0050024=2,14,2,14,2,粉煤灰,宋体,-9,,0,0,0,0,0,2,2,1,1,1,1,0,0,0,0,-1,0,,0,N5
d0050025=2,15,2,15,2,水泥,宋体,-9,,0,0,0,0,0,2,2,1,1,1,1,0,0,0,0,-1,0,,0,O5
d0050026=2,16,2,16,2,掺和料,宋体,-9,,0,0,0,0,0,2,2,1,1,1,1,0,0,0,0,-1,0,,0,P5
d0050027=2,17,2,17,2,砂,宋体,-9,,0,0,0,0,0,2,2,1,1,1,1,0,0,0,0,-1,0,,0,Q5
d0050028=2,18,2,18,2,石子,宋体,-9,,0,0,0,0,0,2,2,1,1,1,1,0,0,0,0,-1,0,,0,R5
d0050029=2,19,2,19,2,块石,宋体,-9,,0,0,0,0,0,2,2,1,1,1,1,0,0,0,0,-1,0,,0,S5
d0050030=2,20,2,20,2,外加剂,宋体,-9,,0,0,0,0,0,2,2,1,1,1,1,0,0,0,0,-1,0,,0,T5
d0050031=2,21,2,21,2,水,宋体,-9,,0,0,0,0,0,2,2,1,1,1,1,0,0,0,0,-1,0,,0,U5
d0050032=3,1,1,1,1,,宋体,-9,,0,0,0,0,0,2,2,1,1,1,1,0,0,0,0,-1,0,,0,A6
d0050033=3,2,1,2,1,,宋体,-9,,0,0,0,0,0,2,2,1,1,1,1,0,0,0,0,-1,0,,0,B6
d0050034=3,3,1,3,1,,宋体,-9,,0,0,0,0,0,2,2,1,1,1,1,0,0,0,0,-1,0,,0,C6
d0050035=3,4,1,4,1,,宋体,-9,,0,0,0,0,0,0,2,1,1,1,1,0,0,0,0,-1,0,,0,D6
d0050036=3,5,1,5,1,,宋体,-9,,0,0,0,0,0,2,2,1,1,1,1,0,0,0,0,-1,0,,0,E6
d0050037=3,6,1,6,1,,宋体,-9,,0,0,0,0,0,2,2,1,1,1,1,0,0,0,0,-1,0,,0,F6
d0050038=3,7,1,7,1,,宋体,-9,,0,0,0,0,0,1,2,1,1,1,1,0,0,0,0,-1,0,,0,G6
d0050039=3,8,1,8,1,,宋体,-9,,0,0,0,0,0,1,2,1,1,1,1,0,0,0,0,-1,0,,0,H6
d0050040=3,9,1,9,1,,宋体,-9,,0,0,0,0,0,1,2,1,1,1,1,0,0,0,0,-1,0,,0,I6
d0050041=3,10,1,10,1,,宋体,-9,,0,0,0,0,0,1,2,1,1,1,1,0,0,0,0,-1,0,,0,J6
d0050042=3,11,1,11,1,,宋体,-9,,0,0,0,0,0,1,2,1,1,1,1,0,0,0,0,-1,0,,0,K6
d0050043=3,12,1,12,1,,宋体,-9,,0,0,0,0,0,1,2,1,1,1,1,0,0,0,0,-1,0,,0,L6
d0050044=3,13,1,13,1,,宋体,-9,,0,0,0,0,0,1,2,1,1,1,1,0,0,0,0,-1,0,,0,M6
d0050045=3,14,1,14,1,,宋体,-9,,0,0,0,0,0,1,2,1,1,1,1,0,0,0,0,-1,0,,0,N6
d0050046=3,15,1,15,1,,宋体,-9,,0,0,0,0,0,1,2,1,1,1,1,0,0,0,0,-1,0,,0,O6
d0050047=3,16,1,16,1,,宋体,-9,,0,0,0,0,0,1,2,1,1,1,1,0,0,0,0,-1,0,,0,P6
d0050048=3,17,1,17,1,,宋体,-9,,0,0,0,0,0,1,2,1,1,1,1,0,0,0,0,-1,0,,0,Q6
d0050049=3,18,1,18,1,,宋体,-9,,0,0,0,0,0,1,2,1,1,1,1,0,0,0,0,-1,0,,0,R6
d0050050=3,19,1,19,1,,宋体,-9,,0,0,0,0,0,1,2,1,1,1,1,0,0,0,0,-1,0,,0,S6
d0050051=3,20,1,20,1,,宋体,-9,,0,0,0,0,0,1,2,1,1,1,1,0,0,0,0,-1,0,,0,T6
d0050052=3,21,1,21,1,,宋体,-9,,0,0,0,0,0,1,2,1,1,1,1,0,0,0,0,-1,0,,0,U6
d0050053=3,22,1,22,1,,宋体,-9,,0,0,0,0,0,1,2,1,1,1,1,0,0,0,0,-1,0,,0,V6
d0050054=3,23,1,23,1,4,宋体,-9,,0,0,0,0,0,2,2,0,0,0,0,0,0,0,0,-1,0,,0,W6
d0050055=5,1,1,1,1,,宋体,-9,,0,0,0,0,0,2,2,0,0,0,0,0,0,0,0,-1,0,,0,A7
d0050056=5,2,1,22,1,第[pageno]页 共[pagecount]页,宋体,-11,,0,0,0,0,0,2,2,0,0,0,0,0,0,0,0,-1,0,,0,B7
[PARAMETER]
[报表参数]
desc=报表参数
enabled=1
count=2
1=打印工程名称,R(false)
2=组价方式,L(常规组价),限价组价,预算价组价,常规组价
[/PARAMETER]
[SOURCE]
type=rptx
dll=空表.dll
level=1
[TEMP]
ReWrite=1
[参数设置结果]
打印工程名称=False
限价组价=False
组价方式=限价组价
