[DESIGN]
d001=1
d001001=填表须知,150,150,150,150,1,1.5,-1,宋体,-10,0,0,1,0.1
d003=3
d0030001=col2,139,宋体,-9,,1,0,0,0,16777215,0,2,1,1,1,1,0,0,0,1,-1,0,未命名,0
d0030002=col3,146,宋体,-9,,1,0,0,0,16777215,0,2,1,1,1,1,0,0,0,1,-1,0,未命名,0
d0030003=col4,147,宋体,-9,,1,0,0,0,16777215,0,2,1,1,1,1,0,0,0,1,-1,0,未命名,0

d0040001=0
d0040002=40
d0040003=0
d0040004=0
d0040005=0

d005=5
d0050001=2,1,1,3,3,填 表 须 知,宋体,-21.75,,0,0,0,0,0,2,2,0,0,0,0,0,1,1,0,-1,0,,0
d0050002=2,1,4,1,4,,宋体,-9,,0,0,0,0,0,2,2,0,0,0,0,0,1,1,0,-1,0,,0
d0050003=2,2,4,2,4,,宋体,-9,,0,0,0,0,0,2,2,0,0,0,0,0,1,1,0,-1,0,,0
d0050004=2,3,4,3,4,,宋体,-9,,0,0,0,0,0,2,2,0,0,0,0,0,1,1,0,-1,0,,0
d0050005=2,1,5,3,40,[填表须知],宋体,-9,,0,0,0,0,0,0,0,0,0,0,0,0,1,1,0,-1,0,,0
[PARAMETER]
[/PARAMETER]

