[DESIGN]
d001=1
d001001=总说明,150,150,150,150,1,1.5,-1,宋体,-10,0,1,1,0.1
d003=5
d0030001=col1,82,宋体,-9,,1,0,0,0,16777215,0,2,1,1,1,1,0,0,0,0,-1,0,未命名,0
d0030002=col2,79,宋体,-9,,1,0,0,0,16777215,0,2,1,1,1,1,0,0,0,1,-1,0,未命名,0
d0030003=col3,60,宋体,-9,,1,0,0,0,16777215,0,2,1,1,1,1,0,0,0,1,-1,0,未命名,0
d0030004=col4,60,宋体,-9,,1,0,0,0,16777215,0,2,1,1,1,1,0,0,0,1,-1,0,未命名,0
d0030005=col5,264,宋体,-9,,1,0,0,0,16777215,0,2,1,1,1,1,0,0,0,1,-1,0,未命名,0

d0040001=4
d0040002=36
d0040003=0
d0040004=0
d0040005=0

d005=6
d0050001=1,1,1,5,2,总   说   明,宋体,-21.75,,0,0,0,0,0,2,2,0,0,0,0,0,1,1,0,-1,0,,0
d0050002=1,1,3,4,3,合同编号:[合同编号],宋体,-9,,0,0,0,0,0,0,2,0,0,0,0,0,1,1,0,-1,0,,0
d0050003=1,5,3,5,3,,宋体,-9,,0,0,0,0,0,2,2,0,0,0,0,0,1,1,0,-1,0,,0
d0050004=1,1,4,4,4,工程名称:[工程名称],宋体,-9,,0,0,0,0,0,0,2,0,0,0,0,0,1,1,0,-1,0,,0
d0050005=1,5,4,5,4,第 [pageno] 页 共 [pagecount] 页,宋体,-9,,0,0,0,0,0,1,2,0,0,0,0,0,1,1,0,-1,0,,0
d0050006=2,1,1,5,36,[编制说明],宋体,-10.5,,0,0,0,0,0,0,0,1,1,1,1,0,1,1,0,-1,0,,0
[PARAMETER]
[/PARAMETER]
[SOURCE]
type=rptx
[TEMP]
ReWrite=1
