[DESIGN]
d001=0
d001001=其他项目清单计价表,110,110,120,120,1,1.5,-1,宋体,-9,0,0,1,1.5,-1
d003=4
d0030001=bzmlid,44,宋体,-9,,0,0,0,0,16777215,2,2,1,1,1,1,0,0,0,0,-1,0,编码,0,,0
d0030002=node_mc,60,宋体,-9,,0,0,0,0,16777215,0,2,1,1,1,1,1,0,0,0,-1,0,项目名称,0,,0
d0030003=hjjj1,60,宋体,-9,,0,0,0,0,16777215,1,2,1,1,1,1,0,0,0,0,-1,0,金额,0,,0
d0030004=bz,60,宋体,-9,,0,0,0,0,16777215,0,2,1,1,1,1,0,0,0,0,-1,0,备注,0,,0

d0040001=4
d0040002=2
d0040003=2
d0040004=0
d0040005=3
d00400050002=0
d00400050003=0

d005=28
d0050001=1,1,1,4,2,其他项目清单计价表,宋体,-18,700,0,0,0,0,0,2,2,0,0,0,0,0,0,0,0,-1,0,,0,A1,0
d0050002=1,1,3,2,3,合同编号：[合同编号],宋体,-9,,0,0,0,0,0,0,2,0,0,0,0,0,0,0,0,-1,0,,0,A3,0
d0050003=1,3,3,3,3,,宋体,-9,,0,0,0,0,0,2,2,0,0,0,0,0,0,0,0,-1,0,,0,C3,0
d0050004=1,4,3,4,3,,宋体,-9,,0,0,0,0,0,2,2,0,0,0,0,0,0,0,0,-1,0,,0,D3,0
d0050005=1,1,4,4,4,[macroGcName],宋体,-9,,0,0,0,0,0,0,2,0,0,0,0,0,0,0,0,-1,0,,0,A4,0
d0050006=2,1,1,1,2,序号,宋体,-9,,0,0,0,0,0,2,2,1,1,1,1,0,0,0,0,-1,0,,0,A5,0
d0050007=2,2,1,2,2,项目名称,宋体,-9,,0,0,0,0,0,2,2,1,1,1,1,0,0,0,0,-1,0,,0,B5,0
d0050008=2,3,1,3,2,金额char(13)char(10)（元）,宋体,-9,,0,0,0,0,0,2,2,1,1,1,1,0,0,0,0,-1,0,,0,C5,0
d0050009=2,4,1,4,2,备注,宋体,-9,,0,0,0,0,0,2,2,1,1,1,1,0,0,0,0,-1,0,,0,D5,0
d0050010=3,1,1,1,1,,宋体,-9,,0,0,0,0,0,0,2,1,1,1,1,0,0,0,0,-1,0,,0,A7,0
d0050011=3,2,1,2,1,,宋体,-9,,0,0,0,0,0,0,2,1,1,1,1,0,0,0,0,-1,0,,0,B7,0
d0050012=3,3,1,3,1,,宋体,-9,,0,0,0,0,0,1,2,1,1,1,1,0,0,0,0,-1,0,,0,C7,0
d0050013=3,4,1,4,1,,宋体,-9,,0,0,0,0,0,2,2,1,1,1,1,0,0,0,0,-1,0,,0,D7,0
d0050014=3,5,1,5,1,1,宋体,-9,,0,0,0,0,0,2,2,1,1,1,1,0,0,0,0,-1,0,,0,E7,0
d0050015=3,1,2,1,2,,宋体,-9,,0,0,0,0,0,0,2,1,1,1,1,0,0,0,0,-1,0,,0,A8,0
d0050016=3,2,2,2,2,,宋体,-9,,0,0,0,0,0,2,2,1,1,1,1,0,0,0,0,-1,0,,0,B8,0
d0050017=3,3,2,3,2,,宋体,-9,,0,0,0,0,0,1,2,1,1,1,1,0,0,0,0,-1,0,,0,C8,0
d0050018=3,4,2,4,2,,宋体,-9,,0,0,0,0,0,2,2,1,1,1,1,0,0,0,0,-1,0,,0,D8,0
d0050019=3,5,2,5,2,1003,宋体,-9,,0,0,0,0,0,2,2,1,1,1,1,0,0,0,0,-1,0,,0,E8,0
d0050020=5,1,1,1,1,,宋体,-9,,0,0,0,0,0,2,2,0,0,0,0,0,0,0,0,-1,0,,0,A9,0
d0050021=5,2,1,2,1,,宋体,-9,,0,0,0,0,0,2,2,0,0,0,0,0,0,0,0,-1,0,,0,B9,0
d0050022=5,3,1,3,1,,宋体,-9,,0,0,0,0,0,2,2,0,0,0,0,0,0,0,0,-1,0,,0,C9,0
d0050023=5,4,1,4,1,,宋体,-9,,0,0,0,0,0,2,2,0,0,0,0,0,0,0,0,-1,0,,0,D9,0
d0050024=5,1,2,1,2,,宋体,-9,,0,0,0,0,0,2,2,0,0,0,0,0,0,0,0,-1,0,,0,A10,0
d0050025=5,2,2,2,2,,宋体,-9,,0,0,0,0,0,2,2,0,0,0,0,0,0,0,0,-1,0,,0,B10,0
d0050026=5,3,2,3,2,,宋体,-9,,0,0,0,0,0,2,2,0,0,0,0,0,0,0,0,-1,0,,0,C10,0
d0050027=5,4,2,4,2,    char(13)char(10)           投   标   人：[投标单位]    （盖单位章）char(13)char(10)char(13)char(10)char(13)char(10)法定代表人或委托代理人：[投标单位法定代表人]    （签   字）char(13)char(10)char(13)char(10)                     char(13)char(10)         编制时间：[编制日期],宋体,-9,,0,0,0,0,0,2,2,0,0,0,0,0,0,0,0,-1,0,,0,D10,0
d0050028=5,1,3,4,3,第[pageno]页 共[pagecount]页,宋体,-9,,0,0,0,0,0,2,2,0,0,0,0,0,0,0,0,-1,0,,0,A11,0
[PARAMETER]
[报表参数]
enabled=1
desc=报表参数
count=1
1=打印工程名称,L(工程名称),工程名称,标段名称,工程名称+标段名称
[/PARAMETER]
[SOURCE]
type=rptx
dll=report_国标_投标人_其他项目清单计价表.dll
rptx=report_国标_投标人_其他项目清单计价表.rptx
level=0
[TEMP]
ReWrite=1
[参数设置结果]
打印工程名称=工程名称+标段名称
