[DESIGN]
d001=0
d001001=分组工程报价组成表,150,150,100,100,2,1.5,-1,宋体,-10,0,0,1,1.5,-1
d003=25
d0030001=序号,30,宋体,-9,,0,0,0,0,16777215,2,2,1,1,1,1,0,0,1,0,-1,0,序号,0
d0030002=编号,40,宋体,-9,,0,0,0,0,16777215,2,2,1,1,1,1,0,0,0,1,-1,0,编号,0
d0030003=项目名称,87,宋体,-9,,0,0,0,0,16777215,1,2,1,1,1,1,1,0,0,0,-1,0,项目名称,0
d0030004=人工费,50,宋体,-9,,0,0,0,0,16777215,1,2,1,1,1,1,0,0,0,1,-1,0,人工费,0
d0030005=招标人材料费,34,宋体,-9,,0,0,0,0,16777215,0,2,1,1,1,1,0,0,1,1,-1,0,招标人提供的材料费,0
d0030006=材料费,50,宋体,-9,,0,0,0,0,16777215,1,2,1,1,1,1,0,0,0,1,-1,0,材料费,0
d0030007=折旧费,50,宋体,-9,,0,0,0,0,16777215,0,2,1,1,1,1,0,0,1,1,-1,0,折旧费,0
d0030008=修理费,50,宋体,-9,,0,0,0,0,0,0,0,1,1,1,1,0,0,1,1,-1,0,修理费,0
d0030009=安装拆卸费,50,宋体,-9,,0,0,0,0,0,0,0,1,1,1,1,0,0,1,1,-1,0,安装拆卸费,0
d0030010=机械人工费,50,宋体,-9,,0,0,0,0,0,0,0,1,1,1,1,0,0,1,1,-1,0,机械人工费,0
d0030011=柴油,50,宋体,-9,,0,0,0,0,0,0,0,1,1,1,1,0,0,1,1,-1,0,柴油费,0
d0030012=电,50,宋体,-9,,0,0,0,0,0,0,0,1,1,1,1,0,0,1,1,-1,0,电,0
d0030013=其他机械费,42,宋体,-9,,0,0,0,0,0,0,0,1,1,1,1,0,0,1,1,-1,0,其他机械费,0
d0030014=机械费2,50,宋体,-9,,0,0,0,0,16777215,1,2,1,1,1,1,0,0,0,1,-1,0,机械费2,0
d0030015=其它直接费,40,宋体,-9,,0,0,0,0,16777215,1,2,1,1,1,1,0,0,0,1,-1,0,其它直接费,0
d0030016=现场经费,60,宋体,-9,,0,0,0,0,0,0,0,1,1,1,1,0,0,1,0,-1,0,现场经费,0
d0030017=间接费,50,宋体,-9,,0,0,0,0,16777215,1,2,1,1,1,1,0,0,0,1,-1,0,间接费,0
d0030018=企业利润,29,宋体,-9,,0,0,0,0,16777215,1,2,1,1,1,1,0,0,0,1,-1,0,企业利润,0
d0030019=价差,53,宋体,-9,,0,0,0,0,0,0,0,1,1,1,1,0,0,1,0,-1,0,价差,0
d0030020=价差,60,宋体,-9,,0,0,0,0,0,0,0,1,1,1,1,0,0,0,0,-1,0,材料价差,0
d0030021=其他费,60,宋体,-9,,0,0,0,0,0,0,0,1,1,1,1,0,0,0,0,-1,0,其他费用,0
d0030022=装材合价,60,宋体,-9,,0,0,0,0,0,0,0,1,1,1,1,0,0,0,0,-1,0,装置性材料,0
d0030023=税金,50,宋体,-9,,0,0,0,0,16777215,1,2,1,1,1,1,0,0,0,1,-1,0,税金,0
d0030024=其他费用摊销,38,宋体,-9,,0,0,0,0,16777215,1,2,1,1,1,1,0,0,1,1,-1,0,其他费用摊销,0
d0030025=项目合价,50,宋体,-9,,0,0,0,0,16777215,1,2,1,1,1,1,0,0,0,1,-1,0,项目合价,0

d0040001=4
d0040002=2
d0040003=2
d0040004=0
d0040005=4

d005=82
d0050001=1,1,1,25,2,分组工程报价组成表,宋体,-18,700,0,0,0,0,0,2,2,0,0,0,0,0,0,0,0,-1,0,,0
d0050002=1,1,3,22,4,[macroGcName],宋体,-9,,0,0,0,0,0,0,1,0,0,0,0,0,0,0,0,-1,0,,0
d0050003=1,23,3,25,4,合价单位：[合价单位],宋体,-9,,0,0,0,0,0,1,1,0,0,0,0,0,0,0,0,-1,0,,0
d0050004=2,1,1,1,2,序号,宋体,-9,,0,0,0,0,0,2,2,1,1,1,1,0,0,0,0,-1,0,,0
d0050005=2,2,1,2,2,组号,宋体,-9,,0,0,0,0,0,2,2,1,1,1,1,0,0,0,0,-1,0,,0
d0050006=2,3,1,3,2,分组工程char(13)char(10)名称,宋体,-9,,0,0,0,0,0,2,2,1,1,1,1,0,0,0,0,-1,0,,0
d0050007=2,4,1,4,2,人工费,宋体,-9,,0,0,0,0,0,2,2,1,1,1,1,0,0,0,0,-1,0,,0
d0050008=2,5,1,6,2,材料费,宋体,-9,,0,0,0,0,0,2,2,1,1,1,1,0,0,0,0,-1,0,,0
d0050009=2,7,1,14,2,机  械char(13)char(10)使用费,宋体,-9,,0,0,0,0,0,2,2,1,1,1,1,0,0,0,0,-1,0,,0
d0050010=2,15,1,15,2,其  他char(13)char(10)直接费,宋体,-9,,0,0,0,0,0,2,2,1,1,1,1,0,0,0,0,-1,0,,0
d0050011=2,16,1,16,2,现char(13)char(10)场char(13)char(10)经char(13)char(10)费,宋体,-9,,0,0,0,0,0,2,2,1,1,1,1,0,0,0,0,-1,0,,0
d0050012=2,17,1,17,2,间接费,宋体,-9,,0,0,0,0,0,2,2,1,1,1,1,0,0,0,0,-1,0,,0
d0050013=2,18,1,18,2,利润,宋体,-9,,0,0,0,0,0,2,2,1,1,1,1,0,0,0,0,-1,0,,0
d0050014=2,19,1,19,2,价char(13)char(10)差,宋体,-9,,0,0,0,0,0,2,2,1,1,1,1,0,0,0,0,-1,0,,0
d0050015=2,20,1,20,2,材料char(13)char(10)价差,宋体,-9,,0,0,0,0,0,2,2,1,1,1,1,0,0,0,0,-1,0,,0
d0050016=2,21,1,21,2,其他char(13)char(10)费用,宋体,-9,,0,0,0,0,0,2,2,1,1,1,1,0,0,0,0,-1,0,,0
d0050017=2,22,1,22,2,装置性char(13)char(10)材 料,宋体,-9,,0,0,0,0,0,2,2,1,1,1,1,0,0,0,0,-1,0,,0
d0050018=2,23,1,23,2,税金,宋体,-9,,0,0,0,0,0,2,2,1,1,1,1,0,0,0,0,-1,0,,0
d0050019=2,24,1,24,2,摊char(13)char(10)入char(13)char(10)费,宋体,-9,,0,0,0,0,0,2,2,1,1,1,1,0,0,0,0,-1,0,,0
d0050020=2,25,1,25,2,合计,宋体,-9,,0,0,0,0,0,2,2,1,1,1,1,0,0,0,0,-1,0,,0
d0050021=3,1,1,1,1,,宋体,-9,,0,0,0,0,0,2,2,1,1,1,1,0,0,0,0,-1,0,,0
d0050022=3,2,1,2,1,,宋体,-9,,0,0,0,0,0,2,2,1,1,1,1,0,0,0,0,-1,0,,0
d0050023=3,3,1,3,1,,宋体,-9,,0,0,0,0,0,0,2,1,1,1,1,0,0,0,0,-1,0,,0
d0050024=3,4,1,4,1,,宋体,-9,,0,0,0,0,0,1,2,1,1,1,1,0,0,0,0,-1,0,,0
d0050025=3,5,1,5,1,,宋体,-9,,0,0,0,0,0,1,2,1,1,1,1,0,0,0,0,-1,0,,0
d0050026=3,6,1,6,1,,宋体,-9,,0,0,0,0,0,1,2,1,1,1,1,0,0,0,0,-1,0,,0
d0050027=3,7,1,7,1,,宋体,-9,,0,0,0,0,0,1,2,1,1,1,1,0,0,0,0,-1,0,,0
d0050028=3,8,1,8,1,,宋体,-9,,0,0,0,0,0,2,2,1,1,1,1,0,0,0,0,-1,0,,0
d0050029=3,9,1,9,1,,宋体,-9,,0,0,0,0,0,2,2,1,1,1,1,0,0,0,0,-1,0,,0
d0050030=3,10,1,10,1,,宋体,-9,,0,0,0,0,0,2,2,1,1,1,1,0,0,0,0,-1,0,,0
d0050031=3,11,1,11,1,,宋体,-9,,0,0,0,0,0,2,2,1,1,1,1,0,0,0,0,-1,0,,0
d0050032=3,12,1,12,1,,宋体,-9,,0,0,0,0,0,2,2,1,1,1,1,0,0,0,0,-1,0,,0
d0050033=3,13,1,13,1,,宋体,-9,,0,0,0,0,0,2,2,1,1,1,1,0,0,0,0,-1,0,,0
d0050034=3,14,1,14,1,,宋体,-9,,0,0,0,0,0,1,2,1,1,1,1,0,0,0,0,-1,0,,0
d0050035=3,15,1,15,1,,宋体,-9,,0,0,0,0,0,1,2,1,1,1,1,0,0,0,0,-1,0,,0
d0050036=3,16,1,16,1,,宋体,-9,,0,0,0,0,0,2,2,1,1,1,1,0,0,0,0,-1,0,,0
d0050037=3,17,1,17,1,,宋体,-9,,0,0,0,0,0,1,2,1,1,1,1,0,0,0,0,-1,0,,0
d0050038=3,18,1,18,1,,宋体,-9,,0,0,0,0,0,1,2,1,1,1,1,0,0,0,0,-1,0,,0
d0050039=3,19,1,19,1,,宋体,-9,,0,0,0,0,0,2,2,1,1,1,1,0,0,0,0,-1,0,,0
d0050040=3,20,1,20,1,,宋体,-9,,0,0,0,0,0,2,2,1,1,1,1,0,0,0,0,-1,0,,0
d0050041=3,21,1,21,1,,宋体,-9,,0,0,0,0,0,2,2,1,1,1,1,0,0,0,0,-1,0,,0
d0050042=3,22,1,22,1,,宋体,-9,,0,0,0,0,0,2,2,1,1,1,1,0,0,0,0,-1,0,,0
d0050043=3,23,1,23,1,,宋体,-9,,0,0,0,0,0,1,2,1,1,1,1,0,0,0,0,-1,0,,0
d0050044=3,24,1,24,1,,宋体,-9,,0,0,0,0,0,1,2,1,1,1,1,0,0,0,0,-1,0,,0
d0050045=3,25,1,25,1,,宋体,-9,,0,0,0,0,0,1,2,1,1,1,1,0,0,0,0,-1,0,,0
d0050046=3,26,1,26,1,1,宋体,-9,,0,0,0,0,0,0,2,1,1,1,1,0,0,0,0,-1,0,,0
d0050047=3,1,2,1,2,,宋体,-9,,0,0,0,0,0,2,2,1,1,1,1,0,0,0,0,-1,0,,0
d0050048=3,2,2,2,2,,宋体,-9,,0,0,0,0,0,2,2,1,1,1,1,0,0,0,0,-1,0,,0
d0050049=3,3,2,3,2,,宋体,-9,,0,0,0,0,0,2,2,1,1,1,1,0,0,0,0,-1,0,,0
d0050050=3,4,2,4,2,,宋体,-9,,0,0,0,0,0,1,2,1,1,1,1,0,0,0,0,-1,0,,0
d0050051=3,5,2,5,2,,宋体,-9,,0,0,0,0,0,1,2,1,1,1,1,0,0,0,0,-1,0,,0
d0050052=3,6,2,6,2,,宋体,-9,,0,0,0,0,0,1,2,1,1,1,1,0,0,0,0,-1,0,,0
d0050053=3,7,2,7,2,,宋体,-9,,0,0,0,0,0,1,2,1,1,1,1,0,0,0,0,-1,0,,0
d0050054=3,8,2,8,2,,宋体,-9,,0,0,0,0,0,2,2,1,1,1,1,0,0,0,0,-1,0,,0
d0050055=3,9,2,9,2,,宋体,-9,,0,0,0,0,0,2,2,1,1,1,1,0,0,0,0,-1,0,,0
d0050056=3,10,2,10,2,,宋体,-9,,0,0,0,0,0,2,2,1,1,1,1,0,0,0,0,-1,0,,0
d0050057=3,11,2,11,2,,宋体,-9,,0,0,0,0,0,2,2,1,1,1,1,0,0,0,0,-1,0,,0
d0050058=3,12,2,12,2,,宋体,-9,,0,0,0,0,0,2,2,1,1,1,1,0,0,0,0,-1,0,,0
d0050059=3,13,2,13,2,,宋体,-9,,0,0,0,0,0,2,2,1,1,1,1,0,0,0,0,-1,0,,0
d0050060=3,14,2,14,2,,宋体,-9,,0,0,0,0,0,1,2,1,1,1,1,0,0,0,0,-1,0,,0
d0050061=3,15,2,15,2,,宋体,-9,,0,0,0,0,0,1,2,1,1,1,1,0,0,0,0,-1,0,,0
d0050062=3,16,2,16,2,,宋体,-9,,0,0,0,0,0,2,2,1,1,1,1,0,0,0,0,-1,0,,0
d0050063=3,17,2,17,2,,宋体,-9,,0,0,0,0,0,1,2,1,1,1,1,0,0,0,0,-1,0,,0
d0050064=3,18,2,18,2,,宋体,-9,,0,0,0,0,0,1,2,1,1,1,1,0,0,0,0,-1,0,,0
d0050065=3,19,2,19,2,,宋体,-9,,0,0,0,0,0,2,2,1,1,1,1,0,0,0,0,-1,0,,0
d0050066=3,20,2,20,2,,宋体,-9,,0,0,0,0,0,2,2,1,1,1,1,0,0,0,0,-1,0,,0
d0050067=3,21,2,21,2,,宋体,-9,,0,0,0,0,0,2,2,1,1,1,1,0,0,0,0,-1,0,,0
d0050068=3,22,2,22,2,,宋体,-9,,0,0,0,0,0,2,2,1,1,1,1,0,0,0,0,-1,0,,0
d0050069=3,23,2,23,2,,宋体,-9,,0,0,0,0,0,1,2,1,1,1,1,0,0,0,0,-1,0,,0
d0050070=3,24,2,24,2,,宋体,-9,,0,0,0,0,0,1,2,1,1,1,1,0,0,0,0,-1,0,,0
d0050071=3,25,2,25,2,,宋体,-9,,0,0,0,0,0,1,2,1,1,1,1,0,0,0,0,-1,0,,0
d0050072=3,26,2,26,2,1003,宋体,-9,,0,0,0,0,0,0,2,1,1,1,1,0,0,0,0,-1,0,,0
d0050073=5,1,1,1,1,,宋体,-9,,0,0,0,0,0,2,2,0,0,0,0,0,0,0,0,-1,0,,0
d0050074=5,2,1,17,1,投标人：,宋体,-9,,0,0,0,0,0,1,1,0,0,0,0,0,0,0,0,-1,0,,0
d0050075=5,18,1,25,1,[投标单位],宋体,-9,,0,0,0,0,0,0,1,0,1,0,0,0,0,0,0,-1,0,,0
d0050076=5,1,2,1,2,,宋体,-9,,0,0,0,0,0,2,2,0,0,0,0,0,0,0,0,-1,0,,0
d0050077=5,2,2,17,2,法定代表人(委托代理人)：,宋体,-9,,0,0,0,0,0,1,1,0,0,0,0,0,0,0,0,-1,0,,0
d0050078=5,18,2,25,2,[投标单位法定代表人],宋体,-9,,0,0,0,0,0,0,1,0,1,0,0,0,0,0,0,-1,0,,0
d0050079=5,1,3,1,3,,宋体,-9,,0,0,0,0,0,2,2,0,0,0,0,0,0,0,0,-1,0,,0
d0050080=5,2,3,17,3,  ,宋体,-9,,0,0,0,0,0,1,1,0,0,0,0,0,0,0,0,-1,0,,0
d0050081=5,18,3,25,3,[编制日期],宋体,-9,,0,0,0,0,0,0,1,0,0,0,0,0,0,0,0,-1,0,,0
d0050082=5,1,4,25,4,第[pageno]页 共[pagecount]页,宋体,-9,,0,0,0,0,0,2,2,0,0,0,0,0,0,0,0,-1,0,,0
[PARAMETER]
[报表参数]
desc=报表参数
enabled=1
count=4
1=打印工程名称,L(项目名称),项目名称,标段名称,项目名称+标段名称,合同编号
2=项目打印级数,L(一级项目),一级项目,二级项目,三级项目,四级项目,五级项目,打印全部项目
3=打印套用单价序号,R(False)
4=合价万元,R(False)
[/PARAMETER]
[参数设置结果]
招投标类型=投标
项目打印级数=打印全部项目
打印工程名称=项目名称
打印套用单价序号=False
合价万元=False
[SOURCE]
dll=全国02_通用_投标_分组工程单价组成表a.dll
level=1
[TEMP]
ReWrite=1
