[DESIGN]
d001=0
d001001=施工机械台时汇总表,150,150,100,100,2,1.5,-1,宋体,-10,0,0,1,1.5,-1
d003=27
d0030001=序号,40,宋体,-9,,0,0,0,0,16777215,1,2,1,1,1,1,0,0,1,0,-1,0,序号,0
d0030002=编号,40,宋体,-9,,0,0,0,0,16777215,1,2,1,1,1,1,0,0,0,1,-1,0,编号,0
d0030003=名称及规格,100,宋体,-9,,0,0,0,0,16777215,1,2,1,1,1,1,1,0,0,0,-1,0,名称及规格,0
d0030004=台时费,37,宋体,-9,,0,0,0,0,16777215,1,2,1,1,1,0,0,0,1,1,-1,0,台时费,0
d0030005=折旧费,44,宋体,-9,,0,0,0,0,16777215,1,2,1,1,1,1,0,0,0,1,-1,0,折旧费,0
d0030006=修理费,44,宋体,-9,,0,0,0,0,16777215,1,2,1,1,1,1,0,0,0,1,-1,0,修理费,0
d0030007=安装拆卸费,44,宋体,-9,,0,0,0,0,16777215,1,2,1,1,1,1,0,0,0,1,-1,0,安装拆卸费,0
d0030008=一类费用小计,44,宋体,-9,,0,0,0,0,16777215,1,2,1,1,1,1,0,0,0,1,-1,0,一类费用小计,0
d0030009=人工用量,44,宋体,-9,,0,0,0,0,0,0,0,1,1,1,1,0,0,1,1,-1,0,人工用量,0
d0030010=人工,44,宋体,-9,,0,0,0,0,0,0,0,1,1,1,1,0,0,0,1,-1,0,人工,0
d0030011=电,60,宋体,-9,,0,0,0,0,0,0,0,1,1,1,1,0,0,0,0,-1,0,电,0
d0030012=汽油用量,44,宋体,-9,,0,0,0,0,0,0,0,1,1,1,1,0,0,1,1,-1,0,汽油用量,0
d0030013=汽油,44,宋体,-9,,0,0,0,0,16777215,1,2,1,1,1,1,0,0,0,1,-1,0,汽油,0
d0030014=柴油用量,44,宋体,-9,,0,0,0,0,0,0,0,1,1,1,1,0,0,1,1,-1,0,柴油用量,0
d0030015=柴油,44,宋体,-9,,0,0,0,0,16777215,1,2,1,1,1,1,0,0,0,1,-1,0,柴油,0
d0030016=电用量,44,宋体,-9,,0,0,0,0,0,0,0,1,1,1,1,0,0,1,1,-1,0,电用量,0
d0030017=电,44,宋体,-9,,0,0,0,0,16777215,1,2,1,1,1,1,0,0,1,1,-1,0,电,0
d0030018=风用量,44,宋体,-9,,0,0,0,0,0,0,0,1,1,1,1,0,0,1,1,-1,0,风用量,0
d0030019=风,44,宋体,-9,,0,0,0,0,16777215,1,2,1,1,1,1,0,0,1,1,-1,0,风,0
d0030020=水用量,44,宋体,-9,,0,0,0,0,0,0,0,1,1,1,1,0,0,1,1,-1,0,水用量,0
d0030021=水,44,宋体,-9,,0,0,0,0,16777215,1,2,1,1,1,1,0,0,1,1,-1,0,水,0
d0030022=[其他]+[水]+[风],44,宋体,-9,,0,0,0,0,16777215,1,2,1,1,1,1,0,0,0,1,-1,0,二类其他,0
d0030023=二类费用小计,44,宋体,-9,,0,0,0,0,16777215,1,2,1,1,1,0,0,0,0,1,-1,0,二类费用小计,0
d0030024=车船使用税,60,宋体,-9,,0,0,0,0,0,0,0,1,1,1,1,0,0,0,0,-1,0,车船使用税,0
d0030025=三类其他,60,宋体,-9,,0,0,0,0,0,0,0,1,1,1,1,0,0,0,0,-1,0,三类其他,0
d0030026=三类费用,60,宋体,-9,,0,0,0,0,0,0,0,1,1,1,1,0,0,0,0,-1,0,三类费用,0
d0030027=台时费,60,宋体,-9,,0,0,0,0,0,0,0,1,1,1,1,0,0,0,0,-1,0,台时费,0

d0040001=4
d0040002=3
d0040003=1
d0040004=0
d0040005=6
d00400010003=0
d00400010004=0
d00400050001=0
d00400050002=0

d005=87
d0050001=1,1,1,27,2,施工机械使用费表,宋体,-18,700,0,0,0,0,0,2,2,0,0,0,0,0,0,0,0,-1,0,,0
d0050002=1,1,3,27,4,[macroGcName],宋体,-9,,0,0,0,0,0,0,1,0,0,0,0,0,0,0,0,-1,0,,0
d0050003=2,1,1,1,3,序号,宋体,-9,,0,0,0,0,0,2,2,1,1,1,1,0,0,0,0,-1,0,,0
d0050004=2,2,1,2,3,编号,宋体,-9,,0,0,0,0,0,2,2,1,1,1,1,0,0,0,0,-1,0,,0
d0050005=2,3,1,3,3,机械名称及型号,宋体,-9,,0,0,0,0,0,2,2,1,1,1,1,0,0,0,0,-1,0,,0
d0050006=2,4,1,4,3,[台班单位]费,宋体,-9,,0,0,0,0,0,2,2,1,1,1,1,0,0,0,0,-1,0,,0
d0050007=2,5,1,8,1,一类费用（元/台时）,宋体,-9,,0,0,0,0,0,2,2,1,1,1,1,0,0,0,0,-1,0,,0
d0050008=2,9,1,23,1,二类费用(元/台时）,宋体,-9,,0,0,0,0,0,2,2,1,1,1,1,0,0,0,0,-1,0,,0
d0050009=2,24,1,26,1,三类费用(元/台时）,宋体,-9,,0,0,0,0,0,2,2,1,1,1,1,0,0,0,0,-1,0,,0
d0050010=2,27,1,27,3,[台班单位]费（元/[台班单位]）,宋体,-9,,0,0,0,0,0,2,2,1,1,1,1,0,0,0,0,-1,0,,0
d0050011=2,5,2,5,3,折旧费,宋体,-9,,0,0,0,0,0,2,2,1,1,1,1,0,0,0,0,-1,0,,0
d0050012=2,6,2,6,3,维护修char(13)char(10)理费,宋体,-9,,0,0,0,0,0,2,2,1,1,1,1,0,0,0,0,-1,0,,0
d0050013=2,7,2,7,3,其他,宋体,-9,,0,0,0,0,0,2,2,1,1,1,1,0,0,0,0,-1,0,,0
d0050014=2,8,2,8,3,小计,宋体,-9,,0,0,0,0,0,2,2,1,1,1,1,0,0,0,0,-1,0,,0
d0050015=2,9,2,10,3,人工,宋体,-9,,0,0,0,0,0,2,2,1,1,1,1,0,0,0,0,-1,0,,0
d0050016=2,11,2,11,3,电,宋体,-9,,0,0,0,0,0,2,2,1,1,1,1,0,0,0,0,-1,0,,0
d0050017=2,12,2,13,3,汽油,宋体,-9,,0,0,0,0,0,2,2,1,1,1,1,0,0,0,0,-1,0,,0
d0050018=2,14,2,15,3,柴油,宋体,-9,,0,0,0,0,0,2,2,1,1,1,1,0,0,0,0,-1,0,,0
d0050019=2,16,2,17,3,电,宋体,-9,,0,0,0,0,0,2,2,1,1,1,1,0,0,0,0,-1,0,,0
d0050020=2,18,2,19,3,风,宋体,-9,,0,0,0,0,0,2,2,1,1,1,1,0,0,0,0,-1,0,,0
d0050021=2,20,2,21,3,水,宋体,-9,,0,0,0,0,0,2,2,1,1,1,1,0,0,0,0,-1,0,,0
d0050022=2,22,2,22,3,其它,宋体,-9,,0,0,0,0,0,2,2,1,1,1,1,0,0,0,0,-1,0,,0
d0050023=2,23,2,23,3,小计,宋体,-9,,0,0,0,0,0,2,2,1,1,1,1,0,0,0,0,-1,0,,0
d0050024=2,24,2,24,3,车船使用税,宋体,-9,,0,0,0,0,0,2,2,1,1,1,1,0,0,0,0,-1,0,,0
d0050025=2,25,2,25,3,其他,宋体,-9,,0,0,0,0,0,2,2,1,1,1,1,0,0,0,0,-1,0,,0
d0050026=2,26,2,26,3,小计,宋体,-9,,0,0,0,0,0,2,2,1,1,1,1,0,0,0,0,-1,0,,0
d0050027=3,1,1,1,1,,宋体,-9,,0,0,0,0,0,2,2,1,1,1,1,0,0,0,0,-1,0,,0
d0050028=3,2,1,2,1,,宋体,-9,,0,0,0,0,0,0,2,1,1,1,1,0,0,0,0,-1,0,,0
d0050029=3,3,1,3,1,,宋体,-9,,0,0,0,0,0,0,2,1,1,1,1,0,0,0,0,-1,0,,0
d0050030=3,4,1,4,1,,宋体,-9,,0,0,0,0,0,1,2,1,1,1,1,0,0,0,0,-1,0,,0
d0050031=3,5,1,5,1,,宋体,-9,,0,0,0,0,0,1,2,1,1,1,1,0,0,0,0,-1,0,,0
d0050032=3,6,1,6,1,,宋体,-9,,0,0,0,0,0,1,2,1,1,1,1,0,0,0,0,-1,0,,0
d0050033=3,7,1,7,1,,宋体,-9,,0,0,0,0,0,1,2,1,1,1,1,0,0,0,0,-1,0,,0
d0050034=3,8,1,8,1,,宋体,-9,,0,0,0,0,0,1,2,1,1,1,1,0,0,0,0,-1,0,,0
d0050035=3,9,1,9,1,,宋体,-9,,0,0,0,0,0,1,2,1,1,1,1,0,0,0,0,-1,0,,0
d0050036=3,10,1,10,1,,宋体,-9,,0,0,0,0,0,1,2,1,1,1,1,0,0,0,0,-1,0,,0
d0050037=3,11,1,11,1,,宋体,-9,,0,0,0,0,0,2,2,1,1,1,1,0,0,0,0,-1,0,,0
d0050038=3,12,1,12,1,,宋体,-9,,0,0,0,0,0,1,2,1,1,1,1,0,0,0,0,-1,0,,0
d0050039=3,13,1,13,1,,宋体,-9,,0,0,0,0,0,1,2,1,1,1,1,0,0,0,0,-1,0,,0
d0050040=3,14,1,14,1,,宋体,-9,,0,0,0,0,0,1,2,1,1,1,1,0,0,0,0,-1,0,,0
d0050041=3,15,1,15,1,,宋体,-9,,0,0,0,0,0,1,2,1,1,1,1,0,0,0,0,-1,0,,0
d0050042=3,16,1,16,1,,宋体,-9,,0,0,0,0,0,1,2,1,1,1,1,0,0,0,0,-1,0,,0
d0050043=3,17,1,17,1,,宋体,-9,,0,0,0,0,0,1,2,1,1,1,1,0,0,0,0,-1,0,,0
d0050044=3,18,1,18,1,,宋体,-9,,0,0,0,0,0,1,2,1,1,1,1,0,0,0,0,-1,0,,0
d0050045=3,19,1,19,1,,宋体,-9,,0,0,0,0,0,1,2,1,1,1,1,0,0,0,0,-1,0,,0
d0050046=3,20,1,20,1,,宋体,-9,,0,0,0,0,0,1,2,1,1,1,1,0,0,0,0,-1,0,,0
d0050047=3,21,1,21,1,,宋体,-9,,0,0,0,0,0,1,2,1,1,1,1,0,0,0,0,-1,0,,0
d0050048=3,22,1,22,1,,宋体,-9,,0,0,0,0,0,1,2,1,1,1,1,0,0,0,0,-1,0,,0
d0050049=3,23,1,23,1,,宋体,-9,,0,0,0,0,0,1,2,1,1,1,1,0,0,0,0,-1,0,,0
d0050050=3,24,1,24,1,,宋体,-9,,0,0,0,0,0,2,2,1,1,1,1,0,0,0,0,-1,0,,0
d0050051=3,25,1,25,1,,宋体,-9,,0,0,0,0,0,2,2,1,1,1,1,0,0,0,0,-1,0,,0
d0050052=3,26,1,26,1,,宋体,-9,,0,0,0,0,0,2,2,1,1,1,1,0,0,0,0,-1,0,,0
d0050053=3,27,1,27,1,,宋体,-9,,0,0,0,0,0,2,2,1,1,1,1,0,0,0,0,-1,0,,0
d0050054=3,28,1,28,1,1,宋体,-9,,0,0,0,0,0,0,2,0,0,0,0,0,0,0,0,-1,0,,0
d0050055=5,1,1,23,1,备注：(1)计算施工设备台时费的人工、材料预算价格：,宋体,-9,,0,0,0,0,0,0,1,0,0,0,0,0,0,0,0,-1,0,,0
d0050056=5,24,1,24,1,,宋体,-9,,0,0,0,0,0,2,2,0,0,0,0,0,0,0,0,-1,0,,0
d0050057=5,25,1,25,1,,宋体,-9,,0,0,0,0,0,2,2,0,0,0,0,0,0,0,0,-1,0,,0
d0050058=5,26,1,26,1,,宋体,-9,,0,0,0,0,0,2,2,0,0,0,0,0,0,0,0,-1,0,,0
d0050059=5,27,1,27,1,,宋体,-9,,0,0,0,0,0,2,2,0,0,0,0,0,0,0,0,-1,0,,0
d0050060=5,1,2,23,2,      人工  [中级工单价]元/工时，柴油  [柴油单价]元/kg，汽油  [汽油单价]元/kg，电  [电单价]元/kW.h，风  [风单价]元/m3，水  [水单价]元/m3。,宋体,-9,,0,0,0,0,0,0,1,0,0,0,0,0,0,0,0,-1,0,,0
d0050061=5,24,2,24,2,,宋体,-9,,0,0,0,0,0,2,2,0,0,0,0,0,0,0,0,-1,0,,0
d0050062=5,25,2,25,2,,宋体,-9,,0,0,0,0,0,2,2,0,0,0,0,0,0,0,0,-1,0,,0
d0050063=5,26,2,26,2,,宋体,-9,,0,0,0,0,0,2,2,0,0,0,0,0,0,0,0,-1,0,,0
d0050064=5,27,2,27,2,,宋体,-9,,0,0,0,0,0,2,2,0,0,0,0,0,0,0,0,-1,0,,0
d0050065=5,1,3,19,3,投标人：,宋体,-9,,0,0,0,0,0,1,1,0,0,0,0,0,0,0,0,-1,0,,0
d0050066=5,20,3,23,3,[投标单位],宋体,-9,,0,0,0,0,0,0,1,0,1,0,0,0,0,0,0,-1,0,,0
d0050067=5,24,3,24,3,,宋体,-9,,0,0,0,0,0,2,2,0,0,0,0,0,0,0,0,-1,0,,0
d0050068=5,25,3,25,3,,宋体,-9,,0,0,0,0,0,2,2,0,0,0,0,0,0,0,0,-1,0,,0
d0050069=5,26,3,26,3,,宋体,-9,,0,0,0,0,0,2,2,0,0,0,0,0,0,0,0,-1,0,,0
d0050070=5,27,3,27,3,,宋体,-9,,0,0,0,0,0,2,2,0,0,0,0,0,0,0,0,-1,0,,0
d0050071=5,1,4,19,4,法定代表人(委托代理人)：,宋体,-9,,0,0,0,0,0,1,1,0,0,0,0,0,0,0,0,-1,0,,0
d0050072=5,20,4,23,4,[投标单位法定代表人]      ,宋体,-9,,0,0,0,0,0,0,1,0,1,0,0,0,0,0,0,-1,0,,0
d0050073=5,24,4,24,4,,宋体,-9,,0,0,0,0,0,2,2,0,0,0,0,0,0,0,0,-1,0,,0
d0050074=5,25,4,25,4,,宋体,-9,,0,0,0,0,0,2,2,0,0,0,0,0,0,0,0,-1,0,,0
d0050075=5,26,4,26,4,,宋体,-9,,0,0,0,0,0,2,2,0,0,0,0,0,0,0,0,-1,0,,0
d0050076=5,27,4,27,4,,宋体,-9,,0,0,0,0,0,2,2,0,0,0,0,0,0,0,0,-1,0,,0
d0050077=5,1,5,19,5,,宋体,-9,,0,0,0,0,0,1,1,0,0,0,0,0,0,0,0,-1,0,,0
d0050078=5,20,5,23,5,[编制日期],宋体,-9,,0,0,0,0,0,0,1,0,0,0,0,0,0,0,0,-1,0,,0
d0050079=5,24,5,24,5,,宋体,-9,,0,0,0,0,0,2,2,0,0,0,0,0,0,0,0,-1,0,,0
d0050080=5,25,5,25,5,,宋体,-9,,0,0,0,0,0,2,2,0,0,0,0,0,0,0,0,-1,0,,0
d0050081=5,26,5,26,5,,宋体,-9,,0,0,0,0,0,2,2,0,0,0,0,0,0,0,0,-1,0,,0
d0050082=5,27,5,27,5,,宋体,-9,,0,0,0,0,0,2,2,0,0,0,0,0,0,0,0,-1,0,,0
d0050083=5,1,6,23,6,第[pageno]页 共[pagecount]页,宋体,-9,,0,0,0,0,0,2,1,0,0,0,0,0,0,0,0,-1,0,,0
d0050084=5,24,6,24,6,,宋体,-9,,0,0,0,0,0,2,2,0,0,0,0,0,0,0,0,-1,0,,0
d0050085=5,25,6,25,6,,宋体,-9,,0,0,0,0,0,2,2,0,0,0,0,0,0,0,0,-1,0,,0
d0050086=5,26,6,26,6,,宋体,-9,,0,0,0,0,0,2,2,0,0,0,0,0,0,0,0,-1,0,,0
d0050087=5,27,6,27,6,,宋体,-9,,0,0,0,0,0,2,2,0,0,0,0,0,0,0,0,-1,0,,0
[PARAMETER]
[报表参数]
enabled=1
desc=报表参数
count=1
1=打印工程名称,L(项目名称),项目名称,标段名称,项目名称+标段名称,合同编号
[/PARAMETER]
[SOURCE]
type=rptx
dll=全国02_通用_投标_机械台班报价表.dll
level=1
[TEMP]
ReWrite=1
[参数设置结果]
打印工程名称=项目名称
