[DESIGN]
d001=0
d001001=主要材料预算价格计算表,150,150,150,150,2,1.5,-1,宋体,-10,0,0,1,1.5
d003=13
d0030001=材料编码,50,宋体,-10,,0,0,0,0,16777215,1,2,1,1,1,1,0,0,1,1,-1,0,材料编码,0
d0030002=材料名称,133,宋体,-10,,0,0,0,0,16777215,1,2,1,1,1,1,1,0,0,0,-1,0,材料名称,0
d0030003=单位,50,宋体,-10,,0,0,0,0,16777215,1,2,1,1,1,1,0,0,0,0,-1,0,单位,0
d0030004=原价,60,宋体,-10,,0,0,0,0,16777215,1,2,1,1,1,1,0,0,0,0,-1,0,原价,0
d0030005=运输起讫点,60,宋体,-10,,0,0,0,0,16777215,1,2,1,1,1,1,0,0,0,1,-1,0,运输起讫点,0
d0030006=运输距离,60,宋体,-10,,0,0,0,0,16777215,1,2,1,1,1,1,0,0,0,1,-1,0,运输距离,0
d0030007=运价,60,宋体,-10,,0,0,0,0,16777215,1,2,1,1,1,1,0,0,0,1,-1,0,运价,0
d0030008=卸车费,60,宋体,-10,,0,0,0,0,16777215,1,2,1,1,1,1,0,0,0,1,-1,0,卸车费,0
d0030009=其它杂费,60,宋体,-10,,0,0,0,0,16777215,1,2,1,1,1,1,0,0,0,1,-1,0,其它杂费,0
d0030010=运费计算,60,宋体,-10,,0,0,0,0,16777215,1,2,1,1,1,1,0,0,0,1,-1,0,运费计算,0
d0030011=每吨运杂费,60,宋体,-10,,0,0,0,0,16777215,1,2,1,1,1,1,0,0,0,1,-1,0,每吨运杂费,0
d0030012=采保费,60,宋体,-10,,0,0,0,0,16777215,1,2,1,1,1,1,0,0,0,1,-1,0,采保费,0
d0030013=材料预算价,60,宋体,-10,,0,0,0,0,16777215,1,2,1,1,1,1,0,0,0,1,-1,0,材料预算价,0

d0040001=4
d0040002=1
d0040003=1
d0040004=0
d0040005=5

d005=37
d0050001=1,1,1,13,2,主要材料预算价格计算表,宋体,-18,700,0,0,0,0,0,2,2,0,0,0,0,0,0,0,0,-1,0,,0
d0050002=1,1,3,13,4,[macroGcName],宋体,-10,,0,0,0,0,0,0,1,0,0,0,0,0,0,0,0,-1,0,,0
d0050003=2,1,1,1,1,材料char(13)char(10)编码char(13)char(10),宋体,-10,,0,0,0,0,0,2,2,1,1,1,1,0,0,0,0,-1,0,,0
d0050004=2,2,1,2,1,材料名称,宋体,-10,,0,0,0,0,0,2,2,1,1,1,1,0,0,0,0,-1,0,,0
d0050005=2,3,1,3,1,单位,宋体,-10,,0,0,0,0,0,2,2,1,1,1,1,0,0,0,0,-1,0,,0
d0050006=2,4,1,4,1,原价char(13)char(10)(元)char(13)char(10),宋体,-10,,0,0,0,0,0,2,2,1,1,1,1,0,0,0,0,-1,0,,0
d0050007=2,5,1,5,1,运输起讫点,宋体,-10,,0,0,0,0,0,2,2,1,1,1,1,0,0,0,0,-1,0,,0
d0050008=2,6,1,6,1,运输距离char(13)char(10)（km）char(13)char(10),宋体,-10,,0,0,0,0,0,2,2,1,1,1,1,0,0,0,0,-1,0,,0
d0050009=2,7,1,7,1,运价char(13)char(10)(元/t・km),宋体,-10,,0,0,0,0,0,2,2,1,1,1,1,0,0,0,0,-1,0,,0
d0050010=2,8,1,8,1,卸车费char(13)char(10)(元/t)char(13)char(10),宋体,-10,,0,0,0,0,0,2,2,1,1,1,1,0,0,0,0,-1,0,,0
d0050011=2,9,1,9,1,其它杂费char(13)char(10)(元/t)char(13)char(10),宋体,-10,,0,0,0,0,0,2,2,1,1,1,1,0,0,0,0,-1,0,,0
d0050012=2,10,1,10,1,运费计算,宋体,-10,,0,0,0,0,0,2,2,1,1,1,1,0,0,0,0,-1,0,,0
d0050013=2,11,1,11,1,每吨运杂费char(13)char(10)(元/t)char(13)char(10),宋体,-10,,0,0,0,0,0,2,2,1,1,1,1,0,0,0,0,-1,0,,0
d0050014=2,12,1,12,1,采保费char(13)char(10)(元)char(13)char(10),宋体,-10,,0,0,0,0,0,2,2,1,1,1,1,0,0,0,0,-1,0,,0
d0050015=2,13,1,13,1,材料预算价char(13)char(10)(元)char(13)char(10),宋体,-10,,0,0,0,0,0,2,2,1,1,1,1,0,0,0,0,-1,0,,0
d0050016=3,1,1,1,1,,宋体,-10,,0,0,0,0,0,2,2,1,1,1,1,0,0,0,0,-1,0,,0
d0050017=3,2,1,2,1,,宋体,-10,,0,0,0,0,0,0,2,1,1,1,1,0,0,0,0,-1,0,,0
d0050018=3,3,1,3,1,,宋体,-10,,0,0,0,0,0,2,2,1,1,1,1,0,0,0,0,-1,0,,0
d0050019=3,4,1,4,1,,宋体,-10,,0,0,0,0,0,1,2,1,1,1,1,0,0,0,0,-1,0,,0
d0050020=3,5,1,5,1,,宋体,-10,,0,0,0,0,0,1,2,1,1,1,1,0,0,0,0,-1,0,,0
d0050021=3,6,1,6,1,,宋体,-10,,0,0,0,0,0,1,2,1,1,1,1,0,0,0,0,-1,0,,0
d0050022=3,7,1,7,1,,宋体,-10,,0,0,0,0,0,1,2,1,1,1,1,0,0,0,0,-1,0,,0
d0050023=3,8,1,8,1,,宋体,-10,,0,0,0,0,0,1,2,1,1,1,1,0,0,0,0,-1,0,,0
d0050024=3,9,1,9,1,,宋体,-10,,0,0,0,0,0,1,2,1,1,1,1,0,0,0,0,-1,0,,0
d0050025=3,10,1,10,1,,宋体,-10,,0,0,0,0,0,1,2,1,1,1,1,0,0,0,0,-1,0,,0
d0050026=3,11,1,11,1,,宋体,-10,,0,0,0,0,0,1,2,1,1,1,1,0,0,0,0,-1,0,,0
d0050027=3,12,1,12,1,,宋体,-10,,0,0,0,0,0,1,2,1,1,1,1,0,0,0,0,-1,0,,0
d0050028=3,13,1,13,1,,宋体,-10,,0,0,0,0,0,1,2,1,1,1,1,0,0,0,0,-1,0,,0
d0050029=3,14,1,14,1,1,宋体,-10,,0,0,0,0,0,2,2,0,0,0,0,0,0,0,0,-1,0,,0
d0050030=5,1,1,13,1,    注：投标人应按上表格式填报工程主要材料的预算价格。,宋体,-9,,0,0,0,0,0,0,1,0,0,0,0,0,0,0,0,-1,0,,0
d0050031=5,1,2,9,2,投标人：,宋体,-9,,0,0,0,0,0,1,1,0,0,0,0,0,0,0,0,-1,0,,0
d0050032=5,10,2,13,2,[投标单位],宋体,-9,,0,0,0,0,0,0,1,0,1,0,0,0,0,0,0,-1,0,,0
d0050033=5,1,3,9,3,法定代表人（授权代理人）：,宋体,-9,,0,0,0,0,0,1,1,0,0,0,0,0,0,0,0,-1,0,,0
d0050034=5,10,3,13,3,[投标单位法定代表人],宋体,-9,,0,0,0,0,0,0,1,0,1,0,0,0,0,0,0,-1,0,,0
d0050035=5,1,4,9,4,,宋体,-9,,0,0,0,0,0,1,1,0,0,0,0,0,0,0,0,-1,0,,0
d0050036=5,10,4,13,4,[编制日期],宋体,-9,,0,0,0,0,0,0,1,0,0,0,0,0,0,0,0,-1,0,,0
d0050037=5,1,5,13,5,第[pageno]页 共[pagecount]页,宋体,-9,,0,0,0,0,0,2,2,0,0,0,0,0,0,0,0,-1,0,,0
[PARAMETER]
[报表参数]
enabled=1
desc=报表参数
count=1
1=打印工程名称,L(项目名称),项目名称,合同编号
[/PARAMETER]
[SOURCE]
[TEMP]
ReWrite=1
