[DESIGN]
d001=0
d001001=工程项目总价表,150,150,150,150,1,1.5,-1,宋体,-10,0,0,1,1.5
d003=5
d0030001=xh,60,宋体,-9,,0,0,0,0,16777215,0,2,1,1,1,1,0,0,0,0,-1,0,序号,0
d0030002=xmmc,300,宋体,-9,,0,0,0,0,16777215,1,2,1,1,1,1,1,0,0,0,-1,0,项目名称,0
d0030003=sumFee,80,宋体,-9,,0,0,0,0,16777215,1,2,1,1,1,1,0,0,0,1,-1,0,合价,0
d0030004=machineFee,80,宋体,-9,,0,0,0,0,16777215,0,2,1,1,1,1,0,0,1,0,0,0,设备费,0
d0030005=bz,200,宋体,-9,,0,0,0,0,16777215,1,2,1,1,1,1,1,0,0,0,-1,0,备注,0

d0040001=4
d0040002=1
d0040003=2
d0040004=0
d0040005=5
d00400050005=0

d005=30
d0050001=1,1,1,5,2,工程项目总价表,宋体,-18,700,0,0,0,0,0,2,2,0,0,0,0,0,0,0,0,-1,0,,0
d0050002=1,1,3,5,3,合同编号：[合同编号],宋体,-9,,0,0,0,0,0,0,2,0,0,0,0,0,0,0,0,-1,0,,0
d0050003=1,1,4,4,4,[macroGcName],宋体,-9,,0,0,0,0,0,0,2,0,0,0,0,0,0,0,0,-1,0,,0
d0050004=1,5,4,5,4,,宋体,-9,,0,0,0,0,0,1,2,0,0,0,0,0,0,0,0,-1,0,,0
d0050005=2,1,1,1,1,组号,宋体,-9,,0,0,0,0,0,2,2,1,1,1,1,0,0,0,0,-1,0,,0
d0050006=2,2,1,2,1,项目分组名称,宋体,-9,,0,0,0,0,0,2,2,1,1,1,1,0,0,0,0,-1,0,,0
d0050007=2,3,1,3,1,金额（元）,宋体,-9,,0,0,0,0,0,2,2,1,1,1,1,0,0,0,0,-1,0,,0
d0050008=2,4,1,4,1,设备费,宋体,-9,,0,0,0,0,0,2,2,1,1,1,1,0,0,0,0,-1,0,,0
d0050009=2,5,1,5,1,备注,宋体,-9,,0,0,0,0,0,2,2,1,1,1,1,0,0,0,0,-1,0,,0
d0050010=3,1,1,1,1,,宋体,-9,,0,0,0,0,0,2,2,1,1,1,1,0,0,0,0,-1,0,,0
d0050011=3,2,1,2,1,,宋体,-9,,0,0,0,0,0,0,2,1,1,1,1,0,0,0,0,-1,0,,0
d0050012=3,3,1,3,1,,宋体,-9,,0,0,0,0,0,1,2,1,1,1,1,0,0,0,0,-1,0,,0
d0050013=3,4,1,4,1,,宋体,-9,,0,0,0,0,0,1,2,1,1,1,1,0,0,0,0,-1,0,,0
d0050014=3,5,1,5,1,,宋体,-9,,0,0,0,0,0,2,2,1,1,1,1,0,0,0,0,-1,0,,0
d0050015=3,6,1,6,1,1,宋体,-9,,0,0,0,0,0,0,2,1,1,1,1,0,0,0,0,-1,0,,0
d0050016=3,1,2,2,2,,宋体,-9,,0,0,0,0,0,2,2,1,1,1,1,0,0,0,0,-1,0,,0
d0050017=3,3,2,3,2,,宋体,-9,,0,0,0,0,0,1,2,1,1,1,1,0,0,0,0,-1,0,,0
d0050018=3,4,2,4,2,,宋体,-9,,0,0,0,0,0,1,2,1,1,1,1,0,0,0,0,-1,0,,0
d0050019=3,5,2,5,2,,宋体,-9,,0,0,0,0,0,0,2,1,1,1,1,0,0,0,0,-1,0,,0
d0050020=3,6,2,6,2,1003,宋体,-9,,0,0,0,0,0,0,2,1,1,1,1,0,0,0,0,-1,0,,0
d0050021=5,1,1,1,1,,宋体,-9,,0,0,0,0,0,2,2,0,0,0,0,0,0,0,0,-1,0,,0
d0050022=5,2,1,2,1,,宋体,-9,,0,0,0,0,0,2,2,0,0,0,0,0,0,0,0,-1,0,,0
d0050023=5,3,1,3,1,,宋体,-9,,0,0,0,0,0,2,2,0,0,0,0,0,0,0,0,-1,0,,0
d0050024=5,4,1,4,1,,宋体,-9,,0,0,0,0,0,2,2,0,0,0,0,0,0,0,0,-1,0,,0
d0050025=5,5,1,5,1,,宋体,-9,,0,0,0,0,0,2,2,0,0,0,0,0,0,0,0,-1,0,,0
d0050026=5,1,2,2,2,,宋体,-9,,0,0,0,0,0,2,2,0,0,0,0,0,0,0,0,-1,0,,0
d0050027=5,3,2,5,4,          投   标   人：    （盖单位章）char(13)char(10)char(13)char(10)char(13)char(10) 法定代表人或委托代理人：    （签   字）char(13)char(10)char(13)char(10)char(13)char(10)               编制时间：     年     月    日,宋体,-9,,0,0,0,0,0,0,1,0,0,0,0,0,0,0,0,-1,0,,0
d0050028=5,1,3,2,3,,宋体,-9,,0,0,0,0,0,2,2,0,0,0,0,0,0,0,0,-1,0,,0
d0050029=5,1,4,2,4,,宋体,-9,,0,0,0,0,0,2,2,0,0,0,0,0,0,0,0,-1,0,,0
d0050030=5,1,5,5,5,第[pageno]页 共[pagecount]页,宋体,-11,,0,0,0,0,0,2,2,0,0,0,0,0,0,0,0,-1,0,,0
[PARAMETER]
[报表参数]
desc=报表参数
enabled=1
count=3
1=合价万元,R(False)
2=打印工程名称,L(项目名称),项目名称,标段名称,项目名称+标段名称,合同编号
3=是否为招标人,R(false)
[/PARAMETER]
[SOURCE]
dll=全国02_通用_投标_报价汇总表.dll
type=rptx
[参数设置结果]
项目打印级数=一级项目
打印工程名称=项目名称+标段名称
打印套用单价序号=False
是否为招标人=True
[TEMP]
ReWrite=1
