[DESIGN]
d001=0
d001001=机械台班报价表,150,150,150,150,2,1.5,-1,宋体,-10,0,0,1,1.5,-1
d003=18
d0030001=序号,40,宋体,-9,,0,0,0,0,16777215,1,2,1,1,1,1,0,0,0,0,-1,0,序号,0,
d0030002=编号,40,宋体,-9,,0,0,0,0,16777215,1,2,1,1,1,1,0,0,0,1,-1,0,编号,0,
d0030003=名称及规格,100,宋体,-9,,0,0,0,0,16777215,1,2,1,1,1,1,1,0,0,0,-1,0,名称及规格,0,
d0030004=台时费,50,宋体,-9,,0,0,0,0,16777215,1,2,1,1,1,1,0,0,0,1,-1,0,台时费,0,
d0030005=折旧费,50,宋体,-9,,0,0,0,0,16777215,1,2,1,1,1,1,0,0,0,1,-1,0,折旧费,0,
d0030006=修理费,50,宋体,-9,,0,0,0,0,16777215,1,2,1,1,1,1,0,0,0,1,-1,0,修理费,0,
d0030007=安装拆卸费,50,宋体,-9,,0,0,0,0,16777215,1,2,1,1,1,1,0,0,0,1,-1,0,安装拆卸费,0,
d0030008=人工,50,宋体,-9,,0,0,0,0,16777215,1,2,1,1,1,1,0,0,0,1,-1,0,人工,0,
d0030009=动力燃料费,50,宋体,-9,,0,0,0,0,16777215,1,2,1,1,1,1,0,0,0,1,-1,0,动力燃料费,0,
d0030010=一类费用小计,50,宋体,-9,,0,0,0,0,16777215,1,2,1,1,1,1,0,0,0,1,-1,0,一类费用小计,0,
d0030011=二类费用小计,50,宋体,-9,,0,0,0,0,16777215,1,2,1,1,1,1,0,0,0,1,-1,0,二类费用小计,0,
d0030012=汽油,50,宋体,-9,,0,0,0,0,16777215,1,2,1,1,1,1,0,0,0,1,-1,0,汽油,0,
d0030013=柴油,50,宋体,-9,,0,0,0,0,16777215,1,2,1,1,1,1,0,0,0,1,-1,0,柴油,0,
d0030014=电,50,宋体,-9,,0,0,0,0,16777215,1,2,1,1,1,1,0,0,0,1,-1,0,电,0,
d0030015=风,50,宋体,-9,,0,0,0,0,16777215,1,2,1,1,1,1,0,0,0,1,-1,0,风,0,
d0030016=水,50,宋体,-9,,0,0,0,0,16777215,1,2,1,1,1,1,0,0,0,1,-1,0,水,0,
d0030017=煤,50,宋体,-9,,0,0,0,0,16777215,1,2,1,1,1,1,0,0,0,1,-1,0,煤,0,
d0030018=三类费用,50,宋体,-9,,0,0,0,0,16777215,1,2,1,1,1,1,0,0,0,1,-1,0,三类费用,0,

d0040001=4
d0040002=2
d0040003=1
d0040004=0
d0040005=4

d005=49
d0050001=1,1,1,18,2,施工机械台班(台时)汇总表,宋体,-18,700,0,0,0,0,0,2,2,0,0,0,0,0,0,0,0,-1,0,,0,A1
d0050002=1,1,3,16,4,[macroGcName],宋体,-9,,0,0,0,0,0,0,1,0,0,0,0,0,0,0,0,-1,0,,0,A3
d0050003=1,17,3,18,4,单位：元,宋体,-9,,0,0,0,0,0,1,1,0,0,0,0,0,0,0,0,-1,0,,0,Q3
d0050004=2,1,1,1,2,序号,宋体,-9,,0,0,0,0,0,2,2,1,1,1,1,0,0,0,0,-1,0,,0,A5
d0050005=2,2,1,2,2,编号,宋体,-9,,0,0,0,0,0,2,2,1,1,1,1,0,0,0,0,-1,0,,0,B5
d0050006=2,3,1,3,2,项目名称,宋体,-9,,0,0,0,0,0,2,2,1,1,1,1,0,0,0,0,-1,0,,0,C5
d0050007=2,4,1,4,2,台班(台时)费,宋体,-9,,0,0,0,0,0,2,2,1,1,1,1,0,0,0,0,-1,0,,0,D5
d0050008=2,5,1,9,1,其中,宋体,-9,,0,0,0,0,0,2,2,1,1,1,1,0,0,0,0,-1,0,,0,E5
d0050009=2,10,1,10,2,一类char(13)char(10)费用,宋体,-9,,0,0,0,0,0,2,2,1,1,1,1,0,0,0,0,-1,0,,0,J5
d0050010=2,11,1,11,2,二类char(13)char(10)费用,宋体,-9,,0,0,0,0,0,2,2,1,1,1,1,0,0,0,0,-1,0,,0,K5
d0050011=2,12,1,17,1,其中,宋体,-9,,0,0,0,0,0,2,2,1,1,1,1,0,0,0,0,-1,0,,0,L5
d0050012=2,18,1,18,2,三类char(13)char(10)费用,宋体,-9,,0,0,0,0,0,2,2,1,1,1,1,0,0,0,0,-1,0,,0,R5
d0050013=2,5,2,5,2,折旧费,宋体,-9,,0,0,0,0,0,2,2,1,1,1,1,0,0,0,0,-1,0,,0,E6
d0050014=2,6,2,6,2,修理费,宋体,-9,,0,0,0,0,0,2,2,1,1,1,1,0,0,0,0,-1,0,,0,F6
d0050015=2,7,2,7,2,安拆费,宋体,-9,,0,0,0,0,0,2,2,1,1,1,1,0,0,0,0,-1,0,,0,G6
d0050016=2,8,2,8,2,人工费,宋体,-9,,0,0,0,0,0,2,2,1,1,1,1,0,0,0,0,-1,0,,0,H6
d0050017=2,9,2,9,2,动力char(13)char(10)燃料费,宋体,-9,,0,0,0,0,0,2,2,1,1,1,1,0,0,0,0,-1,0,,0,I6
d0050018=2,12,2,12,2,汽油,宋体,-9,,0,0,0,0,0,2,2,1,1,1,1,0,0,0,0,-1,0,,0,L6
d0050019=2,13,2,13,2,柴油,宋体,-9,,0,0,0,0,0,2,2,1,1,1,1,0,0,0,0,-1,0,,0,M6
d0050020=2,14,2,14,2,电,宋体,-9,,0,0,0,0,0,2,2,1,1,1,1,0,0,0,0,-1,0,,0,N6
d0050021=2,15,2,15,2,风,宋体,-9,,0,0,0,0,0,2,2,1,1,1,1,0,0,0,0,-1,0,,0,O6
d0050022=2,16,2,16,2,水,宋体,-9,,0,0,0,0,0,2,2,1,1,1,1,0,0,0,0,-1,0,,0,P6
d0050023=2,17,2,17,2,煤,宋体,-9,,0,0,0,0,0,2,2,1,1,1,1,0,0,0,0,-1,0,,0,Q6
d0050024=3,1,1,1,1,,宋体,-9,,0,0,0,0,0,2,2,1,1,1,1,0,0,0,0,-1,0,,0,A7
d0050025=3,2,1,2,1,,宋体,-9,,0,0,0,0,0,0,2,1,1,1,1,0,0,0,0,-1,0,,0,B7
d0050026=3,3,1,3,1,,宋体,-9,,0,0,0,0,0,0,2,1,1,1,1,0,0,0,0,-1,0,,0,C7
d0050027=3,4,1,4,1,,宋体,-9,,0,0,0,0,0,1,2,1,1,1,1,0,0,0,0,-1,0,,0,D7
d0050028=3,5,1,5,1,,宋体,-9,,0,0,0,0,0,1,2,1,1,1,1,0,0,0,0,-1,0,,0,E7
d0050029=3,6,1,6,1,,宋体,-9,,0,0,0,0,0,1,2,1,1,1,1,0,0,0,0,-1,0,,0,F7
d0050030=3,7,1,7,1,,宋体,-9,,0,0,0,0,0,1,2,1,1,1,1,0,0,0,0,-1,0,,0,G7
d0050031=3,8,1,8,1,,宋体,-9,,0,0,0,0,0,1,2,1,1,1,1,0,0,0,0,-1,0,,0,H7
d0050032=3,9,1,9,1,,宋体,-9,,0,0,0,0,0,1,2,1,1,1,1,0,0,0,0,-1,0,,0,I7
d0050033=3,10,1,10,1,,宋体,-9,,0,0,0,0,0,1,2,1,1,1,1,0,0,0,0,-1,0,,0,J7
d0050034=3,11,1,11,1,,宋体,-9,,0,0,0,0,0,1,2,1,1,1,1,0,0,0,0,-1,0,,0,K7
d0050035=3,12,1,12,1,,宋体,-9,,0,0,0,0,0,1,2,1,1,1,1,0,0,0,0,-1,0,,0,L7
d0050036=3,13,1,13,1,,宋体,-9,,0,0,0,0,0,1,2,1,1,1,1,0,0,0,0,-1,0,,0,M7
d0050037=3,14,1,14,1,,宋体,-9,,0,0,0,0,0,1,2,1,1,1,1,0,0,0,0,-1,0,,0,N7
d0050038=3,15,1,15,1,,宋体,-9,,0,0,0,0,0,1,2,1,1,1,1,0,0,0,0,-1,0,,0,O7
d0050039=3,16,1,16,1,,宋体,-9,,0,0,0,0,0,1,2,1,1,1,1,0,0,0,0,-1,0,,0,P7
d0050040=3,17,1,17,1,,宋体,-9,,0,0,0,0,0,1,2,1,1,1,1,0,0,0,0,-1,0,,0,Q7
d0050041=3,18,1,18,1,,宋体,-9,,0,0,0,0,0,1,2,1,1,1,1,0,0,0,0,-1,0,,0,R7
d0050042=3,19,1,19,1,1,宋体,-9,,0,0,0,0,0,0,2,1,1,1,1,0,0,0,0,-1,0,,0,S7
d0050043=5,1,1,14,1,投标人：,宋体,-9,,0,0,0,0,0,1,1,0,0,0,0,0,0,0,0,-1,0,,0,A8
d0050044=5,15,1,18,1,[投标单位],宋体,-9,,0,0,0,0,0,0,1,0,1,0,0,0,0,0,0,-1,0,,0,O8
d0050045=5,1,2,14,2,法定代表人(委托代理人)：,宋体,-9,,0,0,0,0,0,1,1,0,0,0,0,0,0,0,0,-1,0,,0,A9
d0050046=5,15,2,18,2,[投标单位法定代表人],宋体,-9,,0,0,0,0,0,0,1,0,1,0,0,0,0,0,0,-1,0,,0,O9
d0050047=5,1,3,14,3,,宋体,-9,,0,0,0,0,0,1,1,0,0,0,0,0,0,0,0,-1,0,,0,A10
d0050048=5,15,3,18,3,[编制日期],宋体,-9,,0,0,0,0,0,0,1,0,0,0,0,0,0,0,0,-1,0,,0,O10
d0050049=5,1,4,18,4,第[pageno]页 共[pagecount]页,宋体,-9,,0,0,0,0,0,2,1,0,0,0,0,0,0,0,0,-1,0,,0,A11
[PARAMETER]
[报表参数]
enabled=1
desc=报表参数
count=2
1=打印工程名称,L(项目名称),项目名称,标段名称,项目名称+标段名称,合同编号
2=组价方式,L(常规组价),常规组价,预算价组价
[/PARAMETER]
[SOURCE]
type=rptx
rptx=全国02_通用_投标_机械台班报价表.rptx
level=0
dll=空表.dll
[TEMP]
ReWrite=1
[参数设置结果]
打印工程名称=项目名称
组价方式=常规组价
