[DESIGN]
d001=1
d001001=投标总价,150,150,150,150,1,1.5,-1,宋体,-10,0,1,1,0.1,-1
d003=4
d0030001=col1,184,宋体,-9,,1,0,0,0,16777215,0,2,1,1,1,1,0,0,0,0,-1,0,未命名,0,
d0030002=col2,100,宋体,-9,,1,0,0,0,16777215,0,2,1,1,1,1,0,0,0,1,-1,0,未命名,0,
d0030003=col3,154,宋体,-9,,1,0,0,0,16777215,0,2,1,1,1,1,0,0,0,1,-1,0,未命名,0,
d0030004=col4,125,宋体,-9,,1,0,0,0,16777215,0,2,1,1,1,1,0,0,0,0,-1,0,未命名,0,

d0040001=0
d0040002=39
d0040003=0
d0040004=0
d0040005=0
d00400020038=0

d005=118
d0050001=2,1,1,1,1,,宋体,-9,,0,0,0,0,0,2,2,0,0,0,0,0,0,0,0,-1,0,,0,A1
d0050002=2,2,1,2,1,,宋体,-9,,0,0,0,0,0,2,2,0,0,0,0,0,0,0,0,-1,0,,0,B1
d0050003=2,3,1,3,1,,宋体,-9,,0,0,0,0,0,2,2,0,0,0,0,0,0,0,0,-1,0,,0,C1
d0050004=2,4,1,4,1,,宋体,-9,,0,0,0,0,0,2,2,0,0,0,0,0,0,0,0,-1,0,,0,D1
d0050005=2,1,2,1,2,,宋体,-9,,0,0,0,0,0,2,2,0,0,0,0,0,0,0,0,-1,0,,0,A2
d0050006=2,2,2,2,2,,宋体,-9,,0,0,0,0,0,2,2,0,0,0,0,0,0,0,0,-1,0,,0,B2
d0050007=2,3,2,3,2,,宋体,-9,,0,0,0,0,0,2,2,0,0,0,0,0,0,0,0,-1,0,,0,C2
d0050008=2,4,2,4,2,,宋体,-9,,0,0,0,0,0,2,2,0,0,0,0,0,0,0,0,-1,0,,0,D2
d0050009=2,1,3,1,3,,宋体,-9,,0,0,0,0,0,2,2,0,0,0,0,0,0,0,0,-1,0,,0,A3
d0050010=2,2,3,2,3,,宋体,-9,,0,0,0,0,0,2,2,0,0,0,0,0,0,0,0,-1,0,,0,B3
d0050011=2,3,3,3,3,,宋体,-9,,0,0,0,0,0,2,2,0,0,0,0,0,0,0,0,-1,0,,0,C3
d0050012=2,4,3,4,3,,宋体,-9,,0,0,0,0,0,2,2,0,0,0,0,0,0,0,0,-1,0,,0,D3
d0050013=2,1,4,1,4,,宋体,-9,,0,0,0,0,0,2,2,0,0,0,0,0,0,0,0,-1,0,,0,A4
d0050014=2,2,4,2,4,,宋体,-9,,0,0,0,0,0,2,2,0,0,0,0,0,0,0,0,-1,0,,0,B4
d0050015=2,3,4,3,4,,宋体,-9,,0,0,0,0,0,2,2,0,0,0,0,0,0,0,0,-1,0,,0,C4
d0050016=2,4,4,4,4,,宋体,-9,,0,0,0,0,0,2,2,0,0,0,0,0,0,0,0,-1,0,,0,D4
d0050017=2,1,5,4,6,投 标 总 价,宋体,-22,700,0,0,0,0,0,2,1,0,0,0,0,0,0,0,0,-1,0,,0,A5
d0050018=2,1,7,1,7,,宋体,-9,,0,0,0,0,0,2,2,0,0,0,0,0,0,0,0,-1,0,,0,A7
d0050019=2,2,7,2,7,,宋体,-9,,0,0,0,0,0,2,2,0,0,0,0,0,0,0,0,-1,0,,0,B7
d0050020=2,3,7,3,7,,宋体,-9,,0,0,0,0,0,2,2,0,0,0,0,0,0,0,0,-1,0,,0,C7
d0050021=2,4,7,4,7,,宋体,-9,,0,0,0,0,0,2,2,0,0,0,0,0,0,0,0,-1,0,,0,D7
d0050022=2,1,8,1,8,,宋体,-9,,0,0,0,0,0,2,2,0,0,0,0,0,0,0,0,-1,0,,0,A8
d0050023=2,2,8,2,8,,宋体,-9,,0,0,0,0,0,2,2,0,0,0,0,0,0,0,0,-1,0,,0,B8
d0050024=2,3,8,3,8,,宋体,-9,,0,0,0,0,0,2,2,0,0,0,0,0,0,0,0,-1,0,,0,C8
d0050025=2,4,8,4,8,,宋体,-9,,0,0,0,0,0,2,2,0,0,0,0,0,0,0,0,-1,0,,0,D8
d0050026=2,1,9,1,9,,宋体,-9,,0,0,0,0,0,2,2,0,0,0,0,0,0,0,0,-1,0,,0,A9
d0050027=2,2,9,2,9,,宋体,-9,,0,0,0,0,0,2,2,0,0,0,0,0,0,0,0,-1,0,,0,B9
d0050028=2,3,9,3,9,,宋体,-9,,0,0,0,0,0,2,2,0,0,0,0,0,0,0,0,-1,0,,0,C9
d0050029=2,4,9,4,9,,宋体,-9,,0,0,0,0,0,2,2,0,0,0,0,0,0,0,0,-1,0,,0,D9
d0050030=2,1,10,1,10,,宋体,-9,,0,0,0,0,0,2,2,0,0,0,0,0,0,0,0,-1,0,,0,A10
d0050031=2,2,10,2,10,,宋体,-9,,0,0,0,0,0,2,2,0,0,0,0,0,0,0,0,-1,0,,0,B10
d0050032=2,3,10,3,10,,宋体,-9,,0,0,0,0,0,2,2,0,0,0,0,0,0,0,0,-1,0,,0,C10
d0050033=2,4,10,4,10,,宋体,-9,,0,0,0,0,0,2,2,0,0,0,0,0,0,0,0,-1,0,,0,D10
d0050034=2,1,11,1,11,,宋体,-9,,0,0,0,0,0,2,2,0,0,0,0,0,0,0,0,-1,0,,0,A11
d0050035=2,2,11,2,11,,宋体,-9,,0,0,0,0,0,2,2,0,0,0,0,0,0,0,0,-1,0,,0,B11
d0050036=2,3,11,3,11,,宋体,-9,,0,0,0,0,0,2,2,0,0,0,0,0,0,0,0,-1,0,,0,C11
d0050037=2,4,11,4,11,,宋体,-9,,0,0,0,0,0,2,2,0,0,0,0,0,0,0,0,-1,0,,0,D11
d0050038=2,1,12,1,13,工  程   名  称：,宋体,-12,,0,0,0,0,0,1,1,0,0,0,0,0,0,0,0,-1,0,,0,A12
d0050039=2,2,12,3,13,[工程名称],宋体,-12,,0,0,0,0,0,0,1,0,1,0,0,0,0,0,0,-1,0,,0,B12
d0050040=2,4,12,4,12,,宋体,-12,,0,0,0,0,0,2,2,0,0,0,0,0,0,0,0,-1,0,,0,D12
d0050041=2,4,13,4,13,,宋体,-12,,0,0,0,0,0,2,2,0,0,0,0,0,0,0,0,-1,0,,0,D13
d0050042=2,1,14,1,14,,宋体,-12,,0,0,0,0,0,2,2,0,0,0,0,0,0,0,0,-1,0,,0,A14
d0050043=2,2,14,2,14,,宋体,-9,,0,0,0,0,0,0,2,0,0,0,0,0,0,0,0,-1,0,,0,B14
d0050044=2,3,14,3,14,,宋体,-9,,0,0,0,0,0,0,2,0,0,0,0,0,0,0,0,-1,0,,0,C14
d0050045=2,4,14,4,14,,宋体,-9,,0,0,0,0,0,2,2,0,0,0,0,0,0,0,0,-1,0,,0,D14
d0050046=2,1,15,1,15,,宋体,-12,,0,0,0,0,0,2,2,0,0,0,0,0,0,0,0,-1,0,,0,A15
d0050047=2,2,15,2,15,,宋体,-9,,0,0,0,0,0,2,2,0,0,0,0,0,0,0,0,-1,0,,0,B15
d0050048=2,3,15,3,15,,宋体,-9,,0,0,0,0,0,2,2,0,0,0,0,0,0,0,0,-1,0,,0,C15
d0050049=2,4,15,4,15,,宋体,-9,,0,0,0,0,0,2,2,0,0,0,0,0,0,0,0,-1,0,,0,D15
d0050050=2,1,16,1,17,合  同   编  号：,宋体,-12,,0,0,0,0,0,1,1,0,0,0,0,0,0,0,0,-1,0,,0,A16
d0050051=2,2,16,3,17,[合同编号],宋体,-12,,0,0,0,0,0,0,1,0,1,0,0,0,0,0,0,-1,0,,0,B16
d0050052=2,4,16,4,16,,宋体,-12,,0,0,0,0,0,2,2,0,0,0,0,0,0,0,0,-1,0,,0,D16
d0050053=2,4,17,4,17,,宋体,-12,,0,0,0,0,0,2,2,0,0,0,0,0,0,0,0,-1,0,,0,D17
d0050054=2,1,18,1,18,,宋体,-12,,0,0,0,0,0,2,2,0,0,0,0,0,0,0,0,-1,0,,0,A18
d0050055=2,2,18,2,18,,宋体,-9,,0,0,0,0,0,0,2,0,0,0,0,0,0,0,0,-1,0,,0,B18
d0050056=2,3,18,3,18,,宋体,-9,,0,0,0,0,0,0,2,0,0,0,0,0,0,0,0,-1,0,,0,C18
d0050057=2,4,18,4,18,,宋体,-9,,0,0,0,0,0,2,2,0,0,0,0,0,0,0,0,-1,0,,0,D18
d0050058=2,1,19,1,19,,宋体,-12,,0,0,0,0,0,2,2,0,0,0,0,0,0,0,0,-1,0,,0,A19
d0050059=2,2,19,2,19,,宋体,-9,,0,0,0,0,0,2,2,0,0,0,0,0,0,0,0,-1,0,,0,B19
d0050060=2,3,19,3,19,,宋体,-9,,0,0,0,0,0,2,2,0,0,0,0,0,0,0,0,-1,0,,0,C19
d0050061=2,4,19,4,19,,宋体,-9,,0,0,0,0,0,2,2,0,0,0,0,0,0,0,0,-1,0,,0,D19
d0050062=2,1,20,1,21,投标总价 (小写)：,宋体,-12,,0,0,0,0,0,1,1,0,0,0,0,0,0,0,0,-1,0,,0,A20
d0050063=2,2,20,3,21,[投标总价]元,宋体,-12,,0,0,0,0,0,0,1,0,1,0,0,0,0,0,0,-1,0,,0,B20
d0050064=2,4,20,4,20,,宋体,-12,,0,0,0,0,0,2,2,0,0,0,0,0,0,0,0,-1,0,,0,D20
d0050065=2,4,21,4,21,,宋体,-12,,0,0,0,0,0,2,2,0,0,0,0,0,0,0,0,-1,0,,0,D21
d0050066=2,1,22,1,23,(大写)：,宋体,-12,,0,0,0,0,0,1,1,0,0,0,0,0,0,0,0,-1,0,,0,A22
d0050067=2,2,22,3,23,[投标总价大写],宋体,-12,,0,0,0,0,0,0,1,0,1,0,0,0,0,0,0,-1,0,,0,B22
d0050068=2,4,22,4,22,,宋体,-12,,0,0,0,0,0,2,2,0,0,0,0,0,0,0,0,-1,0,,0,D22
d0050069=2,4,23,4,23,,宋体,-12,,0,0,0,0,0,2,2,0,0,0,0,0,0,0,0,-1,0,,0,D23
d0050070=2,1,24,1,24,,宋体,-12,,0,0,0,0,0,2,2,0,0,0,0,0,0,0,0,-1,0,,0,A24
d0050071=2,2,24,2,24,,宋体,-9,,0,0,0,0,0,0,2,0,0,0,0,0,0,0,0,-1,0,,0,B24
d0050072=2,3,24,3,24,,宋体,-9,,0,0,0,0,0,0,2,0,0,0,0,0,0,0,0,-1,0,,0,C24
d0050073=2,4,24,4,24,,宋体,-9,,0,0,0,0,0,2,2,0,0,0,0,0,0,0,0,-1,0,,0,D24
d0050074=2,1,25,1,25,,宋体,-12,,0,0,0,0,0,2,2,0,0,0,0,0,0,0,0,-1,0,,0,A25
d0050075=2,2,25,2,25,,宋体,-9,,0,0,0,0,0,2,2,0,0,0,0,0,0,0,0,-1,0,,0,B25
d0050076=2,3,25,3,25,,宋体,-9,,0,0,0,0,0,2,2,0,0,0,0,0,0,0,0,-1,0,,0,C25
d0050077=2,4,25,4,25,,宋体,-9,,0,0,0,0,0,2,2,0,0,0,0,0,0,0,0,-1,0,,0,D25
d0050078=2,1,26,1,27,投     标    人：,宋体,-12,,0,0,0,0,0,1,1,0,0,0,0,0,0,0,0,-1,0,,0,A26
d0050079=2,2,26,3,27,[投标单位],宋体,-12,,0,0,0,0,0,0,1,0,1,0,0,0,0,0,0,-1,0,,0,B26
d0050080=2,4,26,4,27,（单位盖章）,宋体,-12,,0,0,0,0,0,0,1,0,0,0,0,0,0,0,0,-1,0,,0,D26
d0050081=2,1,28,1,28,,宋体,-12,,0,0,0,0,0,2,2,0,0,0,0,0,0,0,0,-1,0,,0,A28
d0050082=2,2,28,2,28,,宋体,-9,,0,0,0,0,0,0,2,0,0,0,0,0,0,0,0,-1,0,,0,B28
d0050083=2,3,28,3,28,,宋体,-9,,0,0,0,0,0,0,2,0,0,0,0,0,0,0,0,-1,0,,0,C28
d0050084=2,4,28,4,28,,宋体,-9,,0,0,0,0,0,2,2,0,0,0,0,0,0,0,0,-1,0,,0,D28
d0050085=2,1,29,1,29,,宋体,-12,,0,0,0,0,0,2,2,0,0,0,0,0,0,0,0,-1,0,,0,A29
d0050086=2,2,29,2,29,,宋体,-9,,0,0,0,0,0,2,2,0,0,0,0,0,0,0,0,-1,0,,0,B29
d0050087=2,3,29,3,29,,宋体,-9,,0,0,0,0,0,2,2,0,0,0,0,0,0,0,0,-1,0,,0,C29
d0050088=2,4,29,4,29,,宋体,-9,,0,0,0,0,0,2,2,0,0,0,0,0,0,0,0,-1,0,,0,D29
d0050089=2,1,30,1,31,法 定 代 表 人  char(13)char(10)(或委托代理人) ：,宋体,-12,,0,0,0,0,0,1,1,0,0,0,0,0,0,0,0,-1,0,,0,A30
d0050090=2,2,30,3,31,[投标单位法定代表人],宋体,-12,,0,0,0,0,0,0,1,0,1,0,0,0,0,0,0,-1,0,,0,B30
d0050091=2,4,30,4,31,（签字盖章）,宋体,-12,,0,0,0,0,0,0,1,0,0,0,0,0,0,0,0,-1,0,,0,D30
d0050092=2,1,32,1,32,,宋体,-12,,0,0,0,0,0,2,2,0,0,0,0,0,0,0,0,-1,0,,0,A32
d0050093=2,2,32,2,32,,宋体,-9,,0,0,0,0,0,0,2,0,0,0,0,0,0,0,0,-1,0,,0,B32
d0050094=2,3,32,3,32,,宋体,-9,,0,0,0,0,0,0,2,0,0,0,0,0,0,0,0,-1,0,,0,C32
d0050095=2,4,32,4,32,,宋体,-9,,0,0,0,0,0,2,2,0,0,0,0,0,0,0,0,-1,0,,0,D32
d0050096=2,1,33,1,33,,宋体,-12,,0,0,0,0,0,2,2,0,0,0,0,0,0,0,0,-1,0,,0,A33
d0050097=2,2,33,2,33,,宋体,-9,,0,0,0,0,0,2,2,0,0,0,0,0,0,0,0,-1,0,,0,B33
d0050098=2,3,33,3,33,,宋体,-9,,0,0,0,0,0,2,2,0,0,0,0,0,0,0,0,-1,0,,0,C33
d0050099=2,4,33,4,33,,宋体,-9,,0,0,0,0,0,2,2,0,0,0,0,0,0,0,0,-1,0,,0,D33
d0050100=2,1,34,1,35,编  制  时  间 ：,宋体,-12,,0,0,0,0,0,1,1,0,0,0,0,0,0,0,0,-1,0,,0,A34
d0050101=2,2,34,3,35,[编制日期],宋体,-12,,0,0,0,0,0,0,1,0,1,0,0,0,0,0,0,-1,0,,0,B34
d0050102=2,4,34,4,34,,宋体,-12,,0,0,0,0,0,2,2,0,0,0,0,0,0,0,0,-1,0,,0,D34
d0050103=2,4,35,4,35,,宋体,-12,,0,0,0,0,0,2,2,0,0,0,0,0,0,0,0,-1,0,,0,D35
d0050104=2,1,36,1,36,,宋体,-12,,0,0,0,0,0,2,2,0,0,0,0,0,0,0,0,-1,0,,0,A36
d0050105=2,2,36,2,36,,宋体,-12,,0,0,0,0,0,2,2,0,0,0,0,0,0,0,0,-1,0,,0,B36
d0050106=2,3,36,3,36,,宋体,-12,,0,0,0,0,0,2,2,0,0,0,0,0,0,0,0,-1,0,,0,C36
d0050107=2,4,36,4,36,,宋体,-12,,0,0,0,0,0,2,2,0,0,0,0,0,0,0,0,-1,0,,0,D36
d0050108=2,1,37,1,37,,宋体,-9,,0,0,0,0,0,2,2,0,0,0,0,0,0,0,0,-1,0,,0,A37
d0050109=2,2,37,2,37,,宋体,-9,,0,0,0,0,0,2,2,0,0,0,0,0,0,0,0,-1,0,,0,B37
d0050110=2,3,37,3,37,,宋体,-9,,0,0,0,0,0,2,2,0,0,0,0,0,0,0,0,-1,0,,0,C37
d0050111=2,4,37,4,37,,宋体,-12,,0,0,0,0,0,2,2,0,0,0,0,0,0,0,0,-1,0,,0,D37
d0050112=2,1,38,1,38,投标报价系数（Y）:,宋体,-12,,0,0,0,0,0,2,1,0,0,0,0,0,0,0,0,-1,0,,0,A38
d0050113=2,2,38,3,38,[投标报价系数],宋体,-12,,0,0,0,0,0,0,1,0,1,0,0,0,0,0,0,-1,0,,0,B38
d0050114=2,4,38,4,38,（保留小数点后两位）,宋体,-12,,0,0,0,0,0,2,1,0,0,0,0,0,0,0,0,-1,0,,0,D38
d0050115=2,1,39,1,39,,宋体,-9,,0,0,0,0,0,2,2,0,0,0,0,0,0,0,0,-1,0,,0,A39
d0050116=2,2,39,2,39,,宋体,-9,,0,0,0,0,0,2,2,0,0,0,0,0,0,0,0,-1,0,,0,B39
d0050117=2,3,39,3,39,,宋体,-9,,0,0,0,0,0,2,2,0,0,0,0,0,0,0,0,-1,0,,0,C39
d0050118=2,4,39,4,39,,宋体,-9,,0,0,0,0,0,2,2,0,0,0,0,0,0,0,0,-1,0,,0,D39
[PARAMETER]
[报表参数]
enabled=1
desc=报表参数
count=2
1=大写金额转换,L(财务大写格式),财务大写格式,川发改政策〔2009〕1049号,川发改政策〔2009〕1313号
2=取整,R(false)
[/PARAMETER]
[SOURCE]
type=rptx
rptx=report_国标_投标人_投标总价.rptx
level=0
dll=report_国标_投标人_投标总价.dll
[TEMP]
ReWrite=1
[参数设置结果]
大写金额转换=财务大写格式
取整=False
多标段=True
