[DESIGN]
d001=0
d001001=主要材料预算价格汇总表,150,150,150,150,1,1.5,-1,宋体,-10,0,0,1,1.5,-1
d003=8
d0030001=序号,50,宋体,-9,,0,0,0,0,16777215,1,2,1,1,1,1,0,0,0,0,-1,0,序号,0,
d0030002=名称,150,宋体,-9,,0,0,0,0,16777215,1,2,1,1,1,1,1,0,0,0,-1,0,名称,0,
d0030003=单位,95,宋体,-9,,0,0,0,0,16777215,1,2,1,1,1,1,0,0,0,0,-1,0,单位,0,
d0030004=数量,88,宋体,-9,,0,0,0,0,0,0,0,1,1,1,1,0,0,0,0,-1,0,数量,0,
d0030005=基价,83,宋体,-9,,0,0,0,0,0,0,0,1,1,1,1,0,0,0,0,-1,0,基价,0,
d0030006=预算价,85,宋体,-9,,0,0,0,0,0,0,0,1,1,1,1,0,0,0,0,-1,0,预算价,0,
d0030007=差价,79,宋体,-9,,0,0,0,0,0,0,0,1,1,1,1,0,0,0,0,-1,0,差价,0,
d0030008=差价小计,64,宋体,-9,,0,0,0,0,16777215,1,2,1,1,1,1,0,0,0,1,-1,0,差价小计,0,

d0040001=3
d0040002=2
d0040003=1
d0040004=1
d0040005=1
d00400050001=0

d005=21
d0050001=1,1,1,8,2,需评审的主要材料原价报价表,宋体,-18,,0,0,0,0,0,2,2,0,0,0,0,0,0,0,0,-1,0,,0,A1
d0050002=1,1,3,8,3,,宋体,-9,,0,0,0,0,0,0,2,0,0,0,0,0,0,0,0,-1,0,,0,A3
d0050003=2,1,1,1,2,序号,宋体,-9,,0,0,0,0,0,2,2,1,1,1,1,0,0,0,0,-1,0,,0,A4
d0050004=2,2,1,2,2,名称及规格,宋体,-9,,0,0,0,0,0,2,2,1,1,1,1,0,0,0,0,-1,0,,0,B4
d0050005=2,3,1,3,2,单位,宋体,-9,,0,0,0,0,0,2,2,1,1,1,1,0,0,0,0,-1,0,,0,C4
d0050006=2,4,1,4,2,数量,宋体,-9,,0,0,0,0,0,2,2,1,1,1,1,0,0,0,0,-1,0,,0,D4
d0050007=2,5,1,5,2,信息价或char(13)char(10)评审参考char(13)char(10)价（元）,宋体,-9,,0,0,0,0,0,2,2,1,1,1,1,0,0,0,0,-1,0,,0,E4
d0050008=2,6,1,6,2,自报价（元）,宋体,-9,,0,0,0,0,0,2,2,1,1,1,1,0,0,0,0,-1,0,,0,F4
d0050009=2,7,1,7,2,差价char(13)char(10)（元）,宋体,-9,,0,0,0,0,0,2,2,1,1,1,1,0,0,0,0,-1,0,,0,G4
d0050010=2,8,1,8,2,差价小计char(13)char(10)（元）,宋体,-9,,0,0,0,0,0,2,2,1,1,1,1,0,0,0,0,-1,0,,0,H4
d0050011=3,1,1,1,1,,宋体,-9,,0,0,0,0,0,2,2,1,1,1,1,0,0,0,0,-1,0,,0,A6
d0050012=3,2,1,2,1,,宋体,-9,,0,0,0,0,0,0,2,1,1,1,1,0,0,0,0,-1,0,,0,B6
d0050013=3,3,1,3,1,,宋体,-9,,0,0,0,0,0,2,2,1,1,1,1,0,0,0,0,-1,0,,0,C6
d0050014=3,4,1,4,1,,宋体,-9,,0,0,0,0,0,2,2,1,1,1,1,0,0,0,0,-1,0,,0,D6
d0050015=3,5,1,5,1,,宋体,-9,,0,0,0,0,0,2,2,1,1,1,1,0,0,0,0,-1,0,,0,E6
d0050016=3,6,1,6,1,,宋体,-9,,0,0,0,0,0,2,2,1,1,1,1,0,0,0,0,-1,0,,0,F6
d0050017=3,7,1,7,1,,宋体,-9,,0,0,0,0,0,2,2,1,1,1,1,0,0,0,0,-1,0,,0,G6
d0050018=3,8,1,8,1,,宋体,-9,,0,0,0,0,0,1,2,1,1,1,1,0,0,0,0,-1,0,,0,H6
d0050019=3,9,1,9,1,1,宋体,-9,,0,0,0,0,0,0,2,1,1,1,1,0,0,0,0,-1,0,,0,I6
d0050020=4,1,1,8,1,注:1.投标需评审的主要材料报价不得超过以上所列的±8%，否则为废标。char(13)char(10)   2.本表中的主要设备和材料名称及规格、单位、数量和信息价或评审参考价由招标人填写。自报价、差价和差价小计由投标人在投标文件中填写，并接受评标委员会对以上设备和材料的价格评审。,宋体,-9,,0,0,0,0,0,0,2,0,0,0,0,0,0,0,0,-1,0,,0,A7
d0050021=5,1,1,8,1,第[pageno]页 共[pagecount]页,宋体,-11,,0,0,0,0,0,2,2,0,0,0,0,0,0,0,0,-1,0,,0,A8
[SOURCE]
dll=空表.dll
level=0
[TEMP]
ReWrite=1
[参数设置结果]

