[DESIGN]
d001=0
d001001=工程单价汇总表,150,150,150,150,2,1.5,-1,宋体,-10,0,0,1,1.5,-1
d003=20
d0030001=清单序号,50,宋体,-10,,0,0,0,0,16777215,0,2,1,1,1,1,0,0,0,0,-1,0,序号,0,,0
d0030002=清单编码,89,宋体,-10,,0,0,0,0,16777215,0,2,1,1,1,1,0,1,0,0,0,0,项目编码,0,,0
d0030003=项目名称,90,宋体,-10,,0,0,0,0,16777215,0,2,1,1,1,1,1,0,0,1,0,0,项目名称,0,,0
d0030004=项目单位,60,宋体,-10,,0,0,0,0,16777215,2,2,1,1,1,1,0,0,0,1,0,0,计量单位,0,,0
d0030005=人工费,60,宋体,-10,,0,0,0,0,16777215,1,2,1,1,1,1,0,0,0,1,0,0,人工费,0,,0
d0030006=材料费,60,宋体,-10,,0,0,0,0,16777215,1,2,1,1,1,1,0,0,0,1,0,0,材料费,0,,0
d0030007=机械费,73,宋体,-10,,0,0,0,0,16777215,1,2,1,1,1,1,0,0,0,0,0,0,机械费,0,,0
d0030008=其它直接费,60,宋体,-9,,0,0,0,0,0,0,0,1,1,1,1,0,0,1,1,-1,0,其它直接费,0,,0
d0030009=现场经费,60,宋体,-9,,0,0,0,0,0,0,0,1,1,1,1,0,0,1,1,-1,0,现场经费,0,,0
d0030010=间接费,60,宋体,-9,,0,0,0,0,0,0,0,1,1,1,1,0,0,1,1,-1,0,间接费,0,,0
d0030011=措施费,60,宋体,-9,,0,0,0,0,0,0,0,1,1,1,1,0,0,1,1,-1,0,措施费,0,,0
d0030012=措施费,71,宋体,-10,,0,0,0,0,16777215,0,2,1,1,1,1,0,0,0,0,0,0,措施费,0,,0
d0030013=装置性材料费,60,宋体,-10,,0,0,0,0,16777215,1,2,1,1,1,1,0,0,1,1,0,0,装置性材料费,0,,0
d0030014=间接费,78,宋体,-10,,0,0,0,0,16777215,0,2,1,1,1,1,0,0,0,0,0,0,间接费,0,,0
d0030015=企业利润,73,宋体,-10,,0,0,0,0,16777215,1,2,1,1,1,1,0,0,0,1,0,0,企业利润,0,,0
d0030016=价差,60,宋体,-10,,0,0,0,0,16777215,0,2,1,1,1,1,0,0,0,0,0,0,价差,0,,0
d0030017=税金,60,宋体,-10,,0,0,0,0,16777215,1,2,1,1,1,1,0,0,0,1,0,0,税金,0,,0
d0030018=其他费用摊销,60,宋体,-9,,0,0,0,0,0,0,0,1,1,1,1,0,1,0,0,-1,0,其他费用摊销,0,,0
d0030019=扩大,60,宋体,-9,,0,0,0,0,0,0,0,1,1,1,1,0,1,0,0,-1,0,扩大,0,,0
d0030020=合计,60,宋体,-10,,0,0,0,0,16777215,1,2,1,1,1,1,0,0,0,1,0,0,合计,0,,0

d0040001=4
d0040002=2
d0040003=1
d0040004=0
d0040005=3
d00400050002=0
d00400050003=0

d005=66
d0050001=1,1,1,20,2,工程单价汇总表,宋体,-18,700,0,0,0,0,0,2,2,0,0,0,0,0,0,0,0,-1,0,,0,,0
d0050002=1,1,3,3,3,合同编号：[合同编号],宋体,-9,,0,0,0,0,0,0,2,0,0,0,0,0,0,0,0,-1,0,,0,,0
d0050003=1,4,3,4,3,,宋体,-9,,0,0,0,0,0,2,2,0,0,0,0,0,0,0,0,-1,0,,0,,0
d0050004=1,5,3,5,3,,宋体,-9,,0,0,0,0,0,2,2,0,0,0,0,0,0,0,0,-1,0,,0,,0
d0050005=1,6,3,6,3,,宋体,-9,,0,0,0,0,0,2,2,0,0,0,0,0,0,0,0,-1,0,,0,,0
d0050006=1,7,3,7,3,,宋体,-9,,0,0,0,0,0,2,2,0,0,0,0,0,0,0,0,-1,0,,0,,0
d0050007=1,8,3,8,3,,宋体,-9,,0,0,0,0,0,2,2,0,0,0,0,0,0,0,0,-1,0,,0,,0
d0050008=1,9,3,9,3,,宋体,-9,,0,0,0,0,0,2,2,0,0,0,0,0,0,0,0,-1,0,,0,,0
d0050009=1,10,3,10,3,,宋体,-9,,0,0,0,0,0,2,2,0,0,0,0,0,0,0,0,-1,0,,0,,0
d0050010=1,11,3,11,3,,宋体,-9,,0,0,0,0,0,2,2,0,0,0,0,0,0,0,0,-1,0,,0,,0
d0050011=1,12,3,12,3,,宋体,-9,,0,0,0,0,0,2,2,0,0,0,0,0,0,0,0,-1,0,,0,,0
d0050012=1,13,3,13,3,,宋体,-9,,0,0,0,0,0,2,2,0,0,0,0,0,0,0,0,-1,0,,0,,0
d0050013=1,14,3,14,3,,宋体,-9,,0,0,0,0,0,2,2,0,0,0,0,0,0,0,0,-1,0,,0,,0
d0050014=1,15,3,15,3,,宋体,-9,,0,0,0,0,0,2,2,0,0,0,0,0,0,0,0,-1,0,,0,,0
d0050015=1,16,3,16,3,,宋体,-9,,0,0,0,0,0,2,2,0,0,0,0,0,0,0,0,-1,0,,0,,0
d0050016=1,17,3,17,3,,宋体,-9,,0,0,0,0,0,2,2,0,0,0,0,0,0,0,0,-1,0,,0,,0
d0050017=1,18,3,18,3,,宋体,-9,,0,0,0,0,0,2,2,0,0,0,0,0,0,0,0,-1,0,,0,,0
d0050018=1,19,3,19,3,,宋体,-9,,0,0,0,0,0,2,2,0,0,0,0,0,0,0,0,-1,0,,0,,0
d0050019=1,20,3,20,3,,宋体,-9,,0,0,0,0,0,2,2,0,0,0,0,0,0,0,0,-1,0,,0,,0
d0050020=1,1,4,15,4,工程名称：[工程名称],宋体,-9,,0,0,0,0,0,0,2,0,0,0,0,0,0,0,0,-1,0,,0,,0
d0050021=1,16,4,20,4,第[pageno]页、共[pagecount]页,宋体,-9,,0,0,0,0,0,1,2,0,0,0,0,0,0,0,0,-1,0,,0,,0
d0050022=2,1,1,1,2,序号,宋体,-9,,0,0,0,0,0,2,2,1,1,1,1,0,0,0,0,-1,0,,0,,0
d0050023=2,2,1,2,2,项目编号,宋体,-9,,0,0,0,0,0,2,2,1,1,1,1,0,0,0,0,-1,0,,0,,0
d0050024=2,3,1,3,2,项目名称,宋体,-9,,0,0,0,0,0,2,2,1,1,1,1,0,0,0,0,-1,0,,0,,0
d0050025=2,4,1,4,2,计量单位,宋体,-9,,0,0,0,0,0,2,2,1,1,1,1,0,0,0,0,-1,0,,0,,0
d0050026=2,5,1,5,2,人工费,宋体,-9,,0,0,0,0,0,2,2,1,1,1,1,0,0,0,0,-1,0,,0,,0
d0050027=2,6,1,6,2,材料费,宋体,-9,,0,0,0,0,0,2,2,1,1,1,1,0,0,0,0,-1,0,,0,,0
d0050028=2,7,1,7,2,机械使用费,宋体,-9,,0,0,0,0,0,2,2,1,1,1,1,0,0,0,0,-1,0,,0,,0
d0050029=2,8,1,8,2,其它直接费,宋体,-9,,0,0,0,0,0,2,2,1,1,1,1,0,0,0,0,-1,0,,0,,0
d0050030=2,9,1,9,2,现场经费,宋体,-9,,0,0,0,0,0,2,2,1,1,1,1,0,0,0,0,-1,0,,0,,0
d0050031=2,10,1,10,2,间接费,宋体,-9,,0,0,0,0,0,2,2,1,1,1,1,0,0,0,0,-1,0,,0,,0
d0050032=2,11,1,11,2,措施费,宋体,-9,,0,0,0,0,0,2,2,1,1,1,1,0,0,0,0,-1,0,,0,,0
d0050033=2,12,1,12,2,措施费,宋体,-9,,0,0,0,0,0,2,2,1,1,1,1,0,0,0,0,-1,0,,0,,0
d0050034=2,13,1,13,2,装置char(13)char(10)材料费,宋体,-9,,0,0,0,0,0,2,2,1,1,1,1,0,0,0,0,-1,0,,0,,0
d0050035=2,14,1,14,2,间接费,宋体,-9,,0,0,0,0,0,2,2,1,1,1,1,0,0,0,0,-1,0,,0,,0
d0050036=2,15,1,15,2,企业利润,宋体,-9,,0,0,0,0,0,2,2,1,1,1,1,0,0,0,0,-1,0,,0,,0
d0050037=2,16,1,16,2,价差,宋体,-9,,0,0,0,0,0,2,2,1,1,1,1,0,0,0,0,-1,0,,0,,0
d0050038=2,17,1,17,2,税金,宋体,-9,,0,0,0,0,0,2,2,1,1,1,1,0,0,0,0,-1,0,,0,,0
d0050039=2,18,1,18,2,临时工程摊销,宋体,-9,,0,0,0,0,0,2,2,1,1,1,1,0,0,0,0,-1,0,,0,,0
d0050040=2,19,1,19,2,扩大,宋体,-9,,0,0,0,0,0,2,2,1,1,1,1,0,0,0,0,-1,0,,0,,0
d0050041=2,20,1,20,2,合计,宋体,-9,,0,0,0,0,0,2,2,1,1,1,1,0,0,0,0,-1,0,,0,,0
d0050042=3,1,1,1,1,,宋体,-9,,0,0,0,0,0,2,2,1,1,1,1,0,0,0,0,-1,0,,0,,0
d0050043=3,2,1,2,1,,宋体,-9,,0,0,0,0,0,2,2,1,1,1,1,0,0,0,0,-1,0,,0,,0
d0050044=3,3,1,3,1,,宋体,-9,,0,0,0,0,0,0,2,1,1,1,1,0,0,0,0,-1,0,,0,,0
d0050045=3,4,1,4,1,,宋体,-9,,0,0,0,0,0,2,2,1,1,1,1,0,0,0,0,-1,0,,0,,0
d0050046=3,5,1,5,1,,宋体,-9,,0,0,0,0,0,2,2,1,1,1,1,0,0,0,0,-1,0,,0,,0
d0050047=3,6,1,6,1,,宋体,-9,,0,0,0,0,0,2,2,1,1,1,1,0,0,0,0,-1,0,,0,,0
d0050048=3,7,1,7,1,,宋体,-9,,0,0,0,0,0,2,2,1,1,1,1,0,0,0,0,-1,0,,0,,0
d0050049=3,8,1,8,1,,宋体,-9,,0,0,0,0,0,2,2,1,1,1,1,0,0,0,0,-1,0,,0,,0
d0050050=3,9,1,9,1,,宋体,-9,,0,0,0,0,0,2,2,1,1,1,1,0,0,0,0,-1,0,,0,,0
d0050051=3,10,1,10,1,,宋体,-9,,0,0,0,0,0,2,2,1,1,1,1,0,0,0,0,-1,0,,0,,0
d0050052=3,11,1,11,1,,宋体,-9,,0,0,0,0,0,2,2,1,1,1,1,0,0,0,0,-1,0,,0,,0
d0050053=3,12,1,12,1,,宋体,-9,,0,0,0,0,0,2,2,1,1,1,1,0,0,0,0,-1,0,,0,,0
d0050054=3,13,1,13,1,,宋体,-9,,0,0,0,0,0,2,2,1,1,1,1,0,0,0,0,-1,0,,0,,0
d0050055=3,14,1,14,1,,宋体,-9,,0,0,0,0,0,2,2,1,1,1,1,0,0,0,0,-1,0,,0,,0
d0050056=3,15,1,15,1,,宋体,-9,,0,0,0,0,0,2,2,1,1,1,1,0,0,0,0,-1,0,,0,,0
d0050057=3,16,1,16,1,,宋体,-9,,0,0,0,0,0,2,2,1,1,1,1,0,0,0,0,-1,0,,0,,0
d0050058=3,17,1,17,1,,宋体,-9,,0,0,0,0,0,2,2,1,1,1,1,0,0,0,0,-1,0,,0,,0
d0050059=3,18,1,18,1,,宋体,-9,,0,0,0,0,0,2,2,1,1,1,1,0,0,0,0,-1,0,,0,,0
d0050060=3,19,1,19,1,,宋体,-9,,0,0,0,0,0,2,2,1,1,1,1,0,0,0,0,-1,0,,0,,0
d0050061=3,20,1,20,1,,宋体,-9,,0,0,0,0,0,2,2,1,1,1,1,0,0,0,0,-1,0,,0,,0
d0050062=3,21,1,21,1,1,宋体,-9,,0,0,0,0,0,0,2,1,1,1,1,0,0,0,0,-1,0,,0,,0
d0050063=5,1,1,4,1,,宋体,-9,,0,0,0,0,0,2,2,0,0,0,0,0,0,0,0,-1,0,,0,,0
d0050064=5,5,1,20,1,,宋体,-9,,0,0,0,0,0,1,1,0,0,0,0,0,0,0,0,-1,0,,0,,0
d0050065=5,1,2,20,2,法定代表人（或委托代理人）：<U>                   </U>（签字）  ,宋体,-9,,0,0,0,0,0,1,2,0,0,0,0,0,0,0,0,-1,0,,0,,0
d0050066=5,1,3,20,3,[pageno],宋体,-9,,0,0,0,0,0,2,2,0,0,0,0,0,0,0,0,-1,0,,0,,0
[PARAMETER]
[报表参数]
desc=报表参数
enabled=1
count=4
1=打印套用单价序号,R(False)
2=安全施工及预留金显示,R(False)
3=打印级数,L(一级项目),一级项目,二级项目,三级项目,四级项目,五级项目,六级项目,七级项目,八级项目,九级项目,十级项目,打印全部项目,只打印清单
4=合并相同项目,L(不合并),不合并,仅合并相同项目,仅合并共享清单,合并相同项目及共享清单
[/PARAMETER]
[SOURCE]
type=rptx
rptx=report_国标_投标人_工程单价汇总表.rptx
level=1
dll=report_国标_投标人_工程单价汇总表.dll
[TEMP]
ReWrite=1
[参数设置结果]
打印套用单价序号=False
安全施工及预留金显示=False
打印级数=打印全部项目
合并相同项目=不合并
