[DESIGN]
d001=0
d001001=混凝土材料单价计算表,150,150,150,150,1,1.5,-1,宋体,-10,0,0,1,1.5,-1
d003=9
d0030001=编码,50,宋体,-9,,0,0,0,0,16777215,0,2,1,1,1,1,0,0,0,1,0,0,编码,0,,0
d0030002=名称及规格,226,宋体,-9,,0,0,0,0,16777215,0,2,1,1,1,1,0,0,0,0,0,0,名称及规格,0,,0
d0030003=单位,49,宋体,-9,,0,0,0,0,16777215,0,2,1,1,1,1,0,0,0,1,0,0,单位,0,,0
d0030004=原始量,60,宋体,-9,,0,0,0,0,0,0,0,1,1,1,1,0,0,0,0,-1,0,原始量,0,,0
d0030005=调整系数,61,宋体,-9,,0,0,0,0,16777215,0,2,1,1,1,1,0,0,0,1,0,0,调整系数,0,,0
d0030006=预算量,60,宋体,-9,,0,0,0,0,16777215,0,2,1,1,1,1,0,0,0,1,0,0,预算量,0,,0
d0030007=单价,60,宋体,-9,,0,0,0,0,16777215,0,2,1,1,1,1,0,0,0,1,0,0,单价,0,,0
d0030008=合价,60,宋体,-9,,0,0,0,0,16777215,0,2,1,1,1,1,0,0,0,1,0,0,合价,0,,0
d0030009=备注,60,宋体,-9,,0,0,0,0,16777215,0,2,1,1,1,1,0,0,1,0,0,0,备注,0,,0

d0040001=3
d0040002=1
d0040003=1
d0040004=0
d0040005=1

d005=24
d0050001=1,1,1,9,2,混凝土材料单价计算表 ,宋体,-18,700,0,0,0,0,0,2,2,0,0,0,0,0,0,0,0,-1,0,,0,,0
d0050002=1,1,3,7,3,[macroGcName],宋体,-9,,0,0,0,0,0,0,2,0,0,0,0,0,0,0,0,-1,0,,0,,0
d0050003=1,8,3,8,3,,宋体,-9,,0,0,0,0,0,2,2,0,0,0,0,0,0,0,0,-1,0,,0,,0
d0050004=1,9,3,9,3,,宋体,-9,,0,0,0,0,0,2,2,0,0,0,0,0,0,0,0,-1,0,,0,,0
d0050005=2,1,1,1,1,编码,宋体,-9,,0,0,0,0,0,2,2,1,1,1,1,0,0,0,0,-1,0,,0,,0
d0050006=2,2,1,2,1,名称及规格,宋体,-9,,0,0,0,0,0,2,2,1,1,1,1,0,0,0,0,-1,0,,0,,0
d0050007=2,3,1,3,1,单位,宋体,-9,,0,0,0,0,0,2,2,1,1,1,1,0,0,0,0,-1,0,,0,,0
d0050008=2,4,1,4,1,原始量,宋体,-9,,0,0,0,0,0,2,2,1,1,1,1,0,0,0,0,-1,0,,0,,0
d0050009=2,5,1,5,1,调整系数,宋体,-9,,0,0,0,0,0,2,2,1,1,1,1,0,0,0,0,-1,0,,0,,0
d0050010=2,6,1,6,1,预算量,宋体,-9,,0,0,0,0,0,2,2,1,1,1,1,0,0,0,0,-1,0,,0,,0
d0050011=2,7,1,7,1,单价,宋体,-9,,0,0,0,0,0,2,2,1,1,1,1,0,0,0,0,-1,0,,0,,0
d0050012=2,8,1,8,1,合价,宋体,-9,,0,0,0,0,0,2,2,1,1,1,1,0,0,0,0,-1,0,,0,,0
d0050013=2,9,1,9,1,备注,宋体,-9,,0,0,0,0,0,2,2,1,1,1,1,0,0,0,0,-1,0,,0,,0
d0050014=3,1,1,1,1,,宋体,-9,,0,0,0,0,0,2,2,1,1,1,1,0,0,0,0,-1,0,,0,,0
d0050015=3,2,1,2,1,,宋体,-9,,0,0,0,0,0,0,2,1,1,1,1,0,0,0,0,-1,0,,0,,0
d0050016=3,3,1,3,1,,宋体,-9,,0,0,0,0,0,2,2,1,1,1,1,0,0,0,0,-1,0,,0,,0
d0050017=3,4,1,4,1,,宋体,-9,,0,0,0,0,0,2,2,1,1,1,1,0,0,0,0,-1,0,,0,,0
d0050018=3,5,1,5,1,,宋体,-9,,0,0,0,0,0,1,2,1,1,1,1,0,0,0,0,-1,0,,0,,0
d0050019=3,6,1,6,1,,宋体,-9,,0,0,0,0,0,1,2,1,1,1,1,0,0,0,0,-1,0,,0,,0
d0050020=3,7,1,7,1,,宋体,-9,,0,0,0,0,0,1,2,1,1,1,1,0,0,0,0,-1,0,,0,,0
d0050021=3,8,1,8,1,,宋体,-9,,0,0,0,0,0,1,2,1,1,1,1,0,0,0,0,-1,0,,0,,0
d0050022=3,9,1,9,1,,宋体,-9,,0,0,0,0,0,2,2,1,1,1,1,0,0,0,0,-1,0,,0,,0
d0050023=3,10,1,10,1,1,宋体,-9,,0,0,0,0,0,2,2,1,1,1,1,0,0,0,0,-1,0,,0,,0
d0050024=5,1,1,9,1,第[pageno]页 共[pagecount]页,宋体,-11,,0,0,0,0,0,2,2,0,0,0,0,0,0,0,0,-1,0,,0,,0
[PARAMETER]
[报表参数]
desc=报表参数
enabled=1
count=4
1=组价方式,L(常规组价),预算价组价,常规组价
2=打印工程名称,R(false)
3=打印子材,R(True)
4=打印原始量,R(True)
[/PARAMETER]
[SOURCE]
level=1
dll=全国02_通用_混凝土材料单价计算表[纵向格式].dll
[TEMP]
ReWrite=1
[DeletedCol]
waijiaji=外加剂
shui=水
danjia=单价
shuini=水泥
[参数设置结果]
打印工程名称=True
组价方式=常规组价
打印子材=True
打印原始量=True
