[DESIGN]
d001=0
d001001=施工机械台时汇总表,150,150,150,150,2,1.5,-1,宋体,-10,0,0,1,1.5,-1
d003=18
d0030001=序号,35,宋体,-10,,0,0,0,0,16777215,1,2,1,1,1,1,0,0,0,0,-1,0,序号,0,
d0030002=编号,51,宋体,-10,,0,0,0,0,16777215,1,2,1,1,1,1,0,0,1,1,-1,0,编号,0,
d0030003=名称及规格,140,宋体,-10,,0,0,0,0,16777215,1,2,1,1,1,1,0,0,0,0,-1,0,名称及规格,0,
d0030004=数量,60,宋体,-9,,0,0,0,0,0,0,0,1,1,1,1,0,0,0,0,-1,0,数量,0,
d0030005=台时费,60,宋体,-10,,0,0,0,0,16777215,1,2,1,1,1,1,0,0,0,1,-1,0,台时费,0,
d0030006=折旧费,60,宋体,-10,,0,0,0,0,16777215,1,2,1,1,1,1,0,0,1,1,-1,0,折旧费,0,
d0030007=修理费,60,宋体,-10,,0,0,0,0,16777215,1,2,1,1,1,1,0,0,1,1,-1,0,修理费,0,
d0030008=安装拆卸费,60,宋体,-10,,0,0,0,0,16777215,1,2,1,1,1,1,0,0,1,1,-1,0,安装拆卸费,0,
d0030009=其他,60,宋体,-10,,0,0,0,0,16777215,1,2,1,1,1,1,0,1,1,1,-1,0,其他,0,
d0030010=一类费用小计,51,宋体,-10,,0,0,0,0,16777215,0,2,1,1,1,1,0,0,0,0,0,0,第一类费用,0,
d0030011=高级熟练工熟练工,75,宋体,-10,,0,0,0,0,16777215,0,2,1,1,1,1,0,0,0,1,0,0,高级熟练工熟练工,0,
d0030012=水半熟练工,73,宋体,-10,,0,0,0,0,16777215,0,2,1,1,1,1,0,0,0,1,0,0,水半熟练工,0,
d0030013=汽油柴油,66,宋体,-10,,0,0,0,0,16777215,0,2,1,1,1,1,0,0,0,1,0,0,汽油柴油,0,
d0030014=风电,70,宋体,-10,,0,0,0,0,16777215,0,2,1,1,1,1,0,0,0,1,0,0,风电,0,
d0030015=木材煤,66,宋体,-10,,0,0,0,0,16777215,0,2,1,1,1,1,0,0,0,1,0,0,木材煤,0,
d0030016=动力燃料费,60,宋体,-9,,0,0,0,0,0,0,0,1,1,1,1,0,0,1,0,-1,0,动力燃料费,0,
d0030017=二类费用小计,46,宋体,-10,,0,0,0,0,16777215,1,2,1,1,1,1,0,0,0,1,-1,0,小计,0,
d0030018=其他,52,宋体,-10,,0,0,0,0,16777215,1,2,1,1,1,1,0,0,0,1,-1,0,其他费用,0,

d0040001=3
d0040002=4
d0040003=1
d0040004=0
d0040005=1

d005=45
d0050001=1,1,1,18,2,施工机械组时费计算表,宋体,-18,700,0,0,0,0,0,2,2,0,0,0,0,0,0,0,0,-1,0,,0,A1
d0050002=1,1,3,15,3,[macroGcName],宋体,-10,,0,0,0,0,0,0,1,0,0,0,0,0,0,0,0,-1,0,,0,A3
d0050003=1,16,3,16,3,,宋体,-9,,0,0,0,0,0,2,2,0,0,0,0,0,0,0,0,-1,0,,0,P3
d0050004=1,17,3,17,3,,宋体,-9,,0,0,0,0,0,2,2,0,0,0,0,0,0,0,0,-1,0,,0,Q3
d0050005=1,18,3,18,3,,宋体,-9,,0,0,0,0,0,2,2,0,0,0,0,0,0,0,0,-1,0,,0,R3
d0050006=2,1,1,1,4,编号,宋体,-10,,0,0,0,0,0,2,2,1,1,1,1,0,0,0,0,-1,0,,0,A4
d0050007=2,2,1,2,4,编号,宋体,-10,,0,0,0,0,0,2,2,1,1,1,1,0,0,0,0,-1,0,,0,B4
d0050008=2,3,1,3,4,工程名称,宋体,-10,,0,0,0,0,0,2,2,1,1,1,1,0,0,0,0,-1,0,,0,C4
d0050009=2,4,1,4,4,数量,宋体,-9,,0,0,0,0,0,2,2,1,1,1,1,0,0,0,0,-1,0,,0,D4
d0050010=2,5,1,5,4,  台（组）char(13)char(10)时费,宋体,-10,,0,0,0,0,0,2,2,1,1,1,1,0,0,0,0,-1,0,,0,E4
d0050011=2,6,1,9,1,一类费用,宋体,-10,,0,0,0,0,0,2,2,1,1,1,1,0,0,0,0,-1,0,,0,F4
d0050012=2,10,1,10,4,第一类char(13)char(10)费用,宋体,-10,,0,0,0,0,0,2,2,1,1,1,1,0,0,0,0,-1,0,,0,J4
d0050013=2,11,1,17,1,二类费用,宋体,-10,,0,0,0,0,0,2,2,1,1,1,1,0,0,0,0,-1,0,,0,K4
d0050014=2,18,1,18,4,其他char(13)char(10)费用char(13)char(10)元,宋体,-10,,0,0,0,0,0,2,2,1,1,1,1,0,0,0,0,-1,0,,0,R4
d0050015=2,6,2,6,4,折旧费,宋体,-10,,0,0,0,0,0,2,2,1,1,1,1,0,0,0,0,-1,0,,0,F5
d0050016=2,7,2,7,4,修理及替char(13)char(10)换设备费,宋体,-10,,0,0,0,0,0,2,2,1,1,1,1,0,0,0,0,-1,0,,0,G5
d0050017=2,8,2,8,4,安拆费,宋体,-10,,0,0,0,0,0,2,2,1,1,1,1,0,0,0,0,-1,0,,0,H5
d0050018=2,9,2,9,4,其他,宋体,-10,,0,0,0,0,0,2,2,1,1,1,1,0,0,0,0,-1,0,,0,I5
d0050019=2,11,2,11,4,高级熟练char(13)char(10)工（工时）char(13)char(10)/熟练工,宋体,-10,,0,0,0,0,0,2,2,1,1,1,1,0,0,0,0,-1,0,,0,K5
d0050020=2,12,2,12,4,水（m3）/char(13)char(10)半熟练工char(13)char(10)（工时）,宋体,-10,,0,0,0,0,0,2,2,1,1,1,1,0,0,0,0,-1,0,,0,L5
d0050021=2,13,2,13,4,汽油char(13)char(10)/柴油char(13)char(10)(kg),宋体,-10,,0,0,0,0,0,2,2,1,1,1,1,0,0,0,0,-1,0,,0,M5
d0050022=2,14,2,14,4,风（m3）/char(13)char(10)电（kWh）,宋体,-10,,0,0,0,0,0,2,2,1,1,1,1,0,0,0,0,-1,0,,0,N5
d0050023=2,15,2,15,4,木材/char(13)char(10)煤（kg）,宋体,-10,,0,0,0,0,0,2,2,1,1,1,1,0,0,0,0,-1,0,,0,O5
d0050024=2,16,2,16,4,动力燃料费,宋体,-9,,0,0,0,0,0,2,2,1,1,1,1,0,0,0,0,-1,0,,0,P5
d0050025=2,17,2,17,4,小计,宋体,-10,,0,0,0,0,0,2,2,1,1,1,1,0,0,0,0,-1,0,,0,Q5
d0050026=3,1,1,1,1,,宋体,-9.75,,0,0,0,0,0,2,2,1,1,1,1,0,0,0,0,-1,0,,0,A8
d0050027=3,2,1,2,1,,宋体,-9.75,,0,0,0,0,0,2,2,1,1,1,1,0,0,0,0,-1,0,,0,B8
d0050028=3,3,1,3,1,,宋体,-9.75,,0,0,0,0,0,0,2,1,1,1,1,0,0,0,0,-1,0,,0,C8
d0050029=3,4,1,4,1,,宋体,-9,,0,0,0,0,0,2,2,1,1,1,1,0,0,0,0,-1,0,,0,D8
d0050030=3,5,1,5,1,,宋体,-9.75,,0,0,0,0,0,1,2,1,1,1,1,0,0,0,0,-1,0,,0,E8
d0050031=3,6,1,6,1,,宋体,-9.75,,0,0,0,0,0,1,2,1,1,1,1,0,0,0,0,-1,0,,0,F8
d0050032=3,7,1,7,1,,宋体,-9.75,,0,0,0,0,0,1,2,1,1,1,1,0,0,0,0,-1,0,,0,G8
d0050033=3,8,1,8,1,,宋体,-9.75,,0,0,0,0,0,1,2,1,1,1,1,0,0,0,0,-1,0,,0,H8
d0050034=3,9,1,9,1,,宋体,-9.75,,0,0,0,0,0,1,2,1,1,1,1,0,0,0,0,-1,0,,0,I8
d0050035=3,10,1,10,1,,宋体,-9.75,,0,0,0,0,0,1,2,1,1,1,1,0,0,0,0,-1,0,,0,J8
d0050036=3,11,1,11,1,,宋体,-9.75,,0,0,0,0,0,1,2,1,1,1,1,0,0,0,0,-1,0,,0,K8
d0050037=3,12,1,12,1,,宋体,-9.75,,0,0,0,0,0,1,2,1,1,1,1,0,0,0,0,-1,0,,0,L8
d0050038=3,13,1,13,1,,宋体,-9.75,,0,0,0,0,0,1,2,1,1,1,1,0,0,0,0,-1,0,,0,M8
d0050039=3,14,1,14,1,,宋体,-9.75,,0,0,0,0,0,1,2,1,1,1,1,0,0,0,0,-1,0,,0,N8
d0050040=3,15,1,15,1,,宋体,-9.75,,0,0,0,0,0,1,2,1,1,1,1,0,0,0,0,-1,0,,0,O8
d0050041=3,16,1,16,1,,宋体,-9.75,,0,0,0,0,0,2,2,1,1,1,1,0,0,0,0,-1,0,,0,P8
d0050042=3,17,1,17,1,,宋体,-9.75,,0,0,0,0,0,1,2,1,1,1,1,0,0,0,0,-1,0,,0,Q8
d0050043=3,18,1,18,1,,宋体,-9.75,,0,0,0,0,0,1,2,1,1,1,1,0,0,0,0,-1,0,,0,R8
d0050044=3,19,1,19,1,1,宋体,-9.75,,0,0,0,0,0,2,2,0,0,0,0,0,0,0,0,-1,0,,0,S8
d0050045=5,1,1,18,1,第[pageno]页 共[pagecount]页,宋体,-10,,0,0,0,0,0,2,2,0,0,0,0,0,0,0,0,-1,0,,0,A9
[PARAMETER]
[报表参数]
desc=报表参数
enabled=1
count=0
1=人工显示,L(初级工),初级工,中级工,高级工,工长
2=预算价组价,R(False)
3=打印电水风下机械,R(False)
[/PARAMETER]
[SOURCE]
rpt=全国水电07_通用_施工机械组时费计算表.rpt
rptx=全国水电07_通用_施工机械组时费计算表.rptx
dll=全国水电07_通用_施工机械组时费计算表.dll
type=rptx
level=0
[TEMP]
ReWrite=1
[参数设置结果]
人工显示=中级工
预算价组价=False
打印电水风下机械=False
