[DESIGN]
d001=0
d001001=独立费用概算表,150,150,150,150,1,1.5,-1,宋体,-10,0,0,1,1.5,-1
d003=9
d0030001=fydh,60,宋体,-9,,0,0,0,0,16777215,0,2,1,1,1,1,0,0,0,0,-1,0,费用代号,0,,0
d0030002=bh,60,宋体,-9,,0,0,0,0,0,0,0,1,1,1,1,0,0,1,0,-1,0,序号,0,,0
d0030003=fymc,300,宋体,-9,,0,0,0,0,16777215,0,2,1,1,1,1,1,0,0,0,0,0,费用名称,0,,0
d0030004=dw,60,宋体,-9,,0,0,0,0,16777215,1,2,1,1,1,1,0,0,0,1,-1,0,单位,0,,0
d0030005=打印公式,200,宋体,-9,,0,0,0,0,16777215,1,2,1,1,1,1,1,0,1,1,-1,0,打印公式,0,,0
d0030006=dygs1,200,宋体,-9,,0,0,0,0,16777215,1,2,1,1,1,1,1,0,1,1,-1,0,打印公式1,0,,0
d0030007=sl2,60,宋体,-9,,0,0,0,0,16777215,1,2,1,1,1,1,0,0,0,1,-1,0,计算基数,0,,0
d0030008=fyval,60,宋体,-9,,0,0,0,0,16777215,1,2,1,1,1,1,0,0,0,1,-1,0,费率,0,,0
d0030009=fyval,68,宋体,-9,,0,0,0,0,16777215,1,2,1,1,1,1,0,0,0,1,-1,0,总价,0,,0

d0040001=3
d0040002=2
d0040003=1
d0040004=0
d0040005=1

d005=23
d0050001=1,1,1,9,2,独立费用[编制类型]表,宋体,-18,700,0,0,0,0,0,2,2,0,0,0,0,0,0,0,0,-1,0,,0,,0
d0050002=1,1,3,6,3,,宋体,-9,700,0,0,0,0,0,0,2,0,0,0,0,0,0,0,0,-1,0,,0,,0
d0050003=1,7,3,7,3,,宋体,-9,,0,0,0,0,0,2,2,0,0,0,0,0,0,0,0,-1,0,,0,,0
d0050004=1,8,3,8,3,,宋体,-9,,0,0,0,0,0,2,2,0,0,0,0,0,0,0,0,-1,0,,0,,0
d0050005=1,9,3,9,3,,宋体,-9,,0,0,0,0,0,2,2,0,0,0,0,0,0,0,0,-1,0,,0,,0
d0050006=2,1,1,1,2,序号,宋体,-9,,0,0,0,0,0,2,2,1,1,1,1,0,0,0,0,-1,0,,0,,0
d0050007=2,2,1,2,2,序号,宋体,-9,,0,0,0,0,0,2,2,1,1,1,1,0,0,0,0,-1,0,,0,,0
d0050008=2,3,1,3,2,工程或费用名称,宋体,-9,,0,0,0,0,0,2,2,1,1,1,1,0,0,0,0,-1,0,,0,,0
d0050009=2,4,1,4,2,单位,宋体,-9,,0,0,0,0,0,2,2,1,1,1,1,0,0,0,0,-1,0,,0,,0
d0050010=2,5,1,6,2,公式,宋体,-9,,0,0,0,0,0,2,2,1,1,1,1,0,0,0,0,-1,0,,0,,0
d0050011=2,7,1,7,2,数量,宋体,-9,,0,0,0,0,0,2,2,1,1,1,1,0,0,0,0,-1,0,,0,,0
d0050012=2,8,1,8,2,单价（[micro_hj_wy]）,宋体,-9,,0,0,0,0,0,2,2,1,1,1,1,0,0,0,0,-1,0,,0,,0
d0050013=2,9,1,9,2,合计（[micro_hj_wy]）,宋体,-9,,0,0,0,0,0,2,2,1,1,1,1,0,0,0,0,-1,0,,0,,0
d0050014=3,1,1,1,1,,宋体,-9,,0,0,0,0,0,2,2,1,1,1,1,0,0,0,0,-1,0,,0,,0
d0050015=3,2,1,2,1,,宋体,-9,,0,0,0,0,0,0,2,1,1,1,1,0,0,0,0,-1,0,,0,,0
d0050016=3,3,1,3,1,,宋体,-9,,0,0,0,0,0,0,2,1,1,1,1,0,0,0,0,-1,0,,0,,0
d0050017=3,4,1,4,1,,宋体,-9,,0,0,0,0,0,2,2,1,1,1,1,0,0,0,0,-1,0,,0,,0
d0050018=3,5,1,6,1,,宋体,-9,,0,0,0,0,0,2,2,1,1,1,1,0,0,0,0,-1,0,,0,,0
d0050019=3,7,1,7,1,,宋体,-9,,0,0,0,0,0,1,2,1,1,1,1,0,0,0,0,-1,0,,0,,0
d0050020=3,8,1,8,1,,宋体,-9,,0,0,0,0,0,1,2,1,1,1,1,0,0,0,0,-1,0,,0,,0
d0050021=3,9,1,9,1,,宋体,-9,,0,0,0,0,0,1,2,1,1,1,1,0,0,0,0,-1,0,,0,,0
d0050022=3,10,1,10,1,1,宋体,-9,,0,0,0,0,0,2,2,1,1,1,1,0,0,0,0,-1,0,,0,,0
d0050023=5,1,1,9,1,第[pageno]页 共[pagecount]页,宋体,-11,,0,0,0,0,0,2,2,0,0,0,0,0,0,0,0,-1,0,,0,,0
[PARAMETER]
[报表参数]
desc=报表参数
enabled=1
count=7
1=合价万元,R(False)
2=单价万元,R(False)
3=打印工程名称,L(项目名称),项目名称,标段名称,项目名称+标段名称
4=费用项目打印级数,L(三级项目),一级项目,二级项目,三级项目,四级项目，五级项目
5=单位现实百分号,R(false)
6=编号形式,L(数字代号),自编代号,费用代号,数字代号
7=显示名称,L(不打印名称编号),不打印名称层次,不打印名称编号,原始名称
[/PARAMETER]
[SOURCE]
dll=全国02_通用_独立费用预算表.dll
level=1
[TEMP]
ReWrite=1
[参数设置结果]
费用项目打印级数=三级项目
单位现实百分号=False
打印工程名称=项目名称
编号形式=数字代号
显示名称=不打印名称编号
单价单位=元
打印标题=True
合价万元=True
单价万元=False
[名称映射]
第四部分 独立费=第四部分 独立费用
第五部分 独立费=第五部分 独立费用
