[DESIGN]
d001=0
d001001=,150,150,150,150,1,1.5,-1,宋体,-9,0,0,1,1.5,-1
d003=4
d0030001=序号,73,宋体,-9,,0,0,0,0,0,0,0,1,1,1,1,0,0,0,0,-1,0,序号,0,,0
d0030002=项目名称,112,宋体,-9,,0,0,0,0,0,0,0,1,1,1,1,0,0,0,0,-1,0,项目名称,0,,0
d0030003=单位,60,宋体,-9,,0,0,0,0,0,0,0,1,1,1,1,0,0,0,0,-1,0,单位,0,,0
d0030004=数量,60,宋体,-9,,0,0,0,0,0,0,0,1,1,1,1,0,0,0,0,-1,0,数量,0,,0

d0040001=2
d0040002=0
d0040003=10
d0040004=0
d0040005=1
d00400050001=0

d005=49
d0050001=1,1,1,4,2,补充定额计算表,宋体,-15.75,,0,0,0,0,0,2,2,0,0,0,0,0,0,0,0,-1,0,,0,,0
d0050002=3,1,1,1,1,定额编号,宋体,-9,,0,0,0,0,0,2,2,1,1,1,1,0,0,0,0,-1,0,,0,,0
d0050003=3,2,1,2,1,,宋体,-9,,0,0,0,0,0,2,2,1,1,1,1,0,0,0,0,-1,0,,0,,0
d0050004=3,3,1,3,1,单位,宋体,-9,,0,0,0,0,0,2,2,1,1,1,1,0,0,0,0,-1,0,,0,,0
d0050005=3,4,1,4,1,,宋体,-9,,0,0,0,0,0,2,2,1,1,1,1,0,0,0,0,-1,0,,0,,0
d0050006=3,5,1,5,1,1,宋体,-9,,0,0,0,0,0,2,2,0,0,0,0,0,0,0,0,-1,0,,0,,0
d0050007=3,1,2,1,2,项目名称,宋体,-9,,0,0,0,0,0,2,2,1,1,1,1,0,0,0,0,-1,0,,0,,0
d0050008=3,2,2,4,2,,宋体,-9,,0,0,0,0,0,2,2,1,1,1,1,0,0,0,0,-1,0,,0,,0
d0050009=3,5,2,5,2,2,宋体,-9,,0,0,0,0,0,2,2,0,0,0,0,0,0,0,0,-1,0,,0,,0
d0050010=3,1,3,1,3,,宋体,-9,,0,0,0,0,0,2,2,1,1,1,1,0,0,0,0,-1,0,,0,,0
d0050011=3,2,3,2,3,,宋体,-9,,0,0,0,0,0,2,2,1,1,1,1,0,0,0,0,-1,0,,0,,0
d0050012=3,3,3,3,3,,宋体,-9,,0,0,0,0,0,2,2,1,1,1,1,0,0,0,0,-1,0,,0,,0
d0050013=3,4,3,4,3,,宋体,-9,,0,0,0,0,0,2,2,1,1,1,1,0,0,0,0,-1,0,,0,,0
d0050014=3,5,3,5,3,3,宋体,-9,,0,0,0,0,0,2,2,0,0,0,0,0,0,0,0,-1,0,,0,,0
d0050015=3,1,4,1,5,,宋体,-9,,0,0,0,0,0,2,2,1,1,1,1,0,0,0,0,-1,0,,0,,0
d0050016=3,2,4,2,4,,宋体,-9,,0,0,0,0,0,0,2,1,1,1,1,0,0,0,0,-1,0,,0,,0
d0050017=3,3,4,3,4,,宋体,-9,,0,0,0,0,0,2,2,1,1,1,1,0,0,0,0,-1,0,,0,,0
d0050018=3,4,4,4,4,,宋体,-9,,0,0,0,0,0,2,2,1,1,1,1,0,0,0,0,-1,0,,0,,0
d0050019=3,5,4,5,4,4,宋体,-9,,0,0,0,0,0,2,2,0,0,0,0,0,0,0,0,-1,0,,0,,0
d0050020=3,2,5,2,5,,宋体,-9,,0,0,0,0,0,0,2,1,1,1,1,0,0,0,0,-1,0,,0,,0
d0050021=3,3,5,3,5,,宋体,-9,,0,0,0,0,0,2,2,1,1,1,1,0,0,0,0,-1,0,,0,,0
d0050022=3,4,5,4,5,,宋体,-9,,0,0,0,0,0,2,2,1,1,1,1,0,0,0,0,-1,0,,0,,0
d0050023=3,5,5,5,5,5,宋体,-9,,0,0,0,0,0,2,2,0,0,0,0,0,0,0,0,-1,0,,0,,0
d0050024=3,1,6,1,6,定额编号,宋体,-9,,0,0,0,0,0,2,2,1,1,1,1,0,0,0,0,-1,0,,0,,0
d0050025=3,2,6,2,6,,宋体,-9,,0,0,0,0,0,2,2,1,1,1,1,0,0,0,0,-1,0,,0,,0
d0050026=3,3,6,3,6,单位,宋体,-9,,0,0,0,0,0,2,2,1,1,1,1,0,0,0,0,-1,0,,0,,0
d0050027=3,4,6,4,6,,宋体,-9,,0,0,0,0,0,2,2,1,1,1,1,0,0,0,0,-1,0,,0,,0
d0050028=3,5,6,5,6,2001,宋体,-9,,0,0,0,0,0,2,2,0,0,0,0,0,0,0,0,-1,0,,0,,0
d0050029=3,1,7,1,7,项目名称,宋体,-9,,0,0,0,0,0,2,2,1,1,1,1,0,0,0,0,-1,0,,0,,0
d0050030=3,2,7,4,7,,宋体,-9,,0,0,0,0,0,2,2,1,1,1,1,0,0,0,0,-1,0,,0,,0
d0050031=3,5,7,5,7,2002,宋体,-9,,0,0,0,0,0,2,2,0,0,0,0,0,0,0,0,-1,0,,0,,0
d0050032=3,1,8,1,8,,宋体,-9,,0,0,0,0,0,2,2,1,1,1,1,0,0,0,0,-1,0,,0,,0
d0050033=3,2,8,2,8,,宋体,-9,,0,0,0,0,0,2,2,1,1,1,1,0,0,0,0,-1,0,,0,,0
d0050034=3,3,8,3,8,,宋体,-9,,0,0,0,0,0,2,2,1,1,1,1,0,0,0,0,-1,0,,0,,0
d0050035=3,4,8,4,8,,宋体,-9,,0,0,0,0,0,2,2,1,1,1,1,0,0,0,0,-1,0,,0,,0
d0050036=3,5,8,5,8,2003,宋体,-9,,0,0,0,0,0,2,2,0,0,0,0,0,0,0,0,-1,0,,0,,0
d0050037=3,1,9,1,10,,宋体,-9,,0,0,0,0,0,2,2,1,1,1,1,0,0,0,0,-1,0,,0,,0
d0050038=3,2,9,2,9,,宋体,-9,,0,0,0,0,0,0,2,1,1,1,1,0,0,0,0,-1,0,,0,,0
d0050039=3,3,9,3,9,,宋体,-9,,0,0,0,0,0,2,2,1,1,1,1,0,0,0,0,-1,0,,0,,0
d0050040=3,4,9,4,9,,宋体,-9,,0,0,0,0,0,2,2,1,1,1,1,0,0,0,0,-1,0,,0,,0
d0050041=3,5,9,5,9,2004,宋体,-9,,0,0,0,0,0,2,2,0,0,0,0,0,0,0,0,-1,0,,0,,0
d0050042=3,2,10,2,10,,宋体,-9,,0,0,0,0,0,0,2,1,1,1,1,0,0,0,0,-1,0,,0,,0
d0050043=3,3,10,3,10,,宋体,-9,,0,0,0,0,0,2,2,1,1,1,1,0,0,0,0,-1,0,,0,,0
d0050044=3,4,10,4,10,,宋体,-9,,0,0,0,0,0,2,2,1,1,1,1,0,0,0,0,-1,0,,0,,0
d0050045=3,5,10,5,10,2005,宋体,-9,,0,0,0,0,0,2,2,0,0,0,0,0,0,0,0,-1,0,,0,,0
d0050046=5,1,1,1,1,,宋体,-9,,0,0,0,0,0,2,2,0,0,0,0,0,0,0,0,-1,0,,0,,0
d0050047=5,2,1,2,1,,宋体,-9,,0,0,0,0,0,2,2,0,0,0,0,0,0,0,0,-1,0,,0,,0
d0050048=5,3,1,3,1,,宋体,-9,,0,0,0,0,0,2,2,0,0,0,0,0,0,0,0,-1,0,,0,,0
d0050049=5,4,1,4,1,,宋体,-9,,0,0,0,0,0,2,2,0,0,0,0,0,0,0,0,-1,0,,0,,0
[PARAMETER]
[报表参数]
desc=报表参数
enabled=1
count=1
1=分页打印,R(False)
[/PARAMETER]
[参数设置结果]
工程节点=2001,2002,2003,2004
分页打印=True
[SOURCE]
dll=全国02_通用_补充定额计算表.dll
level=0
[/SOURCE]
