[DESIGN]
d001=0
d001001=主要材料运输费用计算表,150,150,150,150,1,1.5,-1,宋体,-10,0,1,1,1.5,-1
d003=10
d0030001=bh,68,宋体,-10,,0,0,0,0,16777215,1,2,1,1,1,1,0,0,0,0,-1,0,编号,0,
d0030002=feeName,60,宋体,-10,,0,0,0,0,16777215,1,2,1,1,1,1,0,0,0,0,-1,0,费用名称,0,
d0030003=col1,60,宋体,-10,,0,0,0,0,16777215,1,2,1,1,1,1,0,0,0,0,0,0,未命名,0,
d0030004=place,60,宋体,-10,,0,0,0,0,16777215,1,2,1,1,1,1,0,0,0,0,-1,0,地点,0,
d0030005=col2,60,宋体,-10,,0,0,0,0,16777215,1,2,1,1,1,1,0,0,0,0,0,0,未命名,0,
d0030006=distance,60,宋体,-10,,0,0,0,0,16777215,1,2,1,1,1,1,0,0,0,0,-1,0,距离,0,
d0030007=col3,60,宋体,-10,,0,0,0,0,16777215,1,2,1,1,1,1,0,0,0,0,0,0,未命名,0,
d0030008=formula,60,宋体,-10,,0,0,0,0,16777215,1,2,1,1,1,1,0,0,0,0,-1,0,计算公式,0,
d0030009=col4,60,宋体,-10,,0,0,0,0,16777215,1,2,1,1,1,1,0,0,0,0,0,0,未命名,0,
d0030010=total,60,宋体,-10,,0,0,0,0,16777215,1,2,1,1,1,1,0,0,0,0,-1,0,合计,0,

d0040001=3
d0040002=0
d0040003=12
d0040004=0
d0040005=1

d005=91
d0050001=1,1,1,10,2,主要材料运输费用计算表,宋体,-18,700,0,0,0,0,0,2,2,0,0,0,0,0,0,0,0,-1,0,,0,A1
d0050002=1,1,3,10,3,,宋体,-10,700,0,0,0,0,0,0,1,0,0,0,0,0,0,0,0,-1,0,,0,A3
d0050003=3,1,1,1,1,编 号,宋体,-10,,0,0,0,0,0,2,2,1,1,1,1,0,0,0,0,-1,0,,0,A4
d0050004=3,2,1,2,1,1,宋体,-10,,0,0,0,0,0,2,2,1,1,1,1,0,0,0,0,-1,0,,0,B4
d0050005=3,3,1,3,1,2,宋体,-10,,0,0,0,0,0,2,2,1,1,1,1,0,0,0,0,-1,0,,0,C4
d0050006=3,4,1,4,1,3,宋体,-10,,0,0,0,0,0,2,2,1,1,1,1,0,0,0,0,-1,0,,0,D4
d0050007=3,5,1,5,1,材料名称,宋体,-10,,0,0,0,0,0,2,2,1,1,1,1,0,0,0,0,-1,0,,0,E4
d0050008=3,6,1,8,1,,宋体,-10,,0,0,0,0,0,0,2,1,1,1,1,0,0,0,0,-1,0,,0,F4
d0050009=3,9,1,9,1,材料编号,宋体,-10,,0,0,0,0,0,2,2,1,1,1,1,0,0,0,0,-1,0,,0,I4
d0050010=3,10,1,10,1,,宋体,-10,,0,0,0,0,0,0,2,1,1,1,1,0,0,0,0,-1,0,,0,J4
d0050011=3,11,1,11,1,1,宋体,-10,,0,0,0,0,0,0,2,1,1,1,1,0,0,0,0,-1,0,,0,K4
d0050012=3,1,2,1,2,交货条件,宋体,-10,,0,0,0,0,0,2,2,1,1,1,1,0,0,0,0,-1,0,,0,A5
d0050013=3,2,2,2,2,,宋体,-10,,0,0,0,0,0,0,2,1,1,1,1,0,0,0,0,-1,0,,0,B5
d0050014=3,3,2,3,2,,宋体,-10,,0,0,0,0,0,0,2,1,1,1,1,0,0,0,0,-1,0,,0,C5
d0050015=3,4,2,4,2,,宋体,-10,,0,0,0,0,0,0,2,1,1,1,1,0,0,0,0,-1,0,,0,D5
d0050016=3,5,2,5,2,运输方式,宋体,-10,,0,0,0,0,0,2,2,1,1,1,1,0,0,0,0,-1,0,,0,E5
d0050017=3,6,2,6,2,火车,宋体,-10,,0,0,0,0,0,2,2,1,1,1,1,0,0,0,0,-1,0,,0,F5
d0050018=3,7,2,7,2,汽车,宋体,-10,,0,0,0,0,0,2,2,1,1,1,1,0,0,0,0,-1,0,,0,G5
d0050019=3,8,2,8,2,船运,宋体,-10,,0,0,0,0,0,2,2,1,1,1,1,0,0,0,0,-1,0,,0,H5
d0050020=3,9,2,10,2,火车,宋体,-10,,0,0,0,0,0,2,2,1,1,1,1,0,0,0,0,-1,0,,0,I5
d0050021=3,11,2,11,2,2,宋体,-10,,0,0,0,0,0,0,2,1,1,1,1,0,0,0,0,-1,0,,0,K5
d0050022=3,1,3,1,3,交货地点,宋体,-10,,0,0,0,0,0,2,2,1,1,1,1,0,0,0,0,-1,0,,0,A6
d0050023=3,2,3,2,3,,宋体,-10,,0,0,0,0,0,0,2,1,1,1,1,0,0,0,0,-1,0,,0,B6
d0050024=3,3,3,3,3,,宋体,-10,,0,0,0,0,0,0,2,1,1,1,1,0,0,0,0,-1,0,,0,C6
d0050025=3,4,3,4,3,,宋体,-10,,0,0,0,0,0,0,2,1,1,1,1,0,0,0,0,-1,0,,0,D6
d0050026=3,5,3,5,3,货物等级,宋体,-10,,0,0,0,0,0,2,2,1,1,1,1,0,0,0,0,-1,0,,0,E6
d0050027=3,6,3,6,3,,宋体,-10,,0,0,0,0,0,2,2,1,1,1,1,0,0,0,0,-1,0,,0,F6
d0050028=3,7,3,7,3,,宋体,-10,,0,0,0,0,0,2,2,1,1,1,1,0,0,0,0,-1,0,,0,G6
d0050029=3,8,3,8,3,,宋体,-10,,0,0,0,0,0,2,2,1,1,1,1,0,0,0,0,-1,0,,0,H6
d0050030=3,9,3,9,3,整车,宋体,-10,,0,0,0,0,0,2,2,1,1,1,1,0,0,0,0,-1,0,,0,I6
d0050031=3,10,3,10,3,零担,宋体,-10,,0,0,0,0,0,2,2,1,1,1,1,0,0,0,0,-1,0,,0,J6
d0050032=3,11,3,11,3,3,宋体,-10,,0,0,0,0,0,0,2,1,1,1,1,0,0,0,0,-1,0,,0,K6
d0050033=3,1,4,1,4,交货比例(%),宋体,-10,,0,0,0,0,0,2,2,1,1,1,1,0,0,0,0,-1,0,,0,A7
d0050034=3,2,4,2,4,,宋体,-10,,0,0,0,0,0,2,2,1,1,1,1,0,0,0,0,-1,0,,0,B7
d0050035=3,3,4,3,4,,宋体,-10,,0,0,0,0,0,2,2,1,1,1,1,0,0,0,0,-1,0,,0,C7
d0050036=3,4,4,4,4,,宋体,-10,,0,0,0,0,0,2,2,1,1,1,1,0,0,0,0,-1,0,,0,D7
d0050037=3,5,4,5,4,装载系数,宋体,-10,,0,0,0,0,0,2,2,1,1,1,1,0,0,0,0,-1,0,,0,E7
d0050038=3,6,4,6,4,,宋体,-10,,0,0,0,0,0,2,2,1,1,1,1,0,0,0,0,-1,0,,0,F7
d0050039=3,7,4,7,4,,宋体,-10,,0,0,0,0,0,2,2,1,1,1,1,0,0,0,0,-1,0,,0,G7
d0050040=3,8,4,8,4,,宋体,-10,,0,0,0,0,0,2,2,1,1,1,1,0,0,0,0,-1,0,,0,H7
d0050041=3,9,4,9,4,,宋体,-10,,0,0,0,0,0,2,2,1,1,1,1,0,0,0,0,-1,0,,0,I7
d0050042=3,10,4,10,4,,宋体,-10,,0,0,0,0,0,2,2,1,1,1,1,0,0,0,0,-1,0,,0,J7
d0050043=3,11,4,11,4,4,宋体,-10,,0,0,0,0,0,0,2,1,1,1,1,0,0,0,0,-1,0,,0,K7
d0050044=3,1,5,1,5,编号,宋体,-10,,0,0,0,0,0,2,2,1,1,1,1,0,0,0,0,-1,0,,0,A8
d0050045=3,2,5,3,5,运输费用项目,宋体,-10,,0,0,0,0,0,2,2,1,1,1,1,0,0,0,0,-1,0,,0,B8
d0050046=3,4,5,5,5,运输起讫地点,宋体,-10,,0,0,0,0,0,2,2,1,1,1,1,0,0,0,0,-1,0,,0,D8
d0050047=3,6,5,7,5,运输距离(km),宋体,-10,,0,0,0,0,0,2,2,1,1,1,1,0,0,0,0,-1,0,,0,F8
d0050048=3,8,5,9,5,计算公式,宋体,-10,,0,0,0,0,0,2,2,1,1,1,1,0,0,0,0,-1,0,,0,H8
d0050049=3,10,5,10,5,合计(元),宋体,-10,,0,0,0,0,0,2,2,1,1,1,1,0,0,0,0,-1,0,,0,J8
d0050050=3,11,5,11,5,5,宋体,-10,,0,0,0,0,0,0,2,1,1,1,1,0,0,0,0,-1,0,,0,K8
d0050051=3,1,6,1,11,,宋体,-10,,0,0,0,0,0,2,2,1,1,1,1,0,0,0,0,-1,0,,0,A9
d0050052=3,2,6,3,6,,宋体,-10,,0,0,0,0,0,0,2,1,1,1,1,0,0,0,0,-1,0,,0,B9
d0050053=3,4,6,5,6,,宋体,-10,,0,0,0,0,0,0,2,1,1,1,1,0,0,0,0,-1,0,,0,D9
d0050054=3,6,6,7,6,,宋体,-10,,0,0,0,0,0,2,2,1,1,1,1,0,0,0,0,-1,0,,0,F9
d0050055=3,8,6,9,6,,宋体,-10,,0,0,0,0,0,1,2,1,1,1,1,0,0,0,0,-1,0,,0,H9
d0050056=3,10,6,10,6,,宋体,-10,,0,0,0,0,0,1,2,1,1,1,1,0,0,0,0,-1,0,,0,J9
d0050057=3,11,6,11,6,6,宋体,-10,,0,0,0,0,0,0,2,1,1,1,1,0,0,0,0,-1,0,,0,K9
d0050058=3,2,7,3,7,,宋体,-10,,0,0,0,0,0,0,2,1,1,1,1,0,0,0,0,-1,0,,0,B10
d0050059=3,4,7,5,7,,宋体,-10,,0,0,0,0,0,0,2,1,1,1,1,0,0,0,0,-1,0,,0,D10
d0050060=3,6,7,7,7,,宋体,-10,,0,0,0,0,0,2,2,1,1,1,1,0,0,0,0,-1,0,,0,F10
d0050061=3,8,7,9,7,,宋体,-10,,0,0,0,0,0,1,2,1,1,1,1,0,0,0,0,-1,0,,0,H10
d0050062=3,10,7,10,7,,宋体,-10,,0,0,0,0,0,1,2,1,1,1,1,0,0,0,0,-1,0,,0,J10
d0050063=3,11,7,11,7,7,宋体,-10,,0,0,0,0,0,0,2,1,1,1,1,0,0,0,0,-1,0,,0,K10
d0050064=3,2,8,3,8,,宋体,-10,,0,0,0,0,0,0,2,1,1,1,1,0,0,0,0,-1,0,,0,B11
d0050065=3,4,8,5,8,,宋体,-10,,0,0,0,0,0,0,2,1,1,1,1,0,0,0,0,-1,0,,0,D11
d0050066=3,6,8,7,8,,宋体,-10,,0,0,0,0,0,2,2,1,1,1,1,0,0,0,0,-1,0,,0,F11
d0050067=3,8,8,9,8,,宋体,-10,,0,0,0,0,0,1,2,1,1,1,1,0,0,0,0,-1,0,,0,H11
d0050068=3,10,8,10,8,,宋体,-10,,0,0,0,0,0,1,2,1,1,1,1,0,0,0,0,-1,0,,0,J11
d0050069=3,11,8,11,8,8,宋体,-10,,0,0,0,0,0,0,2,1,1,1,1,0,0,0,0,-1,0,,0,K11
d0050070=3,2,9,3,9,,宋体,-10,,0,0,0,0,0,0,2,1,1,1,1,0,0,0,0,-1,0,,0,B12
d0050071=3,4,9,5,9,,宋体,-10,,0,0,0,0,0,0,2,1,1,1,1,0,0,0,0,-1,0,,0,D12
d0050072=3,6,9,7,9,,宋体,-10,,0,0,0,0,0,2,2,1,1,1,1,0,0,0,0,-1,0,,0,F12
d0050073=3,8,9,9,9,,宋体,-10,,0,0,0,0,0,1,2,1,1,1,1,0,0,0,0,-1,0,,0,H12
d0050074=3,10,9,10,9,,宋体,-10,,0,0,0,0,0,1,2,1,1,1,1,0,0,0,0,-1,0,,0,J12
d0050075=3,11,9,11,9,9,宋体,-10,,0,0,0,0,0,0,2,1,1,1,1,0,0,0,0,-1,0,,0,K12
d0050076=3,2,10,3,10,,宋体,-10,,0,0,0,0,0,0,2,1,1,1,1,0,0,0,0,-1,0,,0,B13
d0050077=3,4,10,5,10,,宋体,-10,,0,0,0,0,0,0,2,1,1,1,1,0,0,0,0,-1,0,,0,D13
d0050078=3,6,10,7,10,,宋体,-10,,0,0,0,0,0,2,2,1,1,1,1,0,0,0,0,-1,0,,0,F13
d0050079=3,8,10,9,10,,宋体,-10,,0,0,0,0,0,1,2,1,1,1,1,0,0,0,0,-1,0,,0,H13
d0050080=3,10,10,10,10,,宋体,-10,,0,0,0,0,0,1,2,1,1,1,1,0,0,0,0,-1,0,,0,J13
d0050081=3,11,10,11,10,10,宋体,-10,,0,0,0,0,0,0,2,1,1,1,1,0,0,0,0,-1,0,,0,K13
d0050082=3,2,11,3,11,,宋体,-10,,0,0,0,0,0,0,2,1,1,1,1,0,0,0,0,-1,0,,0,B14
d0050083=3,4,11,5,11,,宋体,-10,,0,0,0,0,0,0,2,1,1,1,1,0,0,0,0,-1,0,,0,D14
d0050084=3,6,11,7,11,,宋体,-10,,0,0,0,0,0,2,2,1,1,1,1,0,0,0,0,-1,0,,0,F14
d0050085=3,8,11,9,11,,宋体,-10,,0,0,0,0,0,0,2,1,1,1,1,0,0,0,0,-1,0,,0,H14
d0050086=3,10,11,10,11,,宋体,-10,,0,0,0,0,0,1,2,1,1,1,1,0,0,0,0,-1,0,,0,J14
d0050087=3,11,11,11,11,11,宋体,-10,,0,0,0,0,0,2,2,1,1,1,1,0,0,0,0,-1,0,,0,K14
d0050088=3,1,12,7,12,每吨运杂费,宋体,-10,,0,0,0,0,0,2,2,1,1,1,1,0,0,0,0,-1,0,,0,A15
d0050089=3,8,12,10,12,,宋体,-10,,0,0,0,0,0,1,2,1,1,1,1,0,0,0,0,-1,0,,0,H15
d0050090=3,11,12,11,12,12,宋体,-10,,0,0,0,0,0,0,2,1,1,1,1,0,0,0,0,-1,0,,0,K15
d0050091=5,1,1,10,1,第[pageno]页 共[pagecount]页,宋体,-10,,0,0,0,0,0,2,2,0,0,0,0,0,0,0,0,-1,0,,0,A16
[PARAMETER]
[报表参数]
desc=报表参数
enabled=1
count=3
1=打印序号,R(false)
2=打印工程名称,L(项目名称),项目名称,标段名称,项目名称+标段名称,合同编号,不打印项目名称
3=打印样式,L(编规样式),编规样式,精简模式
[/PARAMETER]
[SOURCE]
dll=全国02_通用_主要材料运输费用计算表.dll
level=0
[参数设置结果]
打印序号=True
打印工程名称=项目名称
打印样式=编规样式
[TEMP]
ReWrite=1
