[DESIGN]
d001=0
d001001=主要工程量汇总表,150,150,150,150,2,1.5,-1,宋体,-10,0,0,1,0.1,-1
d003=3
d0030001=xh,50,宋体,-9,,0,0,0,0,16777215,2,2,1,1,1,1,0,0,0,1,-1,0,序号,0,,0
d0030002=xmmc,166,宋体,-9,,0,0,0,0,16777215,1,2,1,1,1,1,0,0,0,1,-1,0,项目名称,0,,0
d0030003=dosagetype,69,宋体,-9,,0,0,0,0,16777215,1,2,1,1,1,1,0,1,0,1,-1,0,材料名称,1,,0

d0040001=3
d0040002=0
d0040003=3
d0040004=0
d0040005=1

d005=15
d0050001=1,1,1,3,2,主要工程量汇总表,宋体,-18,700,0,0,0,0,0,2,2,0,0,0,0,0,0,0,0,-1,0,,0,,0
d0050002=1,1,3,3,3,[macroGcName2],宋体,-9,,0,0,0,0,0,0,2,0,0,0,0,0,0,0,0,-1,0,,0,,0
d0050003=3,1,1,1,1,,宋体,-9,,0,0,0,0,0,2,2,1,1,1,1,0,0,0,0,-1,0,,0,,0
d0050004=3,2,1,2,1,,宋体,-9,,0,0,0,0,0,2,2,1,1,1,1,0,0,0,0,-1,0,,0,,0
d0050005=3,3,1,3,1,,宋体,-9,,0,0,0,0,0,2,2,1,1,1,1,0,0,0,0,-1,0,,0,,0
d0050006=3,4,1,4,1,-5,宋体,-9,,0,0,0,0,0,0,2,1,1,1,1,0,0,0,0,-1,0,,0,,0
d0050007=3,1,2,1,2,,宋体,-9,,0,0,0,0,0,2,2,1,1,1,1,0,0,0,0,-1,0,,0,,0
d0050008=3,2,2,2,2,,宋体,-9,,0,0,0,0,0,0,2,1,1,1,1,0,0,0,0,-1,0,,0,,0
d0050009=3,3,2,3,2,,宋体,-9,,0,0,0,0,0,1,2,1,1,1,1,0,0,0,0,-1,0,,0,,0
d0050010=3,4,2,4,2,2,宋体,-9,,0,0,0,0,0,0,2,1,1,1,1,0,0,0,0,-1,0,,0,,0
d0050011=3,1,3,1,3,,宋体,-9,,0,0,0,0,0,2,2,1,1,1,1,0,0,0,0,-1,0,,0,,0
d0050012=3,2,3,2,3,,宋体,-9,,0,0,0,0,0,0,2,1,1,1,1,0,0,0,0,-1,0,,0,,0
d0050013=3,3,3,3,3,,宋体,-9,,0,0,0,0,0,1,2,1,1,1,1,0,0,0,0,-1,0,,0,,0
d0050014=3,4,3,4,3,1003,宋体,-9,,0,0,0,0,0,0,2,1,1,1,1,0,0,0,0,-1,0,,0,,0
d0050015=5,1,1,3,1,第[pageno]页 共[pagecount]页,宋体,-9,,0,0,0,0,0,2,2,0,0,0,0,0,0,0,0,-1,0,,0,,0
[PARAMETER]
[报表参数]
desc=报表参数
enabled=1
count=4
1=打印级数,L(一级项目),工程层次,一级项目,二级项目,三级项目,四级项目,五级项目,六级项目
2=打印工程名称,L(项目名称),项目名称,标段名称,项目名称+标段名称
3=打印套用单价序号,R(false)
4=小数位数,L(2),0,1,2,3,4,5,6,7,8,9
[/PARAMETER]
[SOURCE]
type=rptx
rpt=全国02_通用_主要工程量汇总表.rpt
rptx=全国02_通用_主要工程量汇总表.rptx
dll=全国02_通用_主要工程量汇总表.dll
level=1
[参数设置结果]
打印级数=六级项目
打印工程名称=项目名称
打印套用单价序号=False
小数位数=2
[TEMP]
ReWrite=1
