[DESIGN]
d001=0
d001001=工程量清单单价分析表,110,110,120,120,1,1.5,-1,宋体,-10,0,0,1,1.5,-1
d003=6
d0030001=mark,91,宋体,-9,,0,0,0,0,16777215,1,2,1,1,1,1,0,0,0,0,-1,0,编码,0,,0
d0030002=name,60,宋体,-9,,0,0,0,0,16777215,1,2,1,1,1,1,0,0,0,1,-1,0,名称,0,,0
d0030003=unit,60,宋体,-9,,0,0,0,0,16777215,1,2,1,1,1,1,0,0,0,0,-1,0,单位,0,,0
d0030004=amount,60,宋体,-9,,0,0,0,0,16777215,1,2,1,1,1,1,0,0,0,0,-1,0,用量,0,,0
d0030005=unitprice,60,宋体,-9,,0,0,0,0,16777215,1,2,1,1,1,1,0,0,0,0,-1,0,单价,0,,0
d0030006=sumprice,60,宋体,-9,,0,0,0,0,16777215,1,2,1,1,1,1,0,0,0,0,-1,0,合价,0,,0

d0040001=25
d0040002=0
d0040003=1
d0040004=1
d0040005=5
d00400010009=0

d005=159
d0050001=1,1,1,6,2,工程量清单单价分析表,宋体,-18,700,0,0,0,0,0,2,2,0,0,0,0,0,0,0,0,-1,0,,0,,0
d0050002=1,1,3,1,3,,宋体,-9,,0,0,0,0,0,2,2,0,0,0,0,0,0,0,0,-1,0,,0,,0
d0050003=1,2,3,2,3,,宋体,-9,,0,0,0,0,0,2,2,0,0,0,0,0,0,0,0,-1,0,,0,,0
d0050004=1,3,3,3,3,,宋体,-9,,0,0,0,0,0,2,2,0,0,0,0,0,0,0,0,-1,0,,0,,0
d0050005=1,4,3,4,3,,宋体,-9,,0,0,0,0,0,2,2,0,0,0,0,0,0,0,0,-1,0,,0,,0
d0050006=1,5,3,5,3,,宋体,-9,,0,0,0,0,0,2,2,0,0,0,0,0,0,0,0,-1,0,,0,,0
d0050007=1,6,3,6,3,,宋体,-9,,0,0,0,0,0,2,2,0,0,0,0,0,0,0,0,-1,0,,0,,0
d0050008=1,1,4,1,4,项目编号：,宋体,-9,,0,0,0,0,0,1,2,0,0,0,0,0,0,0,0,-1,0,,0,,0
d0050009=1,2,4,5,4,[项目编号] ,宋体,-9,,0,0,0,0,0,0,2,0,1,0,0,0,0,0,0,-1,0,,0,,0
d0050010=1,6,4,6,4, ,宋体,-9,,0,0,0,0,0,2,2,0,0,0,0,0,0,0,0,-1,0,,0,,0
d0050011=1,1,5,1,5,项目名称：,宋体,-9,,0,0,0,0,0,1,2,0,0,0,0,0,0,0,0,-1,0,,0,,0
d0050012=1,2,5,5,5,[项目名称] ,宋体,-9,,0,0,0,0,0,0,2,0,1,0,0,0,0,0,0,-1,0,,0,,0
d0050013=1,6,5,6,5, ,宋体,-9,,0,0,0,0,0,2,2,0,0,0,0,0,0,0,0,-1,0,,0,,0
d0050014=1,1,6,1,6,工作内容：,宋体,-9,,0,0,0,0,0,1,2,0,0,0,0,0,0,0,0,-1,0,,0,,0
d0050015=1,2,6,5,6,[工作内容] ,宋体,-9,,0,0,0,0,0,0,2,0,1,0,0,0,0,0,0,-1,0,,0,,0
d0050016=1,6,6,6,6, ,宋体,-9,,0,0,0,0,0,2,2,0,0,0,0,0,0,0,0,-1,0,,0,,0
d0050017=1,1,7,1,7,定额组成：,宋体,-9,,0,0,0,0,0,1,2,0,0,0,0,0,0,0,0,-1,0,,0,,0
d0050018=1,2,7,5,7,[定额组成] ,宋体,-9,,0,0,0,0,0,0,2,0,1,0,0,0,0,0,0,-1,0,,0,,0
d0050019=1,6,7,6,7, ,宋体,-9,,0,0,0,0,0,2,2,0,0,0,0,0,0,0,0,-1,0,,0,,0
d0050020=1,1,8,1,8,单    价：,宋体,-9,,0,0,0,0,0,1,2,0,0,0,0,0,0,0,0,-1,0,,0,,0
d0050021=1,2,8,5,8,[项目单价] ,宋体,-9,,0,0,0,0,0,0,2,0,1,0,0,0,0,0,0,-1,0,,0,,0
d0050022=1,6,8,6,8, ,宋体,-9,,0,0,0,0,0,2,2,0,0,0,0,0,0,0,0,-1,0,,0,,0
d0050023=1,1,9,1,9,,宋体,-9,,0,0,0,0,0,2,2,0,0,0,0,0,0,0,0,-1,0,,0,,0
d0050024=1,2,9,2,9, ,宋体,-9,,0,0,0,0,0,2,2,0,0,0,0,0,0,0,0,-1,0,,0,,0
d0050025=1,3,9,3,9,,宋体,-9,,0,0,0,0,0,2,2,0,0,0,0,0,0,0,0,-1,0,,0,,0
d0050026=1,4,9,4,9,,宋体,-9,,0,0,0,0,0,2,2,0,0,0,0,0,0,0,0,-1,0,,0,,0
d0050027=1,5,9,5,9,,宋体,-9,,0,0,0,0,0,2,2,0,0,0,0,0,0,0,0,-1,0,,0,,0
d0050028=1,6,9,6,9,,宋体,-9,,0,0,0,0,0,2,2,0,0,0,0,0,0,0,0,-1,0,,0,,0
d0050029=1,1,10,1,10,,宋体,-9,,0,0,0,0,0,2,2,0,0,0,0,0,0,0,0,-1,0,,0,,0
d0050030=1,2,10,2,10,,宋体,-9,,0,0,0,0,0,2,2,0,0,0,0,0,0,0,0,-1,0,,0,,0
d0050031=1,3,10,3,10,,宋体,-9,,0,0,0,0,0,2,2,0,0,0,0,0,0,0,0,-1,0,,0,,0
d0050032=1,4,10,4,10,,宋体,-9,,0,0,0,0,0,2,2,0,0,0,0,0,0,0,0,-1,0,,0,,0
d0050033=1,5,10,5,10,,宋体,-9,,0,0,0,0,0,2,2,0,0,0,0,0,0,0,0,-1,0,,0,,0
d0050034=1,6,10,6,10,项目单位:[项目单位],宋体,-9,,0,0,0,0,0,0,2,0,0,0,0,0,0,0,0,-1,0,,0,,0
d0050035=1,1,11,1,11,编号,宋体,-9,,0,0,0,0,0,2,2,1,1,1,1,0,0,0,0,-1,0,,0,,0
d0050036=1,2,11,2,11,名称及规格,宋体,-9,,0,0,0,0,0,2,2,1,1,1,1,0,0,0,0,-1,0,,0,,0
d0050037=1,3,11,3,11,单位,宋体,-9,,0,0,0,0,0,2,2,1,1,1,1,0,0,0,0,-1,0,,0,,0
d0050038=1,4,11,4,11,数量,宋体,-9,,0,0,0,0,0,2,2,1,1,1,1,0,0,0,0,-1,0,,0,,0
d0050039=1,5,11,5,11,单价(元),宋体,-9,,0,0,0,0,0,2,2,1,1,1,1,0,0,0,0,-1,0,,0,,0
d0050040=1,6,11,6,11,合价(元),宋体,-9,,0,0,0,0,0,2,2,1,1,1,1,0,0,0,0,-1,0,,0,,0
d0050041=1,1,12,1,12,一,宋体,-9,,0,0,0,0,0,2,2,1,1,1,1,0,0,0,0,-1,0,,0,,0
d0050042=1,2,12,2,12,直接工程费,宋体,-9,,0,0,0,0,0,0,2,1,1,1,1,0,0,0,0,-1,0,,0,,0
d0050043=1,3,12,3,12,    ,宋体,-9,,0,0,0,0,0,2,2,1,1,1,1,0,0,0,0,-1,0,,0,,0
d0050044=1,4,12,4,12,    ,宋体,-9,,0,0,0,0,0,2,2,1,1,1,1,0,0,0,0,-1,0,,0,,0
d0050045=1,5,12,5,12,    ,宋体,-9,,0,0,0,0,0,2,2,1,1,1,1,0,0,0,0,-1,0,,0,,0
d0050046=1,6,12,6,12,    ,宋体,-9,,0,0,0,0,0,2,2,1,1,1,1,0,0,0,0,-1,0,,0,,0
d0050047=1,1,13,1,13,1,宋体,-9,,0,0,0,0,0,2,2,1,1,1,1,0,0,0,0,-1,0,,0,,0
d0050048=1,2,13,2,13,直接费,宋体,-9,,0,0,0,0,0,0,2,1,1,1,1,0,0,0,0,-1,0,,0,,0
d0050049=1,3,13,3,13,    ,宋体,-9,,0,0,0,0,0,2,2,1,1,1,1,0,0,0,0,-1,0,,0,,0
d0050050=1,4,13,4,13,    ,宋体,-9,,0,0,0,0,0,2,2,1,1,1,1,0,0,0,0,-1,0,,0,,0
d0050051=1,5,13,5,13,    ,宋体,-9,,0,0,0,0,0,2,2,1,1,1,1,0,0,0,0,-1,0,,0,,0
d0050052=1,6,13,6,13,    ,宋体,-9,,0,0,0,0,0,2,2,1,1,1,1,0,0,0,0,-1,0,,0,,0
d0050053=1,1,14,1,14,(1),宋体,-9,,0,0,0,0,0,2,2,1,1,1,1,0,0,0,0,-1,0,,0,,0
d0050054=1,2,14,2,14,人工费,宋体,-9,,0,0,0,0,0,0,2,1,1,1,1,0,0,0,0,-1,0,,0,,0
d0050055=1,3,14,3,14,    ,宋体,-9,,0,0,0,0,0,2,2,1,1,1,1,0,0,0,0,-1,0,,0,,0
d0050056=1,4,14,4,14,    ,宋体,-9,,0,0,0,0,0,2,2,1,1,1,1,0,0,0,0,-1,0,,0,,0
d0050057=1,5,14,5,14,    ,宋体,-9,,0,0,0,0,0,2,2,1,1,1,1,0,0,0,0,-1,0,,0,,0
d0050058=1,6,14,6,14,    ,宋体,-9,,0,0,0,0,0,2,2,1,1,1,1,0,0,0,0,-1,0,,0,,0
d0050059=1,1,15,1,15,(1),宋体,-9,,0,0,0,0,0,2,2,1,1,1,1,0,0,0,0,-1,0,,0,,0
d0050060=1,2,15,2,15, .......,宋体,-9,,0,0,0,0,0,0,2,1,1,1,1,0,0,0,0,-1,0,,0,,0
d0050061=1,3,15,3,15,    ,宋体,-9,,0,0,0,0,0,2,2,1,1,1,1,0,0,0,0,-1,0,,0,,0
d0050062=1,4,15,4,15,    ,宋体,-9,,0,0,0,0,0,2,2,1,1,1,1,0,0,0,0,-1,0,,0,,0
d0050063=1,5,15,5,15,    ,宋体,-9,,0,0,0,0,0,2,2,1,1,1,1,0,0,0,0,-1,0,,0,,0
d0050064=1,6,15,6,15,    ,宋体,-9,,0,0,0,0,0,2,2,1,1,1,1,0,0,0,0,-1,0,,0,,0
d0050065=1,1,16,1,16,(2),宋体,-9,,0,0,0,0,0,2,2,1,1,1,1,0,0,0,0,-1,0,,0,,0
d0050066=1,2,16,2,16,材料费,宋体,-9,,0,0,0,0,0,0,2,1,1,1,1,0,0,0,0,-1,0,,0,,0
d0050067=1,3,16,3,16,    ,宋体,-9,,0,0,0,0,0,2,2,1,1,1,1,0,0,0,0,-1,0,,0,,0
d0050068=1,4,16,4,16,    ,宋体,-9,,0,0,0,0,0,2,2,1,1,1,1,0,0,0,0,-1,0,,0,,0
d0050069=1,5,16,5,16,    ,宋体,-9,,0,0,0,0,0,2,2,1,1,1,1,0,0,0,0,-1,0,,0,,0
d0050070=1,6,16,6,16,    ,宋体,-9,,0,0,0,0,0,2,2,1,1,1,1,0,0,0,0,-1,0,,0,,0
d0050071=1,1,17,1,17,(1),宋体,-9,,0,0,0,0,0,2,2,1,1,1,1,0,0,0,0,-1,0,,0,,0
d0050072=1,2,17,2,17,.......,宋体,-9,,0,0,0,0,0,0,2,1,1,1,1,0,0,0,0,-1,0,,0,,0
d0050073=1,3,17,3,17,    ,宋体,-9,,0,0,0,0,0,2,2,1,1,1,1,0,0,0,0,-1,0,,0,,0
d0050074=1,4,17,4,17,    ,宋体,-9,,0,0,0,0,0,2,2,1,1,1,1,0,0,0,0,-1,0,,0,,0
d0050075=1,5,17,5,17,    ,宋体,-9,,0,0,0,0,0,2,2,1,1,1,1,0,0,0,0,-1,0,,0,,0
d0050076=1,6,17,6,17,    ,宋体,-9,,0,0,0,0,0,2,2,1,1,1,1,0,0,0,0,-1,0,,0,,0
d0050077=1,1,18,1,18,(3),宋体,-9,,0,0,0,0,0,2,2,1,1,1,1,0,0,0,0,-1,0,,0,,0
d0050078=1,2,18,2,18,机械费,宋体,-9,,0,0,0,0,0,0,2,1,1,1,1,0,0,0,0,-1,0,,0,,0
d0050079=1,3,18,3,18,    ,宋体,-9,,0,0,0,0,0,2,2,1,1,1,1,0,0,0,0,-1,0,,0,,0
d0050080=1,4,18,4,18,    ,宋体,-9,,0,0,0,0,0,2,2,1,1,1,1,0,0,0,0,-1,0,,0,,0
d0050081=1,5,18,5,18,    ,宋体,-9,,0,0,0,0,0,2,2,1,1,1,1,0,0,0,0,-1,0,,0,,0
d0050082=1,6,18,6,18,    ,宋体,-9,,0,0,0,0,0,2,2,1,1,1,1,0,0,0,0,-1,0,,0,,0
d0050083=1,1,19,1,19,(1),宋体,-9,,0,0,0,0,0,2,2,1,1,1,1,0,0,0,0,-1,0,,0,,0
d0050084=1,2,19,2,19,........,宋体,-9,,0,0,0,0,0,0,2,1,1,1,1,0,0,0,0,-1,0,,0,,0
d0050085=1,3,19,3,19,    ,宋体,-9,,0,0,0,0,0,2,2,1,1,1,1,0,0,0,0,-1,0,,0,,0
d0050086=1,4,19,4,19,    ,宋体,-9,,0,0,0,0,0,2,2,1,1,1,1,0,0,0,0,-1,0,,0,,0
d0050087=1,5,19,5,19,    ,宋体,-9,,0,0,0,0,0,2,2,1,1,1,1,0,0,0,0,-1,0,,0,,0
d0050088=1,6,19,6,19,    ,宋体,-9,,0,0,0,0,0,2,2,1,1,1,1,0,0,0,0,-1,0,,0,,0
d0050089=1,1,20,1,20,2,宋体,-9,,0,0,0,0,0,2,2,1,1,1,1,0,0,0,0,-1,0,,0,,0
d0050090=1,2,20,2,20,其它直接费,宋体,-9,,0,0,0,0,0,0,2,1,1,1,1,0,0,0,0,-1,0,,0,,0
d0050091=1,3,20,3,20,    ,宋体,-9,,0,0,0,0,0,2,2,1,1,1,1,0,0,0,0,-1,0,,0,,0
d0050092=1,4,20,4,20,    ,宋体,-9,,0,0,0,0,0,2,2,1,1,1,1,0,0,0,0,-1,0,,0,,0
d0050093=1,5,20,5,20,    ,宋体,-9,,0,0,0,0,0,2,2,1,1,1,1,0,0,0,0,-1,0,,0,,0
d0050094=1,6,20,6,20,    ,宋体,-9,,0,0,0,0,0,2,2,1,1,1,1,0,0,0,0,-1,0,,0,,0
d0050095=1,1,21,1,21,3,宋体,-9,,0,0,0,0,0,2,2,1,1,1,1,0,0,0,0,-1,0,,0,,0
d0050096=1,2,21,2,21,现场经费,宋体,-9,,0,0,0,0,0,0,2,1,1,1,1,0,0,0,0,-1,0,,0,,0
d0050097=1,3,21,3,21,    ,宋体,-9,,0,0,0,0,0,2,2,1,1,1,1,0,0,0,0,-1,0,,0,,0
d0050098=1,4,21,4,21,    ,宋体,-9,,0,0,0,0,0,2,2,1,1,1,1,0,0,0,0,-1,0,,0,,0
d0050099=1,5,21,5,21,    ,宋体,-9,,0,0,0,0,0,2,2,1,1,1,1,0,0,0,0,-1,0,,0,,0
d0050100=1,6,21,6,21,    ,宋体,-9,,0,0,0,0,0,2,2,1,1,1,1,0,0,0,0,-1,0,,0,,0
d0050101=1,1,22,1,22,二,宋体,-9,,0,0,0,0,0,2,2,1,1,1,1,0,0,0,0,-1,0,,0,,0
d0050102=1,2,22,2,22,间接费,宋体,-9,,0,0,0,0,0,0,2,1,1,1,1,0,0,0,0,-1,0,,0,,0
d0050103=1,3,22,3,22,    ,宋体,-9,,0,0,0,0,0,2,2,1,1,1,1,0,0,0,0,-1,0,,0,,0
d0050104=1,4,22,4,22,    ,宋体,-9,,0,0,0,0,0,2,2,1,1,1,1,0,0,0,0,-1,0,,0,,0
d0050105=1,5,22,5,22,    ,宋体,-9,,0,0,0,0,0,2,2,1,1,1,1,0,0,0,0,-1,0,,0,,0
d0050106=1,6,22,6,22,    ,宋体,-9,,0,0,0,0,0,2,2,1,1,1,1,0,0,0,0,-1,0,,0,,0
d0050107=1,1,23,1,23,三,宋体,-9,,0,0,0,0,0,2,2,1,1,1,1,0,0,0,0,-1,0,,0,,0
d0050108=1,2,23,2,23,企业利润,宋体,-9,,0,0,0,0,0,0,2,1,1,1,1,0,0,0,0,-1,0,,0,,0
d0050109=1,3,23,3,23,    ,宋体,-9,,0,0,0,0,0,2,2,1,1,1,1,0,0,0,0,-1,0,,0,,0
d0050110=1,4,23,4,23,    ,宋体,-9,,0,0,0,0,0,2,2,1,1,1,1,0,0,0,0,-1,0,,0,,0
d0050111=1,5,23,5,23,    ,宋体,-9,,0,0,0,0,0,2,2,1,1,1,1,0,0,0,0,-1,0,,0,,0
d0050112=1,6,23,6,23,    ,宋体,-9,,0,0,0,0,0,2,2,1,1,1,1,0,0,0,0,-1,0,,0,,0
d0050113=1,1,24,1,24,四,宋体,-9,,0,0,0,0,0,2,2,1,1,1,1,0,0,0,0,-1,0,,0,,0
d0050114=1,2,24,2,24,其他费用摊销,宋体,-9,,0,0,0,0,0,0,2,1,1,1,1,0,0,0,0,-1,0,,0,,0
d0050115=1,3,24,3,24,    ,宋体,-9,,0,0,0,0,0,2,2,1,1,1,1,0,0,0,0,-1,0,,0,,0
d0050116=1,4,24,4,24,    ,宋体,-9,,0,0,0,0,0,2,2,1,1,1,1,0,0,0,0,-1,0,,0,,0
d0050117=1,5,24,5,24,    ,宋体,-9,,0,0,0,0,0,2,2,1,1,1,1,0,0,0,0,-1,0,,0,,0
d0050118=1,6,24,6,24,    ,宋体,-9,,0,0,0,0,0,2,2,1,1,1,1,0,0,0,0,-1,0,,0,,0
d0050119=1,1,25,1,25,五,宋体,-9,,0,0,0,0,0,2,2,1,1,1,1,0,0,0,0,-1,0,,0,,0
d0050120=1,2,25,2,25,税金,宋体,-9,,0,0,0,0,0,0,2,1,1,1,1,0,0,0,0,-1,0,,0,,0
d0050121=1,3,25,3,25,    ,宋体,-9,,0,0,0,0,0,2,2,1,1,1,1,0,0,0,0,-1,0,,0,,0
d0050122=1,4,25,4,25,    ,宋体,-9,,0,0,0,0,0,2,2,1,1,1,1,0,0,0,0,-1,0,,0,,0
d0050123=1,5,25,5,25,    ,宋体,-9,,0,0,0,0,0,2,2,1,1,1,1,0,0,0,0,-1,0,,0,,0
d0050124=1,6,25,6,25,    ,宋体,-9,,0,0,0,0,0,2,2,1,1,1,1,0,0,0,0,-1,0,,0,,0
d0050125=3,1,1,1,1,,宋体,-9,,0,0,0,0,0,0,2,1,1,1,1,0,0,0,0,-1,0,,0,,0
d0050126=3,2,1,2,1,,宋体,-9,,0,0,0,0,0,0,2,1,1,1,1,0,0,0,0,-1,0,,0,,0
d0050127=3,3,1,3,1,,宋体,-9,,0,0,0,0,0,0,2,1,1,1,1,0,0,0,0,-1,0,,0,,0
d0050128=3,4,1,4,1,,宋体,-9,,0,0,0,0,0,0,2,1,1,1,1,0,0,0,0,-1,0,,0,,0
d0050129=3,5,1,5,1,,宋体,-9,,0,0,0,0,0,0,2,1,1,1,1,0,0,0,0,-1,0,,0,,0
d0050130=3,6,1,6,1,,宋体,-9,,0,0,0,0,0,0,2,1,1,1,1,0,0,0,0,-1,0,,0,,0
d0050131=3,7,1,7,1,1,宋体,-9,,0,0,0,0,0,0,2,1,1,1,1,0,0,0,0,-1,0,,0,,0
d0050132=4,1,1,1,1,  ,宋体,-9,,0,0,0,0,0,2,2,1,1,1,1,0,0,0,0,-1,0,,0,,0
d0050133=4,2,1,2,1,合计,宋体,-9,,0,0,0,0,0,2,2,1,1,1,1,0,0,0,0,-1,0,,0,,0
d0050134=4,3,1,3,1,    ,宋体,-9,,0,0,0,0,0,2,2,1,1,1,1,0,0,0,0,-1,0,,0,,0
d0050135=4,4,1,4,1,    ,宋体,-9,,0,0,0,0,0,2,2,1,1,1,1,0,0,0,0,-1,0,,0,,0
d0050136=4,5,1,5,1,    ,宋体,-9,,0,0,0,0,0,2,2,1,1,1,1,0,0,0,0,-1,0,,0,,0
d0050137=4,6,1,6,1,    ,宋体,-9,,0,0,0,0,0,2,2,1,1,1,1,0,0,0,0,-1,0,,0,,0
d0050138=5,1,1,1,1,,宋体,-9,,0,0,0,0,0,2,2,0,0,0,0,0,0,0,0,-1,0,,0,,0
d0050139=5,2,1,2,1,,宋体,-9,,0,0,0,0,0,2,2,0,0,0,0,0,0,0,0,-1,0,,0,,0
d0050140=5,3,1,3,1,,宋体,-9,,0,0,0,0,0,2,2,0,0,0,0,0,0,0,0,-1,0,,0,,0
d0050141=5,4,1,4,1,,宋体,-9,,0,0,0,0,0,2,2,0,0,0,0,0,0,0,0,-1,0,,0,,0
d0050142=5,5,1,5,1,,宋体,-9,,0,0,0,0,0,2,2,0,0,0,0,0,0,0,0,-1,0,,0,,0
d0050143=5,6,1,6,1,,宋体,-9,,0,0,0,0,0,2,2,0,0,0,0,0,0,0,0,-1,0,,0,,0
d0050144=5,1,2,1,2,,宋体,-9,,0,0,0,0,0,2,2,0,0,0,0,0,0,0,0,-1,0,,0,,0
d0050145=5,2,2,2,2,,宋体,-9,,0,0,0,0,0,2,2,0,0,0,0,0,0,0,0,-1,0,,0,,0
d0050146=5,3,2,3,2,,宋体,-9,,0,0,0,0,0,2,2,0,0,0,0,0,0,0,0,-1,0,,0,,0
d0050147=5,4,2,4,2,  投标人:,宋体,-9,,0,0,0,0,0,1,2,0,0,0,0,0,0,0,0,-1,0,,0,,0
d0050148=5,5,2,7,2,_________________________,宋体,-9,,0,0,0,0,0,0,2,0,0,0,0,0,0,0,0,-1,0,,0,,0
d0050149=5,1,3,1,3,,宋体,-9,,0,0,0,0,0,2,2,0,0,0,0,0,0,0,0,-1,0,,0,,0
d0050150=5,2,3,2,3,,宋体,-9,,0,0,0,0,0,2,2,0,0,0,0,0,0,0,0,-1,0,,0,,0
d0050151=5,3,3,3,3,,宋体,-9,,0,0,0,0,0,2,2,0,0,0,0,0,0,0,0,-1,0,,0,,0
d0050152=5,4,3,4,3,      法定代表人(委托代理人):,宋体,-9,,0,0,0,0,0,1,2,0,0,0,0,0,0,0,0,-1,0,,0,,0
d0050153=5,5,3,7,3,_________________________,宋体,-9,,0,0,0,0,0,0,2,0,0,0,0,0,0,0,0,-1,0,,0,,0
d0050154=5,1,4,1,4,,宋体,-9,,0,0,0,0,0,2,2,0,0,0,0,0,0,0,0,-1,0,,0,,0
d0050155=5,2,4,2,4,,宋体,-9,,0,0,0,0,0,2,2,0,0,0,0,0,0,0,0,-1,0,,0,,0
d0050156=5,3,4,3,4,,宋体,-9,,0,0,0,0,0,2,2,0,0,0,0,0,0,0,0,-1,0,,0,,0
d0050157=5,4,4,4,4,[日期],宋体,-9,,0,0,0,0,0,1,2,0,0,0,0,0,0,0,0,-1,0,,0,,0
d0050158=5,5,4,7,4,,宋体,-9,,0,0,0,0,0,2,2,0,0,0,0,0,0,0,0,-1,0,,0,,0
d0050159=5,1,5,6,5,第[pageno]页 共[pagecount]页,宋体,-11,,0,0,0,0,0,2,2,0,0,0,0,0,0,0,0,-1,0,,0,,0
[PARAMETER]
[报表参数]
desc=报表参数
enabled=1
count=2
1=编号形式,L(中文层次),中文层次,数字层次
2=人材机子项编号样式,L(不显示),缩进显示编号,无缩进显示编号,显示材料编号,无缩进显示材料编号,不显示
[/PARAMETER]
[参数设置结果]
招投标类型=招标
单价样式=NO单价除以定额单位
名称缩进=缩进
[SOURCE]
type=rptx
dll=空表.dll
level=0
[TEMP]
ReWrite=1
