[DESIGN]
d001=0
d001001=调差权重汇总表,150,150,200,200,2,1.5,1,宋体,-10,0,0,1,0.1,20
d003=20
d0030001=xh,33,宋体,-9,,0,0,0,0,16777215,1,2,1,1,1,1,0,1,0,0,-1,0,序号,0,,0
d0030002=xmmc,85,宋体,-9,,0,0,0,0,16777215,1,2,1,1,1,0,0,0,0,0,-1,0,项目名称,0,,0
d0030003=dj,41,宋体,-9,,0,0,0,0,0,0,0,1,1,1,1,0,0,0,0,-1,0,显示单价,0,,0
d0030004=rg,41,宋体,-9,,0,0,0,0,0,0,0,1,1,1,1,0,0,0,0,-1,0,人工,0,,0
d0030005=dian,38,宋体,-9,,0,0,0,0,0,0,0,1,1,1,1,0,0,0,0,-1,0,电,0,,0
d0030006=material,40,宋体,-9,,0,0,0,0,16777215,0,2,1,1,1,0,0,0,0,0,0,0,主材,1,,0
d0030007=youliao,39,宋体,-9,,0,0,0,0,0,0,0,1,1,1,1,0,0,0,0,-1,0,油料,0,,0
d0030008=yzf,36,宋体,-9,,0,0,0,0,0,0,0,1,1,1,1,0,0,0,0,-1,0,运杂费,0,,0
d0030009=qtclf,41,宋体,-9,,0,0,0,0,0,0,0,1,1,1,1,0,0,0,0,-1,0,其他材料费,0,,0
d0030010=qtjxf,43,宋体,-9,,0,0,0,0,0,0,0,1,1,1,1,0,0,0,0,-1,0,其他机械费,0,,0
d0030011=jxzjf,43,宋体,-9,,0,0,0,0,0,0,0,1,1,1,1,0,0,0,0,-1,0,折旧费,0,,0
d0030012=jxxlf,42,宋体,-9,,0,0,0,0,0,0,0,1,1,1,1,0,0,0,0,-1,0,修理费,0,,0
d0030013=qtzjf,39,宋体,-9,,0,0,0,0,0,0,0,1,1,1,1,0,0,0,0,-1,0,其他直接费,0,,0
d0030014=jjf,38,宋体,-9,,0,0,0,0,0,0,0,1,1,1,1,0,0,0,0,-1,0,间接费,0,,0
d0030015=qylr,43,宋体,-9,,0,0,0,0,0,0,0,1,1,1,1,0,0,0,0,-1,0,企业利润,0,,0
d0030016=cljc,44,宋体,-9,,0,0,0,0,0,0,0,1,1,1,1,0,0,0,0,-1,0,材料价差,0,,0
d0030017=sj,44,宋体,-9,,0,0,0,0,0,0,0,1,1,1,1,0,0,0,0,-1,0,税金,0,,0
d0030018=fls,37,宋体,-9,,0,0,0,0,0,0,0,1,1,1,1,0,0,0,0,-1,0,费利税,0,,0
d0030019=hj,46,宋体,-9,,0,0,0,0,0,0,0,1,1,1,1,0,0,0,0,-1,0,合计,0,,0
d0030020=bl,44,宋体,-9,,0,0,0,0,0,0,0,1,1,1,1,0,0,0,0,-1,0,比列,0,,0

d0040001=2
d0040002=0
d0040003=4
d0040004=0
d0040005=2
d00400030004=0

d005=86
d0050001=1,1,1,20,1,调差权重汇总表,宋体,-18,700,0,0,0,0,0,2,2,0,0,0,0,0,0,0,0,-1,0,,0,,0
d0050002=1,1,2,2,2,工程名称:[工程名称],宋体,-9,,0,0,0,0,0,0,2,0,0,0,0,0,0,0,0,-1,0,,0,,0
d0050003=1,3,2,3,2,,宋体,-9,,0,0,0,0,0,2,2,0,0,0,0,0,0,0,0,-1,0,,0,,0
d0050004=1,4,2,4,2,,宋体,-9,,0,0,0,0,0,2,2,0,0,0,0,0,0,0,0,-1,0,,0,,0
d0050005=1,5,2,5,2,,宋体,-9,,0,0,0,0,0,2,2,0,0,0,0,0,0,0,0,-1,0,,0,,0
d0050006=1,6,2,6,2,,宋体,-9,,0,0,0,0,0,2,2,0,0,0,0,0,0,0,0,-1,0,,0,,0
d0050007=1,7,2,7,2,,宋体,-9,,0,0,0,0,0,2,2,0,0,0,0,0,0,0,0,-1,0,,0,,0
d0050008=1,8,2,8,2,,宋体,-9,,0,0,0,0,0,2,2,0,0,0,0,0,0,0,0,-1,0,,0,,0
d0050009=1,9,2,9,2,,宋体,-9,,0,0,0,0,0,2,2,0,0,0,0,0,0,0,0,-1,0,,0,,0
d0050010=1,10,2,10,2,,宋体,-9,,0,0,0,0,0,2,2,0,0,0,0,0,0,0,0,-1,0,,0,,0
d0050011=1,11,2,11,2,,宋体,-9,,0,0,0,0,0,2,2,0,0,0,0,0,0,0,0,-1,0,,0,,0
d0050012=1,12,2,12,2,,宋体,-9,,0,0,0,0,0,2,2,0,0,0,0,0,0,0,0,-1,0,,0,,0
d0050013=1,13,2,13,2,,宋体,-9,,0,0,0,0,0,2,2,0,0,0,0,0,0,0,0,-1,0,,0,,0
d0050014=1,14,2,14,2,,宋体,-9,,0,0,0,0,0,2,2,0,0,0,0,0,0,0,0,-1,0,,0,,0
d0050015=1,15,2,15,2,,宋体,-9,,0,0,0,0,0,2,2,0,0,0,0,0,0,0,0,-1,0,,0,,0
d0050016=1,16,2,16,2,,宋体,-9,,0,0,0,0,0,2,2,0,0,0,0,0,0,0,0,-1,0,,0,,0
d0050017=1,17,2,17,2,,宋体,-9,,0,0,0,0,0,2,2,0,0,0,0,0,0,0,0,-1,0,,0,,0
d0050018=1,18,2,18,2,,宋体,-9,,0,0,0,0,0,2,2,0,0,0,0,0,0,0,0,-1,0,,0,,0
d0050019=1,19,2,19,2,,宋体,-9,,0,0,0,0,0,2,2,0,0,0,0,0,0,0,0,-1,0,,0,,0
d0050020=1,20,2,20,2,,宋体,-9,,0,0,0,0,0,2,2,0,0,0,0,0,0,0,0,-1,0,,0,,0
d0050021=3,1,1,1,2,,宋体,-9,,0,0,0,0,0,2,2,1,1,1,1,0,0,0,0,-1,0,,0,,0
d0050022=3,2,1,2,2,,宋体,-9,,0,0,0,0,0,2,2,1,1,1,1,0,0,0,0,-1,0,,0,,0
d0050023=3,3,1,18,1,,宋体,-9,,0,0,0,0,0,2,2,1,1,1,1,0,0,0,0,-1,0,,0,,0
d0050024=3,19,1,19,2,,宋体,-9,,0,0,0,0,0,2,2,1,1,1,1,0,0,0,0,-1,0,,0,,0
d0050025=3,20,1,20,2,,宋体,-9,,0,0,0,0,0,2,2,1,1,1,1,0,0,0,0,-1,0,,0,,0
d0050026=3,21,1,21,1,-5,宋体,-9,,0,0,0,0,0,2,2,1,1,1,1,0,0,0,0,-1,0,,0,,0
d0050027=3,3,2,3,2,,宋体,-9,,0,0,0,0,0,2,2,1,1,1,1,0,0,0,0,-1,0,,0,,0
d0050028=3,4,2,4,2,,宋体,-9,,0,0,0,0,0,2,2,1,1,1,1,0,0,0,0,-1,0,,0,,0
d0050029=3,5,2,5,2,,宋体,-9,,0,0,0,0,0,2,2,1,1,1,1,0,0,0,0,-1,0,,0,,0
d0050030=3,6,2,6,2,,宋体,-9,,0,0,0,0,0,2,2,1,1,1,1,0,0,0,0,-1,0,,0,,0
d0050031=3,7,2,7,2,,宋体,-9,,0,0,0,0,0,2,2,1,1,1,1,0,0,0,0,-1,0,,0,,0
d0050032=3,8,2,8,2,,宋体,-9,,0,0,0,0,0,2,2,1,1,1,1,0,0,0,0,-1,0,,0,,0
d0050033=3,9,2,9,2,,宋体,-9,,0,0,0,0,0,2,2,1,1,1,1,0,0,0,0,-1,0,,0,,0
d0050034=3,10,2,10,2,,宋体,-9,,0,0,0,0,0,2,2,1,1,1,1,0,0,0,0,-1,0,,0,,0
d0050035=3,11,2,11,2,,宋体,-9,,0,0,0,0,0,2,2,1,1,1,1,0,0,0,0,-1,0,,0,,0
d0050036=3,12,2,12,2,,宋体,-9,,0,0,0,0,0,2,2,1,1,1,1,0,0,0,0,-1,0,,0,,0
d0050037=3,13,2,13,2,,宋体,-9,,0,0,0,0,0,2,2,1,1,1,1,0,0,0,0,-1,0,,0,,0
d0050038=3,14,2,14,2,,宋体,-9,,0,0,0,0,0,2,2,1,1,1,1,0,0,0,0,-1,0,,0,,0
d0050039=3,15,2,15,2,,宋体,-9,,0,0,0,0,0,2,2,1,1,1,1,0,0,0,0,-1,0,,0,,0
d0050040=3,16,2,16,2,,宋体,-9,,0,0,0,0,0,2,2,1,1,1,1,0,0,0,0,-1,0,,0,,0
d0050041=3,17,2,17,2,,宋体,-9,,0,0,0,0,0,2,2,1,1,1,1,0,0,0,0,-1,0,,0,,0
d0050042=3,18,2,18,2,,宋体,-9,,0,0,0,0,0,2,2,1,1,1,1,0,0,0,0,-1,0,,0,,0
d0050043=3,21,2,21,2,-6,宋体,-9,,0,0,0,0,0,2,2,1,1,1,1,0,0,0,0,-1,0,,0,,0
d0050044=3,1,3,1,3,,宋体,-9,,0,0,0,0,0,2,2,1,1,1,1,0,0,0,0,-1,0,,0,,0
d0050045=3,2,3,2,3,,宋体,-9,,0,0,0,0,0,0,2,1,1,1,1,0,0,0,0,-1,0,,0,,0
d0050046=3,3,3,3,3,,宋体,-9,,0,0,0,0,0,2,2,1,1,1,1,0,0,0,0,-1,0,,0,,0
d0050047=3,4,3,4,3,,宋体,-9,,0,0,0,0,0,2,2,1,1,1,1,0,0,0,0,-1,0,,0,,0
d0050048=3,5,3,5,3,,宋体,-9,,0,0,0,0,0,2,2,1,1,1,1,0,0,0,0,-1,0,,0,,0
d0050049=3,6,3,6,3,,宋体,-9,,0,0,0,0,0,1,2,1,1,1,1,0,0,0,0,-1,0,,0,,0
d0050050=3,7,3,7,3,,宋体,-9,,0,0,0,0,0,2,2,1,1,1,1,0,0,0,0,-1,0,,0,,0
d0050051=3,8,3,8,3,,宋体,-9,,0,0,0,0,0,2,2,1,1,1,1,0,0,0,0,-1,0,,0,,0
d0050052=3,9,3,9,3,,宋体,-9,,0,0,0,0,0,2,2,1,1,1,1,0,0,0,0,-1,0,,0,,0
d0050053=3,10,3,10,3,,宋体,-9,,0,0,0,0,0,2,2,1,1,1,1,0,0,0,0,-1,0,,0,,0
d0050054=3,11,3,11,3,,宋体,-9,,0,0,0,0,0,2,2,1,1,1,1,0,0,0,0,-1,0,,0,,0
d0050055=3,12,3,12,3,,宋体,-9,,0,0,0,0,0,2,2,1,1,1,1,0,0,0,0,-1,0,,0,,0
d0050056=3,13,3,13,3,,宋体,-9,,0,0,0,0,0,2,2,1,1,1,1,0,0,0,0,-1,0,,0,,0
d0050057=3,14,3,14,3,,宋体,-9,,0,0,0,0,0,2,2,1,1,1,1,0,0,0,0,-1,0,,0,,0
d0050058=3,15,3,15,3,,宋体,-9,,0,0,0,0,0,2,2,1,1,1,1,0,0,0,0,-1,0,,0,,0
d0050059=3,16,3,16,3,,宋体,-9,,0,0,0,0,0,2,2,1,1,1,1,0,0,0,0,-1,0,,0,,0
d0050060=3,17,3,17,3,,宋体,-9,,0,0,0,0,0,2,2,1,1,1,1,0,0,0,0,-1,0,,0,,0
d0050061=3,18,3,18,3,,宋体,-9,,0,0,0,0,0,2,2,1,1,1,1,0,0,0,0,-1,0,,0,,0
d0050062=3,19,3,19,3,,宋体,-9,,0,0,0,0,0,2,2,1,1,1,1,0,0,0,0,-1,0,,0,,0
d0050063=3,20,3,20,3,,宋体,-9,,0,0,0,0,0,2,2,1,1,1,1,0,0,0,0,-1,0,,0,,0
d0050064=3,21,3,21,3,3,宋体,-9,,0,0,0,0,0,2,2,1,1,1,1,0,0,0,0,-1,0,,0,,0
d0050065=3,1,4,2,4,合    计,宋体,-9,,0,0,0,0,0,2,2,1,1,1,1,0,0,0,0,-1,0,,0,,0
d0050066=3,3,4,3,4,,宋体,-9,,0,0,0,0,0,2,2,1,1,1,1,0,0,0,0,-1,0,,0,,0
d0050067=3,4,4,4,4,,宋体,-9,,0,0,0,0,0,2,2,1,1,1,1,0,0,0,0,-1,0,,0,,0
d0050068=3,5,4,5,4,,宋体,-9,,0,0,0,0,0,2,2,1,1,1,1,0,0,0,0,-1,0,,0,,0
d0050069=3,6,4,6,4,,宋体,-9,,0,0,0,0,0,1,2,1,1,1,1,0,0,0,0,-1,0,,0,,0
d0050070=3,7,4,7,4,,宋体,-9,,0,0,0,0,0,2,2,1,1,1,1,0,0,0,0,-1,0,,0,,0
d0050071=3,8,4,8,4,,宋体,-9,,0,0,0,0,0,2,2,1,1,1,1,0,0,0,0,-1,0,,0,,0
d0050072=3,9,4,9,4,,宋体,-9,,0,0,0,0,0,2,2,1,1,1,1,0,0,0,0,-1,0,,0,,0
d0050073=3,10,4,10,4,,宋体,-9,,0,0,0,0,0,2,2,1,1,1,1,0,0,0,0,-1,0,,0,,0
d0050074=3,11,4,11,4,,宋体,-9,,0,0,0,0,0,2,2,1,1,1,1,0,0,0,0,-1,0,,0,,0
d0050075=3,12,4,12,4,,宋体,-9,,0,0,0,0,0,2,2,1,1,1,1,0,0,0,0,-1,0,,0,,0
d0050076=3,13,4,13,4,,宋体,-9,,0,0,0,0,0,2,2,1,1,1,1,0,0,0,0,-1,0,,0,,0
d0050077=3,14,4,14,4,,宋体,-9,,0,0,0,0,0,2,2,1,1,1,1,0,0,0,0,-1,0,,0,,0
d0050078=3,15,4,15,4,,宋体,-9,,0,0,0,0,0,2,2,1,1,1,1,0,0,0,0,-1,0,,0,,0
d0050079=3,16,4,16,4,,宋体,-9,,0,0,0,0,0,2,2,1,1,1,1,0,0,0,0,-1,0,,0,,0
d0050080=3,17,4,17,4,,宋体,-9,,0,0,0,0,0,2,2,1,1,1,1,0,0,0,0,-1,0,,0,,0
d0050081=3,18,4,18,4,,宋体,-9,,0,0,0,0,0,2,2,1,1,1,1,0,0,0,0,-1,0,,0,,0
d0050082=3,19,4,19,4,,宋体,-9,,0,0,0,0,0,2,2,1,1,1,1,0,0,0,0,-1,0,,0,,0
d0050083=3,20,4,20,4,,宋体,-9,,0,0,0,0,0,2,2,1,1,1,1,0,0,0,0,-1,0,,0,,0
d0050084=3,21,4,21,4,1003,宋体,-9,,0,0,0,0,0,2,2,1,1,1,1,0,0,0,0,-1,0,,0,,0
d0050085=5,1,1,20,1, ,宋体,-9,,0,0,0,0,0,2,2,0,0,0,0,0,0,0,0,-1,0,,0,,0
d0050086=5,1,2,20,2,第[pageno]页 共[pagecount]页,宋体,-9,,0,0,0,0,0,1,0,0,0,0,0,0,0,0,0,-1,0,,0,,0
[PARAMETER]
[报表参数]
desc=报表参数
enabled=1
count=1
1=小数保留位数,L(4),2,3,4,5,6
[/PARAMETER]
[SOURCE]
dll=全国02_通用_单价权重分析表.dll
level=1
[参数设置结果]
打印级数=清单项目
打印工程名称=项目名称
小数保留位数=2
材料名称过滤(按逗号分隔)=汽油
节点名称=第一部分 施工辅助工程|第二部分 建筑工程
