[DESIGN]
d001=0
d001001=工程概算总表,150,150,150,150,1,1.5,-1,宋体,-10,0,0,1,1.5,-1
d003=9
d0030001=xh,50,宋体,-9,,0,0,0,0,16777215,2,2,1,1,1,1,0,0,0,0,-1,0,序号,0,,0
d0030002=xmmc,300,宋体,-9,,0,0,0,0,16777215,0,2,1,1,1,1,1,0,0,0,0,0,项目名称,0,,0
d0030003=jagcf,60,宋体,-9,,0,0,0,0,16777215,2,2,1,1,1,1,0,0,0,1,-1,0,建安工程费,0,,0
d0030004=sbgzf,60,宋体,-9,,0,0,0,0,16777215,1,2,1,1,1,1,0,0,0,1,0,0,设备购置费,0,,0
d0030005=dlf,60,宋体,-9,,0,0,0,0,16777215,1,2,1,1,1,1,0,0,0,1,0,0,独立费,0,,0
d0030006=hj,60,宋体,-9,,0,0,0,0,16777215,1,2,1,1,1,1,0,0,0,1,0,0,合计,0,,0
d0030007=bfl,60,宋体,-9,,0,0,0,0,16777215,1,2,1,1,1,1,0,0,1,1,-1,0,百分率,0,,0
d0030008=gclx,60,宋体,-9,,0,0,0,0,0,0,0,1,1,1,1,0,0,1,0,-1,0,工程类型,0,,0
d0030009=orixmmc,60,宋体,-9,,0,0,0,0,0,0,0,1,1,1,1,0,0,1,0,-1,0,原始名称,0,,0

d0040001=3
d0040002=2
d0040003=1
d0040004=0
d0040005=1

d005=33
d0050001=1,1,1,7,2,工程[编制类型]总表,宋体,-18,700,0,0,0,0,0,2,2,0,0,0,0,0,0,0,0,-1,0,,0,,0
d0050002=1,8,1,8,1,,宋体,-9,,0,0,0,0,0,2,2,0,0,0,0,0,0,0,0,-1,0,,0,,0
d0050003=1,9,1,9,1,,宋体,-9,,0,0,0,0,0,2,2,0,0,0,0,0,0,0,0,-1,0,,0,,0
d0050004=1,8,2,8,2,,宋体,-9,,0,0,0,0,0,2,2,0,0,0,0,0,0,0,0,-1,0,,0,,0
d0050005=1,9,2,9,2,,宋体,-9,,0,0,0,0,0,2,2,0,0,0,0,0,0,0,0,-1,0,,0,,0
d0050006=1,1,3,4,3,,宋体,-9,700,0,0,0,0,0,0,2,0,0,0,0,0,0,0,0,-1,0,,0,,0
d0050007=1,5,3,7,3,单位：[micro_hj_wy],宋体,-9,,0,0,0,0,0,1,2,0,0,0,0,0,0,0,0,-1,0,,0,,0
d0050008=1,8,3,8,3,,宋体,-9,,0,0,0,0,0,2,2,0,0,0,0,0,0,0,0,-1,0,,0,,0
d0050009=1,9,3,9,3,,宋体,-9,,0,0,0,0,0,2,2,0,0,0,0,0,0,0,0,-1,0,,0,,0
d0050010=2,1,1,1,2,序号,宋体,-9,,0,0,0,0,0,2,2,1,1,1,1,0,0,0,0,-1,0,,0,,0
d0050011=2,2,1,2,2,工程或费用名称,宋体,-9,,0,0,0,0,0,2,2,1,1,1,1,0,0,0,0,-1,0,,0,,0
d0050012=2,3,1,3,2,建  安char(13)char(10)工程费,宋体,-9,,0,0,0,0,0,2,2,1,1,1,1,0,0,0,0,-1,0,,0,,0
d0050013=2,4,1,4,2,设  备char(13)char(10)购置费,宋体,-9,,0,0,0,0,0,2,2,1,1,1,1,0,0,0,0,-1,0,,0,,0
d0050014=2,5,1,5,2,独立char(13)char(10)费用,宋体,-9,,0,0,0,0,0,2,2,1,1,1,1,0,0,0,0,-1,0,,0,,0
d0050015=2,6,1,6,2,合计,宋体,-9,,0,0,0,0,0,2,2,1,1,1,1,0,0,0,0,-1,0,,0,,0
d0050016=2,7,1,7,2,占一至五部分的百分率(%),宋体,-9,,0,0,0,0,0,2,2,1,1,1,1,0,0,0,0,-1,0,,0,,0
d0050017=2,8,1,8,1,,宋体,-9,,0,0,0,0,0,2,2,0,0,0,0,0,0,0,0,-1,0,,0,,0
d0050018=2,9,1,9,1,,宋体,-9,,0,0,0,0,0,2,2,0,0,0,0,0,0,0,0,-1,0,,0,,0
d0050019=2,8,2,8,2,,宋体,-9,,0,0,0,0,0,2,2,0,0,0,0,0,0,0,0,-1,0,,0,,0
d0050020=2,9,2,9,2,,宋体,-9,,0,0,0,0,0,2,2,0,0,0,0,0,0,0,0,-1,0,,0,,0
d0050021=3,1,1,1,1,,宋体,-9,,0,0,0,0,0,2,2,1,1,1,1,0,0,0,0,-1,0,,0,,0
d0050022=3,2,1,2,1,,宋体,-9,,0,0,0,0,0,0,2,1,1,1,1,0,0,0,0,-1,0,,0,,0
d0050023=3,3,1,3,1,,宋体,-9,,0,0,0,0,0,1,2,1,1,1,1,0,0,0,0,-1,0,,0,,0
d0050024=3,4,1,4,1,,宋体,-9,,0,0,0,0,0,1,2,1,1,1,1,0,0,0,0,-1,0,,0,,0
d0050025=3,5,1,5,1,,宋体,-9,,0,0,0,0,0,1,2,1,1,1,1,0,0,0,0,-1,0,,0,,0
d0050026=3,6,1,6,1,,宋体,-9,,0,0,0,0,0,1,2,1,1,1,1,0,0,0,0,-1,0,,0,,0
d0050027=3,7,1,7,1,,宋体,-9,,0,0,0,0,0,1,2,1,1,1,1,0,0,0,0,-1,0,,0,,0
d0050028=3,8,1,8,1,,宋体,-9,,0,0,0,0,0,2,2,0,0,0,0,0,0,0,0,-1,0,,0,,0
d0050029=3,9,1,9,1,,宋体,-9,,0,0,0,0,0,2,2,0,0,0,0,0,0,0,0,-1,0,,0,,0
d0050030=3,10,1,10,1,1,宋体,-9,,0,0,0,0,0,2,2,1,1,1,1,0,0,0,0,-1,0,,0,,0
d0050031=5,1,1,7,1,第[pageno]页 共[pagecount]页,宋体,-11,,0,0,0,0,0,2,2,0,0,0,0,0,0,0,0,-1,0,,0,,0
d0050032=5,8,1,8,1,,宋体,-9,,0,0,0,0,0,2,2,0,0,0,0,0,0,0,0,-1,0,,0,,0
d0050033=5,9,1,9,1,,宋体,-9,,0,0,0,0,0,2,2,0,0,0,0,0,0,0,0,-1,0,,0,,0
[PARAMETER]
[报表参数]
desc=报表参数
enabled=1
count=16
1=合价万元,R(False)
2=计价项目打印级数,L(一级项目),不打印,一级项目,二级项目,三级项目,四级项目,五级项目,全部
3=费用项目打印级数,L(一级项目),不打印,一级项目,二级项目,三级项目,四级项目,五级项目,全部
4=打印合价为空的项目,R(False)
5=打印工程名称,L(工程名称),工程名称,标段名称,工程名称+标段名称,合同编号,不打印项目名称
6=打印套用单价序号,R(False)
7=显示中文、罗马数字,R(False)
8=打印一至五部分投资,R(False)
9=打印费用序号,R(False)
10=打印费用自编代号,R(False)
11=打印工程部分子项序号,R(True)
12=不打印第一部分合计,R(False)
13=不打印第二部分合计,R(False)
14=不打印第三部分合计,R(False)
15=不打印第四部分合计,R(False)
16=不打印第五部分合计,R(False)
[/PARAMETER]
[SOURCE]
dll=全国02_通用_工程预算总表.dll
level=2
[TEMP]
ReWrite=1
[参数设置结果]
计价项目打印级数=一级项目
费用项目打印级数=一级项目
打印合价为空的项目=False
打印工程名称=工程名称+标段名称
打印套用单价序号=False
显示中文、罗马数字=True
不打印英文子目 = True
打印一至五部分投资=True
打印第一到四部分合计=False
打印价差预备费=False
打印建设期融资利息=False
打印总投资=False
单位=元
打印费用序号=False
打印费用自编代号=True
打印工程部分子项序号=False
合价万元=True
不打印第一部分合计=False
不打印第二部分合计=False
不打印第三部分合计=False
不打印第四部分合计=False
不打印第五部分合计=False
[名称映射]
第四部分 独立费=第四部分 独立费用
第五部分 独立费=第五部分 独立费用
