[DESIGN]
d001=0
d001001=分类分项工程量清单(安装),200,200,200,200,1,1.5,-1,宋体,-10,0,0,1,1.5,-1
d003=17
d0030001=bzmlid,41,宋体,-9,,0,0,0,0,16777215,0,2,1,1,1,1,0,0,0,0,-1,0,序号,0,,0
d0030002=node_bh,41,宋体,-9,,0,0,0,0,16777215,2,2,1,1,1,1,0,0,0,1,0,0,项目编号,0,,0
d0030003=node_mc,88,宋体,-9,,0,0,0,0,16777215,0,2,1,1,1,1,1,0,0,1,0,0,项目名称,0,,0
d0030004=node_dw,44,宋体,-9,,0,0,0,0,16777215,2,2,1,1,1,1,0,0,0,1,0,0,计量单位,0,,0
d0030005=gcl,47,宋体,-9,,0,0,0,0,16777215,1,2,1,1,1,1,0,0,0,1,0,0,工程数量,0,,0
d0030006=sjsbf1,60,宋体,-9,,0,0,0,0,16777215,1,2,1,1,1,1,0,0,0,1,-1,0,设备装材单价,0,,0
d0030007=sjjj1,60,宋体,-9,,0,0,0,0,16777215,1,2,1,1,1,1,0,0,0,1,0,0,安装费单价,0,,0
d0030008=sumUnitPrice,60,宋体,-9,,0,0,0,0,16777215,1,2,1,1,1,1,0,0,0,1,-1,0,单价小计,0,,0
d0030009=hjsbf1,60,宋体,-9,,0,0,0,0,16777215,1,2,1,1,1,1,0,0,0,1,-1,0,设备装材合价,0,,0
d0030010=hjjj1,60,宋体,-9,,0,0,0,0,16777215,1,2,1,1,1,1,0,0,0,1,0,0,安装费合价,0,,0
d0030011=sumTotalPrice,60,宋体,-9,,0,0,0,0,16777215,1,2,1,1,1,1,0,0,0,1,-1,0,合计小计,0,,0
d0030012=text_color,60,宋体,-9,,0,0,0,0,16777215,0,2,1,1,1,1,1,0,1,0,-1,0,项目主要特征,0,,0
d0030013=mc2,60,宋体,-9,,0,0,0,0,16777215,0,2,1,1,1,1,1,0,1,0,-1,0,主要工作内容,0,,0
d0030014=mc3,54,宋体,-9,,0,0,0,0,16777215,0,2,1,1,1,1,1,0,0,0,-1,0,主要技术条款,0,,0
d0030015=type,60,宋体,-9,,0,0,0,0,0,0,0,1,1,1,1,0,0,1,0,-1,0,type,0,,0
d0030016=node_orimc,60,宋体,-9,,0,0,0,0,0,0,0,1,1,1,1,0,0,1,0,-1,0,原始名称,0,,0
d0030017=bz,60,宋体,-9,,0,0,0,0,16777215,0,2,1,1,1,1,1,0,1,0,-1,0,备注,0,,0

d0040001=4
d0040002=3
d0040003=2
d0040004=0
d0040005=3
d00400050001=0
d00400050003=0

d005=103
d0050001=1,1,1,17,2,分类分项工程量清单计价表,宋体,-18,700,0,0,0,0,0,2,2,0,0,0,0,0,0,0,0,-1,0,,0,,0
d0050002=1,1,3,5,3,合同编号：[合同编号],宋体,-9,,0,0,0,0,0,0,2,0,0,0,0,0,0,0,0,-1,0,,0,,0
d0050003=1,6,3,6,3,,宋体,-9,,0,0,0,0,0,2,2,0,0,0,0,0,0,0,0,-1,0,,0,,0
d0050004=1,7,3,7,3,,宋体,-9,,0,0,0,0,0,2,2,0,0,0,0,0,0,0,0,-1,0,,0,,0
d0050005=1,8,3,8,3,,宋体,-9,,0,0,0,0,0,2,2,0,0,0,0,0,0,0,0,-1,0,,0,,0
d0050006=1,9,3,9,3,,宋体,-9,,0,0,0,0,0,2,2,0,0,0,0,0,0,0,0,-1,0,,0,,0
d0050007=1,10,3,10,3,,宋体,-9,,0,0,0,0,0,2,2,0,0,0,0,0,0,0,0,-1,0,,0,,0
d0050008=1,11,3,11,3,,宋体,-9,,0,0,0,0,0,2,2,0,0,0,0,0,0,0,0,-1,0,,0,,0
d0050009=1,12,3,12,3,,宋体,-9,,0,0,0,0,0,2,2,0,0,0,0,0,0,0,0,-1,0,,0,,0
d0050010=1,13,3,13,3,,宋体,-9,,0,0,0,0,0,2,2,0,0,0,0,0,0,0,0,-1,0,,0,,0
d0050011=1,14,3,14,3,,宋体,-9,,0,0,0,0,0,2,2,0,0,0,0,0,0,0,0,-1,0,,0,,0
d0050012=1,15,3,15,3,,宋体,-9,,0,0,0,0,0,2,2,0,0,0,0,0,0,0,0,-1,0,,0,,0
d0050013=1,16,3,16,3,,宋体,-9,,0,0,0,0,0,2,2,0,0,0,0,0,0,0,0,-1,0,,0,,0
d0050014=1,17,3,17,3,,宋体,-9,,0,0,0,0,0,2,2,0,0,0,0,0,0,0,0,-1,0,,0,,0
d0050015=1,1,4,8,4,工程名称：<U>[工程名称]</U>  标段：<U>[标段名称]</U>,宋体,-9,,0,0,0,0,0,0,2,0,0,0,0,0,0,0,0,-1,0,,0,,0
d0050016=1,9,4,17,4,,宋体,-9,,0,0,0,0,0,1,2,0,0,0,0,0,0,0,0,-1,0,,0,,0
d0050017=2,1,1,1,3,序号,宋体,-9,,0,0,0,0,0,2,2,1,1,1,1,0,0,0,0,-1,0,,0,,0
d0050018=2,2,1,2,3,项目编号,宋体,-9,,0,0,0,0,0,2,2,1,1,1,1,0,0,0,0,-1,0,,0,,0
d0050019=2,3,1,3,3,项目名称,宋体,-9,,0,0,0,0,0,2,2,1,1,1,1,0,0,0,0,-1,0,,0,,0
d0050020=2,4,1,4,3,计量char(13)char(10)单位,宋体,-9,,0,0,0,0,0,2,2,1,1,1,1,0,0,0,0,-1,0,,0,,0
d0050021=2,5,1,5,3,工程char(13)char(10)数量,宋体,-9,,0,0,0,0,0,2,2,1,1,1,1,0,0,0,0,-1,0,,0,,0
d0050022=2,6,1,8,1,单价char(13)char(10)（元）,宋体,-9,,0,0,0,0,0,2,2,1,1,1,1,0,0,0,0,-1,0,,0,,0
d0050023=2,9,1,11,1,合价char(13)char(10)（元）,宋体,-9,,0,0,0,0,0,2,2,1,1,1,1,0,0,0,0,-1,0,,0,,0
d0050024=2,12,1,12,3,项目主char(13)char(10)要特征,宋体,-9,,0,0,0,0,0,2,2,1,1,1,1,0,0,0,0,-1,0,,0,,0
d0050025=2,13,1,13,3,主要工char(13)char(10)作内容,宋体,-9,,0,0,0,0,0,2,2,1,1,1,1,0,0,0,0,-1,0,,0,,0
d0050026=2,14,1,14,3,主要技术char(13)char(10)条款编码,宋体,-9,,0,0,0,0,0,2,2,1,1,1,1,0,0,0,0,-1,0,,0,,0
d0050027=2,15,1,15,1,,宋体,-9,,0,0,0,0,0,2,2,0,0,0,0,0,0,0,0,-1,0,,0,,0
d0050028=2,16,1,16,1,,宋体,-9,,0,0,0,0,0,2,2,0,0,0,0,0,0,0,0,-1,0,,0,,0
d0050029=2,17,1,17,3,备注,宋体,-9,,0,0,0,0,0,2,2,1,1,1,1,0,0,0,0,-1,0,,0,,0
d0050030=2,6,2,6,3,永久设备char(13)char(10)费及装置char(13)char(10)性材料费,宋体,-9,,0,0,0,0,0,2,2,1,1,1,1,0,0,0,0,-1,0,,0,,0
d0050031=2,7,2,7,3,安装费,宋体,-9,,0,0,0,0,0,2,2,1,1,1,1,0,0,0,0,-1,0,,0,,0
d0050032=2,8,2,8,3,小计,宋体,-9,,0,0,0,0,0,2,2,1,1,1,1,0,0,0,0,-1,0,,0,,0
d0050033=2,9,2,9,3,永久设备char(13)char(10)费及装置char(13)char(10)性材料费,宋体,-9,,0,0,0,0,0,2,2,1,1,1,1,0,0,0,0,-1,0,,0,,0
d0050034=2,10,2,10,3,安装费,宋体,-9,,0,0,0,0,0,2,2,1,1,1,1,0,0,0,0,-1,0,,0,,0
d0050035=2,11,2,11,3,合计,宋体,-9,,0,0,0,0,0,2,2,1,1,1,1,0,0,0,0,-1,0,,0,,0
d0050036=2,15,2,15,2,,宋体,-9,,0,0,0,0,0,2,2,0,0,0,0,0,0,0,0,-1,0,,0,,0
d0050037=2,16,2,16,2,,宋体,-9,,0,0,0,0,0,2,2,0,0,0,0,0,0,0,0,-1,0,,0,,0
d0050038=2,15,3,15,3,,宋体,-9,,0,0,0,0,0,2,2,0,0,0,0,0,0,0,0,-1,0,,0,,0
d0050039=2,16,3,16,3,,宋体,-9,,0,0,0,0,0,2,2,0,0,0,0,0,0,0,0,-1,0,,0,,0
d0050040=3,1,1,1,1,,宋体,-9,,0,0,0,0,0,0,2,1,1,1,1,0,0,0,0,-1,0,,0,,0
d0050041=3,2,1,2,1,,宋体,-9,,0,0,0,0,0,0,2,1,1,1,1,0,0,0,0,-1,0,,0,,0
d0050042=3,3,1,3,1,,宋体,-9,,0,0,0,0,0,0,2,1,1,1,1,0,0,0,0,-1,0,,0,,0
d0050043=3,4,1,4,1,,宋体,-9,,0,0,0,0,0,2,2,1,1,1,1,0,0,0,0,-1,0,,0,,0
d0050044=3,5,1,5,1,,宋体,-9,,0,0,0,0,0,1,2,1,1,1,1,0,0,0,0,-1,0,,0,,0
d0050045=3,6,1,6,1,,宋体,-9,,0,0,0,0,0,1,2,1,1,1,1,0,0,0,0,-1,0,,0,,0
d0050046=3,7,1,7,1,,宋体,-9,,0,0,0,0,0,1,2,1,1,1,1,0,0,0,0,-1,0,,0,,0
d0050047=3,8,1,8,1,,宋体,-9,,0,0,0,0,0,1,2,1,1,1,1,0,0,0,0,-1,0,,0,,0
d0050048=3,9,1,9,1,,宋体,-9,,0,0,0,0,0,1,2,1,1,1,1,0,0,0,0,-1,0,,0,,0
d0050049=3,10,1,10,1,,宋体,-9,,0,0,0,0,0,1,2,1,1,1,1,0,0,0,0,-1,0,,0,,0
d0050050=3,11,1,11,1,,宋体,-9,,0,0,0,0,0,1,2,1,1,1,1,0,0,0,0,-1,0,,0,,0
d0050051=3,12,1,12,1,,宋体,-9,,0,0,0,0,0,1,2,1,1,1,1,0,0,0,0,-1,0,,0,,0
d0050052=3,13,1,13,1,,宋体,-9,,0,0,0,0,0,1,2,1,1,1,1,0,0,0,0,-1,0,,0,,0
d0050053=3,14,1,14,1,,宋体,-9,,0,0,0,0,0,1,2,1,1,1,1,0,0,0,0,-1,0,,0,,0
d0050054=3,15,1,15,1,,宋体,-9,,0,0,0,0,0,2,2,0,0,0,0,0,0,0,0,-1,0,,0,,0
d0050055=3,16,1,16,1,,宋体,-9,,0,0,0,0,0,2,2,0,0,0,0,0,0,0,0,-1,0,,0,,0
d0050056=3,17,1,17,1,,宋体,-9,,0,0,0,0,0,1,2,1,1,1,1,0,0,0,0,-1,0,,0,,0
d0050057=3,18,1,18,1,1,宋体,-9,,0,0,0,0,0,0,2,1,1,1,1,0,0,0,0,-1,0,,0,,0
d0050058=3,1,2,1,2,,宋体,-9,,0,0,0,0,0,0,2,1,1,1,1,0,0,0,0,-1,0,,0,,0
d0050059=3,2,2,2,2,,宋体,-9,,0,0,0,0,0,0,2,1,1,1,1,0,0,0,0,-1,0,,0,,0
d0050060=3,3,2,3,2,,宋体,-9,,0,0,0,0,0,0,2,1,1,1,1,0,0,0,0,-1,0,,0,,0
d0050061=3,4,2,4,2,,宋体,-9,,0,0,0,0,0,2,2,1,1,1,1,0,0,0,0,-1,0,,0,,0
d0050062=3,5,2,5,2,,宋体,-9,,0,0,0,0,0,1,2,1,1,1,1,0,0,0,0,-1,0,,0,,0
d0050063=3,6,2,6,2,,宋体,-9,,0,0,0,0,0,1,2,1,1,1,1,0,0,0,0,-1,0,,0,,0
d0050064=3,7,2,7,2,,宋体,-9,,0,0,0,0,0,1,2,1,1,1,1,0,0,0,0,-1,0,,0,,0
d0050065=3,8,2,8,2,,宋体,-9,,0,0,0,0,0,1,2,1,1,1,1,0,0,0,0,-1,0,,0,,0
d0050066=3,9,2,9,2,,宋体,-9,,0,0,0,0,0,1,2,1,1,1,1,0,0,0,0,-1,0,,0,,0
d0050067=3,10,2,10,2,,宋体,-9,,0,0,0,0,0,1,2,1,1,1,1,0,0,0,0,-1,0,,0,,0
d0050068=3,11,2,11,2,,宋体,-9,,0,0,0,0,0,1,2,1,1,1,1,0,0,0,0,-1,0,,0,,0
d0050069=3,12,2,12,2,,宋体,-9,,0,0,0,0,0,1,2,1,1,1,1,0,0,0,0,-1,0,,0,,0
d0050070=3,13,2,13,2,,宋体,-9,,0,0,0,0,0,1,2,1,1,1,1,0,0,0,0,-1,0,,0,,0
d0050071=3,14,2,14,2,,宋体,-9,,0,0,0,0,0,1,2,1,1,1,1,0,0,0,0,-1,0,,0,,0
d0050072=3,15,2,15,2,,宋体,-9,,0,0,0,0,0,2,2,0,0,0,0,0,0,0,0,-1,0,,0,,0
d0050073=3,16,2,16,2,,宋体,-9,,0,0,0,0,0,2,2,0,0,0,0,0,0,0,0,-1,0,,0,,0
d0050074=3,17,2,17,2,,宋体,-9,,0,0,0,0,0,1,2,1,1,1,1,0,0,0,0,-1,0,,0,,0
d0050075=3,18,2,18,2,1003,宋体,-9,,0,0,0,0,0,0,2,1,1,1,1,0,0,0,0,-1,0,,0,,0
d0050076=5,1,1,1,1,,宋体,-9,,0,0,0,0,0,2,2,0,0,0,0,0,0,0,0,-1,0,,0,,0
d0050077=5,2,1,2,1,,宋体,-9,,0,0,0,0,0,2,2,0,0,0,0,0,0,0,0,-1,0,,0,,0
d0050078=5,3,1,3,1,,宋体,-9,,0,0,0,0,0,2,2,0,0,0,0,0,0,0,0,-1,0,,0,,0
d0050079=5,4,1,4,1,,宋体,-9,,0,0,0,0,0,2,2,0,0,0,0,0,0,0,0,-1,0,,0,,0
d0050080=5,5,1,5,1,,宋体,-9,,0,0,0,0,0,2,2,0,0,0,0,0,0,0,0,-1,0,,0,,0
d0050081=5,6,1,6,1,          投   标   人：    （盖单位章）char(13)char(10)char(13)char(10)char(13)char(10) 法定代表人或委托代理人：    （签   字）char(13)char(10)char(13)char(10)char(13)char(10)               编制时间：     年     月    日,宋体,-9,,0,0,0,0,0,2,2,0,0,0,0,0,0,0,0,-1,0,,0,,0
d0050082=5,7,1,7,1,,宋体,-9,,0,0,0,0,0,2,2,0,0,0,0,0,0,0,0,-1,0,,0,,0
d0050083=5,8,1,8,1,,宋体,-9,,0,0,0,0,0,2,2,0,0,0,0,0,0,0,0,-1,0,,0,,0
d0050084=5,9,1,9,1,,宋体,-9,,0,0,0,0,0,2,2,0,0,0,0,0,0,0,0,-1,0,,0,,0
d0050085=5,10,1,10,1,,宋体,-9,,0,0,0,0,0,2,2,0,0,0,0,0,0,0,0,-1,0,,0,,0
d0050086=5,11,1,11,1,,宋体,-9,,0,0,0,0,0,2,2,0,0,0,0,0,0,0,0,-1,0,,0,,0
d0050087=5,12,1,12,1,,宋体,-9,,0,0,0,0,0,2,2,0,0,0,0,0,0,0,0,-1,0,,0,,0
d0050088=5,13,1,13,1,,宋体,-9,,0,0,0,0,0,2,2,0,0,0,0,0,0,0,0,-1,0,,0,,0
d0050089=5,14,1,14,1,,宋体,-9,,0,0,0,0,0,2,2,0,0,0,0,0,0,0,0,-1,0,,0,,0
d0050090=5,15,1,15,1,,宋体,-9,,0,0,0,0,0,2,2,0,0,0,0,0,0,0,0,-1,0,,0,,0
d0050091=5,16,1,16,1,,宋体,-9,,0,0,0,0,0,2,2,0,0,0,0,0,0,0,0,-1,0,,0,,0
d0050092=5,17,1,17,1,,宋体,-9,,0,0,0,0,0,2,2,0,0,0,0,0,0,0,0,-1,0,,0,,0
d0050093=5,18,1,18,1,,宋体,-9,,0,0,0,0,0,2,2,0,0,0,0,0,0,0,0,-1,0,,0,,0
d0050094=5,1,2,14,2,注：项目编码应遵守《水利工程工程量清单计价规范》（GB50501-2007）。,宋体,-9,,0,0,0,0,0,0,2,0,0,0,0,0,0,0,0,-1,0,,0,,0
d0050095=5,15,2,15,2,,宋体,-9,,0,0,0,0,0,2,2,0,0,0,0,0,0,0,0,-1,0,,0,,0
d0050096=5,16,2,16,2,,宋体,-9,,0,0,0,0,0,2,2,0,0,0,0,0,0,0,0,-1,0,,0,,0
d0050097=5,17,2,17,2,,宋体,-9,,0,0,0,0,0,2,2,0,0,0,0,0,0,0,0,-1,0,,0,,0
d0050098=5,18,2,18,2,,宋体,-9,,0,0,0,0,0,2,2,0,0,0,0,0,0,0,0,-1,0,,0,,0
d0050099=5,1,3,14,3,第[pageno]页 共[pagecount]页,宋体,-9,,0,0,0,0,0,2,2,0,0,0,0,0,0,0,0,-1,0,,0,,0
d0050100=5,15,3,15,3,,宋体,-9,,0,0,0,0,0,2,2,0,0,0,0,0,0,0,0,-1,0,,0,,0
d0050101=5,16,3,16,3,,宋体,-9,,0,0,0,0,0,2,2,0,0,0,0,0,0,0,0,-1,0,,0,,0
d0050102=5,17,3,17,3,,宋体,-9,,0,0,0,0,0,2,2,0,0,0,0,0,0,0,0,-1,0,,0,,0
d0050103=5,18,3,18,3,,宋体,-9,,0,0,0,0,0,2,2,0,0,0,0,0,0,0,0,-1,0,,0,,0
[PARAMETER]
[报表参数]
desc=报表参数
enabled=1
count=6
1=项目选择,L(按标准区分打印),全部打印,按标准区分打印
2=自定附加打印项目（输入项目编码前缀，以逗号分隔）,S()
3=自定附加打印项目（输入项目取费程序名，以逗号分隔）,S()
4=打印套用单价序号,R(False)
5=打印工程名称,L(工程名称),工程名称,标段名称,工程名称+标段名称
6=安全施工及预留金显示,R(True)
[/PARAMETER]
[SOURCE]
type=rptx
dll=report_国标_投标人_分类分项工程量清单计价表(安装).dll
rptx=report_国标_投标人_分类分项工程量清单计价表(安装).rptx
level=1
[TEMP]
ReWrite=1
[参数设置结果]
项目选择=按标准区分打印
自定附加打印项目（输入项目编码前缀，以逗号分隔）=
自定附加打印项目（输入项目取费程序名，以逗号分隔）=
打印套用单价序号=False
打印工程名称=工程名称+标段名称
安全施工及预留金显示=True
