[DESIGN]
d001=0
d001001=安装工程单价分析表,150,150,150,150,1,1.5,-1,宋体,-10,0,0,1,1.5,-1
d003=6
d0030001=mark,60,宋体,-9,,0,0,0,0,16777215,2,2,1,1,1,1,1,0,0,0,-1,0,编码,0,,0
d0030002=name,139,宋体,-9,,0,0,0,0,16777215,1,2,1,1,1,1,1,0,0,1,-1,0,名称,0,,0
d0030003=unit,64,宋体,-9,,0,0,0,0,16777215,2,2,1,1,1,1,0,0,0,1,-1,0,单位,0,,0
d0030004=amount,65,宋体,-9,,0,0,0,0,16777215,1,2,1,1,1,1,0,0,0,1,-1,0,数量,0,,0
d0030005=unitprice,70,宋体,-9,,0,0,0,0,16777215,1,2,1,1,1,1,0,0,0,1,-1,0,单价,0,,0
d0030006=sumprice,73,宋体,-9,,0,0,0,0,16777215,1,2,1,1,1,1,0,0,0,1,-1,0,合价,0,,0

d0040001=8
d0040002=1
d0040003=6
d0040004=0
d0040005=1

d005=59
d0050001=1,1,1,6,2,安装工程单价表,宋体,-18,700,0,0,0,0,0,2,2,0,0,0,0,0,0,0,0,-1,0,,0,,0
d0050002=1,1,3,1,3,,宋体,-9,,0,0,0,0,0,2,2,0,0,0,0,0,0,0,0,-1,0,,0,,0
d0050003=1,2,3,2,3,,宋体,-9,,0,0,0,0,0,2,2,0,0,0,0,0,0,0,0,-1,0,,0,,0
d0050004=1,3,3,3,3,,宋体,-9,,0,0,0,0,0,2,2,0,0,0,0,0,0,0,0,-1,0,,0,,0
d0050005=1,4,3,4,3,,宋体,-9,,0,0,0,0,0,2,2,0,0,0,0,0,0,0,0,-1,0,,0,,0
d0050006=1,5,3,5,3,,宋体,-9,,0,0,0,0,0,2,2,0,0,0,0,0,0,0,0,-1,0,,0,,0
d0050007=1,6,3,6,3,,宋体,-9,,0,0,0,0,0,2,2,0,0,0,0,0,0,0,0,-1,0,,0,,0
d0050008=1,1,4,1,4,名称：,宋体,-9,,0,0,0,0,0,2,2,1,1,1,1,0,0,0,0,-1,0,,0,,0
d0050009=1,2,4,4,4,[项目名称],宋体,-9,,0,0,0,0,0,0,2,1,1,1,1,0,0,0,0,-1,0,,0,,0
d0050010=1,5,4,5,4,单位：,宋体,-9,,0,0,0,0,0,2,2,1,1,1,1,0,0,0,0,-1,0,,0,,0
d0050011=1,6,4,6,4,[定额单位],宋体,-9,,0,0,0,0,0,2,2,1,1,1,1,0,0,0,0,-1,0,,0,,0
d0050012=1,1,5,1,5,编号：,宋体,-9,,0,0,0,0,0,2,2,1,1,1,1,0,0,0,0,-1,0,,0,,0
d0050013=1,2,5,6,5,[项目编号],宋体,-9,,0,0,0,0,0,0,2,1,1,1,1,0,0,0,0,-1,0,,0,,0
d0050014=1,1,6,1,6,定额：,宋体,-9,,0,0,0,0,0,2,2,1,1,1,1,0,0,0,0,-1,0,,0,,0
d0050015=1,2,6,6,6,[定额组成],宋体,-9,,0,0,0,0,0,0,2,1,1,1,1,0,0,0,0,-1,0,,0,,0
d0050016=1,1,7,1,8,型号 char(13)char(10)规格：,宋体,-9,,0,0,0,0,0,2,2,1,1,1,1,0,0,0,0,-1,0,,0,,0
d0050017=1,2,7,6,8,[工作内容],宋体,-9,,0,0,0,0,0,0,2,1,1,1,1,0,0,0,0,-1,0,,0,,0
d0050018=2,1,1,1,1,编号,宋体,-9,,0,0,0,0,0,2,2,1,1,1,1,0,0,0,0,-1,0,,0,,0
d0050019=2,2,1,2,1,名称,宋体,-9,,0,0,0,0,0,2,2,1,1,1,1,0,0,0,0,-1,0,,0,,0
d0050020=2,3,1,3,1,单位,宋体,-9,,0,0,0,0,0,2,2,1,1,1,1,0,0,0,0,-1,0,,0,,0
d0050021=2,4,1,4,1,数量,宋体,-9,,0,0,0,0,0,2,2,1,1,1,1,0,0,0,0,-1,0,,0,,0
d0050022=2,5,1,5,1,单价,宋体,-9,,0,0,0,0,0,2,2,1,1,1,1,0,0,0,0,-1,0,,0,,0
d0050023=2,6,1,6,1,合价,宋体,-9,,0,0,0,0,0,2,2,1,1,1,1,0,0,0,0,-1,0,,0,,0
d0050024=3,1,1,1,1,,宋体,-9,,0,0,0,0,0,2,2,1,1,1,1,0,0,0,0,-1,0,,0,,0
d0050025=3,2,1,2,1,,宋体,-9,,0,0,0,0,0,0,2,1,1,1,1,0,0,0,0,-1,0,,0,,0
d0050026=3,3,1,3,1,,宋体,-9,,0,0,0,0,0,2,2,1,1,1,1,0,0,0,0,-1,0,,0,,0
d0050027=3,4,1,4,1,,宋体,-9,,0,0,0,0,0,1,2,1,1,1,1,0,0,0,0,-1,0,,0,,0
d0050028=3,5,1,5,1,,宋体,-9,,0,0,0,0,0,1,2,1,1,1,1,0,0,0,0,-1,0,,0,,0
d0050029=3,6,1,6,1,,宋体,-9,,0,0,0,0,0,1,2,1,1,1,1,0,0,0,0,-1,0,,0,,0
d0050030=3,7,1,7,1,1,宋体,-9,,0,0,0,0,0,2,2,0,0,0,0,0,0,0,0,-1,0,,0,,0
d0050031=3,1,2,1,2,,宋体,-9,,0,0,0,0,0,2,2,0,0,1,0,0,0,0,0,-1,0,,0,,0
d0050032=3,2,2,2,2,,宋体,-9,,0,0,0,0,0,0,2,0,0,0,0,0,0,0,0,-1,0,,0,,0
d0050033=3,3,2,3,2,,宋体,-9,,0,0,0,0,0,2,2,0,0,0,0,0,0,0,0,-1,0,,0,,0
d0050034=3,4,2,4,2,,宋体,-9,,0,0,0,0,0,1,2,0,0,0,0,0,0,0,0,-1,0,,0,,0
d0050035=3,5,2,5,2,,宋体,-9,,0,0,0,0,0,1,2,0,0,0,0,0,0,0,0,-1,0,,0,,0
d0050036=3,6,2,6,2,,宋体,-9,,0,0,0,0,0,1,2,0,0,0,1,0,0,0,0,-1,0,,0,,0
d0050037=3,7,2,7,2,2,宋体,-9,,0,0,0,0,0,2,2,0,0,0,0,0,0,0,0,-1,0,,0,,0
d0050038=3,1,3,1,3,,宋体,-9,,0,0,0,0,0,2,2,0,0,1,0,0,0,0,0,-1,0,,0,,0
d0050039=3,2,3,2,3,,宋体,-9,,0,0,0,0,0,0,2,0,0,0,0,0,0,0,0,-1,0,,0,,0
d0050040=3,3,3,3,3,,宋体,-9,,0,0,0,0,0,2,2,0,0,0,0,0,0,0,0,-1,0,,0,,0
d0050041=3,4,3,5,3,,宋体,-9,,0,0,0,0,0,1,2,0,0,0,0,0,0,0,0,-1,0,,0,,0
d0050042=3,6,3,6,3,,宋体,-9,,0,0,0,0,0,1,2,0,0,0,1,0,0,0,0,-1,0,,0,,0
d0050043=3,7,3,7,3,3,宋体,-9,,0,0,0,0,0,2,2,0,0,0,0,0,0,0,0,-1,0,,0,,0
d0050044=3,1,4,1,4,,宋体,-9,,0,0,0,0,0,2,2,1,1,1,1,0,0,0,0,-1,0,,0,,0
d0050045=3,2,4,2,4,,宋体,-9,,0,0,0,0,0,0,2,1,1,1,1,0,0,0,0,-1,0,,0,,0
d0050046=3,3,4,3,4,,宋体,-9,,0,0,0,0,0,2,2,1,1,1,1,0,0,0,0,-1,0,,0,,0
d0050047=3,4,4,4,4,,宋体,-9,,0,0,0,0,0,1,2,1,1,1,1,0,0,0,0,-1,0,,0,,0
d0050048=3,5,4,5,4,,宋体,-9,,0,0,0,0,0,1,2,1,1,1,1,0,0,0,0,-1,0,,0,,0
d0050049=3,6,4,6,4,,宋体,-9,,0,0,0,0,0,1,2,1,1,1,1,0,0,0,0,-1,0,,0,,0
d0050050=3,7,4,7,4,4,宋体,-9,,0,0,0,0,0,2,2,0,0,0,0,0,0,0,0,-1,0,,0,,0
d0050051=3,1,5,1,5,,宋体,-9,,0,0,0,0,0,2,2,1,1,1,1,0,0,0,0,-1,0,,0,,0
d0050052=3,2,5,2,5,,宋体,-9,,0,0,0,0,0,0,2,1,1,1,1,0,0,0,0,-1,0,,0,,0
d0050053=3,3,5,3,5,,宋体,-9,,0,0,0,0,0,2,2,1,1,1,1,0,0,0,0,-1,0,,0,,0
d0050054=3,4,5,5,5,,宋体,-9,,0,0,0,0,0,1,2,1,1,1,1,0,0,0,0,-1,0,,0,,0
d0050055=3,6,5,6,5,,宋体,-9,,0,0,0,0,0,1,2,1,1,1,1,0,0,0,0,-1,0,,0,,0
d0050056=3,7,5,7,5,5,宋体,-9,,0,0,0,0,0,2,2,0,0,0,0,0,0,0,0,-1,0,,0,,0
d0050057=3,1,6,6,6,,宋体,-9,,0,0,0,0,0,2,2,1,1,1,1,0,0,0,0,-1,0,,0,,0
d0050058=3,7,6,7,6,1003,宋体,-9,,0,0,0,0,0,2,2,0,0,0,0,0,0,0,0,-1,0,,0,,0
d0050059=5,1,1,6,1,第[pageno]页 共[pagecount]页,宋体,-11,,0,0,0,0,0,2,2,0,0,0,0,0,0,0,0,-1,0,,0,,0
[PARAMETER]
[报表参数]
desc=报表参数
enabled=1
count=18
1=项目编号组成样式,L(全部打印),全部打印,只打印一个
2=项目编号分隔符,T(;)
3=编号形式,L(中文层次),中文层次,数字层次,自编代号
4=材料编号样式,L((...)),形同上级编号,留空,(...)
5=百分比材料,L(显示计算程序),显示计算程序,分列,留空
6=打印费用单位,L(元),元,%,留空
7=合并单价编制清单,R(True)
8=项目名称打印关联编制清单序号,R(True)
9=只打印主要清单,R(False)
10=打印费用细项分隔线,R(False)
11=打印计算基数,R(True)
12=混凝土及台班子耗量,R(True)
13=打印合计到页末,R(True)
14=打印费用表单价,R(True)
15=打印机械,R(True)
16=打印其他直接费明细,R(True)
17=打印价差明细,R(False)
18=隐藏换算信息,R(True)
[/PARAMETER]
[SOURCE]
dll=全国02_通用_建筑工程单价分析表.dll
level=1
[TEMP]
ReWrite=1
[参数设置结果]
节点类型=安装工程
项目编号分隔符=;
编号形式=中文层次
材料编号样式=(...)
打印费用细项分隔线=True
打印价差明细=True
百分比材料=留空
打印费用单位=元
合并单价编制清单=True
项目名称打印关联编制清单序号=False
只打印主要清单=False
打印计算基数=False
混凝土及台班子耗量=True
打印合计到页末=True
打印费用表单价=True
打印机械=True
打印其他直接费明细=True
隐藏换算信息=True
中间单价=Z0001-Z0011
项目编号组成样式=全部打印
