[DESIGN]
d001=0
d001001=施工机械台时费汇总表,150,150,150,150,1,1.5,-1,宋体,-10,0,0,1,1.5,-1
d003=34
d0030001=序号,76,宋体,-10,,0,0,0,0,16777215,1,2,1,1,1,1,0,0,0,0,-1,0,序号,0,,0
d0030002=编号,51,宋体,-10,,0,0,0,0,16777215,1,2,1,1,1,1,0,0,1,1,-1,0,编号,0,,0
d0030003=名称及规格,177,宋体,-10,,0,0,0,0,16777215,1,2,1,1,1,1,0,0,0,0,-1,0,名称及规格,0,,0
d0030004=台时费(常规组价),60,宋体,-9,,0,0,0,0,0,0,0,1,1,1,1,0,0,1,0,-1,0,台时费(常规组价),0,,0
d0030005=台时费,60,宋体,-10,,0,0,0,0,16777215,1,2,1,1,1,1,0,0,0,1,-1,0,台时费,0,,0
d0030006=折旧费,60,宋体,-10,,0,0,0,0,16777215,1,2,1,1,1,1,0,0,0,1,-1,0,折旧费,0,,0
d0030007=修理费,60,宋体,-10,,0,0,0,0,16777215,1,2,1,1,1,1,0,0,0,1,-1,0,修理费,0,,0
d0030008=安装拆卸费,60,宋体,-10,,0,0,0,0,16777215,1,2,1,1,1,1,0,0,0,1,-1,0,安装拆卸费,0,,0
d0030009=人工费,60,宋体,-9,,0,0,0,0,0,0,0,1,1,1,1,0,0,0,1,-1,0,人工费,0,,0
d0030010=动力燃料费,60,宋体,-10,,0,0,0,0,16777215,1,2,1,1,1,1,0,0,0,1,-1,0,动力燃料费,0,,0
d0030011=一类费用小计,51,宋体,-10,,0,0,0,0,16777215,0,2,1,1,1,1,0,0,1,1,0,0,一类费用小计,0,,0
d0030012=汽油用量,47,宋体,-10,,0,0,0,0,16777215,0,2,1,1,1,1,0,0,1,1,0,0,汽油用量,0,,0
d0030013=汽油,45,宋体,-10,,0,0,0,0,16777215,1,2,1,1,1,1,0,0,1,1,-1,0,汽油,0,,0
d0030014=柴油用量,47,宋体,-10,,0,0,0,0,16777215,0,2,1,1,1,1,0,0,1,1,0,0,柴油用量,0,,0
d0030015=柴油,47,宋体,-10,,0,0,0,0,16777215,1,2,1,1,1,1,0,0,1,1,-1,0,柴油,0,,0
d0030016=电用量,50,宋体,-10,,0,0,0,0,16777215,0,2,1,1,1,1,0,0,1,1,0,0,电用量,0,,0
d0030017=电,45,宋体,-10,,0,0,0,0,16777215,1,2,1,1,1,1,0,0,1,1,-1,0,电,0,,0
d0030018=水用量,48,宋体,-10,,0,0,0,0,16777215,0,2,1,1,1,1,0,0,1,1,0,0,水用量,0,,0
d0030019=水,47,宋体,-10,,0,0,0,0,16777215,1,2,1,1,1,1,0,0,1,1,-1,0,水,0,,0
d0030020=风用量,47,宋体,-10,,0,0,0,0,16777215,0,2,1,1,1,1,0,0,1,1,0,0,风用量,0,,0
d0030021=风,46,宋体,-10,,0,0,0,0,16777215,1,2,1,1,1,1,0,0,1,1,-1,0,风,0,,0
d0030022=煤用量,46,宋体,-10,,0,0,0,0,16777215,0,2,1,1,1,1,0,0,1,1,0,0,煤用量,0,,0
d0030023=煤,46,宋体,-10,,0,0,0,0,16777215,1,2,1,1,1,1,0,0,1,1,-1,0,煤,0,,0
d0030024=人工用量,46,宋体,-10,,0,0,0,0,16777215,0,2,1,1,1,1,0,0,1,1,0,0,人工用量,0,,0
d0030025=人工单价,60,宋体,-9,,0,0,0,0,0,0,0,1,1,1,1,0,0,1,0,-1,0,人工单价,0,,0
d0030026=风单价,60,宋体,-9,,0,0,0,0,0,0,0,1,1,1,1,0,0,1,0,-1,0,风单价,0,,0
d0030027=水单价,60,宋体,-9,,0,0,0,0,0,0,0,1,1,1,1,0,0,1,0,-1,0,水单价,0,,0
d0030028=电单价,60,宋体,-9,,0,0,0,0,0,0,0,1,1,1,1,0,0,1,0,-1,0,电单价,0,,0
d0030029=柴油单价,60,宋体,-9,,0,0,0,0,0,0,0,1,1,1,1,0,0,1,0,-1,0,柴油单价,0,,0
d0030030=汽油单价,60,宋体,-9,,0,0,0,0,0,0,0,1,1,1,1,0,0,1,0,-1,0,汽油单价,0,,0
d0030031=人工,45,宋体,-10,,0,0,0,0,16777215,1,2,1,1,1,1,0,0,1,1,-1,0,人工,0,,0
d0030032=动力燃料费,60,宋体,-9,,0,0,0,0,0,0,0,1,1,1,1,0,0,1,0,-1,0,动力燃料费,0,,0
d0030033=二类费用小计,46,宋体,-10,,0,0,0,0,16777215,1,2,1,1,1,1,0,0,1,1,-1,0,二类费用小计,0,,0
d0030034=三类费用,52,宋体,-10,,0,0,0,0,16777215,1,2,1,1,1,1,0,0,1,1,-1,0,三类费用,0,,0

d0040001=3
d0040002=4
d0040003=1
d0040004=0
d0040005=1

d005=122
d0050001=1,1,1,34,2,施工机械[台班单位]费汇总表,宋体,-18,700,0,0,0,0,0,2,2,0,0,0,0,0,0,0,0,-1,0,,0,,0
d0050002=1,1,3,1,3,,宋体,-10,,0,0,0,0,0,0,1,0,0,0,0,0,0,0,0,-1,0,,0,,0
d0050003=1,2,3,2,3,,宋体,-9,,0,0,0,0,0,2,2,0,0,0,0,0,0,0,0,-1,0,,0,,0
d0050004=1,3,3,3,3,,宋体,-9,,0,0,0,0,0,2,2,0,0,0,0,0,0,0,0,-1,0,,0,,0
d0050005=1,4,3,4,3,,宋体,-9,,0,0,0,0,0,2,2,0,0,0,0,0,0,0,0,-1,0,,0,,0
d0050006=1,5,3,5,3,,宋体,-9,,0,0,0,0,0,2,2,0,0,0,0,0,0,0,0,-1,0,,0,,0
d0050007=1,6,3,6,3,,宋体,-9,,0,0,0,0,0,2,2,0,0,0,0,0,0,0,0,-1,0,,0,,0
d0050008=1,7,3,7,3,,宋体,-9,,0,0,0,0,0,2,2,0,0,0,0,0,0,0,0,-1,0,,0,,0
d0050009=1,8,3,8,3,,宋体,-9,,0,0,0,0,0,2,2,0,0,0,0,0,0,0,0,-1,0,,0,,0
d0050010=1,9,3,9,3,,宋体,-9,,0,0,0,0,0,2,2,0,0,0,0,0,0,0,0,-1,0,,0,,0
d0050011=1,10,3,10,3,,宋体,-9,,0,0,0,0,0,2,2,0,0,0,0,0,0,0,0,-1,0,,0,,0
d0050012=1,11,3,11,3,,宋体,-9,,0,0,0,0,0,2,2,0,0,0,0,0,0,0,0,-1,0,,0,,0
d0050013=1,12,3,12,3,,宋体,-9,,0,0,0,0,0,2,2,0,0,0,0,0,0,0,0,-1,0,,0,,0
d0050014=1,13,3,13,3,,宋体,-9,,0,0,0,0,0,2,2,0,0,0,0,0,0,0,0,-1,0,,0,,0
d0050015=1,14,3,14,3,,宋体,-9,,0,0,0,0,0,2,2,0,0,0,0,0,0,0,0,-1,0,,0,,0
d0050016=1,15,3,15,3,,宋体,-9,,0,0,0,0,0,2,2,0,0,0,0,0,0,0,0,-1,0,,0,,0
d0050017=1,16,3,16,3,,宋体,-9,,0,0,0,0,0,2,2,0,0,0,0,0,0,0,0,-1,0,,0,,0
d0050018=1,17,3,17,3,,宋体,-9,,0,0,0,0,0,2,2,0,0,0,0,0,0,0,0,-1,0,,0,,0
d0050019=1,18,3,18,3,,宋体,-9,,0,0,0,0,0,2,2,0,0,0,0,0,0,0,0,-1,0,,0,,0
d0050020=1,19,3,19,3,,宋体,-9,,0,0,0,0,0,2,2,0,0,0,0,0,0,0,0,-1,0,,0,,0
d0050021=1,20,3,20,3,,宋体,-9,,0,0,0,0,0,2,2,0,0,0,0,0,0,0,0,-1,0,,0,,0
d0050022=1,21,3,21,3,,宋体,-9,,0,0,0,0,0,2,2,0,0,0,0,0,0,0,0,-1,0,,0,,0
d0050023=1,22,3,22,3,,宋体,-9,,0,0,0,0,0,2,2,0,0,0,0,0,0,0,0,-1,0,,0,,0
d0050024=1,23,3,23,3,,宋体,-9,,0,0,0,0,0,2,2,0,0,0,0,0,0,0,0,-1,0,,0,,0
d0050025=1,24,3,24,3,,宋体,-9,,0,0,0,0,0,2,2,0,0,0,0,0,0,0,0,-1,0,,0,,0
d0050026=1,25,3,25,3,,宋体,-9,,0,0,0,0,0,2,2,0,0,0,0,0,0,0,0,-1,0,,0,,0
d0050027=1,26,3,26,3,,宋体,-9,,0,0,0,0,0,2,2,0,0,0,0,0,0,0,0,-1,0,,0,,0
d0050028=1,27,3,27,3,,宋体,-9,,0,0,0,0,0,2,2,0,0,0,0,0,0,0,0,-1,0,,0,,0
d0050029=1,28,3,28,3,,宋体,-9,,0,0,0,0,0,2,2,0,0,0,0,0,0,0,0,-1,0,,0,,0
d0050030=1,29,3,29,3,,宋体,-9,,0,0,0,0,0,2,2,0,0,0,0,0,0,0,0,-1,0,,0,,0
d0050031=1,30,3,30,3,,宋体,-9,,0,0,0,0,0,2,2,0,0,0,0,0,0,0,0,-1,0,,0,,0
d0050032=1,31,3,34,3,,宋体,-10,,0,0,0,0,0,1,1,0,0,0,0,0,0,0,0,-1,0,,0,,0
d0050033=2,1,1,1,4,序号,宋体,-10,,0,0,0,0,0,2,2,1,1,1,1,0,0,0,0,-1,0,,0,,0
d0050034=2,2,1,2,4,编号,宋体,-10,,0,0,0,0,0,2,2,1,1,1,1,0,0,0,0,-1,0,,0,,0
d0050035=2,3,1,3,4,名称及规格,宋体,-10,,0,0,0,0,0,2,2,1,1,1,1,0,0,0,0,-1,0,,0,,0
d0050036=2,4,1,4,1,,宋体,-9,,0,0,0,0,0,2,2,0,0,0,0,0,0,0,0,-1,0,,0,,0
d0050037=2,5,1,5,4,[台班单位]费char(13)char(10)(元),宋体,-10,,0,0,0,0,0,2,2,1,1,1,1,0,0,0,0,-1,0,,0,,0
d0050038=2,6,1,10,1,其    中,宋体,-10,,0,0,0,0,0,2,2,1,1,1,1,0,0,0,0,-1,0,,0,,0
d0050039=2,11,1,11,4,一类费char(13)char(10)用小计,宋体,-10,,0,0,0,0,0,2,2,1,1,1,1,0,0,0,0,-1,0,,0,,0
d0050040=2,12,1,33,1,二类费用,宋体,-10,,0,0,0,0,0,2,2,1,1,1,1,0,0,0,0,-1,0,,0,,0
d0050041=2,34,1,34,4,三类char(13)char(10)费用,宋体,-10,,0,0,0,0,0,2,2,1,1,1,1,0,0,0,0,-1,0,,0,,0
d0050042=2,4,2,4,2,,宋体,-9,,0,0,0,0,0,2,2,0,0,0,0,0,0,0,0,-1,0,,0,,0
d0050043=2,6,2,6,4,折旧费,宋体,-10,,0,0,0,0,0,2,2,1,1,1,1,0,0,0,0,-1,0,,0,,0
d0050044=2,7,2,7,4,修理及替char(13)char(10)换设备费,宋体,-10,,0,0,0,0,0,2,2,1,1,1,1,0,0,0,0,-1,0,,0,,0
d0050045=2,8,2,8,4,安拆费,宋体,-10,,0,0,0,0,0,2,2,1,1,1,1,0,0,0,0,-1,0,,0,,0
d0050046=2,9,2,9,4,人工费,宋体,-9,,0,0,0,0,0,2,2,1,1,1,1,0,0,0,0,-1,0,,0,,0
d0050047=2,10,2,10,4,动  力char(13)char(10)燃料费,宋体,-10,,0,0,0,0,0,2,2,1,1,1,1,0,0,0,0,-1,0,,0,,0
d0050048=2,12,2,13,2,汽油,宋体,-10,,0,0,0,0,0,2,2,1,1,1,1,0,0,0,0,-1,0,,0,,0
d0050049=2,14,2,15,2,柴油,宋体,-10,,0,0,0,0,0,2,2,1,1,1,1,0,0,0,0,-1,0,,0,,0
d0050050=2,16,2,17,2,电,宋体,-10,,0,0,0,0,0,2,2,1,1,1,1,0,0,0,0,-1,0,,0,,0
d0050051=2,18,2,19,2,水,宋体,-10,,0,0,0,0,0,2,2,1,1,1,1,0,0,0,0,-1,0,,0,,0
d0050052=2,20,2,21,2,风,宋体,-10,,0,0,0,0,0,2,2,1,1,1,1,0,0,0,0,-1,0,,0,,0
d0050053=2,22,2,23,2,煤,宋体,-10,,0,0,0,0,0,2,2,1,1,1,1,0,0,0,0,-1,0,,0,,0
d0050054=2,24,2,31,2,人工费,宋体,-10,,0,0,0,0,0,2,2,1,1,1,1,0,0,0,0,-1,0,,0,,0
d0050055=2,32,2,32,4,动力燃料费,宋体,-9,,0,0,0,0,0,2,2,1,1,1,1,0,0,0,0,-1,0,,0,,0
d0050056=2,33,2,33,4,小计,宋体,-10,,0,0,0,0,0,2,2,1,1,1,1,0,0,0,0,-1,0,,0,,0
d0050057=2,4,3,4,3,,宋体,-9,,0,0,0,0,0,2,2,0,0,0,0,0,0,0,0,-1,0,,0,,0
d0050058=2,12,3,13,3,[汽油],宋体,-10,,0,0,0,0,0,1,2,1,1,1,1,0,0,0,0,-1,0,,0,,0
d0050059=2,14,3,15,3,[柴油],宋体,-10,,0,0,0,0,0,1,2,1,1,1,1,0,0,0,0,-1,0,,0,,0
d0050060=2,16,3,17,3,[电],宋体,-10,,0,0,0,0,0,1,2,1,1,1,1,0,0,0,0,-1,0,,0,,0
d0050061=2,18,3,19,3,[水],宋体,-10,,0,0,0,0,0,1,2,1,1,1,1,0,0,0,0,-1,0,,0,,0
d0050062=2,20,3,21,3,[风],宋体,-10,,0,0,0,0,0,1,2,1,1,1,1,0,0,0,0,-1,0,,0,,0
d0050063=2,22,3,23,3,[煤],宋体,-10,,0,0,0,0,0,1,2,1,1,1,1,0,0,0,0,-1,0,,0,,0
d0050064=2,24,3,31,3,[人工],宋体,-10,,0,0,0,0,0,1,2,1,1,1,1,0,0,0,0,-1,0,,0,,0
d0050065=2,4,4,4,4,,宋体,-9,,0,0,0,0,0,2,2,0,0,0,0,0,0,0,0,-1,0,,0,,0
d0050066=2,12,4,12,4,数量,宋体,-10,,0,0,0,0,0,2,2,1,1,1,1,0,0,0,0,-1,0,,0,,0
d0050067=2,13,4,13,4,合计,宋体,-10,,0,0,0,0,0,2,2,1,1,1,1,0,0,0,0,-1,0,,0,,0
d0050068=2,14,4,14,4,数量,宋体,-10,,0,0,0,0,0,2,2,1,1,1,1,0,0,0,0,-1,0,,0,,0
d0050069=2,15,4,15,4,合计,宋体,-10,,0,0,0,0,0,2,2,1,1,1,1,0,0,0,0,-1,0,,0,,0
d0050070=2,16,4,16,4,数量,宋体,-10,,0,0,0,0,0,2,2,1,1,1,1,0,0,0,0,-1,0,,0,,0
d0050071=2,17,4,17,4,合计,宋体,-10,,0,0,0,0,0,2,2,1,1,1,1,0,0,0,0,-1,0,,0,,0
d0050072=2,18,4,18,4,数量,宋体,-10,,0,0,0,0,0,2,2,1,1,1,1,0,0,0,0,-1,0,,0,,0
d0050073=2,19,4,19,4,合计,宋体,-10,,0,0,0,0,0,2,2,1,1,1,1,0,0,0,0,-1,0,,0,,0
d0050074=2,20,4,20,4,数量,宋体,-10,,0,0,0,0,0,2,2,1,1,1,1,0,0,0,0,-1,0,,0,,0
d0050075=2,21,4,21,4,合计,宋体,-10,,0,0,0,0,0,2,2,1,1,1,1,0,0,0,0,-1,0,,0,,0
d0050076=2,22,4,22,4,数量,宋体,-10,,0,0,0,0,0,2,2,1,1,1,1,0,0,0,0,-1,0,,0,,0
d0050077=2,23,4,23,4,合计,宋体,-10,,0,0,0,0,0,2,2,1,1,1,1,0,0,0,0,-1,0,,0,,0
d0050078=2,24,4,24,4,数量,宋体,-10,,0,0,0,0,0,2,2,1,1,1,1,0,0,0,0,-1,0,,0,,0
d0050079=2,25,4,25,4,,宋体,-9,,0,0,0,0,0,2,2,0,0,0,0,0,0,0,0,-1,0,,0,,0
d0050080=2,26,4,26,4,,宋体,-9,,0,0,0,0,0,2,2,0,0,0,0,0,0,0,0,-1,0,,0,,0
d0050081=2,27,4,27,4,,宋体,-9,,0,0,0,0,0,2,2,0,0,0,0,0,0,0,0,-1,0,,0,,0
d0050082=2,28,4,28,4,,宋体,-9,,0,0,0,0,0,2,2,0,0,0,0,0,0,0,0,-1,0,,0,,0
d0050083=2,29,4,29,4,,宋体,-9,,0,0,0,0,0,2,2,0,0,0,0,0,0,0,0,-1,0,,0,,0
d0050084=2,30,4,30,4,,宋体,-9,,0,0,0,0,0,2,2,0,0,0,0,0,0,0,0,-1,0,,0,,0
d0050085=2,31,4,31,4,合计,宋体,-10,,0,0,0,0,0,2,2,1,1,1,1,0,0,0,0,-1,0,,0,,0
d0050086=3,1,1,1,1,,宋体,-9.75,,0,0,0,0,0,2,2,1,1,1,1,0,0,0,0,-1,0,,0,,0
d0050087=3,2,1,2,1,,宋体,-9.75,,0,0,0,0,0,2,2,1,1,1,1,0,0,0,0,-1,0,,0,,0
d0050088=3,3,1,3,1,,宋体,-9.75,,0,0,0,0,0,0,2,1,1,1,1,0,0,0,0,-1,0,,0,,0
d0050089=3,4,1,4,1,,宋体,-9,,0,0,0,0,0,2,2,0,0,0,0,0,0,0,0,-1,0,,0,,0
d0050090=3,5,1,5,1,,宋体,-9.75,,0,0,0,0,0,1,2,1,1,1,1,0,0,0,0,-1,0,,0,,0
d0050091=3,6,1,6,1,,宋体,-9.75,,0,0,0,0,0,1,2,1,1,1,1,0,0,0,0,-1,0,,0,,0
d0050092=3,7,1,7,1,,宋体,-9.75,,0,0,0,0,0,1,2,1,1,1,1,0,0,0,0,-1,0,,0,,0
d0050093=3,8,1,8,1,,宋体,-9.75,,0,0,0,0,0,1,2,1,1,1,1,0,0,0,0,-1,0,,0,,0
d0050094=3,9,1,9,1,,宋体,-9,,0,0,0,0,0,2,2,1,1,1,1,0,0,0,0,-1,0,,0,,0
d0050095=3,10,1,10,1,,宋体,-9.75,,0,0,0,0,0,1,2,1,1,1,1,0,0,0,0,-1,0,,0,,0
d0050096=3,11,1,11,1,,宋体,-9.75,,0,0,0,0,0,1,2,1,1,1,1,0,0,0,0,-1,0,,0,,0
d0050097=3,12,1,12,1,,宋体,-9.75,,0,0,0,0,0,1,2,1,1,1,1,0,0,0,0,-1,0,,0,,0
d0050098=3,13,1,13,1,,宋体,-9.75,,0,0,0,0,0,1,2,1,1,1,1,0,0,0,0,-1,0,,0,,0
d0050099=3,14,1,14,1,,宋体,-9.75,,0,0,0,0,0,1,2,1,1,1,1,0,0,0,0,-1,0,,0,,0
d0050100=3,15,1,15,1,,宋体,-9.75,,0,0,0,0,0,1,2,1,1,1,1,0,0,0,0,-1,0,,0,,0
d0050101=3,16,1,16,1,,宋体,-9.75,,0,0,0,0,0,1,2,1,1,1,1,0,0,0,0,-1,0,,0,,0
d0050102=3,17,1,17,1,,宋体,-9.75,,0,0,0,0,0,1,2,1,1,1,1,0,0,0,0,-1,0,,0,,0
d0050103=3,18,1,18,1,,宋体,-9.75,,0,0,0,0,0,1,2,1,1,1,1,0,0,0,0,-1,0,,0,,0
d0050104=3,19,1,19,1,,宋体,-9.75,,0,0,0,0,0,1,2,1,1,1,1,0,0,0,0,-1,0,,0,,0
d0050105=3,20,1,20,1,,宋体,-9.75,,0,0,0,0,0,1,2,1,1,1,1,0,0,0,0,-1,0,,0,,0
d0050106=3,21,1,21,1,,宋体,-9.75,,0,0,0,0,0,1,2,1,1,1,1,0,0,0,0,-1,0,,0,,0
d0050107=3,22,1,22,1,,宋体,-9.75,,0,0,0,0,0,1,2,1,1,1,1,0,0,0,0,-1,0,,0,,0
d0050108=3,23,1,23,1,,宋体,-9.75,,0,0,0,0,0,1,2,1,1,1,1,0,0,0,0,-1,0,,0,,0
d0050109=3,24,1,24,1,,宋体,-9.75,,0,0,0,0,0,1,2,1,1,1,1,0,0,0,0,-1,0,,0,,0
d0050110=3,25,1,25,1,,宋体,-9,,0,0,0,0,0,2,2,0,0,0,0,0,0,0,0,-1,0,,0,,0
d0050111=3,26,1,26,1,,宋体,-9,,0,0,0,0,0,2,2,0,0,0,0,0,0,0,0,-1,0,,0,,0
d0050112=3,27,1,27,1,,宋体,-9,,0,0,0,0,0,2,2,0,0,0,0,0,0,0,0,-1,0,,0,,0
d0050113=3,28,1,28,1,,宋体,-9,,0,0,0,0,0,2,2,0,0,0,0,0,0,0,0,-1,0,,0,,0
d0050114=3,29,1,29,1,,宋体,-9,,0,0,0,0,0,2,2,0,0,0,0,0,0,0,0,-1,0,,0,,0
d0050115=3,30,1,30,1,,宋体,-9,,0,0,0,0,0,2,2,0,0,0,0,0,0,0,0,-1,0,,0,,0
d0050116=3,31,1,31,1,,宋体,-9.75,,0,0,0,0,0,1,2,1,1,1,1,0,0,0,0,-1,0,,0,,0
d0050117=3,32,1,32,1,,宋体,-9.75,,0,0,0,0,0,2,2,1,1,1,1,0,0,0,0,-1,0,,0,,0
d0050118=3,33,1,33,1,,宋体,-9.75,,0,0,0,0,0,1,2,1,1,1,1,0,0,0,0,-1,0,,0,,0
d0050119=3,34,1,34,1,,宋体,-9.75,,0,0,0,0,0,1,2,1,1,1,1,0,0,0,0,-1,0,,0,,0
d0050120=3,35,1,35,1,1,宋体,-9.75,,0,0,0,0,0,2,2,0,0,0,0,0,0,0,0,-1,0,,0,,0
d0050121=5,1,1,34,1,第[pageno]页 共[pagecount]页,宋体,-10,,0,0,0,0,0,2,2,0,0,0,0,0,0,0,0,-1,0,,0,,0
d0050122=5,35,1,35,1,,宋体,-9,,0,0,0,0,0,2,2,0,0,0,0,0,0,0,0,-1,0,,0,,0
[PARAMETER]
[报表参数]
desc=报表参数
enabled=1
count=3
1=人工显示,L(初级工),初级工,中级工,高级工,工长
2=组价方式,L(常规组价),常规组价,预算价组价
3=打印电水风下机械,R(False)
[/PARAMETER]
[SOURCE]
rpt=全国02_通用_施工机械台时汇总表.rpt
rptx=全国02_通用_施工机械台时汇总表.rptx
dll=全国02_通用_机械台班预算单价计算表.dll
type=rptx
level=0
[TEMP]
ReWrite=1
[参数设置结果]
人工显示=中级工
组价方式=预算价组价
打印电水风下机械=False
