[DESIGN]
d001=0
d001001=其他项目清单计价表,150,150,150,150,1,1.5,-1,宋体,-10,0,0,1,1.5,-1
d003=4
d0030001=bzmlid,60,宋体,-10,,0,0,0,0,16777215,2,2,1,1,1,1,0,0,0,0,-1,0,序号,0,
d0030002=node_mc,300,宋体,-10,,0,0,0,0,16777215,0,2,1,1,1,1,1,0,0,0,-1,0,项目名称,0,
d0030003=hjjj1,100,宋体,-10,,0,0,0,0,16777215,1,2,1,1,1,1,0,0,0,1,-1,0,合价,0,
d0030004=bz,200,宋体,-10,,0,0,0,0,16777215,0,2,1,1,1,1,1,0,0,0,-1,0,备注,0,

d0040001=4
d0040002=1
d0040003=1
d0040004=0
d0040005=2
d00400050001=0
d00400050002=0

d005=21
d0050001=1,1,1,4,2,其他项目清单,宋体,-18,700,0,0,0,0,0,2,2,0,0,0,0,0,0,0,0,-1,0,,0,A1
d0050002=1,1,3,2,3,合同编号：[合同编号],宋体,-9,,0,0,0,0,0,0,2,0,0,0,0,0,0,0,0,-1,0,,0,A3
d0050003=1,3,3,3,3,,宋体,-9,,0,0,0,0,0,2,2,0,0,0,0,0,0,0,0,-1,0,,0,C3
d0050004=1,4,3,4,3,,宋体,-9,,0,0,0,0,0,2,2,0,0,0,0,0,0,0,0,-1,0,,0,D3
d0050005=1,1,4,2,4,工程名称：<U>[工程名称]</U><U>[标段名称]</U>,宋体,-9,,0,0,0,0,0,0,2,0,0,0,0,0,0,0,0,-1,0,,0,A4
d0050006=1,3,4,4,4,,宋体,-9,,0,0,0,0,0,1,2,0,0,0,0,0,0,0,0,-1,0,,0,C4
d0050007=2,1,1,1,1,序 号,宋体,-9,,0,0,0,0,0,2,2,1,1,1,1,0,0,0,0,-1,0,,0,A5
d0050008=2,2,1,2,1,项 目 名 称,宋体,-9,,0,0,0,0,0,2,2,1,1,1,1,0,0,0,0,-1,0,,0,B5
d0050009=2,3,1,3,1,金 额char(13)char(10)（元）,宋体,-9,,0,0,0,0,0,2,2,1,1,1,1,0,0,0,0,-1,0,,0,C5
d0050010=2,4,1,4,1,备注,宋体,-9,,0,0,0,0,0,2,2,1,1,1,1,0,0,0,0,-1,0,,0,D5
d0050011=3,1,1,1,1,,宋体,-9,,0,0,0,0,0,2,2,1,1,1,1,0,0,0,0,-1,0,,0,A6
d0050012=3,2,1,2,1,,宋体,-9,,0,0,0,0,0,2,2,1,1,1,1,0,0,0,0,-1,0,,0,B6
d0050013=3,3,1,3,1,,宋体,-9,,0,0,0,0,0,2,2,1,1,1,1,0,0,0,0,-1,0,,0,C6
d0050014=3,4,1,4,1,,宋体,-9,,0,0,0,0,0,2,2,1,1,1,1,0,0,0,0,-1,0,,0,D6
d0050015=3,5,1,5,1,1,宋体,-9,,0,0,0,0,0,2,2,1,1,1,1,0,0,0,0,-1,0,,0,E6
d0050016=5,1,1,1,1,,宋体,-9,,0,0,0,0,0,2,2,0,0,0,0,0,0,0,0,-1,0,,0,A7
d0050017=5,2,1,2,1,,宋体,-9,,0,0,0,0,0,2,2,0,0,0,0,0,0,0,0,-1,0,,0,B7
d0050018=5,3,1,3,2,法 定 代 表 人  (或委托代理人)：,宋体,-9,,0,0,0,0,0,1,1,0,0,0,0,0,0,0,0,-1,0,,0,C7
d0050019=5,4,1,4,2,[投标单位法定代表人]    （签字）,宋体,-9,,0,0,0,0,0,1,1,0,0,0,0,0,0,0,0,-1,0,,0,D7
d0050020=5,1,2,1,2,,宋体,-9,,0,0,0,0,0,2,2,0,0,0,0,0,0,0,0,-1,0,,0,A8
d0050021=5,2,2,2,2,,宋体,-9,,0,0,0,0,0,2,2,0,0,0,0,0,0,0,0,-1,0,,0,B8
[PARAMETER]
[/PARAMETER]
[SOURCE]
type=rptx
dll=report_国标_投标人_其他项目清单计价表.dll
rptx=report_国标_招标人_其他项目清单.rptx
level=0
[TEMP]
ReWrite=1
