[DESIGN]
d001=0
d001001=分项报价金额汇总表,150,150,150,150,1,1.5,-1,宋体,-10,0,0,1,1.5,-1
d003=7
d0030001=xh,68,宋体,-9,,0,0,0,0,16777215,0,2,1,1,1,1,0,1,0,0,-1,0,序号,0,,0
d0030002=bm,60,宋体,-9,,0,0,0,0,0,0,0,1,1,1,1,0,1,0,0,-1,0,编码,0,,0
d0030003=xmmc,368,宋体,-9,,0,0,0,0,16777215,1,2,1,1,1,1,1,0,0,0,-1,0,项目名称,0,,0
d0030004=sumFee,80,宋体,-9,,0,0,0,0,16777215,1,2,1,1,1,1,0,0,1,1,-1,0,建安工程费,0,,0
d0030005=machineFee,80,宋体,-9,,0,0,0,0,16777215,0,2,1,1,1,1,0,0,1,1,0,0,设备费,0,,0
d0030006=,80,宋体,-9,,0,0,0,0,16777215,0,0,1,1,1,1,0,0,0,1,-1,0,分项总金额,0,,0
d0030007=bz,137,宋体,-9,,0,0,0,0,16777215,1,2,1,1,1,1,1,0,0,0,-1,0,备注,0,,0

d0040001=4
d0040002=1
d0040003=2
d0040004=0
d0040005=4

d005=31
d0050001=1,1,1,7,2,分项报价金额汇总表,宋体,-18,700,0,0,0,0,0,2,2,0,0,0,0,0,0,0,0,-1,0,,0,,0
d0050002=1,1,3,6,4,[macroGcName],宋体,-9,,0,0,0,0,0,0,1,0,0,0,0,0,0,0,0,-1,0,,0,,0
d0050003=1,7,3,7,4,单位：[金额单位] ,宋体,-9,,0,0,0,0,0,1,1,0,0,0,0,0,0,0,0,-1,0,,0,,0
d0050004=2,1,1,1,1,序号,宋体,-9,,0,0,0,0,0,2,2,1,1,1,1,0,0,0,0,-1,0,,0,,0
d0050005=2,2,1,2,1,编码,宋体,-9,,0,0,0,0,0,2,2,1,1,1,1,0,0,0,0,-1,0,,0,,0
d0050006=2,3,1,3,1,分项工程名称,宋体,-9,,0,0,0,0,0,2,2,1,1,1,1,0,0,0,0,-1,0,,0,,0
d0050007=2,4,1,4,1,建安工程费,宋体,-9,,0,0,0,0,0,2,2,1,1,1,1,0,0,0,0,-1,0,,0,,0
d0050008=2,5,1,5,1,设备费,宋体,-9,,0,0,0,0,0,2,2,1,1,1,1,0,0,0,0,-1,0,,0,,0
d0050009=2,6,1,6,1,分项总金额,宋体,-9,,0,0,0,0,0,2,2,1,1,1,1,0,0,0,0,-1,0,,0,,0
d0050010=2,7,1,7,1,备注,宋体,-9,,0,0,0,0,0,2,2,1,1,1,1,0,0,0,0,-1,0,,0,,0
d0050011=3,1,1,1,1,,宋体,-9,,0,0,0,0,0,2,2,1,1,1,1,0,0,0,0,-1,0,,0,,0
d0050012=3,2,1,2,1,,宋体,-9,,0,0,0,0,0,2,2,1,1,1,1,0,0,0,0,-1,0,,0,,0
d0050013=3,3,1,3,1,,宋体,-9,,0,0,0,0,0,0,2,1,1,1,1,0,0,0,0,-1,0,,0,,0
d0050014=3,4,1,4,1,,宋体,-9,,0,0,0,0,0,1,2,1,1,1,1,0,0,0,0,-1,0,,0,,0
d0050015=3,5,1,5,1,,宋体,-9,,0,0,0,0,0,1,2,1,1,1,1,0,0,0,0,-1,0,,0,,0
d0050016=3,6,1,6,1,,宋体,-9,,0,0,0,0,0,1,2,1,1,1,1,0,0,0,0,-1,0,,0,,0
d0050017=3,7,1,7,1,,宋体,-9,,0,0,0,0,0,2,2,1,1,1,1,0,0,0,0,-1,0,,0,,0
d0050018=3,8,1,8,1,1,宋体,-9,,0,0,0,0,0,2,2,0,0,0,0,0,0,0,0,-1,0,,0,,0
d0050019=3,1,2,3,2,,宋体,-9,,0,0,0,0,0,2,2,1,1,1,1,0,0,0,0,-1,0,,0,,0
d0050020=3,4,2,4,2,,宋体,-9,,0,0,0,0,0,2,2,1,1,1,1,0,0,0,0,-1,0,,0,,0
d0050021=3,5,2,5,2,,宋体,-9,,0,0,0,0,0,2,2,1,1,1,1,0,0,0,0,-1,0,,0,,0
d0050022=3,6,2,6,2,,宋体,-9,,0,0,0,0,0,1,2,1,1,1,1,0,0,0,0,-1,0,,0,,0
d0050023=3,7,2,7,2,,宋体,-9,,0,0,0,0,0,0,2,1,1,1,1,0,0,0,0,-1,0,,0,,0
d0050024=3,8,2,8,2,1003,宋体,-9,,0,0,0,0,0,2,2,0,0,0,0,0,0,0,0,-1,0,,0,,0
d0050025=5,1,1,6,1,投标人：,宋体,-9,,0,0,0,0,0,1,1,0,0,0,0,0,0,0,0,-1,0,,0,,0
d0050026=5,7,1,7,1,[投标单位],宋体,-9,,0,0,0,0,0,0,1,0,1,0,0,0,0,0,0,-1,0,,0,,0
d0050027=5,1,2,6,2,法定代表人(委托代理人)：,宋体,-9,,0,0,0,0,0,1,1,0,0,0,0,0,0,0,0,-1,0,,0,,0
d0050028=5,7,2,7,2,[投标单位法定代表人],宋体,-9,,0,0,0,0,0,0,1,0,1,0,0,0,0,0,0,-1,0,,0,,0
d0050029=5,1,3,6,3, ,宋体,-9,,0,0,0,0,0,1,1,0,0,0,0,0,0,0,0,-1,0,,0,,0
d0050030=5,7,3,7,3,[编制日期],宋体,-9,,0,0,0,0,0,0,1,0,0,0,0,0,0,0,0,-1,0,,0,,0
d0050031=5,1,4,7,4,第[pageno]页 共[pagecount]页,宋体,-11,,0,0,0,0,0,2,2,0,0,0,0,0,0,0,0,-1,0,,0,,0
[PARAMETER]
[报表参数]
desc=报表参数
enabled=1
count=9
1=打印工程名称,L(项目名称),项目名称,标段名称,项目名称+标段名称,合同编号
2=项目打印级数,L(一级项目),一级项目,二级项目,三级项目,四级项目,五级项目,打印全部项目
3=打印套用单价序号,R(False)
4=合价万元,R(False)
5=显示编码,R(False)
6=分类分项项目,R(True)
7=措施项目,R(False)
8=其他项目,R(False)
9=零星项目,R(False)
[/PARAMETER]
[SOURCE]
dll=全国02_通用_投标_报价汇总表.dll
type=rptx
level=1
[参数设置结果]
项目打印级数=打印全部项目
打印工程名称=项目名称
打印套用单价序号=False
显示编码=False
合价万元=False
分类分项项目=True
措施项目=True
其他项目=True
零星项目=False
[TEMP]
ReWrite=1
