[DESIGN]
d001=0
d001001=次要材料预算价格汇总表,150,150,150,150,1,1.5,-1,宋体,-10,0,0,1,1.5,-1
d003=8
d0030001=序号,50,宋体,-9,,0,0,0,0,16777215,1,2,1,1,1,1,0,0,0,0,-1,0,序号,0,,0
d0030002=编码,60,宋体,-9,,0,0,0,0,16777215,1,2,1,1,1,1,0,0,1,1,-1,0,编码,0,,0
d0030003=名称,232,宋体,-9,,0,0,0,0,16777215,1,2,1,1,1,1,1,0,0,0,-1,0,名称,0,,0
d0030004=单位,60,宋体,-9,,0,0,0,0,16777215,1,2,1,1,1,1,0,0,0,0,-1,0,单位,0,,0
d0030005=合价,60,宋体,-9,,0,0,0,0,16777215,1,2,1,1,1,1,0,0,1,1,-1,0,预算价,0,,0
d0030006=原价,60,宋体,-9,,0,0,0,0,16777215,1,2,1,1,1,1,0,0,0,1,-1,0,原价,0,,0
d0030007=运杂费,60,宋体,-9,,0,0,0,0,16777215,1,2,1,1,1,1,0,0,0,1,-1,0,运杂费,0,,0
d0030008=合计,66,宋体,-9,,0,0,0,0,0,0,0,1,1,1,1,0,0,0,1,-1,0,合计,0,,0

d0040001=3
d0040002=1
d0040003=1
d0040004=0
d0040005=1

d005=22
d0050001=1,1,1,8,2,次要材料[编制类型]价格汇总表,宋体,-18,700,0,0,0,0,0,2,2,0,0,0,0,0,0,0,0,-1,0,,0,,0
d0050002=1,1,3,5,3,[macroGcName2],宋体,-9,,0,0,0,0,0,0,2,0,0,0,0,0,0,0,0,-1,0,,0,,0
d0050003=1,6,3,8,3,单位：元,宋体,-9,,0,0,0,0,0,1,2,0,0,0,0,0,0,0,0,-1,0,,0,,0
d0050004=2,1,1,1,1,序号,宋体,-9,,0,0,0,0,0,2,2,1,1,1,1,0,0,0,0,-1,0,,0,,0
d0050005=2,2,1,2,1,材料编码,宋体,-9,,0,0,0,0,0,2,2,1,1,1,1,0,0,0,0,-1,0,,0,,0
d0050006=2,3,1,3,1,名称及规格,宋体,-9,,0,0,0,0,0,2,2,1,1,1,1,0,0,0,0,-1,0,,0,,0
d0050007=2,4,1,4,1,单位,宋体,-9,,0,0,0,0,0,2,2,1,1,1,1,0,0,0,0,-1,0,,0,,0
d0050008=2,5,1,5,1,预算价,宋体,-9,,0,0,0,0,0,2,2,1,1,1,1,0,0,0,0,-1,0,,0,,0
d0050009=2,6,1,6,1,原价,宋体,-9,,0,0,0,0,0,2,2,1,1,1,1,0,0,0,0,-1,0,,0,,0
d0050010=2,7,1,7,1,运杂费,宋体,-9,,0,0,0,0,0,2,2,1,1,1,1,0,0,0,0,-1,0,,0,,0
d0050011=2,8,1,8,1,合计,宋体,-9,,0,0,0,0,0,2,2,1,1,1,1,0,0,0,0,-1,0,,0,,0
d0050012=3,1,1,1,1,,宋体,-9,,0,0,0,0,0,2,2,1,1,1,1,0,0,0,0,-1,0,,0,,0
d0050013=3,2,1,2,1,,宋体,-9,,0,0,0,0,0,2,2,1,1,1,1,0,0,0,0,-1,0,,0,,0
d0050014=3,3,1,3,1,,宋体,-9,,0,0,0,0,0,0,2,1,1,1,1,0,0,0,0,-1,0,,0,,0
d0050015=3,4,1,4,1,,宋体,-9,,0,0,0,0,0,2,2,1,1,1,1,0,0,0,0,-1,0,,0,,0
d0050016=3,5,1,5,1,,宋体,-9,,0,0,0,0,0,1,2,1,1,1,1,0,0,0,0,-1,0,,0,,0
d0050017=3,6,1,6,1,,宋体,-9,,0,0,0,0,0,1,2,1,1,1,1,0,0,0,0,-1,0,,0,,0
d0050018=3,7,1,7,1,,宋体,-9,,0,0,0,0,0,1,2,1,1,1,1,0,0,0,0,-1,0,,0,,0
d0050019=3,8,1,8,1,,宋体,-9,,0,0,0,0,0,2,2,1,1,1,1,0,0,0,0,-1,0,,0,,0
d0050020=3,9,1,9,1,1,宋体,-9,,0,0,0,0,0,0,2,1,1,1,1,0,0,0,0,-1,0,,0,,0
d0050021=5,1,1,7,1,第[pageno]页 共[pagecount]页,宋体,-11,,0,0,0,0,0,2,2,0,0,0,0,0,0,0,0,-1,0,,0,,0
d0050022=5,8,1,8,1,,宋体,-9,,0,0,0,0,0,2,2,0,0,0,0,0,0,0,0,-1,0,,0,,0
[PARAMETER]
[报表参数]
desc=报表参数
enabled=1
count=1
1=打印工程名称,L(项目名称),项目名称,标段名称,项目名称+标段名称,不打印项目名称
[/PARAMETER]
[SOURCE]
rpt=全国02_通用_次要材料预算价格汇总表.rpt
rptx=全国02_通用_次要材料预算价格汇总表.rptx
dll=全国02_通用_次要材料预算价格汇总表.dll
type=rptx
level=0
[TEMP]
ReWrite=1
[参数设置结果]
打印工程名称=项目名称
