[DESIGN]
d001=0
d001001=工程量清单报价表,150,150,150,150,1,1.5,-1,宋体,-10,0,0,1,1.5,-1
d003=14
d0030001=xh,60,宋体,-9,,0,0,0,0,16777215,0,2,1,1,1,1,0,0,1,1,-1,0,序号,0,,0
d0030002=bm,60,宋体,-9,,0,0,0,0,16777215,0,2,1,1,1,1,0,0,0,0,-1,0,编码,0,,0
d0030003=debh,60,宋体,-9,,0,0,0,0,0,0,0,1,1,1,1,0,1,1,0,-1,0,定额编号,0,,0
d0030004=xmmc,200,宋体,-9,,0,0,0,0,16777215,1,2,1,1,1,1,1,0,0,0,-1,0,项目名称,0,,0
d0030005=orixmmc,60,宋体,-9,,0,0,0,0,0,0,0,1,1,1,1,0,0,1,0,-1,0,原始名称,0,,0
d0030006=dw,58,宋体,-9,,0,0,0,0,16777215,1,2,1,1,1,1,0,0,0,1,-1,0,单位,0,,0
d0030007=oridw,60,宋体,-9,,0,0,0,0,0,0,0,1,1,1,1,0,0,1,0,-1,0,原始单位,0,,0
d0030008=sl,60,宋体,-9,,0,0,0,0,16777215,1,2,1,1,1,1,0,0,0,1,-1,0,数量,0,,0
d0030009=jsgs,100,宋体,-9,,0,0,0,0,16777215,1,2,1,1,1,1,0,0,1,1,-1,0,计算公式,0,,0
d0030010=dj,60,宋体,-9,,0,0,0,0,16777215,1,2,1,1,1,1,0,0,0,1,-1,0,单价,0,,0
d0030011=type,60,宋体,-9,,0,0,0,0,0,0,0,1,1,1,1,0,0,1,0,-1,0,type类型,0,,0
d0030012=djh,60,宋体,-9,,0,0,0,0,0,0,0,1,1,1,1,0,0,1,0,-1,0,单价号,0,,0
d0030013=hj,60,宋体,-9,,0,0,0,0,16777215,1,2,1,1,1,1,0,0,0,1,-1,0,合价,0,,0
d0030014=bz,80,宋体,-9,,0,0,0,0,16777215,0,2,1,1,1,1,1,0,0,0,-1,0,备注,0,,0

d0040001=4
d0040002=1
d0040003=2
d0040004=0
d0040005=4

d005=44
d0050001=1,1,1,14,2,工程量清单报价表,宋体,-18,700,0,0,0,0,0,2,2,0,0,0,0,0,0,0,0,-1,0,,0,,0
d0050002=1,1,3,14,4,[macroGcName],宋体,-9,,0,0,0,0,0,0,1,0,0,0,0,0,0,0,0,-1,0,,0,,0
d0050003=2,1,1,1,1,序号,宋体,-9,,0,0,0,0,0,2,2,1,1,1,1,0,0,0,0,-1,0,,0,,0
d0050004=2,2,1,2,1,编号,宋体,-9,,0,0,0,0,0,2,2,1,1,1,1,0,0,0,0,-1,0,,0,,0
d0050005=2,3,1,3,1,定额编号,宋体,-9,,0,0,0,0,0,2,2,1,1,1,1,0,0,0,0,-1,0,,0,,0
d0050006=2,4,1,4,1,工程项目及名称,宋体,-9,,0,0,0,0,0,2,2,1,1,1,1,0,0,0,0,-1,0,,0,,0
d0050007=2,5,1,5,1,原始名称,宋体,-9,,0,0,0,0,0,2,2,1,1,1,1,0,0,0,0,-1,0,,0,,0
d0050008=2,6,1,6,1, 单位,宋体,-9,,0,0,0,0,0,2,2,1,1,1,1,0,0,0,0,-1,0,,0,,0
d0050009=2,7,1,7,1, 单位,宋体,-9,,0,0,0,0,0,2,2,1,1,1,1,0,0,0,0,-1,0,,0,,0
d0050010=2,8,1,8,1,数量,宋体,-9,,0,0,0,0,0,2,2,1,1,1,1,0,0,0,0,-1,0,,0,,0
d0050011=2,9,1,9,1,工程量计算式,宋体,-9,,0,0,0,0,0,2,2,1,1,1,1,0,0,0,0,-1,0,,0,,0
d0050012=2,10,1,10,1,单价(元),宋体,-9,,0,0,0,0,0,2,2,1,1,1,1,0,0,0,0,-1,0,,0,,0
d0050013=2,11,1,11,1,,宋体,-9,,0,0,0,0,0,2,2,0,0,0,0,0,0,0,0,-1,0,,0,,0
d0050014=2,12,1,12,1,,宋体,-9,,0,0,0,0,0,2,2,1,1,1,1,0,0,0,0,-1,0,,0,,0
d0050015=2,13,1,13,1,合价(元),宋体,-9,,0,0,0,0,0,2,2,1,1,1,1,0,0,0,0,-1,0,,0,,0
d0050016=2,14,1,14,1,备注,宋体,-9,,0,0,0,0,0,2,2,1,1,1,1,0,0,0,0,-1,0,,0,,0
d0050017=3,1,1,1,1,,宋体,-9,,0,0,0,0,0,0,2,1,1,1,1,0,0,0,0,-1,0,,0,,0
d0050018=3,2,1,2,1,,宋体,-9,,0,0,0,0,0,2,2,1,1,1,1,0,0,0,0,-1,0,,0,,0
d0050019=3,3,1,3,1,,宋体,-9,,0,0,0,0,0,2,2,1,1,1,1,0,0,0,0,-1,0,,0,,0
d0050020=3,4,1,4,1,,宋体,-9,,0,0,0,0,0,0,2,1,1,1,1,0,0,0,0,-1,0,,0,,0
d0050021=3,5,1,5,1,,宋体,-9,,0,0,0,0,0,0,2,1,1,1,1,0,0,0,0,-1,0,,0,,0
d0050022=3,6,1,6,1,,宋体,-9,,0,0,0,0,0,2,2,1,1,1,1,0,0,0,0,-1,0,,0,,0
d0050023=3,7,1,7,1,,宋体,-9,,0,0,0,0,0,2,2,1,1,1,1,0,0,0,0,-1,0,,0,,0
d0050024=3,8,1,8,1,,宋体,-9,,0,0,0,0,0,1,2,1,1,1,1,0,0,0,0,-1,0,,0,,0
d0050025=3,9,1,9,1,,宋体,-9,,0,0,0,0,0,1,2,1,1,1,1,0,0,0,0,-1,0,,0,,0
d0050026=3,10,1,10,1,,宋体,-9,,0,0,0,0,0,1,2,1,1,1,1,0,0,0,0,-1,0,,0,,0
d0050027=3,11,1,11,1,,宋体,-9,,0,0,0,0,0,2,2,0,0,0,0,0,0,0,0,-1,0,,0,,0
d0050028=3,12,1,12,1,,宋体,-9,,0,0,0,0,0,2,2,0,0,0,0,0,0,0,0,-1,0,,0,,0
d0050029=3,13,1,13,1,,宋体,-9,,0,0,0,0,0,1,2,1,1,1,1,0,0,0,0,-1,0,,0,,0
d0050030=3,14,1,14,1,,宋体,-9,,0,0,0,0,0,1,2,1,1,1,1,0,0,0,0,-1,0,,0,,0
d0050031=3,15,1,15,1,1,宋体,-9,,0,0,0,0,0,2,2,0,0,0,0,0,0,0,0,-1,0,,0,,0
d0050032=3,1,2,10,2,===合  计===,宋体,-9,,0,0,0,0,0,2,2,1,1,1,1,0,0,0,0,-1,0,,0,,0
d0050033=3,11,2,11,2,,宋体,-9,,0,0,0,0,0,2,2,0,0,0,0,0,0,0,0,-1,0,,0,,0
d0050034=3,12,2,12,2,,宋体,-9,,0,0,0,0,0,2,2,0,0,0,0,0,0,0,0,-1,0,,0,,0
d0050035=3,13,2,13,2,,宋体,-9,,0,0,0,0,0,1,2,1,1,1,1,0,0,0,0,-1,0,,0,,0
d0050036=3,14,2,14,2,,宋体,-9,,0,0,0,0,0,2,2,1,1,1,1,0,0,0,0,-1,0,,0,,0
d0050037=3,15,2,15,2,1003,宋体,-9,,0,0,0,0,0,2,2,0,0,0,0,0,0,0,0,-1,0,,0,,0
d0050038=5,1,1,9,1,投标人：,宋体,-9,,0,0,0,0,0,1,1,0,0,0,0,0,0,0,0,-1,0,,0,,0
d0050039=5,10,1,14,1,[投标单位],宋体,-9,,0,0,0,0,0,0,1,0,1,0,0,0,0,0,0,-1,0,,0,,0
d0050040=5,1,2,9,2,法定代表人(委托代理人)：,宋体,-9,,0,0,0,0,0,1,1,0,0,0,0,0,0,0,0,-1,0,,0,,0
d0050041=5,10,2,14,2,[投标单位法定代表人],宋体,-9,,0,0,0,0,0,0,1,0,1,0,0,0,0,0,0,-1,0,,0,,0
d0050042=5,1,3,9,3, ,宋体,-9,,0,0,0,0,0,1,1,0,0,0,0,0,0,0,0,-1,0,,0,,0
d0050043=5,10,3,14,3,[编制日期],宋体,-9,,0,0,0,0,0,0,1,0,0,0,0,0,0,0,0,-1,0,,0,,0
d0050044=5,1,4,14,4,第[pageno]页 共[pagecount]页,宋体,-9,,0,0,0,0,0,2,2,0,0,0,0,0,0,0,0,-1,0,,0,,0
[PARAMETER]
[报表参数]
enabled=1
desc=报表参数
count=9
1=打印工程名称,L(项目名称),项目名称,标段名称,项目名称+标段名称,合同编号
2=打印措施项目节点,R(true)
3=打印其他项目节点,R(true)
4=打印零星项目节点,R(true)
5=打印套用单价序号,R(False)
6=为0不打,R(true)
7=合价元取整,R(true)
8=打印级数,L(一级项目),一级项目,二级项目,三级项目,四级项目,五级项目,六级项目,七级项目,八级项目,九级项目,十级项目,打印全部项目
9=打印单价样式,L(公式),公式,数值

[/PARAMETER]
[SOURCE]
dll=全国02_通用_投标_工程量清单报价表.dll
level=1
[参数设置结果]
工程类型=投标
打印工程名称=项目名称
打印措施项目节点=False
打印其他项目节点=False
打印零星项目节点=False
打印套用单价序号=False
为0不打=False
合价元取整=False
打印级数=打印全部项目
打印单价样式=公式

[TEMP]
ReWrite=1
