[DESIGN]
d001=0
d001001=混凝土材料单价计算表,150,150,150,150,2,1.5,-1,宋体,-10,0,0,1,1.5,-1
d003=29
d0030001=xuhao,60,宋体,-9,,0,0,0,0,0,0,0,1,1,1,1,0,0,1,1,-1,0,序号,0,
d0030002=bianhao,60,宋体,-9,,0,0,0,0,0,0,0,1,1,1,1,0,0,0,0,-1,0,编号,0,
d0030003=biaohao,60,宋体,-9,,0,0,0,0,16777215,0,2,1,1,1,1,0,0,0,1,0,0,标号,0,
d0030004=qiangdu,60,宋体,-9,,0,0,0,0,16777215,2,2,1,1,1,1,0,0,1,1,0,0,强度,0,
d0030005=jipei,60,宋体,-9,,0,0,0,0,16777215,2,2,1,1,1,1,0,0,1,1,0,0,级配,0,
d0030006=,60,宋体,-9,,0,0,0,0,0,0,0,1,1,1,1,0,0,0,0,-1,0,单位,0,
d0030007=shuini,49,宋体,-9,,0,0,0,0,16777215,1,2,1,1,1,1,0,1,0,1,0,0,水泥,0,
d0030008=chanheliao,49,宋体,-9,,0,0,0,0,16777215,1,2,1,1,1,1,0,1,0,1,0,0,掺合度,0,
d0030009=sha,49,宋体,-9,,0,0,0,0,16777215,1,2,1,1,1,1,0,1,0,1,0,0,砂,0,
d0030010=shizi,50,宋体,-9,,0,0,0,0,16777215,1,2,1,1,1,1,0,1,0,1,0,0,石子,0,
d0030011=ks,48,宋体,-9,,0,0,0,0,16777215,1,2,1,1,1,1,0,1,0,1,-1,0,块石,0,
d0030012=waijiaji,47,宋体,-9,,0,0,0,0,16777215,1,2,1,1,1,1,0,1,0,1,0,0,外加剂,0,
d0030013=shui,44,宋体,-9,,0,0,0,0,16777215,1,2,1,1,1,1,0,1,0,1,0,0,水,0,
d0030014=fmh,60,宋体,-9,,0,0,0,0,0,0,0,1,1,1,1,0,1,1,1,-1,0,粉煤灰,0,
d0030015=shuini_xs,45,宋体,-9,,0,0,0,0,0,0,0,1,1,1,1,0,1,0,1,-1,0,水泥系数,0,
d0030016=chanheliao_xs,45,宋体,-9,,0,0,0,0,0,0,0,1,1,1,1,0,1,0,1,-1,0,掺合料系数,0,
d0030017=sha_xs,45,宋体,-9,,0,0,0,0,0,0,0,1,1,1,1,0,1,0,1,-1,0,砂系数,0,
d0030018=shizi_xs,47,宋体,-9,,0,0,0,0,0,0,0,1,1,1,1,0,1,0,1,-1,0,石子系数,0,
d0030019=ks_xs,50,宋体,-9,,0,0,0,0,0,0,0,1,1,1,1,0,1,0,1,-1,0,块石系数,0,
d0030020=waijiaji_xs,48,宋体,-9,,0,0,0,0,0,0,0,1,1,1,1,0,1,0,1,-1,0,外加剂系数,0,
d0030021=shui_xs,47,宋体,-9,,0,0,0,0,0,0,0,1,1,1,1,0,1,0,1,-1,0,水系数,0,
d0030022=shuini_dj,48,宋体,-9,,0,0,0,0,0,0,0,1,1,1,1,0,1,0,0,-1,0,水泥单价,0,
d0030023=chanheliao_dj,49,宋体,-9,,0,0,0,0,0,0,0,1,1,1,1,0,1,0,0,-1,0,掺和料单价,0,
d0030024=sha_dj,46,宋体,-9,,0,0,0,0,0,0,0,1,1,1,1,0,1,0,0,-1,0,砂单价,0,
d0030025=shizi_dj,48,宋体,-9,,0,0,0,0,0,0,0,1,1,1,1,0,1,0,0,-1,0,石子单价,0,
d0030026=ks_dj,46,宋体,-9,,0,0,0,0,0,0,0,1,1,1,1,0,1,0,0,-1,0,块石单价,0,
d0030027=waijiaji_dj,47,宋体,-9,,0,0,0,0,0,0,0,1,1,1,1,0,1,0,0,-1,0,外加剂单价,0,
d0030028=shui_dj,47,宋体,-9,,0,0,0,0,0,0,0,1,1,1,1,0,1,0,0,-1,0,水单价,0,
d0030029=danjia,51,宋体,-9,,0,0,0,0,16777215,1,2,1,1,1,1,0,0,0,1,0,0,单价,0,

d0040001=3
d0040002=2
d0040003=1
d0040004=0
d0040005=1

d005=124
d0050001=1,1,1,1,1,,宋体,-9,,0,0,0,0,0,2,2,0,0,0,0,0,0,0,0,-1,0,,0,A1
d0050002=1,2,1,2,1,,宋体,-9,,0,0,0,0,0,2,2,0,0,0,0,0,0,0,0,-1,0,,0,B1
d0050003=1,3,1,3,1,,宋体,-9,,0,0,0,0,0,2,2,0,0,0,0,0,0,0,0,-1,0,,0,C1
d0050004=1,4,1,4,1,,宋体,-9,,0,0,0,0,0,2,2,0,0,0,0,0,0,0,0,-1,0,,0,D1
d0050005=1,5,1,5,1,,宋体,-9,,0,0,0,0,0,2,2,0,0,0,0,0,0,0,0,-1,0,,0,E1
d0050006=1,6,1,6,1,,宋体,-9,,0,0,0,0,0,2,2,0,0,0,0,0,0,0,0,-1,0,,0,F1
d0050007=1,7,1,7,1,,宋体,-9,,0,0,0,0,0,2,2,0,0,0,0,0,0,0,0,-1,0,,0,G1
d0050008=1,8,1,8,1,,宋体,-9,,0,0,0,0,0,2,2,0,0,0,0,0,0,0,0,-1,0,,0,H1
d0050009=1,9,1,9,1,,宋体,-9,,0,0,0,0,0,2,2,0,0,0,0,0,0,0,0,-1,0,,0,I1
d0050010=1,10,1,10,1,,宋体,-9,,0,0,0,0,0,2,2,0,0,0,0,0,0,0,0,-1,0,,0,J1
d0050011=1,11,1,11,1,,宋体,-9,,0,0,0,0,0,2,2,0,0,0,0,0,0,0,0,-1,0,,0,K1
d0050012=1,12,1,12,1,,宋体,-9,,0,0,0,0,0,2,2,0,0,0,0,0,0,0,0,-1,0,,0,L1
d0050013=1,13,1,13,1,,宋体,-9,,0,0,0,0,0,2,2,0,0,0,0,0,0,0,0,-1,0,,0,M1
d0050014=1,14,1,14,1,,宋体,-9,,0,0,0,0,0,2,2,0,0,0,0,0,0,0,0,-1,0,,0,N1
d0050015=1,15,1,15,1,,宋体,-9,,0,0,0,0,0,2,2,0,0,0,0,0,0,0,0,-1,0,,0,O1
d0050016=1,16,1,16,1,,宋体,-9,,0,0,0,0,0,2,2,0,0,0,0,0,0,0,0,-1,0,,0,P1
d0050017=1,17,1,17,1,,宋体,-9,,0,0,0,0,0,2,2,0,0,0,0,0,0,0,0,-1,0,,0,Q1
d0050018=1,18,1,18,1,,宋体,-9,,0,0,0,0,0,2,2,0,0,0,0,0,0,0,0,-1,0,,0,R1
d0050019=1,19,1,19,1,,宋体,-9,,0,0,0,0,0,2,2,0,0,0,0,0,0,0,0,-1,0,,0,S1
d0050020=1,20,1,20,1,,宋体,-9,,0,0,0,0,0,2,2,0,0,0,0,0,0,0,0,-1,0,,0,T1
d0050021=1,21,1,21,1,,宋体,-9,,0,0,0,0,0,2,2,0,0,0,0,0,0,0,0,-1,0,,0,U1
d0050022=1,22,1,22,1,,宋体,-9,,0,0,0,0,0,2,2,0,0,0,0,0,0,0,0,-1,0,,0,V1
d0050023=1,23,1,23,1,,宋体,-9,,0,0,0,0,0,2,2,0,0,0,0,0,0,0,0,-1,0,,0,W1
d0050024=1,24,1,24,1,,宋体,-9,,0,0,0,0,0,2,2,0,0,0,0,0,0,0,0,-1,0,,0,X1
d0050025=1,25,1,25,1,,宋体,-9,,0,0,0,0,0,2,2,0,0,0,0,0,0,0,0,-1,0,,0,Y1
d0050026=1,26,1,26,1,,宋体,-9,,0,0,0,0,0,2,2,0,0,0,0,0,0,0,0,-1,0,,0,Z1
d0050027=1,27,1,27,1,,宋体,-9,,0,0,0,0,0,2,2,0,0,0,0,0,0,0,0,-1,0,,0,A-1
d0050028=1,28,1,28,1,,宋体,-9,,0,0,0,0,0,2,2,0,0,0,0,0,0,0,0,-1,0,,0,A-1
d0050029=1,29,1,29,1,,宋体,-9,,0,0,0,0,0,2,2,0,0,0,0,0,0,0,0,-1,0,,0,A-1
d0050030=1,1,2,29,2,混凝土单价计算表,宋体,-18,,0,0,0,0,0,2,2,0,0,0,0,0,0,0,0,-1,0,,0,A2
d0050031=1,1,3,11,3,,宋体,-9,700,0,0,0,0,0,0,1,0,0,0,0,0,0,0,0,-1,0,,0,A3
d0050032=1,12,3,12,3,,宋体,-9,,0,0,0,0,0,2,2,0,0,0,0,0,0,0,0,-1,0,,0,L3
d0050033=1,13,3,29,3,,宋体,-9,,0,0,0,0,0,1,1,0,0,0,0,0,0,0,0,-1,0,,0,M3
d0050034=2,1,1,1,2,序号,宋体,-9,,0,0,0,0,0,2,2,1,1,1,1,0,0,0,0,-1,0,,0,A4
d0050035=2,2,1,2,2,编号,宋体,-9,,0,0,0,0,0,2,2,1,1,1,1,0,0,0,0,-1,0,,0,B4
d0050036=2,3,1,3,2,名称及规格,宋体,-9,,0,0,0,0,0,2,2,1,1,1,1,0,0,0,0,-1,0,,0,C4
d0050037=2,4,1,4,2,水泥char(13)char(10)强度char(13)char(10)等级,宋体,-9,,0,0,0,0,0,2,2,1,1,1,1,0,0,0,0,-1,0,,0,D4
d0050038=2,5,1,5,2,级配,宋体,-9,,0,0,0,0,0,2,2,1,1,1,1,0,0,0,0,-1,0,,0,E4
d0050039=2,6,1,6,2,单位,宋体,-9,,0,0,0,0,0,2,2,1,1,1,1,0,0,0,0,-1,0,,0,F4
d0050040=2,7,1,14,1,预算量,宋体,-9,,0,0,0,0,0,2,2,1,1,1,1,0,0,0,0,-1,0,,0,G4
d0050041=2,15,1,21,1,调整系数,宋体,-9,,0,0,0,0,0,2,2,1,1,1,1,0,0,0,0,-1,0,,0,O4
d0050042=2,22,1,28,1,单价(元),宋体,-9,,0,0,0,0,0,2,2,1,1,1,1,0,0,0,0,-1,0,,0,V4
d0050043=2,29,1,29,2,合价(元),宋体,-9,,0,0,0,0,0,2,2,1,1,1,1,0,0,0,0,-1,0,,0,A-2
d0050044=2,7,2,7,2,水泥([水泥单位]),宋体,-9,,0,0,0,0,0,2,2,1,1,1,1,0,0,0,0,-1,0,,0,G5
d0050045=2,8,2,8,2,掺和料([掺和料单位]),宋体,-9,,0,0,0,0,0,2,2,1,1,1,1,0,0,0,0,-1,0,,0,H5
d0050046=2,9,2,9,2,砂([砂单位]),宋体,-9,,0,0,0,0,0,2,2,1,1,1,1,0,0,0,0,-1,0,,0,I5
d0050047=2,10,2,10,2,石子([石子单位]),宋体,-9,,0,0,0,0,0,2,2,1,1,1,1,0,0,0,0,-1,0,,0,J5
d0050048=2,11,2,11,2,块石([块石单位]),宋体,-9,,0,0,0,0,0,2,2,1,1,1,1,0,0,0,0,-1,0,,0,K5
d0050049=2,12,2,12,2,外加剂([外加剂单位]),宋体,-9,,0,0,0,0,0,2,2,1,1,1,1,0,0,0,0,-1,0,,0,L5
d0050050=2,13,2,13,2,水([水单位]),宋体,-9,,0,0,0,0,0,2,2,1,1,1,1,0,0,0,0,-1,0,,0,M5
d0050051=2,14,2,14,2,粉煤灰,宋体,-9,,0,0,0,0,0,2,2,1,1,1,1,0,0,0,0,-1,0,,0,N5
d0050052=2,15,2,15,2,水泥,宋体,-9,,0,0,0,0,0,2,2,1,1,1,1,0,0,0,0,-1,0,,0,O5
d0050053=2,16,2,16,2,掺和料,宋体,-9,,0,0,0,0,0,2,2,1,1,1,1,0,0,0,0,-1,0,,0,P5
d0050054=2,17,2,17,2,砂,宋体,-9,,0,0,0,0,0,2,2,1,1,1,1,0,0,0,0,-1,0,,0,Q5
d0050055=2,18,2,18,2,石子,宋体,-9,,0,0,0,0,0,2,2,1,1,1,1,0,0,0,0,-1,0,,0,R5
d0050056=2,19,2,19,2,块石,宋体,-9,,0,0,0,0,0,2,2,1,1,1,1,0,0,0,0,-1,0,,0,S5
d0050057=2,20,2,20,2,外加剂,宋体,-9,,0,0,0,0,0,2,2,1,1,1,1,0,0,0,0,-1,0,,0,T5
d0050058=2,21,2,21,2,水,宋体,-9,,0,0,0,0,0,2,2,1,1,1,1,0,0,0,0,-1,0,,0,U5
d0050059=2,22,2,22,2,水泥,宋体,-9,,0,0,0,0,0,2,2,1,1,1,1,0,0,0,0,-1,0,,0,V5
d0050060=2,23,2,23,2,掺和料,宋体,-9,,0,0,0,0,0,2,2,1,1,1,1,0,0,0,0,-1,0,,0,W5
d0050061=2,24,2,24,2,砂,宋体,-9,,0,0,0,0,0,2,2,1,1,1,1,0,0,0,0,-1,0,,0,X5
d0050062=2,25,2,25,2,石子,宋体,-9,,0,0,0,0,0,2,2,1,1,1,1,0,0,0,0,-1,0,,0,Y5
d0050063=2,26,2,26,2,块石,宋体,-9,,0,0,0,0,0,2,2,1,1,1,1,0,0,0,0,-1,0,,0,Z5
d0050064=2,27,2,27,2,外加剂,宋体,-9,,0,0,0,0,0,2,2,1,1,1,1,0,0,0,0,-1,0,,0,A-2
d0050065=2,28,2,28,2,水,宋体,-9,,0,0,0,0,0,2,2,1,1,1,1,0,0,0,0,-1,0,,0,A-2
d0050066=3,1,1,1,1,,宋体,-9,,0,0,0,0,0,2,2,1,1,1,1,0,0,0,0,-1,0,,0,A6
d0050067=3,2,1,2,1,,宋体,-9,,0,0,0,0,0,2,2,1,1,1,1,0,0,0,0,-1,0,,0,B6
d0050068=3,3,1,3,1,,宋体,-9,,0,0,0,0,0,0,2,1,1,1,1,0,0,0,0,-1,0,,0,C6
d0050069=3,4,1,4,1,,宋体,-9,,0,0,0,0,0,2,2,1,1,1,1,0,0,0,0,-1,0,,0,D6
d0050070=3,5,1,5,1,,宋体,-9,,0,0,0,0,0,2,2,1,1,1,1,0,0,0,0,-1,0,,0,E6
d0050071=3,6,1,6,1,m3,宋体,-9,,0,0,0,0,0,2,2,1,1,1,1,0,0,0,0,-1,0,,0,F6
d0050072=3,7,1,7,1,,宋体,-9,,0,0,0,0,0,2,2,1,1,1,1,0,0,0,0,-1,0,,0,G6
d0050073=3,8,1,8,1,,宋体,-9,,0,0,0,0,0,2,2,1,1,1,1,0,0,0,0,-1,0,,0,H6
d0050074=3,9,1,9,1,,宋体,-9,,0,0,0,0,0,2,2,1,1,1,1,0,0,0,0,-1,0,,0,I6
d0050075=3,10,1,10,1,,宋体,-9,,0,0,0,0,0,2,2,1,1,1,1,0,0,0,0,-1,0,,0,J6
d0050076=3,11,1,11,1,,宋体,-9,,0,0,0,0,0,2,2,1,1,1,1,0,0,0,0,-1,0,,0,K6
d0050077=3,12,1,12,1,,宋体,-9,,0,0,0,0,0,2,2,1,1,1,1,0,0,0,0,-1,0,,0,L6
d0050078=3,13,1,13,1,,宋体,-9,,0,0,0,0,0,2,2,1,1,1,1,0,0,0,0,-1,0,,0,M6
d0050079=3,14,1,14,1,,宋体,-9,,0,0,0,0,0,2,2,1,1,1,1,0,0,0,0,-1,0,,0,N6
d0050080=3,15,1,15,1,,宋体,-9,,0,0,0,0,0,2,2,1,1,1,1,0,0,0,0,-1,0,,0,O6
d0050081=3,16,1,16,1,,宋体,-9,,0,0,0,0,0,2,2,1,1,1,1,0,0,0,0,-1,0,,0,P6
d0050082=3,17,1,17,1,,宋体,-9,,0,0,0,0,0,2,2,1,1,1,1,0,0,0,0,-1,0,,0,Q6
d0050083=3,18,1,18,1,,宋体,-9,,0,0,0,0,0,2,2,1,1,1,1,0,0,0,0,-1,0,,0,R6
d0050084=3,19,1,19,1,,宋体,-9,,0,0,0,0,0,2,2,1,1,1,1,0,0,0,0,-1,0,,0,S6
d0050085=3,20,1,20,1,,宋体,-9,,0,0,0,0,0,2,2,1,1,1,1,0,0,0,0,-1,0,,0,T6
d0050086=3,21,1,21,1,,宋体,-9,,0,0,0,0,0,2,2,1,1,1,1,0,0,0,0,-1,0,,0,U6
d0050087=3,22,1,22,1,,宋体,-9,,0,0,0,0,0,2,2,1,1,1,1,0,0,0,0,-1,0,,0,V6
d0050088=3,23,1,23,1,,宋体,-9,,0,0,0,0,0,2,2,1,1,1,1,0,0,0,0,-1,0,,0,W6
d0050089=3,24,1,24,1,,宋体,-9,,0,0,0,0,0,2,2,1,1,1,1,0,0,0,0,-1,0,,0,X6
d0050090=3,25,1,25,1,,宋体,-9,,0,0,0,0,0,2,2,1,1,1,1,0,0,0,0,-1,0,,0,Y6
d0050091=3,26,1,26,1,,宋体,-9,,0,0,0,0,0,2,2,1,1,1,1,0,0,0,0,-1,0,,0,Z6
d0050092=3,27,1,27,1,,宋体,-9,,0,0,0,0,0,2,2,1,1,1,1,0,0,0,0,-1,0,,0,A-3
d0050093=3,28,1,28,1,,宋体,-9,,0,0,0,0,0,2,2,1,1,1,1,0,0,0,0,-1,0,,0,A-3
d0050094=3,29,1,29,1,,宋体,-9,,0,0,0,0,0,1,2,1,1,1,1,0,0,0,0,-1,0,,0,A-3
d0050095=3,30,1,30,1,4,宋体,-9,,0,0,0,0,0,2,2,0,0,0,0,0,0,0,0,-1,0,,0,A-3
d0050096=5,1,1,1,1,,宋体,-9,,0,0,0,0,0,2,2,0,0,0,0,0,0,0,0,-1,0,,0,A7
d0050097=5,2,1,2,1,,宋体,-9,,0,0,0,0,0,2,2,0,0,0,0,0,0,0,0,-1,0,,0,B7
d0050098=5,3,1,3,1,,宋体,-9,,0,0,0,0,0,2,2,0,0,0,0,0,0,0,0,-1,0,,0,C7
d0050099=5,4,1,4,1,,宋体,-9,,0,0,0,0,0,2,2,0,0,0,0,0,0,0,0,-1,0,,0,D7
d0050100=5,5,1,5,1,,宋体,-9,,0,0,0,0,0,2,2,0,0,0,0,0,0,0,0,-1,0,,0,E7
d0050101=5,6,1,6,1,,宋体,-9,,0,0,0,0,0,2,2,0,0,0,0,0,0,0,0,-1,0,,0,F7
d0050102=5,7,1,7,1,,宋体,-9,,0,0,0,0,0,2,2,0,0,0,0,0,0,0,0,-1,0,,0,G7
d0050103=5,8,1,8,1,,宋体,-9,,0,0,0,0,0,2,2,0,0,0,0,0,0,0,0,-1,0,,0,H7
d0050104=5,9,1,9,1,,宋体,-9,,0,0,0,0,0,2,2,0,0,0,0,0,0,0,0,-1,0,,0,I7
d0050105=5,10,1,10,1,,宋体,-9,,0,0,0,0,0,2,2,0,0,0,0,0,0,0,0,-1,0,,0,J7
d0050106=5,11,1,11,1,,宋体,-9,,0,0,0,0,0,2,2,0,0,0,0,0,0,0,0,-1,0,,0,K7
d0050107=5,12,1,12,1,,宋体,-9,,0,0,0,0,0,2,2,0,0,0,0,0,0,0,0,-1,0,,0,L7
d0050108=5,13,1,13,1,,宋体,-9,,0,0,0,0,0,2,2,0,0,0,0,0,0,0,0,-1,0,,0,M7
d0050109=5,14,1,14,1,,宋体,-9,,0,0,0,0,0,2,2,0,0,0,0,0,0,0,0,-1,0,,0,N7
d0050110=5,15,1,15,1,,宋体,-9,,0,0,0,0,0,2,2,0,0,0,0,0,0,0,0,-1,0,,0,O7
d0050111=5,16,1,16,1,,宋体,-9,,0,0,0,0,0,2,2,0,0,0,0,0,0,0,0,-1,0,,0,P7
d0050112=5,17,1,17,1,,宋体,-9,,0,0,0,0,0,2,2,0,0,0,0,0,0,0,0,-1,0,,0,Q7
d0050113=5,18,1,18,1,,宋体,-9,,0,0,0,0,0,2,2,0,0,0,0,0,0,0,0,-1,0,,0,R7
d0050114=5,19,1,19,1,,宋体,-9,,0,0,0,0,0,2,2,0,0,0,0,0,0,0,0,-1,0,,0,S7
d0050115=5,20,1,20,1,,宋体,-9,,0,0,0,0,0,2,2,0,0,0,0,0,0,0,0,-1,0,,0,T7
d0050116=5,21,1,21,1,,宋体,-9,,0,0,0,0,0,2,2,0,0,0,0,0,0,0,0,-1,0,,0,U7
d0050117=5,22,1,22,1,,宋体,-9,,0,0,0,0,0,2,2,0,0,0,0,0,0,0,0,-1,0,,0,V7
d0050118=5,23,1,23,1,,宋体,-9,,0,0,0,0,0,2,2,0,0,0,0,0,0,0,0,-1,0,,0,W7
d0050119=5,24,1,24,1,,宋体,-9,,0,0,0,0,0,2,2,0,0,0,0,0,0,0,0,-1,0,,0,X7
d0050120=5,25,1,25,1,,宋体,-9,,0,0,0,0,0,2,2,0,0,0,0,0,0,0,0,-1,0,,0,Y7
d0050121=5,26,1,26,1,,宋体,-9,,0,0,0,0,0,2,2,0,0,0,0,0,0,0,0,-1,0,,0,Z7
d0050122=5,27,1,27,1,,宋体,-9,,0,0,0,0,0,2,2,0,0,0,0,0,0,0,0,-1,0,,0,A-5
d0050123=5,28,1,28,1,,宋体,-9,,0,0,0,0,0,2,2,0,0,0,0,0,0,0,0,-1,0,,0,A-5
d0050124=5,29,1,29,1,,宋体,-9,,0,0,0,0,0,2,2,0,0,0,0,0,0,0,0,-1,0,,0,A-5
[PARAMETER]
[报表参数]
desc=报表参数
enabled=1
count=2
1=打印工程名称,R(false)
2=组价方式,L(常规组价),限价组价,预算价组价,常规组价
[/PARAMETER]
[SOURCE]
type=rptx
rpt=全国02_通用_混凝土材料单价a.rpt
dll=全国02_通用_混凝土材料单价a.dll
level=0
[TEMP]
ReWrite=1
[参数设置结果]
打印工程名称=False
限价组价=False
组价方式=限价组价
