[DESIGN]
d001=0
d001001=招标人提供施工设施表,103,201,201,90,1,2.25,-1,宋体,-9,0,0,1.0,1.5
d002=6
d0020001=xh
d0020002=xmmc
d0020003=dw
d0020004=sl
d0020005=bz
d0020006=pxh
d003=5
d0030001=xh,30,,,400,0,0,0,0,,2,2,1,,,,,,,0
d0030002=xmmc,292,,,400,0,0,0,0,,0,2,1
d0030003=dw,50,,,400,0,0,0,0,,2,2,1,,,,,,,0
d0030004=sl,80,,,400,0,0,0,0,,1,2,1,,,,,,,0
d0030005=bz,80,,,400,0,0,0,0,,0,2,1,,,,,,,0
d0040001=5
d0040002=2
d0040003=1
d0040004=0
d0040005=0
d0040006=0
d005=9
d0050001=2,1,1,1,2,序号,,,400,0,0,0,0,,2,2,1
d0050002=2,2,1,2,2,项目名称,,,400,0,0,0,0,,2,2,1
d0050003=2,3,1,3,2,计量char(13)char(10)单位,,,400,0,0,0,0,,2,2,1
d0050004=2,4,1,4,2,数量,,,400,0,0,0,0,,2,2,1
d0050005=2,5,1,5,2,备注,,,400,0,0,0,0,,2,2,1
d0050006=1,1,1,5,2,招标人提供施工设施表,,-19,700,0,0,0,0,,2,2,0,0,0,0
d0050007=1,1,4,3,4,合同编号:[合同编号],,,400,0,0,0,0,,0,2,0,0,0,0
d0050008=1,1,5,3,5,工程名称:[工程名称],,,400,0,0,0,0,,0,2,0,0,0,0
d0050009=1,4,5,5,5,第 [pageno] 页 共 [pagecount] 页,,,400,0,0,0,0,,1,2,0,0,0,0

[DATA]
select string(number(*)) as xh ,xmmc,dw,sl,bz,pxh from zbrtg_sgss order by pxh
[/DATA]

[SQL]
[/SQL]

[SQLSYNTAX]
[/SQLSYNTAX]

[PARAMETER]
[/PARAMETER]

[DESCRIBE]
[/DESCRIBE]
[TEMP]
ReWrite=1
