[DESIGN]
d001=0
d001001=水价计算表,150,150,150,150,1,1.5,-1,宋体,-10,0,0,1,1.5,-1
d003=6
d0030001=xmbh,80,宋体,-10,,0,0,0,0,16777215,1,2,1,1,1,1,0,0,0,0,-1,0,编号,0,
d0030002=xmmc,200,宋体,-10,,0,0,0,0,16777215,1,2,1,1,1,1,1,0,0,0,-1,0,项目名称,0,
d0030003=xmdw,60,宋体,-10,,0,0,0,0,16777215,1,2,1,1,1,1,0,0,0,0,-1,0,单位,0,
d0030004=yl,80,宋体,-10,,0,0,0,0,16777215,1,2,1,1,1,1,0,0,0,1,-1,0,用量,0,
d0030005=dj,80,宋体,-10,,0,0,0,0,16777215,1,2,1,1,1,1,0,0,0,1,-1,0,单价,0,
d0030006=hj,80,宋体,-10,,0,0,0,0,16777215,1,2,1,1,1,1,0,0,0,1,-1,0,合价,0,

d0040001=3
d0040002=0
d0040003=7
d0040004=0
d0040005=1
d00400050001=0

d005=46
d0050001=1,1,1,6,2,水价计算表,宋体,-18,,0,0,0,0,0,2,2,0,0,0,0,0,0,0,0,-1,0,,0,A1
d0050002=1,1,3,1,3,,宋体,-9,,0,0,0,0,0,2,2,0,0,0,0,0,0,0,0,-1,0,,0,A3
d0050003=1,2,3,2,3,,宋体,-9,,0,0,0,0,0,2,2,0,0,0,0,0,0,0,0,-1,0,,0,B3
d0050004=1,3,3,3,3,,宋体,-9,,0,0,0,0,0,2,2,0,0,0,0,0,0,0,0,-1,0,,0,C3
d0050005=1,4,3,4,3,,宋体,-9,,0,0,0,0,0,2,2,0,0,0,0,0,0,0,0,-1,0,,0,D3
d0050006=1,5,3,5,3,,宋体,-9,,0,0,0,0,0,2,2,0,0,0,0,0,0,0,0,-1,0,,0,E3
d0050007=1,6,3,6,3,,宋体,-9,,0,0,0,0,0,2,2,0,0,0,0,0,0,0,0,-1,0,,0,F3
d0050008=3,1,1,6,1,,宋体,-9,,0,0,0,0,0,2,2,1,1,1,1,0,0,0,0,-1,0,,0,A4
d0050009=3,7,1,7,1,1,宋体,-9,,0,0,0,0,0,0,2,1,1,1,1,0,0,0,0,-1,0,,0,G4
d0050010=3,1,2,1,2,供水点：,宋体,-9,,0,0,0,0,0,2,2,1,1,1,1,0,0,0,0,-1,0,,0,A5
d0050011=3,2,2,2,2,,宋体,-9,,0,0,0,0,0,0,2,1,1,1,1,0,0,0,0,-1,0,,0,B5
d0050012=3,3,2,3,2,供水比例,宋体,-9,,0,0,0,0,0,2,2,1,1,1,1,0,0,0,0,-1,0,,0,C5
d0050013=3,4,2,4,2,,宋体,-9,,0,0,0,0,0,1,2,1,1,1,1,0,0,0,0,-1,0,,0,D5
d0050014=3,5,2,5,2,单价,宋体,-9,,0,0,0,0,0,2,2,1,1,1,1,0,0,0,0,-1,0,,0,E5
d0050015=3,6,2,6,2,,宋体,-9,,0,0,0,0,0,1,2,1,1,1,1,0,0,0,0,-1,0,,0,F5
d0050016=3,7,2,7,2,2,宋体,-9,,0,0,0,0,0,0,2,1,1,1,1,0,0,0,0,-1,0,,0,G5
d0050017=3,1,3,1,3,费用代号,宋体,-9,,0,0,0,0,0,2,2,1,1,1,1,0,0,0,0,-1,0,,0,A6
d0050018=3,2,3,2,3,费用名称,宋体,-9,,0,0,0,0,0,2,2,1,1,1,1,0,0,0,0,-1,0,,0,B6
d0050019=3,3,3,4,3,计算公式,宋体,-9,,0,0,0,0,0,2,2,1,1,1,1,0,0,0,0,-1,0,,0,C6
d0050020=3,5,3,5,3,费率,宋体,-9,,0,0,0,0,0,2,2,1,1,1,1,0,0,0,0,-1,0,,0,E6
d0050021=3,6,3,6,3,费用,宋体,-9,,0,0,0,0,0,2,2,1,1,1,1,0,0,0,0,-1,0,,0,F6
d0050022=3,7,3,7,3,3,宋体,-9,,0,0,0,0,0,0,2,1,1,1,1,0,0,0,0,-1,0,,0,G6
d0050023=3,1,4,1,4,,宋体,-9,,0,0,0,0,0,2,2,1,1,1,1,0,0,0,0,-1,0,,0,A7
d0050024=3,2,4,2,4,,宋体,-9,,0,0,0,0,0,0,2,1,1,1,1,0,0,0,0,-1,0,,0,B7
d0050025=3,3,4,4,4,,宋体,-9,,0,0,0,0,0,0,2,1,1,1,1,0,0,0,0,-1,0,,0,C7
d0050026=3,5,4,5,4,,宋体,-9,,0,0,0,0,0,2,2,1,1,1,1,0,0,0,0,-1,0,,0,E7
d0050027=3,6,4,6,4,,宋体,-9,,0,0,0,0,0,1,2,1,1,1,1,0,0,0,0,-1,0,,0,F7
d0050028=3,7,4,7,4,4,宋体,-9,,0,0,0,0,0,0,2,1,1,1,1,0,0,0,0,-1,0,,0,G7
d0050029=3,1,5,1,5,台班编号,宋体,-9,,0,0,0,0,0,2,2,1,1,1,1,0,0,0,0,-1,0,,0,A8
d0050030=3,2,5,2,5,台班名称,宋体,-9,,0,0,0,0,0,2,2,1,1,1,1,0,0,0,0,-1,0,,0,B8
d0050031=3,3,5,3,5,单位,宋体,-9,,0,0,0,0,0,2,2,1,1,1,1,0,0,0,0,-1,0,,0,C8
d0050032=3,4,5,4,5,数量,宋体,-9,,0,0,0,0,0,2,2,1,1,1,1,0,0,0,0,-1,0,,0,D8
d0050033=3,5,5,5,5,单价,宋体,-9,,0,0,0,0,0,2,2,1,1,1,1,0,0,0,0,-1,0,,0,E8
d0050034=3,6,5,6,5,合价,宋体,-9,,0,0,0,0,0,2,2,1,1,1,1,0,0,0,0,-1,0,,0,F8
d0050035=3,7,5,7,5,5,宋体,-9,,0,0,0,0,0,0,2,1,1,1,1,0,0,0,0,-1,0,,0,G8
d0050036=3,1,6,1,6,,宋体,-9,,0,0,0,0,0,2,2,1,1,1,1,0,0,0,0,-1,0,,0,A9
d0050037=3,2,6,2,6,,宋体,-9,,0,0,0,0,0,0,2,1,1,1,1,0,0,0,0,-1,0,,0,B9
d0050038=3,3,6,3,6,,宋体,-9,,0,0,0,0,0,2,2,1,1,1,1,0,0,0,0,-1,0,,0,C9
d0050039=3,4,6,4,6,,宋体,-9,,0,0,0,0,0,2,2,1,1,1,1,0,0,0,0,-1,0,,0,D9
d0050040=3,5,6,5,6,,宋体,-9,,0,0,0,0,0,1,2,1,1,1,1,0,0,0,0,-1,0,,0,E9
d0050041=3,6,6,6,6,,宋体,-9,,0,0,0,0,0,1,2,1,1,1,1,0,0,0,0,-1,0,,0,F9
d0050042=3,7,6,7,6,6,宋体,-9,,0,0,0,0,0,0,2,1,1,1,1,0,0,0,0,-1,0,,0,G9
d0050043=3,1,7,1,7,合计,宋体,-9,,0,0,0,0,0,2,2,1,1,1,1,0,0,0,0,-1,0,,0,A10
d0050044=3,2,7,6,7,,宋体,-9,,0,0,0,0,0,1,2,1,1,1,1,0,0,0,0,-1,0,,0,B10
d0050045=3,7,7,7,7,7,宋体,-9,,0,0,0,0,0,0,2,1,1,1,1,0,0,0,0,-1,0,,0,G10
d0050046=5,1,1,6,1,第[pageno]页 共[pagecount]页,宋体,-11,,0,0,0,0,0,2,2,0,0,0,0,0,0,0,0,-1,0,,0,A11
[SOURCE]
dll=全国02_通用_电水风价计算表.dll
level=0
[TEMP]
ReWrite=1
[参数设置结果]
材料=水
