[DESIGN]
d001=0
d001001=,100,80,100,100,2,1.5,-1,宋体,-10,0,0,1,1.5,-1
d003=4
d0030001=序号,50,宋体,-9,,0,0,0,0,16777215,0,2,1,1,1,1,0,0,0,0,-1,0,序号,0,,0
d0030002=项目名称,150,宋体,-9,,0,0,0,0,16777215,0,2,1,1,1,1,0,0,0,0,-1,0,项目名称,0,,0
d0030003=其他直接费费率,60,宋体,-9,,0,0,0,0,0,0,0,1,1,1,1,0,1,1,0,-1,0,其他直接费费率,0,,0
d0030004=dynamic,60,宋体,-9,,0,0,0,0,16777215,0,2,1,1,1,1,0,0,0,0,-1,0,费率,1,,0

d0040001=3
d0040002=0
d0040003=2
d0040004=0
d0040005=4
d00400010003=0
d00400050004=0

d005=23
d0050001=1,1,1,4,2,费用系数统计表,宋体,-18,700,0,0,0,0,0,2,2,0,0,0,0,0,0,0,0,-1,0,,0,,0
d0050002=1,1,3,4,3,[macroGcName],宋体,-9,,0,0,0,0,0,0,2,0,0,0,0,0,0,0,0,-1,0,,0,,0
d0050003=3,1,1,1,1,,宋体,-9,,0,0,0,0,0,2,2,1,1,1,1,0,0,0,0,-1,0,,0,,0
d0050004=3,2,1,2,1,,宋体,-9,,0,0,0,0,0,2,2,1,1,1,1,0,0,0,0,-1,0,,0,,0
d0050005=3,3,1,3,1,[xx费率],宋体,-9,,0,0,0,0,0,2,2,1,1,1,1,0,0,0,0,-1,0,,0,,0
d0050006=3,4,1,4,1,,宋体,-9,,0,0,0,0,0,2,2,1,1,1,1,0,0,0,0,-1,0,,0,,0
d0050007=3,5,1,5,1,-5,宋体,-9,,0,0,0,0,0,0,2,1,1,1,1,0,0,0,0,-1,0,,0,,0
d0050008=3,1,2,1,2,,宋体,-9,,0,0,0,0,0,2,2,1,1,1,1,0,0,0,0,-1,0,,0,,0
d0050009=3,2,2,2,2,,宋体,-9,,0,0,0,0,0,0,2,1,1,1,1,0,0,0,0,-1,0,,0,,0
d0050010=3,3,2,3,2,,宋体,-9,,0,0,0,0,0,1,2,1,1,1,1,0,0,0,0,-1,0,,0,,0
d0050011=3,4,2,4,2,,宋体,-9,,0,0,0,0,0,1,2,1,1,1,1,0,0,0,0,-1,0,,0,,0
d0050012=3,5,2,5,2,2,宋体,-9,,0,0,0,0,0,0,2,1,1,1,1,0,0,0,0,-1,0,,0,,0
d0050013=5,1,1,1,1,,宋体,-9,,0,0,0,0,0,2,2,0,0,0,0,0,0,0,0,-1,0,,0,,0
d0050014=5,2,1,3,1,投标人：,宋体,-9,,0,0,0,0,0,1,1,0,0,0,0,0,0,0,0,-1,0,,0,,0
d0050015=5,4,1,4,1,[投标单位] ,宋体,-9,,0,0,0,0,0,0,1,0,1,0,0,0,0,0,0,-1,0,,0,,0
d0050016=5,1,2,1,2,,宋体,-9,,0,0,0,0,0,1,2,0,0,0,0,0,0,0,0,-1,0,,0,,0
d0050017=5,2,2,3,2,法定代表人(委托代理人)：,宋体,-9,,0,0,0,0,0,1,1,0,0,0,0,0,0,0,0,-1,0,,0,,0
d0050018=5,4,2,4,2,[投标单位法定代表人],宋体,-9,,0,0,0,0,0,0,1,0,1,0,0,0,0,0,0,-1,0,,0,,0
d0050019=5,1,3,1,3,,宋体,-9,,0,0,0,0,0,2,2,0,0,0,0,0,0,0,0,-1,0,,0,,0
d0050020=5,2,3,2,3,,宋体,-9,,0,0,0,0,0,2,1,0,0,0,0,0,0,0,0,-1,0,,0,,0
d0050021=5,3,3,3,3,[编制日期],宋体,-9,,0,0,0,0,0,2,1,0,0,0,0,0,0,0,0,-1,0,,0,,0
d0050022=5,4,3,4,3,,宋体,-9,,0,0,0,0,0,2,2,0,0,0,0,0,0,0,0,-1,0,,0,,0
d0050023=5,1,4,4,4,第[pageno]页 共[pagecount]页,宋体,-9,,0,0,0,0,0,2,2,0,0,0,0,0,0,0,0,-1,0,,0,,0
[PARAMETER]
[报表参数]
enabled=1
desc=报表参数
count=6
1=打印工程名称,L(项目名称),项目名称,合同编号
2=打印其他直接费明细,R(True)
3=不打印列（多列以逗号分离）,T()
4=动态列排序（多列以逗号分离）,T()
5=打印扩大系数,R(True)
6=打印摊销系数,R(True)
[/PARAMETER]
[参数设置结果]
打印工程名称=项目名称
打印其他直接费明细=False
不打印列（多列以逗号分离）=
动态列排序（多列以逗号分离）=
招投标=投标
打印扩大系数=True
打印摊销系数=False
[SOURCE]
type=rptx
rptx=全国02_通用_投标_费用系数汇总表.rptx
level=0
dll=全国02_通用_投标_费用系数汇总表[样式二].dll
[TEMP]
ReWrite=1
