[DESIGN]
d001=0
d001001=主要工程量汇总表,150,150,150,150,1,1.5,-1,宋体,-10,0,0,1,0.1,-1
d003=8
d0030001=xh,50,宋体,-9,,0,0,0,0,16777215,2,2,1,1,0,1,0,0,0,0,-1,0,xh,0,
d0030002=xmmc,166,宋体,-9,,0,0,0,0,16777215,1,2,1,1,1,1,1,0,0,0,-1,0,xmmc,0,
d0030003=,60,宋体,-9,,0,0,0,0,0,0,0,1,1,1,1,0,0,0,0,-1,0,单位,0,
d0030004=,60,宋体,-9,,0,0,0,0,0,0,0,1,1,1,1,0,0,0,0,-1,0,可研阶段,0,
d0030005=,60,宋体,-9,,0,0,0,0,0,0,0,1,1,1,1,0,0,0,0,-1,0,初步设计,0,
d0030006=,68,宋体,-9,,0,0,0,0,0,0,0,1,1,1,1,0,0,0,0,-1,0,增减数量,0,
d0030007=,93,宋体,-9,,0,0,0,0,0,0,0,1,1,1,1,0,0,0,0,-1,0,增减幅度,0,
d0030008=,60,宋体,-9,,0,0,0,0,0,0,0,1,1,1,0,0,0,0,0,-1,0,备注,0,

d0040001=3
d0040002=2
d0040003=3
d0040004=0
d0040005=1
d00400030001=0

d005=59
d0050001=1,1,1,8,2,主要工程量对比表,宋体,-18,700,0,0,0,0,0,2,2,0,0,0,0,0,0,0,0,-1,0,,0,A1
d0050002=1,1,3,2,3,,宋体,-9,,0,0,0,0,0,0,2,0,0,0,0,0,0,0,0,-1,0,,0,A3
d0050003=1,3,3,3,3,,宋体,-9,,0,0,0,0,0,2,2,0,0,0,0,0,0,0,0,-1,0,,0,C3
d0050004=1,4,3,4,3,,宋体,-9,,0,0,0,0,0,2,2,0,0,0,0,0,0,0,0,-1,0,,0,D3
d0050005=1,5,3,5,3,,宋体,-9,,0,0,0,0,0,2,2,0,0,0,0,0,0,0,0,-1,0,,0,E3
d0050006=1,6,3,6,3,,宋体,-9,,0,0,0,0,0,2,2,0,0,0,0,0,0,0,0,-1,0,,0,F3
d0050007=1,7,3,7,3,,宋体,-9,,0,0,0,0,0,2,2,0,0,0,0,0,0,0,0,-1,0,,0,G3
d0050008=1,8,3,8,3,,宋体,-9,,0,0,0,0,0,2,2,0,0,0,0,0,0,0,0,-1,0,,0,H3
d0050009=2,1,1,1,1,序号,宋体,-9,,0,0,0,0,0,2,2,1,1,0,1,0,0,0,0,-1,0,,0,A4
d0050010=2,2,1,2,1,工程或char(13)char(10)费用名称,宋体,-9,,0,0,0,0,0,2,2,1,1,1,1,0,0,0,0,-1,0,,0,B4
d0050011=2,3,1,3,1,单位,宋体,-9,,0,0,0,0,0,2,2,1,1,1,1,0,0,0,0,-1,0,,0,C4
d0050012=2,4,1,4,1,可研char(13)char(10)阶段,宋体,-9,,0,0,0,0,0,2,2,1,1,1,1,0,0,0,0,-1,0,,0,D4
d0050013=2,5,1,5,1,初步设计char(13)char(10)阶段,宋体,-9,,0,0,0,0,0,2,2,1,1,1,1,0,0,0,0,-1,0,,0,E4
d0050014=2,6,1,6,1,增减char(13)char(10)数量,宋体,-9,,0,0,0,0,0,2,2,1,1,1,1,0,0,0,0,-1,0,,0,F4
d0050015=2,7,1,7,1,增减幅度char(13)char(10)（%）,宋体,-9,,0,0,0,0,0,2,2,1,1,1,1,0,0,0,0,-1,0,,0,G4
d0050016=2,8,1,8,1,备注,宋体,-9,,0,0,0,0,0,2,2,1,1,1,0,0,0,0,0,-1,0,,0,H4
d0050017=2,1,2,1,2,(1),宋体,-9,,0,0,0,0,0,2,2,1,1,0,1,0,0,0,0,-1,0,,0,A5
d0050018=2,2,2,2,2,(2),宋体,-9,,0,0,0,0,0,2,2,1,1,0,1,0,0,0,0,-1,0,,0,B5
d0050019=2,3,2,3,2,(3),宋体,-9,,0,0,0,0,0,2,2,1,1,0,1,0,0,0,0,-1,0,,0,C5
d0050020=2,4,2,4,2,(4),宋体,-9,,0,0,0,0,0,2,2,1,1,0,1,0,0,0,0,-1,0,,0,D5
d0050021=2,5,2,5,2,(5),宋体,-9,,0,0,0,0,0,2,2,1,1,0,1,0,0,0,0,-1,0,,0,E5
d0050022=2,6,2,6,2,(5)-(4),宋体,-9,,0,0,0,0,0,2,2,1,1,0,1,0,0,0,0,-1,0,,0,F5
d0050023=2,7,2,7,2,【(5)-(4)】/(4),宋体,-9,,0,0,0,0,0,2,2,1,1,0,1,0,0,0,0,-1,0,,0,G5
d0050024=2,8,2,8,2,,宋体,-9,,0,0,0,0,0,2,2,1,1,0,0,0,0,0,0,-1,0,,0,H5
d0050025=3,1,1,1,1,,宋体,-9,,0,0,0,0,0,2,2,1,1,0,1,0,0,0,0,-1,0,,0,A6
d0050026=3,2,1,2,1,,宋体,-9,,0,0,0,0,0,2,2,1,1,0,1,0,0,0,0,-1,0,,0,B6
d0050027=3,3,1,3,1,,宋体,-9,,0,0,0,0,0,2,2,1,1,0,1,0,0,0,0,-1,0,,0,C6
d0050028=3,4,1,4,1,,宋体,-9,,0,0,0,0,0,2,2,1,1,0,1,0,0,0,0,-1,0,,0,D6
d0050029=3,5,1,5,1,,宋体,-9,,0,0,0,0,0,2,2,1,1,0,1,0,0,0,0,-1,0,,0,E6
d0050030=3,6,1,6,1,,宋体,-9,,0,0,0,0,0,2,2,1,1,0,1,0,0,0,0,-1,0,,0,F6
d0050031=3,7,1,7,1,,宋体,-9,,0,0,0,0,0,2,2,1,1,0,1,0,0,0,0,-1,0,,0,G6
d0050032=3,8,1,8,1,,宋体,-9,,0,0,0,0,0,2,2,1,1,0,0,0,0,0,0,-1,0,,0,H6
d0050033=3,9,1,9,1,-5,宋体,-9,,0,0,0,0,0,0,2,1,1,1,1,0,0,0,0,-1,0,,0,I6
d0050034=3,1,2,1,2,,宋体,-9,,0,0,0,0,0,2,2,0,1,0,1,0,0,0,0,-1,0,,0,A7
d0050035=3,2,2,2,2,,宋体,-9,,0,0,0,0,0,0,2,0,1,0,1,0,0,0,0,-1,0,,0,B7
d0050036=3,3,2,3,2,,宋体,-9,,0,0,0,0,0,2,2,0,1,0,1,0,0,0,0,-1,0,,0,C7
d0050037=3,4,2,4,2,,宋体,-9,,0,0,0,0,0,2,2,0,1,0,1,0,0,0,0,-1,0,,0,D7
d0050038=3,5,2,5,2,,宋体,-9,,0,0,0,0,0,2,2,0,1,0,1,0,0,0,0,-1,0,,0,E7
d0050039=3,6,2,6,2,,宋体,-9,,0,0,0,0,0,2,2,0,1,0,1,0,0,0,0,-1,0,,0,F7
d0050040=3,7,2,7,2,,宋体,-9,,0,0,0,0,0,2,2,0,1,0,1,0,0,0,0,-1,0,,0,G7
d0050041=3,8,2,8,2,,宋体,-9,,0,0,0,0,0,2,2,0,1,0,0,0,0,0,0,-1,0,,0,H7
d0050042=3,9,2,9,2,2,宋体,-9,,0,0,0,0,0,0,2,1,1,1,1,0,0,0,0,-1,0,,0,I7
d0050043=3,1,3,1,3,,宋体,-9,,0,0,0,0,0,2,2,0,1,0,1,0,0,0,0,-1,0,,0,A8
d0050044=3,2,3,2,3,,宋体,-9,,0,0,0,0,0,0,2,0,1,0,1,0,0,0,0,-1,0,,0,B8
d0050045=3,3,3,3,3,,宋体,-9,,0,0,0,0,0,2,2,0,1,0,1,0,0,0,0,-1,0,,0,C8
d0050046=3,4,3,4,3,,宋体,-9,,0,0,0,0,0,2,2,0,1,0,1,0,0,0,0,-1,0,,0,D8
d0050047=3,5,3,5,3,,宋体,-9,,0,0,0,0,0,2,2,0,1,0,1,0,0,0,0,-1,0,,0,E8
d0050048=3,6,3,6,3,,宋体,-9,,0,0,0,0,0,2,2,0,1,0,1,0,0,0,0,-1,0,,0,F8
d0050049=3,7,3,7,3,,宋体,-9,,0,0,0,0,0,2,2,0,1,0,1,0,0,0,0,-1,0,,0,G8
d0050050=3,8,3,8,3,,宋体,-9,,0,0,0,0,0,2,2,0,1,0,0,0,0,0,0,-1,0,,0,H8
d0050051=3,9,3,9,3,1003,宋体,-9,,0,0,0,0,0,0,2,1,1,1,1,0,0,0,0,-1,0,,0,I8
d0050052=5,1,1,1,1,,宋体,-9,,0,0,0,0,0,2,2,0,0,0,0,0,0,0,0,-1,0,,0,A9
d0050053=5,2,1,2,1,,宋体,-9,,0,0,0,0,0,2,2,0,0,0,0,0,0,0,0,-1,0,,0,B9
d0050054=5,3,1,3,1,,宋体,-9,,0,0,0,0,0,2,2,0,0,0,0,0,0,0,0,-1,0,,0,C9
d0050055=5,4,1,4,1,,宋体,-9,,0,0,0,0,0,2,2,0,0,0,0,0,0,0,0,-1,0,,0,D9
d0050056=5,5,1,5,1,,宋体,-9,,0,0,0,0,0,2,2,0,0,0,0,0,0,0,0,-1,0,,0,E9
d0050057=5,6,1,6,1,,宋体,-9,,0,0,0,0,0,2,2,0,0,0,0,0,0,0,0,-1,0,,0,F9
d0050058=5,7,1,7,1,,宋体,-9,,0,0,0,0,0,2,2,0,0,0,0,0,0,0,0,-1,0,,0,G9
d0050059=5,8,1,8,1,,宋体,-9,,0,0,0,0,0,2,2,0,0,0,0,0,0,0,0,-1,0,,0,H9
[PARAMETER]
[报表参数]
desc=报表参数
enabled=1
count=4
1=打印级数,L(一级项目),工程层次,一级项目,二级项目,三级项目,四级项目,五级项目,六级项目
2=打印工程名称,L(项目名称),项目名称,标段名称,项目名称+标段名称
3=打印套用单价序号,R(false)
4=小数位数,L(2),0,1,2,3,4,5,6,7,8,9
[/PARAMETER]
[SOURCE]
type=rptx
rpt=全国02_通用_主要工程量汇总表.rpt
rptx=全国02_通用_主要工程量汇总表.rptx
dll=全国02_通用_主要工程量汇总表.dll
level=0
[参数设置结果]
打印级数=六级项目
打印工程名称=项目名称
打印套用单价序号=False
小数位数=2
[TEMP]
ReWrite=1
