[DESIGN]
d001=1
d001001=招标控制价,201,201,212,77,1,1.50,-1,宋体,-13,0,1,0.1,0.1
d002=9
d0020001=col1
d0020002=col2
d0020003=col3
d0020004=col4
d0020005=col5
d0020006=col6
d0020007=col7
d0020008=col8
d0020009=col9
d003=9
d0030001=col1,77,,,400,1,0,0,0,,0,2,1,,,,,,,0
d0030002=col2,33,,,400,1,0,0,0,,0,2,1,,,,,,,0
d0030003=col3,101,,,400,1,0,0,0,,0,2,1,,,,,,,0
d0030004=col4,47,,,400,1,0,0,0,,0,2,1,,,,,,,1
d0030005=col5,95,,,400,1,0,0,0,,0,2,1,,,,,,,0
d0030006=col6,30,,,400,1,0,0,0,,0,2,1,,,,,,,0
d0030007=col7,64,,,400,1,0,0,0,,0,2,1
d0030008=col8,69,,,400,1,0,0,0,,0,2,1,,,,,,,0
d0030009=col9,41,,,400,1,0,0,0,,0,2,1,,,,,,,0
d0040001=0
d0040002=21
d0040003=1
d0040004=0
d0040005=0
d0040006=0
d005=29
d0050001=2,1,3,8,4,招标控制价,,-22,400,0,0,0,0,,2,2,0,0,0,0
d0050002=2,3,1,7,2,[工程名称],,,400,0,0,0,0,,2,1,0,,0,0
d0050003=2,1,8,1,9,招标人：,,,400,0,0,0,0,,0,1,0,0,0,0
d0050004=2,5,8,5,9,工程造价char(13)char(10)咨 询 人：,,,400,0,0,0,0,,0,1,0,0,0,0
d0050005=2,1,14,2,15,编  制　人：,,,400,0,0,0,0,,0,1,0,0,0,0
d0050006=2,1,18,4,19,编制日期：[编制日期],,,400,0,0,0,0,,0,1,0,0,0,0
d0050007=2,1,11,2,12,法定代表人char(13)char(10)或其授权人：,,,400,0,0,0,0,,0,1,0,0,0,0
d0050008=2,5,11,6,12,法定代表人char(13)char(10)或其授权人：,,,400,0,0,0,0,,0,1,0,0,0,0
d0050009=2,5,14,6,15,复　核　人：,,,400,0,0,0,0,,1,1,0,0,0,0
d0050010=2,2,8,4,9,[jsdwzbr],,,400,0,0,0,0,,0,1,0,,0,0
d0050011=2,5,18,9,19,复核日期：[zjjgshrq],,,400,0,0,0,0,,0,1,0,0,0,0
d0050012=2,6,8,9,9,[zjjg],,,400,0,0,0,0,,0,1,0,,0,0
d0050013=2,3,14,4,15,[bzr],,,400,0,0,0,0,,0,1,0,,0,0
d0050014=2,3,11,4,12,[dbr],,,400,0,0,0,0,,0,1,0,,0,0
d0050015=2,7,11,9,12,[zjjgfddbr],,,400,0,0,0,0,,0,1,0,,0,0
d0050016=2,7,14,9,15,[shr],,,400,0,0,0,0,,0,1,0,,0,0
d0050017=2,8,21,9,21,,,,400,0,0,0,0,,1,1,0,0,0,0
d0050018=2,2,10,4,10,（单位盖章）,,-9,400,0,0,0,0,,2,0,0,0,0,0
d0050019=2,7,13,9,13,（签字或盖章）,,-9,400,0,0,0,0,,2,0,0,0,0,0
d0050020=2,6,10,9,10,（单位资质专用章）,,-9,400,0,0,0,0,,2,0,0,0,0,0
d0050021=2,3,13,4,13,（签字或盖章）,,-9,400,0,0,0,0,,2,0,0,0,0,0
d0050022=2,3,16,4,16,（造价人员签字盖专用章）,,-9,400,0,0,0,0,,2,0,0,0,0,0
d0050023=2,7,16,9,16,（造价工程师签字盖专用章）,,-9,400,0,0,0,0,,2,0,0,0,0,0
d0050024=2,8,1,9,2,工程,,,400,0,0,0,0,,0,1,0,0,0,0
d0050025=2,1,5,2,5,招标控制价,,,400,0,0,0,0,,0,1,0,0,0,0
d0050026=2,3,5,3,5,（小写）：,,,400,0,0,0,0,,0,1,0,0,0,0
d0050027=2,3,6,3,6,（大写）：,,,400,0,0,0,0,,0,1,0,0,0,0
d0050028=2,4,5,8,5,[工程造价小写]元,,,400,0,0,0,0,,0,1,0,,0,0
d0050029=2,4,6,8,6,[工程造价大写],,,400,0,0,0,0,,0,1,0,,0,0

[DATA]
call usp_bzsm()
[/DATA]

[SQL]
alter procedure
usp_bzsm()
begin
  declare bzsm long varchar;
  declare bzfz long varchar;
  declare bzxx long varchar;
  declare local temporary table temptab(
   
    xh integer null default
    autoincrement,
    col1 varchar(1) null default '',
    col2 varchar(1) null default '',
    xxx_flag integer not null default 0,
    xxx_expand1_sx_ex long varchar null default '',
    xxx_expand2_sx_ex long varchar null default '',
    xxx_expand1 long varchar null default '',
    xxx_expand2 long varchar null default '',
    ) on commit delete rows;
  //select prodata_value into bzsm from prodata where prodata_dwname = 'Make_Explain_sl' and prodata_column = 'cloumn1';
  //select prodata_value into bzfz from prodata where prodata_dwname = 'Make_Explain_sl' and prodata_column = 'cloumn2';
  //select prodata_value into bzxx from prodata where prodata_dwname = 'Make_Explain_sl' and prodata_column = 'cloumn3';
  //insert into temptab(xxx_flag,xxx_expand1) values(-3,'投标总价(@@)水利');
  //insert into temptab(xxx_flag,xxx_expand1) values(-3,'编制附注(@@)'+bzfz);
  //insert into temptab(xxx_flag,xxx_expand1) values(-3,'备注信息(@@)'+bzxx);
  insert into temptab(xxx_flag,xxx_expand1) (select -3,trim(prodata_column)+'(@@)'+(if prodata_value is null then '' else trim(prodata_value) endif) from prodata);
  
  select* from temptab order by xh asc;
end
[/SQL]

[SQLSYNTAX]
[/SQLSYNTAX]

[PARAMETER]
[/PARAMETER]

[DESCRIBE]
[/DESCRIBE]
[TEMP]
ReWrite=1
