[DESIGN]
d001=1
d001001=编制说明,150,150,150,150,1,1.5,-1,宋体,-10,0,1,1,0.1,-1
d003=6
d0030001=col1,80,宋体,-9,,1,0,0,0,16777215,0,2,1,1,1,1,0,0,0,0,-1,0,未命名,0
d0030002=col2,80,宋体,-9,,1,0,0,0,16777215,0,2,1,1,1,1,0,0,0,1,-1,0,未命名,0
d0030003=col3,80,宋体,-9,,1,0,0,0,16777215,0,2,1,1,1,1,0,0,0,1,-1,0,未命名,0
d0030004=col4,80,宋体,-9,,1,0,0,0,16777215,0,2,1,1,1,1,0,0,0,1,-1,0,未命名,0
d0030005=col5,80,宋体,-9,,1,0,0,0,16777215,0,2,1,1,1,1,0,0,0,1,-1,0,未命名,0
d0030006=col6,80,宋体,-9,,1,0,0,0,16777215,0,2,1,1,1,1,0,0,0,1,-1,0,未命名,0

d0040001=4
d0040002=36
d0040003=0
d0040004=0
d0040005=1

d005=5
d0050001=1,1,1,6,2,编制说明,宋体,-18,,0,0,0,0,0,2,2,0,0,0,0,0,0,0,0,-1,0,,0
d0050002=1,1,3,5,4,工程名称：[工程名称],宋体,-9,,0,0,0,0,0,0,1,0,0,0,0,0,0,0,0,-1,0,,0
d0050003=1,6,3,6,4,,宋体,-9,,0,0,0,0,0,1,1,0,0,0,0,0,0,0,0,-1,0,,0
d0050004=2,1,1,6,36, ,宋体,-9,,0,0,0,0,0,0,0,1,1,1,1,0,0,0,0,-1,0,,0
d0050005=5,1,1,6,1,第  页 共  页,宋体,-9,,0,0,0,0,0,2,2,0,0,0,0,0,0,0,0,-1,0,,0
[PARAMETER]
[/PARAMETER]
[SOURCE]
dll=空表.dll
level=1
[TEMP]
ReWrite=1
