[DESIGN]
d001=0
d001001=人工计算表,150,150,150,150,1,1.5,-1,宋体,-10,0,0,1,1.5,-1
d003=5
d0030001=mark,80,宋体,-9,,0,0,0,0,16777215,1,2,1,1,1,1,0,0,0,0,-1,0,编号,0,
d0030002=name,250,宋体,-9,,0,0,0,0,16777215,1,2,1,1,1,0,1,0,0,0,-1,0,名称,0,
d0030003=calc,250,宋体,-9,,0,0,0,0,16777215,1,2,1,1,1,0,1,0,0,0,-1,0,计算式,0,
d0030004=ratio,80,宋体,-9,,0,0,0,0,16777215,1,2,1,1,1,1,0,0,1,1,-1,0,费率,0,
d0030005=fee,80,宋体,-9,,0,0,0,0,16777215,1,2,1,1,1,1,0,0,0,1,-1,0,费用,0,

d0040001=3
d0040002=4
d0040003=1
d0040004=0
d0040005=1
d00400020001=0
d00400020003=0

d005=27
d0050001=1,1,1,5,2,人工计算表,宋体,-18,700,0,0,0,0,0,2,2,0,0,0,0,0,0,0,0,-1,0,,0,A1
d0050002=1,1,3,5,3,[macroGcName2],宋体,-9,,0,0,0,0,0,0,2,0,0,0,0,0,0,0,0,-1,0,,0,A3
d0050003=2,1,1,2,1,[人工名称],宋体,-9,,0,0,0,0,0,0,2,1,1,1,1,0,0,0,0,-1,0,,0,A4
d0050004=2,3,1,3,1,单位:[人工单位],宋体,-9,,0,0,0,0,0,0,2,1,1,1,1,0,0,0,0,-1,0,,0,C4
d0050005=2,4,1,5,1,单价:[人工单价],宋体,-9,,0,0,0,0,0,0,2,1,1,1,1,0,0,0,0,-1,0,,0,D4
d0050006=2,1,2,1,2,地区类别,宋体,-9,,0,0,0,0,0,2,2,1,1,1,1,0,0,0,0,-1,0,,0,A5
d0050007=2,2,2,2,2,[工资区类别],宋体,-9,,0,0,0,0,0,2,2,1,1,1,1,0,0,0,0,-1,0,,0,B5
d0050008=2,3,2,3,2,定额人工等级,宋体,-9,,0,0,0,0,0,2,2,1,1,1,1,0,0,0,0,-1,0,,0,C5
d0050009=2,4,2,4,2,[人工名称],宋体,-9,,0,0,0,0,0,2,2,1,1,1,1,0,0,0,0,-1,0,,0,D5
d0050010=2,5,2,5,2,[人工名称],宋体,-9,,0,0,0,0,0,2,2,1,1,1,1,0,0,0,0,-1,0,,0,E5
d0050011=2,1,3,1,3,编号,宋体,-9,,0,0,0,0,0,2,2,1,1,1,1,0,0,0,0,-1,0,,0,A6
d0050012=2,2,3,2,3,项目,宋体,-9,,0,0,0,0,0,2,2,1,1,1,1,0,0,0,0,-1,0,,0,B6
d0050013=2,3,3,3,3,计算式,宋体,-9,,0,0,0,0,0,2,2,1,1,1,1,0,0,0,0,-1,0,,0,C6
d0050014=2,4,3,4,3,系数,宋体,-9,,0,0,0,0,0,2,2,1,1,1,1,0,0,0,0,-1,0,,0,D6
d0050015=2,5,3,5,3,单价,宋体,-9,,0,0,0,0,0,2,2,1,1,1,1,0,0,0,0,-1,0,,0,E6
d0050016=2,1,4,1,4,序号,宋体,-9,,0,0,0,0,0,2,2,1,1,1,1,0,0,0,0,-1,0,,0,A7
d0050017=2,2,4,2,4,项目,宋体,-9,,0,0,0,0,0,2,2,1,1,1,1,0,0,0,0,-1,0,,0,B7
d0050018=2,3,4,3,4,计算式,宋体,-9,,0,0,0,0,0,2,2,1,1,1,1,0,0,0,0,-1,0,,0,C7
d0050019=2,4,4,4,4,费率,宋体,-9,,0,0,0,0,0,2,2,1,1,1,1,0,0,0,0,-1,0,,0,D7
d0050020=2,5,4,5,4,单价(元),宋体,-9,,0,0,0,0,0,2,2,1,1,1,1,0,0,0,0,-1,0,,0,E7
d0050021=3,1,1,1,1,,宋体,-9,,0,0,0,0,0,2,2,1,1,1,1,0,0,0,0,-1,0,,0,A8
d0050022=3,2,1,2,1,,宋体,-9,,0,0,0,0,0,0,2,1,1,1,1,0,0,0,0,-1,0,,0,B8
d0050023=3,3,1,3,1,,宋体,-9,,0,0,0,0,0,0,2,1,1,1,1,0,0,0,0,-1,0,,0,C8
d0050024=3,4,1,4,1,,宋体,-9,,0,0,0,0,0,1,2,1,1,1,1,0,0,0,0,-1,0,,0,D8
d0050025=3,5,1,5,1,,宋体,-9,,0,0,0,0,0,1,2,1,1,1,1,0,0,0,0,-1,0,,0,E8
d0050026=3,6,1,6,1,1,宋体,-9,,0,0,0,0,0,0,2,1,1,1,1,0,0,0,0,-1,0,,0,F8
d0050027=5,1,1,5,1,第[pageno]页 共[pagecount]页,宋体,-9,,0,0,0,0,0,2,2,0,0,0,0,0,0,0,0,-1,0,,0,A9
[PARAMETER]
[报表参数]
desc=报表参数
enabled=1
count=4
1=打印工程名称,L(项目名称),项目名称,标段名称,项目名称+标段名称,不打印项目名称
2=计算式,L(代号),代号,数值,原始公式
3=编号前缀,L(F),F,A,B,C,无
4=打印名称缩进,R(True)
[/PARAMETER]
[SOURCE]
dll=全国02_通用_人工计算表.dll
level=0
[TEMP]
ReWrite=1
[参数设置结果]
计算式=数值
编号前缀=无
打印工程名称=项目名称
打印名称缩进=True
