[DESIGN]
d001=0
d001001=工程预算总表,150,150,150,150,1,1.5,-1,宋体,-10,0,0,1,1.5,-1
d003=8
d0030001=xh,50,宋体,-9,,0,0,0,0,16777215,2,2,1,1,0,1,0,0,0,0,-1,0,序号,0,
d0030002=xmmc,300,宋体,-9,,0,0,0,0,16777215,0,2,1,1,1,1,1,0,0,0,0,0,项目名称,0,
d0030003=,60,宋体,-9,,0,0,0,0,16777215,2,2,1,1,1,1,0,0,0,1,-1,0,可研阶段,0,
d0030004=,60,宋体,-9,,0,0,0,0,16777215,1,2,1,1,1,1,0,0,0,1,0,0,初步设计,0,
d0030005=,60,宋体,-9,,0,0,0,0,16777215,1,2,1,1,1,1,0,0,0,1,0,0,增减额度,0,
d0030006=,60,宋体,-9,,0,0,0,0,16777215,1,2,1,1,1,0,0,0,0,1,0,0,增减幅度,0,
d0030007=bfl,60,宋体,-9,,0,0,0,0,16777215,1,2,1,1,1,1,0,0,1,1,-1,0,百分率,0,
d0030008=,60,宋体,-9,,0,0,0,0,0,0,0,1,1,1,0,0,0,0,0,-1,0,备注,0,

d0040001=3
d0040002=3
d0040003=1
d0040004=0
d0040005=1

d005=33
d0050001=1,1,1,7,2,总投资对比表,宋体,-18,700,0,0,0,0,0,2,2,0,0,0,0,0,0,0,0,-1,0,,0,A1
d0050002=1,8,1,8,1,,宋体,-9,,0,0,0,0,0,2,2,0,0,0,0,0,0,0,0,-1,0,,0,H1
d0050003=1,8,2,8,2,,宋体,-9,,0,0,0,0,0,2,2,0,0,0,0,0,0,0,0,-1,0,,0,H2
d0050004=1,1,3,4,3,,宋体,-9,,0,0,0,0,0,0,2,0,0,0,0,0,0,0,0,-1,0,,0,A3
d0050005=1,5,3,7,3,单位：[micro_hj_wy],宋体,-9,,0,0,0,0,0,1,2,0,0,0,0,0,0,0,0,-1,0,,0,E3
d0050006=1,8,3,8,3,,宋体,-9,,0,0,0,0,0,2,2,0,0,0,0,0,0,0,0,-1,0,,0,H3
d0050007=2,1,1,1,2,序char(13)char(10)号,宋体,-9,,0,0,0,0,0,2,2,1,1,0,1,0,0,0,0,-1,0,,0,A4
d0050008=2,2,1,2,2,工程或费用名称,宋体,-9,,0,0,0,0,0,2,2,1,1,0,1,0,0,0,0,-1,0,,0,B4
d0050009=2,3,1,3,2,可研阶char(13)char(10)段投资,宋体,-9,,0,0,0,0,0,2,2,1,1,0,1,0,0,0,0,-1,0,,0,C4
d0050010=2,4,1,4,2,初步设计char(13)char(10)阶段投资,宋体,-9,,0,0,0,0,0,2,2,1,1,0,1,0,0,0,0,-1,0,,0,D4
d0050011=2,5,1,5,2,增减char(13)char(10)额度,宋体,-9,,0,0,0,0,0,2,2,1,1,0,1,0,0,0,0,-1,0,,0,E4
d0050012=2,6,1,6,2,增减幅char(13)char(10)度(%),宋体,-9,,0,0,0,0,0,2,2,1,1,0,0,0,0,0,0,-1,0,,0,F4
d0050013=2,7,1,7,2,占一至五部分的百分率(%),宋体,-9,,0,0,0,0,0,2,2,1,1,1,1,0,0,0,0,-1,0,,0,G4
d0050014=2,8,1,8,2,备注,宋体,-9,,0,0,0,0,0,2,2,1,1,1,0,0,0,0,0,-1,0,,0,H4
d0050015=2,1,3,1,3,(1),宋体,-9,,0,0,0,0,0,2,2,1,1,0,1,0,0,0,0,-1,0,,0,A6
d0050016=2,2,3,2,3,(2),宋体,-9,,0,0,0,0,0,2,2,1,1,0,1,0,0,0,0,-1,0,,0,B6
d0050017=2,3,3,3,3,(3),宋体,-9,,0,0,0,0,0,2,2,1,1,0,1,0,0,0,0,-1,0,,0,C6
d0050018=2,4,3,4,3,(4),宋体,-9,,0,0,0,0,0,2,2,1,1,0,1,0,0,0,0,-1,0,,0,D6
d0050019=2,5,3,5,3,(4)char(13)char(10)-(3),宋体,-9,,0,0,0,0,0,2,2,1,1,0,1,0,0,0,0,-1,0,,0,E6
d0050020=2,6,3,6,3,【(4)-char(13)char(10)(3)】/(3),宋体,-9,,0,0,0,0,0,2,2,1,1,0,1,0,0,0,0,-1,0,,0,F6
d0050021=2,7,3,7,3,,宋体,-9,,0,0,0,0,0,2,2,1,1,0,1,0,0,0,0,-1,0,,0,G6
d0050022=2,8,3,8,3,,宋体,-9,,0,0,0,0,0,2,2,1,1,0,0,0,0,0,0,-1,0,,0,H6
d0050023=3,1,1,1,1,,宋体,-9,,0,0,0,0,0,2,2,1,1,0,1,0,0,0,0,-1,0,,0,A7
d0050024=3,2,1,2,1,,宋体,-9,,0,0,0,0,0,0,2,1,1,0,1,0,0,0,0,-1,0,,0,B7
d0050025=3,3,1,3,1,,宋体,-9,,0,0,0,0,0,1,2,1,1,0,1,0,0,0,0,-1,0,,0,C7
d0050026=3,4,1,4,1,,宋体,-9,,0,0,0,0,0,1,2,1,1,0,1,0,0,0,0,-1,0,,0,D7
d0050027=3,5,1,5,1,,宋体,-9,,0,0,0,0,0,1,2,1,1,0,1,0,0,0,0,-1,0,,0,E7
d0050028=3,6,1,6,1,,宋体,-9,,0,0,0,0,0,1,2,1,1,0,0,0,0,0,0,-1,0,,0,F7
d0050029=3,7,1,7,1,,宋体,-9,,0,0,0,0,0,1,2,1,1,1,1,0,0,0,0,-1,0,,0,G7
d0050030=3,8,1,8,1,,宋体,-9,,0,0,0,0,0,1,2,1,1,1,0,0,0,0,0,-1,0,,0,H7
d0050031=3,9,1,9,1,1,宋体,-9,,0,0,0,0,0,2,2,1,1,1,1,0,0,0,0,-1,0,,0,I7
d0050032=5,1,1,7,1,第[pageno]页 共[pagecount]页,宋体,-11,,0,0,0,0,0,2,2,0,0,0,0,0,0,0,0,-1,0,,0,A8
d0050033=5,8,1,8,1,,宋体,-9,,0,0,0,0,0,2,2,0,0,0,0,0,0,0,0,-1,0,,0,H8
[PARAMETER]
[报表参数]
desc=报表参数
enabled=1
count=9
1=合价万元,R(False)
2=单价万元,R(False)
3=计价项目打印级数,L(一级项目),不打印,一级项目,二级项目,三级项目,四级项目,五级项目,全部
4=费用项目打印级数,L(一级项目),不打印,一级项目,二级项目,三级项目,四级项目,五级项目,全部
5=打印合价为空的项目,R(False)
6=打印工程名称,L(工程名称),工程名称,标段名称,工程名称+标段名称,合同编号,不打印项目名称
7=打印套用单价序号,R(False)
8=显示中文、罗马数字,R(False)
9=打印一至五部分投资,R(False)
[/PARAMETER]
[SOURCE]
type=rptx
rpt=全国02_通用_工程预算总表.rpt
rptx=全国02_通用_工程预算总表.rptx
dll=全国02_通用_工程预算总表.dll
level=0
[TEMP]
ReWrite=1
[参数设置结果]
计价项目打印级数=一级项目
费用项目打印级数=一级项目
打印合价为空的项目=False
打印工程名称=工程名称+标段名称
打印套用单价序号=False
显示中文、罗马数字=False
不打印英文子目 = True
打印一至五部分投资=True
单位=元
[名称映射]
第四部分 独立费=第四部分 独立费用
第五部分 独立费=第五部分 独立费用
