[DESIGN]
d001=0
d001001=砼砂浆单价表,150,150,150,150,2,1.5,-1,宋体,-10,0,0,1,1.5,-1
d003=27
d0030001=bm,60,宋体,-9,,0,0,0,0,16777215,1,2,1,1,1,1,0,0,0,0,-1,0,编号,0,,0
d0030002=biaohao,100,宋体,-9,,0,0,0,0,16777215,0,2,1,1,1,1,0,0,0,0,-1,0,标号,0,,0
d0030003=biaohao1,60,宋体,-9,,0,0,0,0,0,0,0,1,1,1,1,0,0,0,0,-1,0,混凝土标号,0,,0
d0030004=jipei,40,宋体,-9,,0,0,0,0,16777215,1,2,1,1,1,1,0,0,0,0,-1,0,级配,0,,0
d0030005=qiangdu,40,宋体,-9,,0,0,0,0,16777215,2,2,1,1,1,1,0,1,0,1,-1,0,水泥强度,0,,0
d0030006=shuini,50,宋体,-9,,0,0,0,0,16777215,1,2,1,1,1,1,0,0,0,1,0,0,水泥,0,,0
d0030007=shuini_dj,50,宋体,-9,,0,0,0,0,16777215,0,2,1,1,1,1,0,0,0,1,0,0,水泥单价,0,,0
d0030008=shuini_hj,50,宋体,-9,,0,0,0,0,16777215,0,2,1,1,1,1,0,0,0,1,-1,0,水泥合价,0,,0
d0030009=chanheliao,50,宋体,-9,,0,0,0,0,16777215,2,2,1,1,1,1,0,1,0,1,-1,0,掺合剂,0,,0
d0030010=chanheliao_dj,50,宋体,-9,,0,0,0,0,16777215,0,2,1,1,1,1,0,1,0,1,-1,0,掺合剂单价,0,,0
d0030011=chanheliao_hj,50,宋体,-9,,0,0,0,0,16777215,0,2,1,1,1,1,0,1,0,1,-1,0,掺合剂合价,0,,0
d0030012=sha,50,宋体,-9,,0,0,0,0,16777215,1,2,1,1,1,1,0,0,0,1,0,0,砂,0,,0
d0030013=sha_dj,50,宋体,-9,,0,0,0,0,16777215,0,2,1,1,1,1,0,0,0,1,0,0,砂单价,0,,0
d0030014=sha_hj,50,宋体,-9,,0,0,0,0,16777215,0,2,1,1,1,1,0,0,0,1,0,0,砂合价,0,,0
d0030015=shizi,50,宋体,-9,,0,0,0,0,16777215,1,2,1,1,1,1,0,0,0,1,0,0,石子,0,,0
d0030016=shizi_dj,50,宋体,-9,,0,0,0,0,16777215,0,2,1,1,1,1,0,0,0,1,0,0,石子单价,0,,0
d0030017=shizi_hj,50,宋体,-9,,0,0,0,0,16777215,0,2,1,1,1,1,0,0,0,1,0,0,石子合价,0,,0
d0030018=waijiaji,50,宋体,-9,,0,0,0,0,16777215,1,2,1,1,1,1,0,1,0,1,-1,0,外加剂,0,,0
d0030019=waijiaji_dj,50,宋体,-9,,0,0,0,0,16777215,0,2,1,1,1,1,0,1,0,1,-1,0,外加剂单价,0,,0
d0030020=waijiaji_hj,50,宋体,-9,,0,0,0,0,16777215,0,2,1,1,1,1,0,1,0,1,-1,0,外加剂合价,0,,0
d0030021=shui,50,宋体,-9,,0,0,0,0,16777215,1,2,1,1,1,1,0,0,0,1,0,0,水,0,,0
d0030022=shui_dj,50,宋体,-9,,0,0,0,0,16777215,0,2,1,1,1,1,0,0,0,1,0,0,水单价,0,,0
d0030023=shui_hj,50,宋体,-9,,0,0,0,0,16777215,0,2,1,1,1,1,0,0,0,1,0,0,水合价,0,,0
d0030024=ks,50,宋体,-9,,0,0,0,0,16777215,1,2,1,1,1,1,0,1,0,1,-1,0,块石,0,,0
d0030025=ks_dj,50,宋体,-9,,0,0,0,0,16777215,0,2,1,1,1,1,0,1,0,1,-1,0,块石单价,0,,0
d0030026=ks_hj,50,宋体,-9,,0,0,0,0,16777215,0,2,1,1,1,1,0,1,0,1,-1,0,块石合价,0,,0
d0030027=danjia,50,宋体,-9,,0,0,0,0,16777215,1,2,1,1,1,1,0,0,0,1,-1,0,单价,0,,0

d0040001=4
d0040002=3
d0040003=1
d0040004=0
d0040005=4

d005=72
d0050001=1,1,1,27,2,混凝土及砂浆材料单价计算表,宋体,-18,700,0,0,0,0,0,2,2,0,0,0,0,0,0,0,0,-1,0,,0,,0
d0050002=1,1,3,27,4,[macroGcName],宋体,-9,,0,0,0,0,0,0,1,0,0,0,0,0,0,0,0,-1,0,,0,,0
d0050003=2,1,1,1,3,编号,宋体,-9,,0,0,0,0,0,2,2,1,1,1,1,0,0,0,0,-1,0,,0,,0
d0050004=2,2,1,2,3,名称及规格,宋体,-9,,0,0,0,0,0,2,2,1,1,1,1,0,0,0,0,-1,0,,0,,0
d0050005=2,3,1,3,3,混凝土char(13)char(10)标号,宋体,-9,,0,0,0,0,0,2,2,1,1,1,1,0,0,0,0,-1,0,,0,,0
d0050006=2,4,1,4,3,级配,宋体,-9,,0,0,0,0,0,2,2,1,1,1,1,0,0,0,0,-1,0,,0,,0
d0050007=2,5,1,5,3,水泥char(13)char(10)强度char(13)char(10)等级,宋体,-9,,0,0,0,0,0,2,2,1,1,1,1,0,0,0,0,-1,0,,0,,0
d0050008=2,6,1,26,1,材料预算用量及单价,宋体,-9,,0,0,0,0,0,2,2,1,1,1,1,0,0,0,0,-1,0,,0,,0
d0050009=2,27,1,27,3,单价(元),宋体,-9,,0,0,0,0,0,2,2,1,1,1,1,0,0,0,0,-1,0,,0,,0
d0050010=2,6,2,8,2,水泥,宋体,-9,,0,0,0,0,0,2,2,1,1,1,1,0,0,0,0,-1,0,,0,,0
d0050011=2,9,2,11,2,掺合剂,宋体,-9,,0,0,0,0,0,2,2,1,1,1,1,0,0,0,0,-1,0,,0,,0
d0050012=2,12,2,14,2,砂,宋体,-9,,0,0,0,0,0,2,2,1,1,1,1,0,0,0,0,-1,0,,0,,0
d0050013=2,15,2,17,2,石子,宋体,-9,,0,0,0,0,0,2,2,1,1,1,1,0,0,0,0,-1,0,,0,,0
d0050014=2,18,2,20,2,外加剂,宋体,-9,,0,0,0,0,0,2,2,1,1,1,1,0,0,0,0,-1,0,,0,,0
d0050015=2,21,2,23,2,水,宋体,-9,,0,0,0,0,0,2,2,1,1,1,1,0,0,0,0,-1,0,,0,,0
d0050016=2,24,2,26,2,块石,宋体,-9,,0,0,0,0,0,2,2,1,1,1,1,0,0,0,0,-1,0,,0,,0
d0050017=2,6,3,6,3,用量([水泥单位]),宋体,-9,,0,0,0,0,0,2,2,1,1,1,1,0,0,0,0,-1,0,,0,,0
d0050018=2,7,3,7,3,单价,宋体,-9,,0,0,0,0,0,2,2,1,1,1,1,0,0,0,0,-1,0,,0,,0
d0050019=2,8,3,8,3,合价,宋体,-9,,0,0,0,0,0,2,2,1,1,1,1,0,0,0,0,-1,0,,0,,0
d0050020=2,9,3,9,3,用量([掺合料单位]),宋体,-9,,0,0,0,0,0,2,2,1,1,1,1,0,0,0,0,-1,0,,0,,0
d0050021=2,10,3,10,3,单价,宋体,-9,,0,0,0,0,0,2,2,1,1,1,1,0,0,0,0,-1,0,,0,,0
d0050022=2,11,3,11,3,合价,宋体,-9,,0,0,0,0,0,2,2,1,1,1,1,0,0,0,0,-1,0,,0,,0
d0050023=2,12,3,12,3,用量([砂单位]),宋体,-9,,0,0,0,0,0,2,2,1,1,1,1,0,0,0,0,-1,0,,0,,0
d0050024=2,13,3,13,3,单价,宋体,-9,,0,0,0,0,0,2,2,1,1,1,1,0,0,0,0,-1,0,,0,,0
d0050025=2,14,3,14,3,合价,宋体,-9,,0,0,0,0,0,2,2,1,1,1,1,0,0,0,0,-1,0,,0,,0
d0050026=2,15,3,15,3,用量([石子单位]),宋体,-9,,0,0,0,0,0,2,2,1,1,1,1,0,0,0,0,-1,0,,0,,0
d0050027=2,16,3,16,3,单价,宋体,-9,,0,0,0,0,0,2,2,1,1,1,1,0,0,0,0,-1,0,,0,,0
d0050028=2,17,3,17,3,合价,宋体,-9,,0,0,0,0,0,2,2,1,1,1,1,0,0,0,0,-1,0,,0,,0
d0050029=2,18,3,18,3,用量([外加剂单位]),宋体,-9,,0,0,0,0,0,2,2,1,1,1,1,0,0,0,0,-1,0,,0,,0
d0050030=2,19,3,19,3,单价,宋体,-9,,0,0,0,0,0,2,2,1,1,1,1,0,0,0,0,-1,0,,0,,0
d0050031=2,20,3,20,3,合价,宋体,-9,,0,0,0,0,0,2,2,1,1,1,1,0,0,0,0,-1,0,,0,,0
d0050032=2,21,3,21,3,用量([水单位]),宋体,-9,,0,0,0,0,0,2,2,1,1,1,1,0,0,0,0,-1,0,,0,,0
d0050033=2,22,3,22,3,单价,宋体,-9,,0,0,0,0,0,2,2,1,1,1,1,0,0,0,0,-1,0,,0,,0
d0050034=2,23,3,23,3,合价,宋体,-9,,0,0,0,0,0,2,2,1,1,1,1,0,0,0,0,-1,0,,0,,0
d0050035=2,24,3,24,3,用量([块石单位]),宋体,-9,,0,0,0,0,0,2,2,1,1,1,1,0,0,0,0,-1,0,,0,,0
d0050036=2,25,3,25,3,单价,宋体,-9,,0,0,0,0,0,2,2,1,1,1,1,0,0,0,0,-1,0,,0,,0
d0050037=2,26,3,26,3,合价,宋体,-9,,0,0,0,0,0,2,2,1,1,1,1,0,0,0,0,-1,0,,0,,0
d0050038=3,1,1,1,1,,宋体,-9,,0,0,0,0,0,2,2,1,1,1,1,0,0,0,0,-1,0,,0,,0
d0050039=3,2,1,2,1,,宋体,-9,,0,0,0,0,0,0,2,1,1,1,1,0,0,0,0,-1,0,,0,,0
d0050040=3,3,1,3,1,,宋体,-9,,0,0,0,0,0,2,2,1,1,1,1,0,0,0,0,-1,0,,0,,0
d0050041=3,4,1,4,1,,宋体,-9,,0,0,0,0,0,2,2,1,1,1,1,0,0,0,0,-1,0,,0,,0
d0050042=3,5,1,5,1,,宋体,-9,,0,0,0,0,0,2,2,1,1,1,1,0,0,0,0,-1,0,,0,,0
d0050043=3,6,1,6,1,,宋体,-9,,0,0,0,0,0,1,2,1,1,1,1,0,0,0,0,-1,0,,0,,0
d0050044=3,7,1,7,1,,宋体,-9,,0,0,0,0,0,1,2,1,1,1,1,0,0,0,0,-1,0,,0,,0
d0050045=3,8,1,8,1,,宋体,-9,,0,0,0,0,0,1,2,1,1,1,1,0,0,0,0,-1,0,,0,,0
d0050046=3,9,1,9,1,,宋体,-9,,0,0,0,0,0,1,2,1,1,1,1,0,0,0,0,-1,0,,0,,0
d0050047=3,10,1,10,1,,宋体,-9,,0,0,0,0,0,1,2,1,1,1,1,0,0,0,0,-1,0,,0,,0
d0050048=3,11,1,11,1,,宋体,-9,,0,0,0,0,0,1,2,1,1,1,1,0,0,0,0,-1,0,,0,,0
d0050049=3,12,1,12,1,,宋体,-9,,0,0,0,0,0,1,2,1,1,1,1,0,0,0,0,-1,0,,0,,0
d0050050=3,13,1,13,1,,宋体,-9,,0,0,0,0,0,1,2,1,1,1,1,0,0,0,0,-1,0,,0,,0
d0050051=3,14,1,14,1,,宋体,-9,,0,0,0,0,0,1,2,1,1,1,1,0,0,0,0,-1,0,,0,,0
d0050052=3,15,1,15,1,,宋体,-9,,0,0,0,0,0,1,2,1,1,1,1,0,0,0,0,-1,0,,0,,0
d0050053=3,16,1,16,1,,宋体,-9,,0,0,0,0,0,1,2,1,1,1,1,0,0,0,0,-1,0,,0,,0
d0050054=3,17,1,17,1,,宋体,-9,,0,0,0,0,0,1,2,1,1,1,1,0,0,0,0,-1,0,,0,,0
d0050055=3,18,1,18,1,,宋体,-9,,0,0,0,0,0,1,2,1,1,1,1,0,0,0,0,-1,0,,0,,0
d0050056=3,19,1,19,1,,宋体,-9,,0,0,0,0,0,1,2,1,1,1,1,0,0,0,0,-1,0,,0,,0
d0050057=3,20,1,20,1,,宋体,-9,,0,0,0,0,0,1,2,1,1,1,1,0,0,0,0,-1,0,,0,,0
d0050058=3,21,1,21,1,,宋体,-9,,0,0,0,0,0,1,2,1,1,1,1,0,0,0,0,-1,0,,0,,0
d0050059=3,22,1,22,1,,宋体,-9,,0,0,0,0,0,1,2,1,1,1,1,0,0,0,0,-1,0,,0,,0
d0050060=3,23,1,23,1,,宋体,-9,,0,0,0,0,0,1,2,1,1,1,1,0,0,0,0,-1,0,,0,,0
d0050061=3,24,1,24,1,,宋体,-9,,0,0,0,0,0,1,2,1,1,1,1,0,0,0,0,-1,0,,0,,0
d0050062=3,25,1,25,1,,宋体,-9,,0,0,0,0,0,1,2,1,1,1,1,0,0,0,0,-1,0,,0,,0
d0050063=3,26,1,26,1,,宋体,-9,,0,0,0,0,0,1,2,1,1,1,1,0,0,0,0,-1,0,,0,,0
d0050064=3,27,1,27,1,,宋体,-9,,0,0,0,0,0,1,2,1,1,1,1,0,0,0,0,-1,0,,0,,0
d0050065=3,28,1,28,1,1,宋体,-9,,0,0,0,0,0,2,2,1,1,1,1,0,0,0,0,-1,0,,0,,0
d0050066=5,1,1,23,1,投标人：,宋体,-9,,0,0,0,0,0,1,1,0,0,0,0,0,0,0,0,-1,0,,0,,0
d0050067=5,24,1,27,1,[投标单位],宋体,-9,,0,0,0,0,0,0,1,0,1,0,0,0,0,0,0,-1,0,,0,,0
d0050068=5,1,2,23,2,法定代表人(委托代理人)：,宋体,-9,,0,0,0,0,0,1,1,0,0,0,0,0,0,0,0,-1,0,,0,,0
d0050069=5,24,2,27,2,[投标单位法定代表人],宋体,-9,,0,0,0,0,0,0,1,0,1,0,0,0,0,0,0,-1,0,,0,,0
d0050070=5,1,3,23,3,,宋体,-9,,0,0,0,0,0,1,1,0,0,0,0,0,0,0,0,-1,0,,0,,0
d0050071=5,24,3,27,3,[编制日期],宋体,-9,,0,0,0,0,0,0,1,0,0,0,0,0,0,0,0,-1,0,,0,,0
d0050072=5,1,4,27,4,第[pageno]页 共[pagecount]页,宋体,-9,,0,0,0,0,0,2,2,0,0,0,0,0,0,0,0,-1,0,,0,,0
[PARAMETER]
[报表参数]
enabled=1
desc=报表参数
count=2
1=打印工程名称,L(项目名称),项目名称,标段名称,项目名称+标段名称,合同编号
2=组价方式,L(常规组价),预算价组价,常规组价
[/PARAMETER]
[SOURCE]
type=rptx
level=1
dll=全国02_通用_投标_砼砂浆单价表.dll
[TEMP]
ReWrite=1
[参数设置结果]
打印工程名称=项目名称
组价方式=常规组价
