[DESIGN]
d001=0
d001001=金属结构设备及安装工程审核表,150,150,150,150,2,1.5,-1,宋体,-10,0,0,1,1.5,-1
d003=18
d0030001=bzmlid,60,宋体,-9,,0,0,0,0,16777215,0,2,1,1,1,1,1,0,0,0,-1,0,序号,0
d0030002=node_bh,60,宋体,-9,,0,0,0,0,16777215,2,2,1,1,1,1,0,0,1,0,-1,0,编码,0
d0030003=node_mc,130,宋体,-9,,0,0,0,0,16777215,0,2,1,1,1,1,1,0,0,0,0,0,名称,0
d0030004=node_dw,50,宋体,-9,,0,0,0,0,16777215,2,2,1,1,1,1,0,0,0,0,0,0,单位,0
d0030005=oldgcl,58,宋体,-9,,0,0,0,0,16777215,2,2,1,1,1,1,1,0,0,0,0,0,工程量,0
d0030006=oldsjsbf1,58,宋体,-9,,0,0,0,0,16777215,1,2,1,1,1,1,1,0,0,0,0,0,实际设备费,0
d0030007=oldsjjj1,58,宋体,-9,,0,0,0,0,16777215,1,2,1,1,1,1,1,0,0,0,0,0,实际基价,0
d0030008=oldhjsbf1,58,宋体,-9,,0,0,0,0,16777215,1,2,1,1,1,1,1,0,0,0,0,0,实际设备费合价,0
d0030009=oldhjjj1,58,宋体,-9,,0,0,0,0,16777215,1,2,1,1,1,1,1,0,0,0,0,0,基价合价,0
d0030010=bz,58,宋体,-9,,0,0,0,0,16777215,0,2,1,1,1,1,1,0,1,0,-1,0,备注,0
d0030011=gcl,58,宋体,-9,,0,0,0,0,0,0,0,1,1,1,1,1,0,0,0,-1,0,审核工程量,0
d0030012=sjsbf1,58,宋体,-9,,0,0,0,0,0,0,0,1,1,1,1,1,0,0,0,-1,0,审核实际设备费,0
d0030013=sjjj1,58,宋体,-9,,0,0,0,0,0,0,0,1,1,1,1,1,0,0,0,-1,0,审核实际基价,0
d0030014=hjsbf1,58,宋体,-9,,0,0,0,0,0,0,0,1,1,1,1,1,0,0,0,-1,0,审核实际设备费合价,0
d0030015=hjjj1,58,宋体,-9,,0,0,0,0,0,0,0,1,1,1,1,1,0,0,0,-1,0,审核基价合价,0
d0030016=jcsbf,58,宋体,-9,,0,0,0,0,0,0,0,1,1,1,1,1,0,0,0,-1,0,审增或审减设备费,0
d0030017=jcsjjj,58,宋体,-9,,0,0,0,0,0,0,0,1,1,1,1,1,0,0,0,-1,0,审增或审减安装费,0
d0030018=zjl,50,宋体,-9,,0,0,0,0,0,0,0,1,1,1,1,1,0,0,0,-1,0,增减率,0

d0040001=3
d0040002=3
d0040003=2
d0040004=1
d0040005=2

d005=107
d0050001=1,1,1,18,2,金属结构设备及安装工程审核表,宋体,-18,700,0,0,0,0,0,2,2,0,0,0,0,0,0,0,0,-1,0,,0
d0050002=1,1,3,9,3,[macroGcName],宋体,-9,,0,0,0,0,0,0,2,0,0,0,0,0,0,0,0,-1,0,,0
d0050003=1,10,3,10,3,,宋体,-9,,0,0,0,0,0,2,2,0,0,0,0,0,0,0,0,-1,0,,0
d0050004=1,11,3,11,3,,宋体,-9,,0,0,0,0,0,2,2,0,0,0,0,0,0,0,0,-1,0,,0
d0050005=1,12,3,12,3,,宋体,-9,,0,0,0,0,0,2,2,0,0,0,0,0,0,0,0,-1,0,,0
d0050006=1,13,3,13,3,,宋体,-9,,0,0,0,0,0,2,2,0,0,0,0,0,0,0,0,-1,0,,0
d0050007=1,14,3,14,3,,宋体,-9,,0,0,0,0,0,2,2,0,0,0,0,0,0,0,0,-1,0,,0
d0050008=1,15,3,15,3,,宋体,-9,,0,0,0,0,0,2,2,0,0,0,0,0,0,0,0,-1,0,,0
d0050009=1,16,3,16,3,,宋体,-9,,0,0,0,0,0,2,2,0,0,0,0,0,0,0,0,-1,0,,0
d0050010=1,17,3,17,3,,宋体,-9,,0,0,0,0,0,2,2,0,0,0,0,0,0,0,0,-1,0,,0
d0050011=1,18,3,18,3,,宋体,-9,,0,0,0,0,0,2,2,0,0,0,0,0,0,0,0,-1,0,,0
d0050012=2,1,1,1,3,序号,宋体,-9,,0,0,0,0,0,2,2,1,1,1,1,0,0,0,0,-1,0,,0
d0050013=2,2,1,2,2,编号,宋体,-9,,0,0,0,0,0,2,2,1,1,1,1,0,0,0,0,-1,0,,0
d0050014=2,3,1,3,3,名称及规格,宋体,-9,,0,0,0,0,0,2,2,1,1,1,1,0,0,0,0,-1,0,,0
d0050015=2,4,1,4,3,单位,宋体,-9,,0,0,0,0,0,2,2,1,1,1,1,0,0,0,0,-1,0,,0
d0050016=2,5,1,9,1,报送,宋体,-9,,0,0,0,0,0,2,2,1,1,1,1,0,0,0,0,-1,0,,0
d0050017=2,10,1,10,2,备注,宋体,-9,,0,0,0,0,0,2,2,1,1,1,1,0,0,0,0,-1,0,,0
d0050018=2,11,1,15,1,审核,宋体,-9,,0,0,0,0,0,2,2,1,1,1,1,0,0,0,0,-1,0,,0
d0050019=2,16,1,17,2,审增（+）或审减（-）金额,宋体,-9,,0,0,0,0,0,2,2,1,1,1,1,0,0,0,0,-1,0,,0
d0050020=2,18,1,18,3,增减率,宋体,-9,,0,0,0,0,0,2,2,1,1,1,1,0,0,0,0,-1,0,,0
d0050021=2,5,2,5,3,数量,宋体,-9,,0,0,0,0,0,2,2,1,1,1,1,0,0,0,0,-1,0,,0
d0050022=2,6,2,7,2,单价（[micro_dj_wy]）,宋体,-9,,0,0,0,0,0,2,2,1,1,1,1,0,0,0,0,-1,0,,0
d0050023=2,8,2,9,2,合计（[micro_hj_wy]）,宋体,-9,,0,0,0,0,0,2,2,1,1,1,1,0,0,0,0,-1,0,,0
d0050024=2,11,2,11,3,数量,宋体,-9,,0,0,0,0,0,2,2,1,1,1,1,0,0,0,0,-1,0,,0
d0050025=2,12,2,13,2,单价（[micro_dj_wy]）,宋体,-9,,0,0,0,0,0,2,2,1,1,1,1,0,0,0,0,-1,0,,0
d0050026=2,14,2,15,2,合计（[micro_hj_wy]）,宋体,-9,,0,0,0,0,0,2,2,1,1,1,1,0,0,0,0,-1,0,,0
d0050027=2,2,3,2,3,,宋体,-9,,0,0,0,0,0,2,2,0,0,0,0,0,0,0,0,-1,0,,0
d0050028=2,6,3,6,3,设备费,宋体,-9,,0,0,0,0,0,2,2,1,1,1,1,0,0,0,0,-1,0,,0
d0050029=2,7,3,7,3,安装费,宋体,-9,,0,0,0,0,0,2,2,1,1,1,1,0,0,0,0,-1,0,,0
d0050030=2,8,3,8,3,设备费,宋体,-9,,0,0,0,0,0,2,2,1,1,1,1,0,0,0,0,-1,0,,0
d0050031=2,9,3,9,3,安装费,宋体,-9,,0,0,0,0,0,2,2,1,1,1,1,0,0,0,0,-1,0,,0
d0050032=2,10,3,10,3,,宋体,-9,,0,0,0,0,0,2,2,0,0,0,0,0,0,0,0,-1,0,,0
d0050033=2,12,3,12,3,设备费,宋体,-9,,0,0,0,0,0,2,2,1,1,1,1,0,0,0,0,-1,0,,0
d0050034=2,13,3,13,3,安装费,宋体,-9,,0,0,0,0,0,2,2,1,1,1,1,0,0,0,0,-1,0,,0
d0050035=2,14,3,14,3,设备费,宋体,-9,,0,0,0,0,0,2,2,1,1,1,1,0,0,0,0,-1,0,,0
d0050036=2,15,3,15,3,安装费,宋体,-9,,0,0,0,0,0,2,2,1,1,1,1,0,0,0,0,-1,0,,0
d0050037=2,16,3,16,3,设备费,宋体,-9,,0,0,0,0,0,2,2,1,1,1,1,0,0,0,0,-1,0,,0
d0050038=2,17,3,17,3,安装费,宋体,-9,,0,0,0,0,0,2,2,1,1,1,1,0,0,0,0,-1,0,,0
d0050039=3,1,1,1,1,,宋体,-9,,0,0,0,0,0,0,2,1,1,1,1,0,0,0,0,-1,0,,0
d0050040=3,2,1,2,1,,宋体,-9,,0,0,0,0,0,0,2,1,1,1,1,0,0,0,0,-1,0,,0
d0050041=3,3,1,3,1,,宋体,-9,,0,0,0,0,0,0,2,1,1,1,1,0,0,0,0,-1,0,,0
d0050042=3,4,1,4,1,,宋体,-9,,0,0,0,0,0,2,2,1,1,1,1,0,0,0,0,-1,0,,0
d0050043=3,5,1,5,1,,宋体,-9,,0,0,0,0,0,2,2,1,1,1,1,0,0,0,0,-1,0,,0
d0050044=3,6,1,6,1,,宋体,-9,,0,0,0,0,0,1,2,1,1,1,1,0,0,0,0,-1,0,,0
d0050045=3,7,1,7,1,,宋体,-9,,0,0,0,0,0,1,2,1,1,1,1,0,0,0,0,-1,0,,0
d0050046=3,8,1,8,1,,宋体,-9,,0,0,0,0,0,1,2,1,1,1,1,0,0,0,0,-1,0,,0
d0050047=3,9,1,9,1,,宋体,-9,,0,0,0,0,0,1,2,1,1,1,1,0,0,0,0,-1,0,,0
d0050048=3,10,1,10,1,,宋体,-9,,0,0,0,0,0,1,2,1,1,1,1,0,0,0,0,-1,0,,0
d0050049=3,11,1,11,1,,宋体,-9,,0,0,0,0,0,2,2,1,1,1,1,0,0,0,0,-1,0,,0
d0050050=3,12,1,12,1,,宋体,-9,,0,0,0,0,0,1,2,1,1,1,1,0,0,0,0,-1,0,,0
d0050051=3,13,1,13,1,,宋体,-9,,0,0,0,0,0,1,2,1,1,1,1,0,0,0,0,-1,0,,0
d0050052=3,14,1,14,1,,宋体,-9,,0,0,0,0,0,1,2,1,1,1,1,0,0,0,0,-1,0,,0
d0050053=3,15,1,15,1,,宋体,-9,,0,0,0,0,0,1,2,1,1,1,1,0,0,0,0,-1,0,,0
d0050054=3,16,1,16,1,,宋体,-9,,0,0,0,0,0,1,2,1,1,1,1,0,0,0,0,-1,0,,0
d0050055=3,17,1,17,1,,宋体,-9,,0,0,0,0,0,1,2,1,1,1,1,0,0,0,0,-1,0,,0
d0050056=3,18,1,18,1,,宋体,-9,,0,0,0,0,0,1,2,1,1,1,1,0,0,0,0,-1,0,,0
d0050057=3,19,1,19,1,1,宋体,-9,,0,0,0,0,0,2,2,0,0,0,0,0,0,0,0,-1,0,,0
d0050058=3,1,2,7,2,,宋体,-9,,0,0,0,0,0,2,2,1,1,1,1,0,0,0,0,-1,0,,0
d0050059=3,8,2,8,2,,宋体,-9,,0,0,0,0,0,1,2,1,1,1,1,0,0,0,0,-1,0,,0
d0050060=3,9,2,9,2,,宋体,-9,,0,0,0,0,0,1,2,1,1,1,1,0,0,0,0,-1,0,,0
d0050061=3,10,2,10,2,,宋体,-9,,0,0,0,0,0,2,2,1,1,1,1,0,0,0,0,-1,0,,0
d0050062=3,11,2,11,2,-,宋体,-9,,0,0,0,0,0,2,2,1,1,1,1,0,0,0,0,-1,0,,0
d0050063=3,12,2,12,2,-,宋体,-9,,0,0,0,0,0,2,2,1,1,1,1,0,0,0,0,-1,0,,0
d0050064=3,13,2,13,2,-,宋体,-9,,0,0,0,0,0,2,2,1,1,1,1,0,0,0,0,-1,0,,0
d0050065=3,14,2,14,2,,宋体,-9,,0,0,0,0,0,1,2,1,1,1,1,0,0,0,0,-1,0,,0
d0050066=3,15,2,15,2,,宋体,-9,,0,0,0,0,0,1,2,1,1,1,1,0,0,0,0,-1,0,,0
d0050067=3,16,2,16,2,,宋体,-9,,0,0,0,0,0,1,2,1,1,1,1,0,0,0,0,-1,0,,0
d0050068=3,17,2,17,2,,宋体,-9,,0,0,0,0,0,1,2,1,1,1,1,0,0,0,0,-1,0,,0
d0050069=3,18,2,18,2,,宋体,-9,,0,0,0,0,0,2,2,1,1,1,1,0,0,0,0,-1,0,,0
d0050070=3,19,2,19,2,1003,宋体,-9,,0,0,0,0,0,2,2,0,0,0,0,0,0,0,0,-1,0,,0
d0050071=4,1,1,7,1,本页小计,宋体,-9,,0,0,0,0,0,2,2,1,1,1,1,0,0,0,0,-1,0,,0
d0050072=4,8,1,8,1,$fun:sum:oldhjsbf1$,宋体,-9,,0,0,0,0,0,1,2,1,1,1,1,0,0,0,0,-1,0,,0
d0050073=4,9,1,9,1,$fun:sum:oldhjjj1$,宋体,-9,,0,0,0,0,0,1,2,1,1,1,1,0,0,0,0,-1,0,,0
d0050074=4,10,1,10,1,,宋体,-9,,0,0,0,0,0,2,2,0,0,0,0,0,0,0,0,-1,0,,0
d0050075=4,11,1,11,1,-,宋体,-9,,0,0,0,0,0,2,2,1,1,1,1,0,0,0,0,-1,0,,0
d0050076=4,12,1,12,1,-,宋体,-9,,0,0,0,0,0,2,2,1,1,1,1,0,0,0,0,-1,0,,0
d0050077=4,13,1,13,1,-,宋体,-9,,0,0,0,0,0,2,2,1,1,1,1,0,0,0,0,-1,0,,0
d0050078=4,14,1,14,1,$fun:sum:hjsbf1$,宋体,-9,,0,0,0,0,0,1,2,1,1,1,1,0,0,0,0,-1,0,,0
d0050079=4,15,1,15,1,$fun:sum:hjjj1$,宋体,-9,,0,0,0,0,0,1,2,1,1,1,1,0,0,0,0,-1,0,,0
d0050080=4,16,1,16,1,$fun:sum:jcsbf$,宋体,-9,,0,0,0,0,0,1,2,1,1,1,1,0,0,0,0,-1,0,,0
d0050081=4,17,1,17,1,$fun:sum:jcsjjj$,宋体,-9,,0,0,0,0,0,1,2,1,1,1,1,0,0,0,0,-1,0,,0
d0050082=4,18,1,18,1,-,宋体,-9,,0,0,0,0,0,2,2,1,1,1,1,0,0,0,0,-1,0,,0
d0050083=5,1,1,3,1,主审专家(签字)：[审核人],宋体,-9,,0,0,0,0,0,0,2,0,0,0,0,0,0,0,0,-1,0,,0
d0050084=5,4,1,4,1,,宋体,-9,,0,0,0,0,0,2,2,0,0,0,0,0,0,0,0,-1,0,,0
d0050085=5,5,1,5,1,,宋体,-9,,0,0,0,0,0,2,2,0,0,0,0,0,0,0,0,-1,0,,0
d0050086=5,6,1,6,1,,宋体,-9,,0,0,0,0,0,2,2,0,0,0,0,0,0,0,0,-1,0,,0
d0050087=5,7,1,7,1,,宋体,-9,,0,0,0,0,0,2,2,0,0,0,0,0,0,0,0,-1,0,,0
d0050088=5,8,1,8,1,,宋体,-9,,0,0,0,0,0,2,2,0,0,0,0,0,0,0,0,-1,0,,0
d0050089=5,9,1,9,1,,宋体,-9,,0,0,0,0,0,2,2,0,0,0,0,0,0,0,0,-1,0,,0
d0050090=5,10,1,10,1,,宋体,-9,,0,0,0,0,0,2,2,0,0,0,0,0,0,0,0,-1,0,,0
d0050091=5,11,1,11,1,,宋体,-9,,0,0,0,0,0,2,2,0,0,0,0,0,0,0,0,-1,0,,0
d0050092=5,12,1,12,1,,宋体,-9,,0,0,0,0,0,2,2,0,0,0,0,0,0,0,0,-1,0,,0
d0050093=5,13,1,13,1,,宋体,-9,,0,0,0,0,0,2,2,0,0,0,0,0,0,0,0,-1,0,,0
d0050094=5,14,1,14,1,,宋体,-9,,0,0,0,0,0,2,2,0,0,0,0,0,0,0,0,-1,0,,0
d0050095=5,15,1,15,1,,宋体,-9,,0,0,0,0,0,2,2,0,0,0,0,0,0,0,0,-1,0,,0
d0050096=5,16,1,16,1,,宋体,-9,,0,0,0,0,0,2,2,0,0,0,0,0,0,0,0,-1,0,,0
d0050097=5,17,1,17,1,,宋体,-9,,0,0,0,0,0,2,2,0,0,0,0,0,0,0,0,-1,0,,0
d0050098=5,18,1,18,1,,宋体,-9,,0,0,0,0,0,2,2,0,0,0,0,0,0,0,0,-1,0,,0
d0050099=5,1,2,10,2,第[pageno]页 共[pagecount]页,宋体,-11,,0,0,0,0,0,2,2,0,0,0,0,0,0,0,0,-1,0,,0
d0050100=5,11,2,11,2,,宋体,-9,,0,0,0,0,0,2,2,0,0,0,0,0,0,0,0,-1,0,,0
d0050101=5,12,2,12,2,,宋体,-9,,0,0,0,0,0,2,2,0,0,0,0,0,0,0,0,-1,0,,0
d0050102=5,13,2,13,2,,宋体,-9,,0,0,0,0,0,2,2,0,0,0,0,0,0,0,0,-1,0,,0
d0050103=5,14,2,14,2,,宋体,-9,,0,0,0,0,0,2,2,0,0,0,0,0,0,0,0,-1,0,,0
d0050104=5,15,2,15,2,,宋体,-9,,0,0,0,0,0,2,2,0,0,0,0,0,0,0,0,-1,0,,0
d0050105=5,16,2,16,2,,宋体,-9,,0,0,0,0,0,2,2,0,0,0,0,0,0,0,0,-1,0,,0
d0050106=5,17,2,17,2,,宋体,-9,,0,0,0,0,0,2,2,0,0,0,0,0,0,0,0,-1,0,,0
d0050107=5,18,2,18,2,,宋体,-9,,0,0,0,0,0,2,2,0,0,0,0,0,0,0,0,-1,0,,0
[PARAMETER]
[报表参数]
desc=报表参数
enabled=1
count=8
1=合价万元,R(False)
2=单价万元,R(False)
3=项目打印级数,L(一级项目),一级项目,二级项目,三级项目,四级项目,五级项目,打印到清单
4=打印合价为空的项目,R(true)
5=序号前缀,L(C),A,B,C,D,无
6=打印总计,R(false)
7=打印工程名称,L(项目名称),项目名称,标段名称,项目名称+标段名称,合同编号,不打印项目名称
8=打印套用单价序号,R(false)
[/PARAMETER]
[SOURCE]
dll=全国02_通用_机电设备及安装工程预算表.dll
level=0
[参数设置结果]
项目打印级数=打印到清单
打印合价为空的项目=True
序号前缀=C
打印总计=True
打印工程名称=项目名称
NodeType=2003
打印套用单价序号=False
[TEMP]
ReWrite=1
