[DESIGN]
d001=0
d001001=工程单价计算表,150,150,150,150,1,1.5,-1,宋体,-10,0,0,1,1.5,-1
d003=10
d0030001=mark,70,宋体,-9,,0,0,0,0,16777215,1,2,1,1,1,1,0,0,0,0,-1,0,序号,0,,0
d0030002=displayName,200,宋体,-9,,0,0,0,0,16777215,1,2,1,1,1,1,1,0,0,0,-1,0,材料名称,0,,0
d0030003=model,150,宋体,-9,,0,0,0,0,16777215,1,2,1,1,1,1,1,0,0,0,-1,0,型号规格,0,,0
d0030004=unit,80,宋体,-9,,0,0,0,0,16777215,1,2,1,1,1,1,0,0,0,0,-1,0,计量单位,0,,0
d0030005=amount,80,宋体,-9,,0,0,0,0,16777215,1,2,1,1,1,1,0,0,0,1,-1,0,数量,0,,0
d0030006=unitprice,80,宋体,-9,,0,0,0,0,16777215,1,2,1,1,1,1,0,0,0,1,-1,0,单价,0,,0
d0030007=sumprice,80,宋体,-9,,0,0,0,0,16777215,1,2,1,1,1,1,0,0,0,1,-1,0,合价,0,,0
d0030008=unitpricetype,60,宋体,-9,,0,0,0,0,0,0,0,1,1,1,1,0,0,1,0,-1,0,单价类型,0,,0
d0030009=expensetype,60,宋体,-9,,0,0,0,0,0,0,0,1,1,1,1,0,0,1,0,-1,0,取费类型,0,,0
d0030010=bz,100,宋体,-9,,0,0,0,0,16777215,0,2,1,1,1,1,0,0,1,0,-1,0,备注,0,,0

d0040001=8
d0040002=2
d0040003=5
d0040004=0
d0040005=3
d00400010006=0
d00400050001=0
d00400050002=0
d00400050003=0

d005=87
d0050001=1,1,1,10,3,工程单价计算表,宋体,-18,700,0,0,0,0,0,2,2,0,0,0,0,0,0,0,0,-1,0,,0,,0
d0050002=1,1,4,10,4,<U>[项目名称]</U> 工程,宋体,-9,,0,0,0,0,0,2,1,0,0,0,0,0,0,0,0,-1,0,,0,,0
d0050003=1,1,5,4,5,单价编号：[项目编号],宋体,-9,,0,0,0,0,0,0,2,0,0,0,0,0,0,0,0,-1,0,,0,,0
d0050004=1,5,5,10,5,定额单位：[定额单位],宋体,-9,,0,0,0,0,0,1,2,0,0,0,0,0,0,0,0,-1,0,,0,,0
d0050005=1,1,6,1,6,定额组成：,宋体,-9,,0,0,0,0,0,2,2,1,1,1,1,0,0,0,0,-1,0,,0,,0
d0050006=1,2,6,10,6,[定额组成],宋体,-9,,0,0,0,0,0,0,2,1,1,1,1,0,0,0,0,-1,0,,0,,0
d0050007=1,1,7,7,8,施工方法：[工作内容],宋体,-9,,0,0,0,0,0,0,0,1,1,1,1,0,0,0,0,-1,0,,0,,0
d0050008=1,8,7,8,7,,宋体,-9,,0,0,0,0,0,2,2,0,0,0,0,0,0,0,0,-1,0,,0,,0
d0050009=1,9,7,9,7,,宋体,-9,,0,0,0,0,0,2,2,0,0,0,0,0,0,0,0,-1,0,,0,,0
d0050010=1,10,7,10,7,,宋体,-9,,0,0,0,0,0,2,2,0,0,0,0,0,0,0,0,-1,0,,0,,0
d0050011=1,8,8,8,8,,宋体,-9,,0,0,0,0,0,2,2,0,0,0,0,0,0,0,0,-1,0,,0,,0
d0050012=1,9,8,9,8,,宋体,-9,,0,0,0,0,0,2,2,0,0,0,0,0,0,0,0,-1,0,,0,,0
d0050013=1,10,8,10,8,,宋体,-9,,0,0,0,0,0,2,2,0,0,0,0,0,0,0,0,-1,0,,0,,0
d0050014=2,1,1,1,2,序号,宋体,-9,,0,0,0,0,0,2,2,1,1,1,1,0,0,0,0,-1,0,,0,,0
d0050015=2,2,1,2,2,名        称,宋体,-9,,0,0,0,0,0,2,2,1,1,1,1,0,0,0,0,-1,0,,0,,0
d0050016=2,3,1,3,2,型号规格,宋体,-9,,0,0,0,0,0,2,2,1,1,1,1,0,0,0,0,-1,0,,0,,0
d0050017=2,4,1,4,2,计量单位,宋体,-9,,0,0,0,0,0,2,2,1,1,1,1,0,0,0,0,-1,0,,0,,0
d0050018=2,5,1,5,2,数  量,宋体,-9,,0,0,0,0,0,2,2,1,1,1,1,0,0,0,0,-1,0,,0,,0
d0050019=2,6,1,6,2,单   价char(13)char(10)（元）,宋体,-9,,0,0,0,0,0,2,2,1,1,1,1,0,0,0,0,-1,0,,0,,0
d0050020=2,7,1,7,2,合   计char(13)char(10)（元）,宋体,-9,,0,0,0,0,0,2,2,1,1,1,1,0,0,0,0,-1,0,,0,,0
d0050021=2,8,1,8,1,,宋体,-9,,0,0,0,0,0,2,2,0,0,0,0,0,0,0,0,-1,0,,0,,0
d0050022=2,9,1,9,1,,宋体,-9,,0,0,0,0,0,2,2,0,0,0,0,0,0,0,0,-1,0,,0,,0
d0050023=2,10,1,10,1,,宋体,-9,,0,0,0,0,0,2,2,0,0,0,0,0,0,0,0,-1,0,,0,,0
d0050024=2,8,2,8,2,,宋体,-9,,0,0,0,0,0,2,2,0,0,0,0,0,0,0,0,-1,0,,0,,0
d0050025=2,9,2,9,2,,宋体,-9,,0,0,0,0,0,2,2,0,0,0,0,0,0,0,0,-1,0,,0,,0
d0050026=2,10,2,10,2,,宋体,-9,,0,0,0,0,0,2,2,0,0,0,0,0,0,0,0,-1,0,,0,,0
d0050027=3,1,1,1,1,,宋体,-9,,0,0,0,0,0,2,2,1,1,1,1,0,0,0,0,-1,0,,0,,0
d0050028=3,2,1,2,1,,宋体,-9,,0,0,0,0,0,0,2,1,1,1,1,0,0,0,0,-1,0,,0,,0
d0050029=3,3,1,3,1,,宋体,-9,,0,0,0,0,0,0,2,1,1,1,1,0,0,0,0,-1,0,,0,,0
d0050030=3,4,1,4,1,,宋体,-9,,0,0,0,0,0,2,2,1,1,1,1,0,0,0,0,-1,0,,0,,0
d0050031=3,5,1,5,1,,宋体,-9,,0,0,0,0,0,1,2,1,1,1,1,0,0,0,0,-1,0,,0,,0
d0050032=3,6,1,6,1,,宋体,-9,,0,0,0,0,0,1,2,1,1,1,1,0,0,0,0,-1,0,,0,,0
d0050033=3,7,1,7,1,,宋体,-9,,0,0,0,0,0,1,2,1,1,1,1,0,0,0,0,-1,0,,0,,0
d0050034=3,8,1,8,1,,宋体,-9,,0,0,0,0,0,2,2,0,0,0,0,0,0,0,0,-1,0,,0,,0
d0050035=3,9,1,9,1,,宋体,-9,,0,0,0,0,0,2,2,0,0,0,0,0,0,0,0,-1,0,,0,,0
d0050036=3,10,1,10,1,,宋体,-9,,0,0,0,0,0,2,2,1,1,1,1,0,0,0,0,-1,0,,0,,0
d0050037=3,11,1,11,1,1,宋体,-9,,0,0,0,0,0,2,2,0,0,0,0,0,0,0,0,-1,0,,0,,0
d0050038=3,1,2,1,2,,宋体,-9,,0,0,0,0,0,2,2,1,1,1,1,0,0,0,0,-1,0,,0,,0
d0050039=3,2,2,2,2,,宋体,-9,,0,0,0,0,0,0,2,1,1,1,1,0,0,0,0,-1,0,,0,,0
d0050040=3,3,2,3,2,,宋体,-9,,0,0,0,0,0,0,2,1,1,1,1,0,0,0,0,-1,0,,0,,0
d0050041=3,4,2,4,2,,宋体,-9,,0,0,0,0,0,2,2,1,1,1,1,0,0,0,0,-1,0,,0,,0
d0050042=3,5,2,5,2,,宋体,-9,,0,0,0,0,0,1,2,1,1,1,1,0,0,0,0,-1,0,,0,,0
d0050043=3,6,2,6,2,,宋体,-9,,0,0,0,0,0,1,2,1,1,1,1,0,0,0,0,-1,0,,0,,0
d0050044=3,7,2,7,2,,宋体,-9,,0,0,0,0,0,1,2,1,1,1,1,0,0,0,0,-1,0,,0,,0
d0050045=3,8,2,8,2,,宋体,-9,,0,0,0,0,0,2,2,0,0,0,0,0,0,0,0,-1,0,,0,,0
d0050046=3,9,2,9,2,,宋体,-9,,0,0,0,0,0,2,2,0,0,0,0,0,0,0,0,-1,0,,0,,0
d0050047=3,10,2,10,2,,宋体,-9,,0,0,0,0,0,2,2,1,1,1,1,0,0,0,0,-1,0,,0,,0
d0050048=3,11,2,11,2,2,宋体,-9,,0,0,0,0,0,2,2,0,0,0,0,0,0,0,0,-1,0,,0,,0
d0050049=3,1,3,1,3,,宋体,-9,,0,0,0,0,0,2,2,1,1,1,1,0,0,0,0,-1,0,,0,,0
d0050050=3,2,3,2,3,,宋体,-9,,0,0,0,0,0,0,2,1,1,1,1,0,0,0,0,-1,0,,0,,0
d0050051=3,3,3,3,3,,宋体,-9,,0,0,0,0,0,0,2,1,1,1,1,0,0,0,0,-1,0,,0,,0
d0050052=3,4,3,4,3,,宋体,-9,,0,0,0,0,0,2,2,1,1,1,1,0,0,0,0,-1,0,,0,,0
d0050053=3,5,3,6,3,,宋体,-9,,0,0,0,0,0,0,2,1,1,1,1,0,0,0,0,-1,0,,0,,0
d0050054=3,7,3,7,3,,宋体,-9,,0,0,0,0,0,1,2,1,1,1,1,0,0,0,0,-1,0,,0,,0
d0050055=3,8,3,8,3,,宋体,-9,,0,0,0,0,0,2,2,0,0,0,0,0,0,0,0,-1,0,,0,,0
d0050056=3,9,3,9,3,,宋体,-9,,0,0,0,0,0,2,2,0,0,0,0,0,0,0,0,-1,0,,0,,0
d0050057=3,10,3,10,3,,宋体,-9,,0,0,0,0,0,2,2,0,0,0,0,0,0,0,0,-1,0,,0,,0
d0050058=3,11,3,11,3,3,宋体,-9,,0,0,0,0,0,2,2,0,0,0,0,0,0,0,0,-1,0,,0,,0
d0050059=3,1,4,1,4,,宋体,-9,,0,0,0,0,0,2,2,1,1,1,1,0,0,0,0,-1,0,,0,,0
d0050060=3,2,4,2,4,,宋体,-9,,0,0,0,0,0,0,2,1,1,1,1,0,0,0,0,-1,0,,0,,0
d0050061=3,3,4,3,4,,宋体,-9,,0,0,0,0,0,2,2,1,1,1,1,0,0,0,0,-1,0,,0,,0
d0050062=3,4,4,4,4,,宋体,-9,,0,0,0,0,0,2,2,1,1,1,1,0,0,0,0,-1,0,,0,,0
d0050063=3,5,4,5,4,,宋体,-9,,0,0,0,0,0,1,2,1,1,1,1,0,0,0,0,-1,0,,0,,0
d0050064=3,6,4,6,4,,宋体,-9,,0,0,0,0,0,1,2,1,1,1,1,0,0,0,0,-1,0,,0,,0
d0050065=3,7,4,7,4,,宋体,-9,,0,0,0,0,0,1,2,1,1,1,1,0,0,0,0,-1,0,,0,,0
d0050066=3,8,4,8,4,,宋体,-9,,0,0,0,0,0,2,2,0,0,0,0,0,0,0,0,-1,0,,0,,0
d0050067=3,9,4,9,4,,宋体,-9,,0,0,0,0,0,2,2,0,0,0,0,0,0,0,0,-1,0,,0,,0
d0050068=3,10,4,10,4,,宋体,-9,,0,0,0,0,0,2,2,0,0,0,0,0,0,0,0,-1,0,,0,,0
d0050069=3,11,4,11,4,1003,宋体,-9,,0,0,0,0,0,2,2,0,0,0,0,0,0,0,0,-1,0,,0,,0
d0050070=3,1,5,7,5,,宋体,-9,,0,0,0,0,0,2,2,1,1,1,1,0,0,0,0,-1,0,,0,,0
d0050071=3,8,5,8,5,,宋体,-9,,0,0,0,0,0,2,2,0,0,0,0,0,0,0,0,-1,0,,0,,0
d0050072=3,9,5,9,5,,宋体,-9,,0,0,0,0,0,2,2,0,0,0,0,0,0,0,0,-1,0,,0,,0
d0050073=3,10,5,10,5,,宋体,-9,,0,0,0,0,0,2,2,0,0,0,0,0,0,0,0,-1,0,,0,,0
d0050074=3,11,5,11,5,1004,宋体,-9,,0,0,0,0,0,2,2,0,0,0,0,0,0,0,0,-1,0,,0,,0
d0050075=5,1,1,1,1,,宋体,-9,,0,0,0,0,0,2,2,0,0,0,0,0,0,0,0,-1,0,,0,,0
d0050076=5,2,1,2,1,,宋体,-9,,0,0,0,0,0,2,2,0,0,0,0,0,0,0,0,-1,0,,0,,0
d0050077=5,3,1,5,2,法  定  代  表  人   （或委托代理人）：,宋体,-9,,0,0,0,0,0,1,1,0,0,0,0,0,0,0,0,-1,0,,0,,0
d0050078=5,6,1,7,2,[投标单位法定代表人]    （签字）,宋体,-9,,0,0,0,0,0,1,1,0,0,0,0,0,0,0,0,-1,0,,0,,0
d0050079=5,8,1,8,1,,宋体,-9,,0,0,0,0,0,2,2,0,0,0,0,0,0,0,0,-1,0,,0,,0
d0050080=5,9,1,9,1,,宋体,-9,,0,0,0,0,0,2,2,0,0,0,0,0,0,0,0,-1,0,,0,,0
d0050081=5,10,1,10,1,,宋体,-9,,0,0,0,0,0,2,2,0,0,0,0,0,0,0,0,-1,0,,0,,0
d0050082=5,1,2,1,2,,宋体,-9,,0,0,0,0,0,2,2,0,0,0,0,0,0,0,0,-1,0,,0,,0
d0050083=5,2,2,2,2,,宋体,-9,,0,0,0,0,0,2,2,0,0,0,0,0,0,0,0,-1,0,,0,,0
d0050084=5,8,2,8,2,,宋体,-9,,0,0,0,0,0,2,2,0,0,0,0,0,0,0,0,-1,0,,0,,0
d0050085=5,9,2,9,2,,宋体,-9,,0,0,0,0,0,2,2,0,0,0,0,0,0,0,0,-1,0,,0,,0
d0050086=5,10,2,10,2,,宋体,-9,,0,0,0,0,0,2,2,0,0,0,0,0,0,0,0,-1,0,,0,,0
d0050087=5,1,3,10,3,第[pageno]页 共[pagecount]页,宋体,-9,,0,0,0,0,0,2,2,0,0,0,0,0,0,0,0,-1,0,,0,,0
[PARAMETER]
[报表参数]
desc=报表参数
enabled=1
count=20
1=项目编号组成样式,L(全部打印),全部打印,只打印一个
2=项目编码,L(清单序号),清单序号,清单编码
3=编号形式,L(中文层次),中文层次,数字层次(1.1.1),数字层次(1-1-1),自编代号
4=材料编号样式,L((...)),形同上级编号,留空,(...)
5=百分比材料,L(显示计算程序),显示计算程序,留空,分列
6=合并共享清单,R(True)
7=只打印主要清单,R(False)
8=打印套用单加序号,R(True)
9=打印名称层次,R(True)
10=打印计算基数,R(True)
11=打印费用单位,L(留空),留空,%,元
12=打印合计到页末,R(True)
13=打印费用表单价,L(不打印),不打印,打印,打印到页末
14=打印未计价装置性材料费明细,R(True)
15=打印其他直接费明细,R(True)
16=打印价差明细,R(True)
17=打印混凝土台班子耗量,R(True)
18=合并相同清单,R(True)
19=单方单价分析,R(True)
20=隐藏换算信息,R(False)
[/PARAMETER]
[参数设置结果]
项目编号分隔符=;
项目编码=清单序号
编号形式=数字层次(1.1.1)
材料编号样式=形同上级编号
百分比材料=分列
合并共享清单=False
只打印主要清单=False
打印套用单加序号=False
打印名称层次=True
打印计算基数=True
打印费用单位=留空
打印合计到页末=True
打印费用表单价=不打印
打印未计价装置性材料费明细=True
打印其他直接费明细=False
打印价差明细=True
打印混凝土台班子耗量=False
合并相同清单=True
项目编号组成样式=全部打印
单方单价分析=False
隐藏换算信息=True
[SOURCE]
dll=全国02_通用_投标_工程量清单单价分析表.dll
level=1
[/SOURCE]
