[DESIGN]
d001=0
d001001=公路运杂费计算表,150,150,200,200,1,1.5,-1,宋体,-10,0,0,1,1.5,-1
d003=10
d0030001=序号,32,宋体,-9,,0,0,0,0,16777215,1,2,1,1,1,1,0,0,0,1,-1,0,序号,0,
d0030002=运输项目,60,宋体,-9,,0,0,0,0,16777215,1,2,1,1,1,1,0,0,0,1,-1,0,运输项目,0,
d0030003=来源地,59,宋体,-9,,0,0,0,0,16777215,1,2,1,1,1,1,0,0,0,1,-1,0,来源地,0,
d0030004=来源地占百分比,59,宋体,-9,,0,0,0,0,16777215,1,2,1,1,1,1,0,0,0,1,-1,0,来源地占百分比,0,
d0030005=运输起讫地点,82,宋体,-9,,0,0,0,0,16777215,1,2,1,1,1,1,0,0,0,1,-1,0,运输起讫地点,0,
d0030006=道路类别,73,宋体,-9,,0,0,0,0,16777215,0,2,1,1,1,1,0,0,0,1,-1,0,道路类别,0,
d0030007=运距,57,宋体,-9,,0,0,0,0,16777215,1,2,1,1,1,1,0,0,0,1,-1,0,运距,0,
d0030008=计算公式,81,宋体,-9,,0,0,0,0,16777215,1,2,1,1,1,1,1,0,0,1,-1,0,计算公式,0,
d0030009=运杂费明细,66,宋体,-9,,0,0,0,0,16777215,1,2,1,1,1,1,0,0,0,1,-1,0,运杂费明细,0,
d0030010=运杂费,58,宋体,-9,,0,0,0,0,16777215,1,2,1,1,1,1,0,0,0,1,-1,0,运杂费,0,

d0040001=3
d0040002=1
d0040003=6
d0040004=0
d0040005=1
d00400010003=0
d00400050001=0

d005=70
d0050001=1,1,1,10,2,公路运杂费计算表,宋体,-18,700,0,0,0,0,0,2,2,0,0,0,0,0,0,0,0,-1,0,,0,A1
d0050002=1,1,3,8,3,[macroGcName],宋体,-9,,0,0,0,0,0,0,2,0,0,0,0,0,0,0,0,-1,0,,0,A3
d0050003=1,9,3,9,3,,宋体,-9,,0,0,0,0,0,2,2,0,0,0,0,0,0,0,0,-1,0,,0,I3
d0050004=1,10,3,10,3,,宋体,-9,,0,0,0,0,0,2,2,0,0,0,0,0,0,0,0,-1,0,,0,J3
d0050005=2,1,1,1,1,序号,宋体,-9,,0,0,0,0,0,2,2,1,1,1,1,0,0,0,0,-1,0,,0,A4
d0050006=2,2,1,2,1,运输项目,宋体,-9,,0,0,0,0,0,2,2,1,1,1,1,0,0,0,0,-1,0,,0,B4
d0050007=2,3,1,3,1,来源地,宋体,-9,,0,0,0,0,0,2,2,1,1,1,1,0,0,0,0,-1,0,,0,C4
d0050008=2,4,1,4,1,来源地占百分比,宋体,-9,,0,0,0,0,0,2,2,1,1,1,1,0,0,0,0,-1,0,,0,D4
d0050009=2,5,1,5,1,运输起讫地点,宋体,-9,,0,0,0,0,0,2,2,1,1,1,1,0,0,0,0,-1,0,,0,E4
d0050010=2,6,1,6,1,道路类别,宋体,-9,,0,0,0,0,0,2,2,1,1,1,1,0,0,0,0,-1,0,,0,F4
d0050011=2,7,1,7,1,运距（KM）,宋体,-9,,0,0,0,0,0,2,2,1,1,1,1,0,0,0,0,-1,0,,0,G4
d0050012=2,8,1,8,1,计算公式,宋体,-9,,0,0,0,0,0,2,2,1,1,1,1,0,0,0,0,-1,0,,0,H4
d0050013=2,9,1,9,1,每吨运费（元/吨）,宋体,-9,,0,0,0,0,0,2,2,1,1,1,1,0,0,0,0,-1,0,,0,I4
d0050014=2,10,1,10,1,运杂费（元/相应单位）,宋体,-9,,0,0,0,0,0,2,2,1,1,1,1,0,0,0,0,-1,0,,0,J4
d0050015=3,1,1,1,5,,宋体,-9,,0,0,0,0,0,2,2,1,1,1,1,0,0,0,0,-1,0,,0,A5
d0050016=3,2,1,2,5,,宋体,-9,,0,0,0,0,0,0,2,1,1,1,1,0,0,0,0,-1,0,,0,B5
d0050017=3,3,1,3,2,,宋体,-9,,0,0,0,0,0,0,2,1,1,1,1,0,0,0,0,-1,0,,0,C5
d0050018=3,4,1,4,2,,宋体,-9,,0,0,0,0,0,0,2,1,1,1,1,0,0,0,0,-1,0,,0,D5
d0050019=3,5,1,5,1,,宋体,-9,,0,0,0,0,0,0,2,1,1,1,1,0,0,0,0,-1,0,,0,E5
d0050020=3,6,1,6,1,,宋体,-9,,0,0,0,0,0,0,2,1,1,1,1,0,0,0,0,-1,0,,0,F5
d0050021=3,7,1,7,1,,宋体,-9,,0,0,0,0,0,2,2,1,1,1,1,0,0,0,0,-1,0,,0,G5
d0050022=3,8,1,8,1,,宋体,-9,,0,0,0,0,0,0,2,1,1,1,1,0,0,0,0,-1,0,,0,H5
d0050023=3,9,1,9,1,,宋体,-9,,0,0,0,0,0,1,2,1,1,1,1,0,0,0,0,-1,0,,0,I5
d0050024=3,10,1,10,2,,宋体,-9,,0,0,0,0,0,1,2,1,1,1,1,0,0,0,0,-1,0,,0,J5
d0050025=3,11,1,11,1,1,宋体,-9,,0,0,0,0,0,0,2,1,1,1,1,0,0,0,0,-1,0,,0,K5
d0050026=3,5,2,5,2,,宋体,-9,,0,0,0,0,0,0,2,1,1,1,1,0,0,0,0,-1,0,,0,E6
d0050027=3,6,2,6,2,,宋体,-9,,0,0,0,0,0,0,2,1,1,1,1,0,0,0,0,-1,0,,0,F6
d0050028=3,7,2,7,2,,宋体,-9,,0,0,0,0,0,2,2,1,1,1,1,0,0,0,0,-1,0,,0,G6
d0050029=3,8,2,8,2,,宋体,-9,,0,0,0,0,0,0,2,1,1,1,1,0,0,0,0,-1,0,,0,H6
d0050030=3,9,2,9,2,,宋体,-9,,0,0,0,0,0,1,2,1,1,1,1,0,0,0,0,-1,0,,0,I6
d0050031=3,11,2,11,2,2,宋体,-9,,0,0,0,0,0,0,2,1,1,1,1,0,0,0,0,-1,0,,0,K6
d0050032=3,3,3,3,3,,宋体,-9,,0,0,0,0,0,0,2,1,1,1,1,0,0,0,0,-1,0,,0,C7
d0050033=3,4,3,4,3,,宋体,-9,,0,0,0,0,0,0,2,1,1,1,1,0,0,0,0,-1,0,,0,D7
d0050034=3,5,3,5,3,,宋体,-9,,0,0,0,0,0,0,2,1,1,1,1,0,0,0,0,-1,0,,0,E7
d0050035=3,6,3,6,3,,宋体,-9,,0,0,0,0,0,0,2,1,1,1,1,0,0,0,0,-1,0,,0,F7
d0050036=3,7,3,7,3,,宋体,-9,,0,0,0,0,0,2,2,1,1,1,1,0,0,0,0,-1,0,,0,G7
d0050037=3,8,3,8,3,,宋体,-9,,0,0,0,0,0,0,2,1,1,1,1,0,0,0,0,-1,0,,0,H7
d0050038=3,9,3,9,3,,宋体,-9,,0,0,0,0,0,1,2,1,1,1,1,0,0,0,0,-1,0,,0,I7
d0050039=3,10,3,10,3,,宋体,-9,,0,0,0,0,0,1,2,1,1,1,1,0,0,0,0,-1,0,,0,J7
d0050040=3,11,3,11,3,3,宋体,-9,,0,0,0,0,0,0,2,1,1,1,1,0,0,0,0,-1,0,,0,K7
d0050041=3,3,4,3,4,,宋体,-9,,0,0,0,0,0,0,2,1,1,1,1,0,0,0,0,-1,0,,0,C8
d0050042=3,4,4,4,4,,宋体,-9,,0,0,0,0,0,0,2,1,1,1,1,0,0,0,0,-1,0,,0,D8
d0050043=3,5,4,5,4,,宋体,-9,,0,0,0,0,0,0,2,1,1,1,1,0,0,0,0,-1,0,,0,E8
d0050044=3,6,4,6,4,,宋体,-9,,0,0,0,0,0,0,2,1,1,1,1,0,0,0,0,-1,0,,0,F8
d0050045=3,7,4,7,4,,宋体,-9,,0,0,0,0,0,2,2,1,1,1,1,0,0,0,0,-1,0,,0,G8
d0050046=3,8,4,8,4,,宋体,-9,,0,0,0,0,0,0,2,1,1,1,1,0,0,0,0,-1,0,,0,H8
d0050047=3,9,4,9,4,,宋体,-9,,0,0,0,0,0,1,2,1,1,1,1,0,0,0,0,-1,0,,0,I8
d0050048=3,10,4,10,4,,宋体,-9,,0,0,0,0,0,1,2,1,1,1,1,0,0,0,0,-1,0,,0,J8
d0050049=3,11,4,11,4,4,宋体,-9,,0,0,0,0,0,0,2,1,1,1,1,0,0,0,0,-1,0,,0,K8
d0050050=3,3,5,3,5,,宋体,-9,,0,0,0,0,0,0,2,1,1,1,1,0,0,0,0,-1,0,,0,C9
d0050051=3,4,5,4,5,,宋体,-9,,0,0,0,0,0,0,2,1,1,1,1,0,0,0,0,-1,0,,0,D9
d0050052=3,5,5,5,5,,宋体,-9,,0,0,0,0,0,0,2,1,1,1,1,0,0,0,0,-1,0,,0,E9
d0050053=3,6,5,6,5,,宋体,-9,,0,0,0,0,0,0,2,1,1,1,1,0,0,0,0,-1,0,,0,F9
d0050054=3,7,5,7,5,,宋体,-9,,0,0,0,0,0,2,2,1,1,1,1,0,0,0,0,-1,0,,0,G9
d0050055=3,8,5,8,5,,宋体,-9,,0,0,0,0,0,0,2,1,1,1,1,0,0,0,0,-1,0,,0,H9
d0050056=3,9,5,9,5,,宋体,-9,,0,0,0,0,0,1,2,1,1,1,1,0,0,0,0,-1,0,,0,I9
d0050057=3,10,5,10,5,,宋体,-9,,0,0,0,0,0,1,2,1,1,1,1,0,0,0,0,-1,0,,0,J9
d0050058=3,11,5,11,5,5,宋体,-9,,0,0,0,0,0,0,2,1,1,1,1,0,0,0,0,-1,0,,0,K9
d0050059=3,1,6,1,6,,宋体,-9,,0,0,0,0,0,2,2,1,1,1,1,0,0,0,0,-1,0,,0,A10
d0050060=3,2,6,2,6,,宋体,-9,,0,0,0,0,0,0,2,1,1,1,1,0,0,0,0,-1,0,,0,B10
d0050061=3,3,6,3,6,,宋体,-9,,0,0,0,0,0,0,2,1,1,1,1,0,0,0,0,-1,0,,0,C10
d0050062=3,4,6,4,6,,宋体,-9,,0,0,0,0,0,0,2,1,1,1,1,0,0,0,0,-1,0,,0,D10
d0050063=3,5,6,5,6,,宋体,-9,,0,0,0,0,0,0,2,1,1,1,1,0,0,0,0,-1,0,,0,E10
d0050064=3,6,6,6,6,,宋体,-9,,0,0,0,0,0,0,2,1,1,1,1,0,0,0,0,-1,0,,0,F10
d0050065=3,7,6,7,6,,宋体,-9,,0,0,0,0,0,2,2,1,1,1,1,0,0,0,0,-1,0,,0,G10
d0050066=3,8,6,8,6,,宋体,-9,,0,0,0,0,0,0,2,1,1,1,1,0,0,0,0,-1,0,,0,H10
d0050067=3,9,6,9,6,,宋体,-9,,0,0,0,0,0,1,2,1,1,1,1,0,0,0,0,-1,0,,0,I10
d0050068=3,10,6,10,6,,宋体,-9,,0,0,0,0,0,1,2,1,1,1,1,0,0,0,0,-1,0,,0,J10
d0050069=3,11,6,11,6,6,宋体,-9,,0,0,0,0,0,0,2,1,1,1,1,0,0,0,0,-1,0,,0,K10
d0050070=5,1,1,10,1,第[pageno]页 共[pagecount]页,宋体,-9,,0,0,0,0,0,2,2,0,0,0,0,0,0,0,0,-1,0,,0,A11
[SOURCE]
rpt=全国02_通用_运杂费计算表2.rpt
rptx=全国02_通用_运杂费计算表2.rptx
dll=全国02_通用_运杂费计算表2.dll
type=rptx
level=0
[TEMP]
ReWrite=1
[参数设置结果]

