[DESIGN]
d001=0
d001001=主要材料用量汇总表(竖表),150,150,200,200,1,2.25,-1,宋体,-9,0,0,1,1.5,-1
d003=5
d0030001=编号,57,宋体,-9,,0,0,0,0,16777215,0,2,1,1,1,1,0,0,0,0,0,0,编号,0,,0
d0030002=名称,207,宋体,-9,,0,0,0,0,16777215,0,2,1,1,1,1,0,0,0,1,0,0,名称,0,,0
d0030003=单位,56,宋体,-9,,0,0,0,0,16777215,0,2,1,1,1,1,0,0,0,0,0,0,单位,0,,0
d0030004=数量,51,宋体,-9,,0,0,0,0,16777215,0,2,1,1,1,1,0,0,0,1,0,0,数量,0,,0
d0030005=单价,51,宋体,-9,,0,0,0,0,16777215,0,2,1,1,1,1,0,0,0,1,0,0,单价,0,,0

d0040001=3
d0040002=1
d0040003=1
d0040004=0
d0040005=1

d005=14
d0050001=1,1,1,5,2,主要材料用量汇总表,宋体,-18,700,0,0,0,0,0,2,2,0,0,0,0,0,0,0,0,-1,0,,0,,0
d0050002=1,1,3,5,3,,宋体,-9,,0,0,0,0,0,0,1,0,0,0,0,0,0,0,0,-1,0,,0,,0
d0050003=2,1,1,1,1,序号,宋体,-9,,0,0,0,0,0,2,2,1,1,1,1,0,0,0,0,-1,0,,0,,0
d0050004=2,2,1,2,1,名称及规格,宋体,-9,,0,0,0,0,0,2,2,1,1,1,1,0,0,0,0,-1,0,,0,,0
d0050005=2,3,1,3,1,单位,宋体,-9,,0,0,0,0,0,2,2,1,1,1,1,0,0,0,0,-1,0,,0,,0
d0050006=2,4,1,4,1,数量,宋体,-9,,0,0,0,0,0,2,2,1,1,1,1,0,0,0,0,-1,0,,0,,0
d0050007=2,5,1,5,1,单价,宋体,-9,,0,0,0,0,0,2,2,1,1,1,1,0,0,0,0,-1,0,,0,,0
d0050008=3,1,1,1,1,,宋体,-9,,0,0,0,0,0,2,2,1,1,1,1,0,0,0,0,-1,0,,0,,0
d0050009=3,2,1,2,1,,宋体,-9,,0,0,0,0,0,2,2,1,1,1,1,0,0,0,0,-1,0,,0,,0
d0050010=3,3,1,3,1,,宋体,-9,,0,0,0,0,0,2,2,1,1,1,1,0,0,0,0,-1,0,,0,,0
d0050011=3,4,1,4,1,,宋体,-9,,0,0,0,0,0,2,2,1,1,1,1,0,0,0,0,-1,0,,0,,0
d0050012=3,5,1,5,1,,宋体,-9,,0,0,0,0,0,2,2,1,1,1,1,0,0,0,0,-1,0,,0,,0
d0050013=3,6,1,6,1,1,宋体,-9,,0,0,0,0,0,2,2,0,0,0,0,0,0,0,0,-1,0,,0,,0
d0050014=5,1,1,5,1,[emunpageno],宋体,-9,,0,0,0,0,0,2,2,0,0,0,0,0,0,0,0,-1,0,,0,,0
[PARAMETER]
[/PARAMETER]
[TEMP]
ReWrite=1
[SOURCE]
level=0
dll=全国02_通用_主要材料用量汇总表.dll
