[DESIGN]
d001=0
d001001=金属结构设备及安装工程估算表,150,150,150,150,1,1.5,-1,宋体,-10,0,0,1,1.5,-1
d003=13
d0030001=bzmlid,60,宋体,-9,,0,0,0,0,16777215,0,2,1,1,1,1,0,0,0,0,-1,0,序号,0,,0
d0030002=node_bh,60,宋体,-9,,0,0,0,0,16777215,2,2,1,1,1,1,0,0,1,0,-1,0,编码,0,,0
d0030003=node_mc,162,宋体,-9,,0,0,0,0,16777215,0,2,1,1,1,1,1,0,0,0,0,0,名称,0,,0
d0030004=node_dw,60,宋体,-9,,0,0,0,0,16777215,2,2,1,1,1,1,0,0,0,0,0,0,单位,0,,0
d0030005=gcl_exp,49,宋体,-9,,0,0,0,0,16777215,0,2,1,1,1,1,1,1,0,0,-1,0,工程量表达式,0,,0
d0030006=gcl,60,宋体,-9,,0,0,0,0,16777215,2,2,1,1,1,1,0,0,0,1,0,0,工程量,0,,0
d0030007=sjsbf1,68,宋体,-9,,0,0,0,0,16777215,1,2,1,1,1,1,0,0,0,1,0,0,实际设备费,0,,0
d0030008=sjjj1,68,宋体,-9,,0,0,0,0,16777215,1,2,1,1,1,1,0,0,0,1,0,0,实际基价,0,,0
d0030009=hjsbf1,68,宋体,-9,,0,0,0,0,16777215,1,2,1,1,1,1,0,0,0,1,0,0,实际设备费合价,0,,0
d0030010=hjjj1,68,宋体,-9,,0,0,0,0,16777215,1,2,1,1,1,1,0,0,0,1,0,0,基价合价,0,,0
d0030011=orixmmc,60,宋体,-9,,0,0,0,0,0,0,0,1,1,1,1,0,0,1,0,-1,0,原始项目名称,0,,0
d0030012=djh,60,宋体,-9,,0,0,0,0,0,0,0,1,1,1,1,0,0,1,0,-1,0,单价号,0,,0
d0030013=bz,60,宋体,-9,,0,0,0,0,16777215,0,2,1,1,1,1,1,0,1,0,-1,0,备注,0,,0

d0040001=3
d0040002=2
d0040003=4
d0040004=1
d0040005=1
d00400040001=0

d005=74
d0050001=1,1,1,13,2,金属结构设备及安装工程[编制类型]表,宋体,-18,700,0,0,0,0,0,2,2,0,0,0,0,0,0,0,0,-1,0,,0,,0
d0050002=1,1,3,10,3,[macroGcName2],宋体,-9,,0,0,0,0,0,0,2,0,0,0,0,0,0,0,0,-1,0,,0,,0
d0050003=1,11,3,11,3,,宋体,-9,,0,0,0,0,0,2,2,0,0,0,0,0,0,0,0,-1,0,,0,,0
d0050004=1,12,3,12,3,,宋体,-9,,0,0,0,0,0,2,2,0,0,0,0,0,0,0,0,-1,0,,0,,0
d0050005=1,13,3,13,3,,宋体,-9,,0,0,0,0,0,2,2,0,0,0,0,0,0,0,0,-1,0,,0,,0
d0050006=2,1,1,1,2,序号,宋体,-9,,0,0,0,0,0,2,2,1,1,1,1,0,0,0,0,-1,0,,0,,0
d0050007=2,2,1,2,2,编号,宋体,-9,,0,0,0,0,0,2,2,1,1,1,1,0,0,0,0,-1,0,,0,,0
d0050008=2,3,1,3,2,名称及规格,宋体,-9,,0,0,0,0,0,2,2,1,1,1,1,0,0,0,0,-1,0,,0,,0
d0050009=2,4,1,4,2,单位,宋体,-9,,0,0,0,0,0,2,2,1,1,1,1,0,0,0,0,-1,0,,0,,0
d0050010=2,5,1,5,2,工程量计算式,宋体,-9,,0,0,0,0,0,2,2,1,1,1,1,0,0,0,0,-1,0,,0,,0
d0050011=2,6,1,6,2,数量,宋体,-9,,0,0,0,0,0,2,2,1,1,1,1,0,0,0,0,-1,0,,0,,0
d0050012=2,7,1,8,1,单价（[micro_dj_wy]）,宋体,-9,,0,0,0,0,0,2,2,1,1,1,1,0,0,0,0,-1,0,,0,,0
d0050013=2,9,1,10,1,合计（[micro_hj_wy]）,宋体,-9,,0,0,0,0,0,2,2,1,1,1,1,0,0,0,0,-1,0,,0,,0
d0050014=2,11,1,11,1,,宋体,-9,,0,0,0,0,0,2,2,0,0,0,0,0,0,0,0,-1,0,,0,,0
d0050015=2,12,1,12,1,,宋体,-9,,0,0,0,0,0,2,2,0,0,0,0,0,0,0,0,-1,0,,0,,0
d0050016=2,13,1,13,2,备注,宋体,-9,,0,0,0,0,0,2,2,1,1,1,1,0,0,0,0,-1,0,,0,,0
d0050017=2,7,2,7,2,设备费,宋体,-9,,0,0,0,0,0,2,2,1,1,1,1,0,0,0,0,-1,0,,0,,0
d0050018=2,8,2,8,2,安装费,宋体,-9,,0,0,0,0,0,2,2,1,1,1,1,0,0,0,0,-1,0,,0,,0
d0050019=2,9,2,9,2,设备费,宋体,-9,,0,0,0,0,0,2,2,1,1,1,1,0,0,0,0,-1,0,,0,,0
d0050020=2,10,2,10,2,安装费,宋体,-9,,0,0,0,0,0,2,2,1,1,1,1,0,0,0,0,-1,0,,0,,0
d0050021=2,11,2,11,2,,宋体,-9,,0,0,0,0,0,2,2,0,0,0,0,0,0,0,0,-1,0,,0,,0
d0050022=2,12,2,12,2,,宋体,-9,,0,0,0,0,0,2,2,0,0,0,0,0,0,0,0,-1,0,,0,,0
d0050023=3,1,1,1,1,,宋体,-9,,0,0,0,0,0,0,2,1,1,1,1,0,0,0,0,-1,0,,0,,0
d0050024=3,2,1,2,1,,宋体,-9,,0,0,0,0,0,0,2,1,1,1,1,0,0,0,0,-1,0,,0,,0
d0050025=3,3,1,3,1,,宋体,-9,,0,0,0,0,0,0,2,1,1,1,1,0,0,0,0,-1,0,,0,,0
d0050026=3,4,1,4,1,,宋体,-9,,0,0,0,0,0,2,2,1,1,1,1,0,0,0,0,-1,0,,0,,0
d0050027=3,5,1,5,1,,宋体,-9,,0,0,0,0,0,0,2,1,1,1,1,0,0,0,0,-1,0,,0,,0
d0050028=3,6,1,6,1,,宋体,-9,,0,0,0,0,0,2,2,1,1,1,1,0,0,0,0,-1,0,,0,,0
d0050029=3,7,1,7,1,,宋体,-9,,0,0,0,0,0,1,2,1,1,1,1,0,0,0,0,-1,0,,0,,0
d0050030=3,8,1,8,1,,宋体,-9,,0,0,0,0,0,1,2,1,1,1,1,0,0,0,0,-1,0,,0,,0
d0050031=3,9,1,9,1,,宋体,-9,,0,0,0,0,0,1,2,1,1,1,1,0,0,0,0,-1,0,,0,,0
d0050032=3,10,1,10,1,,宋体,-9,,0,0,0,0,0,1,2,1,1,1,1,0,0,0,0,-1,0,,0,,0
d0050033=3,11,1,11,1,,宋体,-9,,0,0,0,0,0,2,2,0,0,0,0,0,0,0,0,-1,0,,0,,0
d0050034=3,12,1,12,1,,宋体,-9,,0,0,0,0,0,2,2,0,0,0,0,0,0,0,0,-1,0,,0,,0
d0050035=3,13,1,13,1,,宋体,-9,,0,0,0,0,0,1,2,1,1,1,1,0,0,0,0,-1,0,,0,,0
d0050036=3,14,1,14,1,1,宋体,-9,,0,0,0,0,0,2,2,0,0,0,0,0,0,0,0,-1,0,,0,,0
d0050037=3,1,2,3,2,小计,宋体,-9,,0,0,0,0,0,2,2,1,1,1,1,0,0,0,0,-1,0,,0,,0
d0050038=3,4,2,4,2,,宋体,-9,,0,0,0,0,0,2,2,1,1,1,1,0,0,0,0,-1,0,,0,,0
d0050039=3,5,2,5,2,,宋体,-9,,0,0,0,0,0,2,2,1,1,1,1,0,0,0,0,-1,0,,0,,0
d0050040=3,6,2,6,2,,宋体,-9,,0,0,0,0,0,2,2,1,1,1,1,0,0,0,0,-1,0,,0,,0
d0050041=3,7,2,7,2,,宋体,-9,,0,0,0,0,0,2,2,1,1,1,1,0,0,0,0,-1,0,,0,,0
d0050042=3,8,2,8,2,,宋体,-9,,0,0,0,0,0,2,2,1,1,1,1,0,0,0,0,-1,0,,0,,0
d0050043=3,9,2,9,2,,宋体,-9,,0,0,0,0,0,2,2,1,1,1,1,0,0,0,0,-1,0,,0,,0
d0050044=3,10,2,10,2,,宋体,-9,,0,0,0,0,0,2,2,1,1,1,1,0,0,0,0,-1,0,,0,,0
d0050045=3,11,2,11,2,,宋体,-9,,0,0,0,0,0,2,2,0,0,0,0,0,0,0,0,-1,0,,0,,0
d0050046=3,12,2,12,2,,宋体,-9,,0,0,0,0,0,2,2,0,0,0,0,0,0,0,0,-1,0,,0,,0
d0050047=3,13,2,13,2,,宋体,-9,,0,0,0,0,0,2,2,0,0,0,0,0,0,0,0,-1,0,,0,,0
d0050048=3,14,2,14,2,2,宋体,-9,,0,0,0,0,0,2,2,0,0,0,0,0,0,0,0,-1,0,,0,,0
d0050049=3,1,3,3,3,运杂综合费,宋体,-9,,0,0,0,0,0,2,2,1,1,1,1,0,0,0,0,-1,0,,0,,0
d0050050=3,4,3,4,3,元,宋体,-9,,0,0,0,0,0,2,2,1,1,1,1,0,0,0,0,-1,0,,0,,0
d0050051=3,5,3,5,3,,宋体,-9,,0,0,0,0,0,2,2,1,1,1,1,0,0,0,0,-1,0,,0,,0
d0050052=3,6,3,6,3,,宋体,-9,,0,0,0,0,0,2,2,1,1,1,1,0,0,0,0,-1,0,,0,,0
d0050053=3,7,3,7,3,,宋体,-9,,0,0,0,0,0,2,2,1,1,1,1,0,0,0,0,-1,0,,0,,0
d0050054=3,8,3,8,3,,宋体,-9,,0,0,0,0,0,2,2,1,1,1,1,0,0,0,0,-1,0,,0,,0
d0050055=3,9,3,9,3,,宋体,-9,,0,0,0,0,0,2,2,1,1,1,1,0,0,0,0,-1,0,,0,,0
d0050056=3,10,3,10,3,,宋体,-9,,0,0,0,0,0,2,2,1,1,1,1,0,0,0,0,-1,0,,0,,0
d0050057=3,11,3,11,3,,宋体,-9,,0,0,0,0,0,2,2,0,0,0,0,0,0,0,0,-1,0,,0,,0
d0050058=3,12,3,12,3,,宋体,-9,,0,0,0,0,0,2,2,0,0,0,0,0,0,0,0,-1,0,,0,,0
d0050059=3,13,3,13,3,,宋体,-9,,0,0,0,0,0,2,2,0,0,0,0,0,0,0,0,-1,0,,0,,0
d0050060=3,14,3,14,3,3,宋体,-9,,0,0,0,0,0,2,2,0,0,0,0,0,0,0,0,-1,0,,0,,0
d0050061=3,1,4,8,4,,宋体,-9,,0,0,0,0,0,2,2,1,1,1,1,0,0,0,0,-1,0,,0,,0
d0050062=3,9,4,9,4,,宋体,-9,,0,0,0,0,0,2,2,1,1,1,1,0,0,0,0,-1,0,,0,,0
d0050063=3,10,4,10,4,,宋体,-9,,0,0,0,0,0,2,2,1,1,1,1,0,0,0,0,-1,0,,0,,0
d0050064=3,11,4,11,4,,宋体,-9,,0,0,0,0,0,2,2,0,0,0,0,0,0,0,0,-1,0,,0,,0
d0050065=3,12,4,12,4,,宋体,-9,,0,0,0,0,0,2,2,0,0,0,0,0,0,0,0,-1,0,,0,,0
d0050066=3,13,4,13,4,,宋体,-9,,0,0,0,0,0,2,2,1,1,1,1,0,0,0,0,-1,0,,0,,0
d0050067=3,14,4,14,4,1003,宋体,-9,,0,0,0,0,0,2,2,0,0,0,0,0,0,0,0,-1,0,,0,,0
d0050068=4,1,1,8,1,本页小计,宋体,-9,,0,0,0,0,0,2,2,1,1,1,1,0,0,0,0,-1,0,,0,,0
d0050069=4,9,1,9,1,$fun:sum:hjsbf1$,宋体,-9,,0,0,0,0,0,1,2,1,1,1,1,0,0,0,0,-1,0,,0,,0
d0050070=4,10,1,10,1,$fun:sum:hjjj1$,宋体,-9,,0,0,0,0,0,1,2,1,1,1,1,0,0,0,0,-1,0,,0,,0
d0050071=4,11,1,11,1,,宋体,-9,,0,0,0,0,0,2,2,0,0,0,0,0,0,0,0,-1,0,,0,,0
d0050072=4,12,1,12,1,,宋体,-9,,0,0,0,0,0,2,2,0,0,0,0,0,0,0,0,-1,0,,0,,0
d0050073=4,13,1,13,1,,宋体,-9,,0,0,0,0,0,2,2,1,1,1,1,0,0,0,0,-1,0,,0,,0
d0050074=5,1,1,13,1,第[pageno]页 共[pagecount]页,宋体,-11,,0,0,0,0,0,2,2,0,0,0,0,0,0,0,0,-1,0,,0,,0
[PARAMETER]
[报表参数]
desc=报表参数
enabled=1
count=10
1=合价万元,R(False)
2=单价万元,R(False)
3=项目打印级数,L(三级项目),一级项目,二级项目,三级项目,四级项目,五级项目,打印到清单
4=打印合价为空的项目,R(true)
5=序号前缀,L(无),A,B,C,D,无
6=打印总计,R(false)
7=打印工程名称,L(项目名称),项目名称,标段名称,项目名称+标段名称,合同编号,不打印项目名称
8=打印套用单价序号,R(false)
9=打印单价样式,L(数值),公式,数值
10=不打印小计和运杂综合费,R(True)
[/PARAMETER]
[SOURCE]
dll=全国02_通用_机电设备及安装工程预算表.dll
level=1
[参数设置结果]
项目打印级数=三级项目
打印合价为空的项目=True
序号前缀=无
打印总计=False
打印工程名称=项目名称
NodeType=2003
打印套用单价序号=False
打印单价样式=数值
不打印小计和运杂综合费=True
合价万元=False
单价万元=False
[TEMP]
ReWrite=1
