[DESIGN]
d001=0
d001001=主要材料量汇总表(用户自定义),150,150,200,200,2,1.5,2,宋体,-10,0,0,1,0.1,14
d003=3
d0030001=xh,38,宋体,-9,,0,0,0,0,16777215,1,2,1,1,0,1,0,1,0,0,-1,0,序号,0,,0
d0030002=xmmc,132,宋体,-9,,0,0,0,0,16777215,1,2,1,1,1,0,0,0,0,1,-1,0,项目名称,0,,0
d0030003=material,60,宋体,-9,,0,0,0,0,16777215,0,2,1,1,1,0,0,0,0,0,0,0,主材,1,,0

d0040001=2
d0040002=0
d0040003=3
d0040004=0
d0040005=2
d00400050002=0

d005=16
d0050001=1,1,1,3,1,主体工程主要材料用量汇总表,宋体,-18,700,0,0,0,0,0,2,2,0,0,0,0,0,0,0,0,-1,0,,0,,0
d0050002=1,1,2,2,2,表10.2.1-6,宋体,-9,,0,0,0,0,0,0,2,0,0,0,0,0,0,0,0,-1,0,,0,,0
d0050003=1,3,2,3,2,,宋体,-9,,0,0,0,0,0,2,2,0,0,0,0,0,0,0,0,-1,0,,0,,0
d0050004=3,1,1,1,1,,宋体,-9,,0,0,0,0,0,2,2,2,1,0,1,0,0,0,0,-1,0,,0,,0
d0050005=3,2,1,2,1,,宋体,-9,,0,0,0,0,0,2,2,2,1,0,0,0,0,0,0,-1,0,,0,,0
d0050006=3,3,1,3,1,,宋体,-9,,0,0,0,0,0,2,2,2,1,0,0,0,0,0,0,-1,0,,0,,0
d0050007=3,4,1,4,1,-5,宋体,-9,,0,0,0,0,0,2,2,0,0,0,0,0,0,0,0,-1,0,,0,,0
d0050008=3,1,2,1,2,,宋体,-9,,0,0,0,0,0,2,2,0,1,0,1,0,0,0,0,-1,0,,0,,0
d0050009=3,2,2,2,2,,宋体,-9,,0,0,0,0,0,0,2,0,1,1,0,0,0,0,0,-1,0,,0,,0
d0050010=3,3,2,3,2,,宋体,-9,,0,0,0,0,0,1,2,0,1,1,0,0,0,0,0,-1,0,,0,,0
d0050011=3,4,2,4,2,3,宋体,-9,,0,0,0,0,0,2,2,0,0,0,0,0,0,0,0,-1,0,,0,,0
d0050012=3,1,3,2,3,合    计,宋体,-9,,0,0,0,0,0,2,2,1,1,0,1,0,0,0,0,-1,0,,0,,0
d0050013=3,3,3,3,3,,宋体,-9,,0,0,0,0,0,1,2,1,1,1,0,0,0,0,0,-1,0,,0,,0
d0050014=3,4,3,4,3,1003,宋体,-9,,0,0,0,0,0,2,2,0,0,0,0,0,0,0,0,-1,0,,0,,0
d0050015=5,1,1,3,1, ,宋体,-9,,0,0,0,0,0,2,2,2,0,0,0,0,0,0,0,-1,0,,0,,0
d0050016=5,1,2,3,2,第[pageno]页 共[pagecount]页,宋体,-9,,0,0,0,0,0,1,0,0,0,0,0,0,0,0,0,-1,0,,0,,0
[PARAMETER]
[报表参数]
desc=报表参数
enabled=1
count=4
1=打印级数,L(一级项目),工程层次,一级项目,二级项目,三级项目,清单项目
2=打印工程名称,L(项目名称),项目名称,标段名称,项目名称+标段名称
3=小数保留位数,L(4),2,3,4,5,6
4=材料名称过滤(按逗号分隔),S()
[/PARAMETER]
[SOURCE]
dll=全国02_通用_主要材料量汇总表a.dll
level=1
[参数设置结果]
打印级数=二级项目
打印工程名称=项目名称
小数保留位数=2
材料名称过滤(按逗号分隔)=汽油
