[DESIGN]
d001=0
d001001=建筑工程单价汇总表,150,150,150,150,2,1.5,-1,宋体,-10,0,0,1,1.5,-1
d003=21
d0030001=xh,60,宋体,-9,,0,0,0,0,16777215,2,2,1,1,1,1,0,0,1,0,-1,0,序号,0,,0
d0030002=bzmlid,60,宋体,-9,,0,0,0,0,16777215,0,2,1,1,1,1,0,0,0,0,-1,0,标准目录编码,0,,0
d0030003=djh,60,宋体,-9,,0,0,0,0,0,0,0,1,1,1,1,0,0,1,0,-1,0,单价号,0,,0
d0030004=xmmc,138,宋体,-9,,0,0,0,0,16777215,0,2,1,1,1,1,1,0,0,0,-1,0,项目名称,0,,0
d0030005=dw,60,宋体,-9,,0,0,0,0,16777215,2,2,1,1,1,1,0,0,0,1,0,0,单位,0,,0
d0030006=dj,60,宋体,-9,,0,0,0,0,16777215,1,2,1,1,1,1,0,0,0,1,0,0,单价,0,,0
d0030007=rgf,53,宋体,-9,,0,0,0,0,16777215,1,2,1,1,1,1,0,0,0,1,0,0,人工费,0,,0
d0030008=clf,53,宋体,-9,,0,0,0,0,16777215,1,2,1,1,1,1,0,0,0,1,0,0,材料费,0,,0
d0030009=jxf,55,宋体,-9,,0,0,0,0,16777215,1,2,1,1,1,1,0,0,0,1,0,0,机械费,0,,0
d0030010=qtf,56,宋体,-9,,0,0,0,0,16777215,1,2,1,1,1,1,0,1,0,1,-1,0,其他费,0,,0
d0030011=qtzjf,54,宋体,-9,,0,0,0,0,16777215,1,2,1,1,1,1,0,0,0,1,0,0,其他直接费,0,,0
d0030012=xcf,52,宋体,-9,,0,0,0,0,16777215,1,2,1,1,1,1,0,1,0,1,0,0,现场费,0,,0
d0030013=jjf,54,宋体,-9,,0,0,0,0,16777215,1,2,1,1,1,1,0,0,0,1,0,0,间接费,0,,0
d0030014=lr,55,宋体,-9,,0,0,0,0,16777215,1,2,1,1,1,1,0,0,0,1,0,0,利润,0,,0
d0030015=jc,60,宋体,-9,,0,0,0,0,16777215,1,2,1,1,1,1,0,0,0,1,-1,0,价差,0,,0
d0030016=wjjzzclf,60,宋体,-9,,0,0,0,0,16777215,1,2,1,1,1,1,0,1,0,0,-1,0,装置性材料费,0,,0
d0030017=sj,49,宋体,-9,,0,0,0,0,16777215,1,2,1,1,1,1,0,0,0,1,0,0,税金,0,,0
d0030018=txf,60,宋体,-9,,0,0,0,0,16777215,0,0,1,1,1,1,0,1,0,1,-1,0,其他摊销费,0,,0
d0030019=kd,49,宋体,-9,,0,0,0,0,16777215,1,2,1,1,1,1,0,1,0,1,-1,0,扩大系数,0,,0
d0030020=orixmmc,60,宋体,-9,,0,0,0,0,0,0,0,1,1,1,1,0,0,1,0,-1,0,原始名称,0,,0
d0030021=oridw,60,宋体,-9,,0,0,0,0,0,0,0,1,1,1,1,0,0,1,0,-1,0,原始单位,0,,0

d0040001=3
d0040002=3
d0040003=1
d0040004=0
d0040005=1

d005=62
d0050001=1,1,1,19,2,建筑工程单价汇总表,宋体,-18,700,0,0,0,0,0,2,2,0,0,0,0,0,0,0,0,-1,0,,0,,0
d0050002=1,20,1,20,1,,宋体,-9,,0,0,0,0,0,2,2,0,0,0,0,0,0,0,0,-1,0,,0,,0
d0050003=1,21,1,21,1,,宋体,-9,,0,0,0,0,0,2,2,0,0,0,0,0,0,0,0,-1,0,,0,,0
d0050004=1,20,2,20,2,,宋体,-9,,0,0,0,0,0,2,2,0,0,0,0,0,0,0,0,-1,0,,0,,0
d0050005=1,21,2,21,2,,宋体,-9,,0,0,0,0,0,2,2,0,0,0,0,0,0,0,0,-1,0,,0,,0
d0050006=1,1,3,14,3,,宋体,-9,700,0,0,0,0,0,0,2,0,0,0,0,0,0,0,0,-1,0,,0,,0
d0050007=1,15,3,19,3,,宋体,-9,,0,0,0,0,0,1,2,0,0,0,0,0,0,0,0,-1,0,,0,,0
d0050008=1,20,3,20,3,,宋体,-9,,0,0,0,0,0,2,2,0,0,0,0,0,0,0,0,-1,0,,0,,0
d0050009=1,21,3,21,3,,宋体,-9,,0,0,0,0,0,2,2,0,0,0,0,0,0,0,0,-1,0,,0,,0
d0050010=2,1,1,1,3,序号,宋体,-9,,0,0,0,0,0,2,2,1,1,1,1,0,0,0,0,-1,0,,0,,0
d0050011=2,2,1,2,3,单价char(13)char(10)编号,宋体,-9,,0,0,0,0,0,2,2,1,1,1,1,0,0,0,0,-1,0,,0,,0
d0050012=2,3,1,3,1,,宋体,-9,,0,0,0,0,0,2,2,0,0,0,0,0,0,0,0,-1,0,,0,,0
d0050013=2,4,1,4,3,名称,宋体,-9,,0,0,0,0,0,2,2,1,1,1,1,0,0,0,0,-1,0,,0,,0
d0050014=2,5,1,5,3,单位,宋体,-9,,0,0,0,0,0,2,2,1,1,1,1,0,0,0,0,-1,0,,0,,0
d0050015=2,6,1,6,3,单价char(13)char(10)(元),宋体,-9,,0,0,0,0,0,2,2,1,1,1,1,0,0,0,0,-1,0,,0,,0
d0050016=2,7,1,19,1,其     中,宋体,-9,,0,0,0,0,0,2,2,1,1,1,1,0,0,0,0,-1,0,,0,,0
d0050017=2,20,1,20,1,,宋体,-9,,0,0,0,0,0,2,2,0,0,0,0,0,0,0,0,-1,0,,0,,0
d0050018=2,21,1,21,1,,宋体,-9,,0,0,0,0,0,2,2,0,0,0,0,0,0,0,0,-1,0,,0,,0
d0050019=2,3,2,3,2,,宋体,-9,,0,0,0,0,0,2,2,0,0,0,0,0,0,0,0,-1,0,,0,,0
d0050020=2,7,2,7,3,人工char(13)char(10)费,宋体,-9,,0,0,0,0,0,2,2,1,1,1,1,0,0,0,0,-1,0,,0,,0
d0050021=2,8,2,8,3,材料char(13)char(10)费,宋体,-9,,0,0,0,0,0,2,2,1,1,1,1,0,0,0,0,-1,0,,0,,0
d0050022=2,9,2,9,3,机  械char(13)char(10)使用费,宋体,-9,,0,0,0,0,0,2,2,1,1,1,1,0,0,0,0,-1,0,,0,,0
d0050023=2,10,2,10,3,其他费,宋体,-9,,0,0,0,0,0,2,2,1,1,1,1,0,0,0,0,-1,0,,0,,0
d0050024=2,11,2,11,3,其  他char(13)char(10)直接费,宋体,-9,,0,0,0,0,0,2,2,1,1,1,1,0,0,0,0,-1,0,,0,,0
d0050025=2,12,2,12,3,现场char(13)char(10)经费,宋体,-9,,0,0,0,0,0,2,2,1,1,1,1,0,0,0,0,-1,0,,0,,0
d0050026=2,13,2,13,3,间接费,宋体,-9,,0,0,0,0,0,2,2,1,1,1,1,0,0,0,0,-1,0,,0,,0
d0050027=2,14,2,14,3,利润,宋体,-9,,0,0,0,0,0,2,2,1,1,1,1,0,0,0,0,-1,0,,0,,0
d0050028=2,15,2,15,3,材料char(13)char(10)补差,宋体,-9,,0,0,0,0,0,2,2,1,1,1,1,0,0,0,0,-1,0,,0,,0
d0050029=2,16,2,16,3,装置性材料费,宋体,-9,,0,0,0,0,0,2,2,1,1,1,1,0,0,0,0,-1,0,,0,,0
d0050030=2,17,2,17,3,税金,宋体,-9,,0,0,0,0,0,2,2,1,1,1,1,0,0,0,0,-1,0,,0,,0
d0050031=2,18,2,18,3, 其他char(13)char(10)摊销费,宋体,-9,,0,0,0,0,0,2,2,1,1,1,1,0,0,0,0,-1,0,,0,,0
d0050032=2,19,2,19,3,扩大,宋体,-9,,0,0,0,0,0,2,2,1,1,1,1,0,0,0,0,-1,0,,0,,0
d0050033=2,20,2,20,2,,宋体,-9,,0,0,0,0,0,2,2,0,0,0,0,0,0,0,0,-1,0,,0,,0
d0050034=2,21,2,21,2,,宋体,-9,,0,0,0,0,0,2,2,0,0,0,0,0,0,0,0,-1,0,,0,,0
d0050035=2,3,3,3,3,,宋体,-9,,0,0,0,0,0,2,2,0,0,0,0,0,0,0,0,-1,0,,0,,0
d0050036=2,20,3,20,3,,宋体,-9,,0,0,0,0,0,2,2,0,0,0,0,0,0,0,0,-1,0,,0,,0
d0050037=2,21,3,21,3,,宋体,-9,,0,0,0,0,0,2,2,0,0,0,0,0,0,0,0,-1,0,,0,,0
d0050038=3,1,1,1,1,,宋体,-9,,0,0,0,0,0,2,2,1,1,1,1,0,0,0,0,-1,0,,0,,0
d0050039=3,2,1,2,1,,宋体,-9,,0,0,0,0,0,2,2,1,1,1,1,0,0,0,0,-1,0,,0,,0
d0050040=3,3,1,3,1,,宋体,-9,,0,0,0,0,0,2,2,0,0,0,0,0,0,0,0,-1,0,,0,,0
d0050041=3,4,1,4,1,,宋体,-9,,0,0,0,0,0,0,2,1,1,1,1,0,0,0,0,-1,0,,0,,0
d0050042=3,5,1,5,1,,宋体,-9,,0,0,0,0,0,2,2,1,1,1,1,0,0,0,0,-1,0,,0,,0
d0050043=3,6,1,6,1,,宋体,-9,,0,0,0,0,0,1,2,1,1,1,1,0,0,0,0,-1,0,,0,,0
d0050044=3,7,1,7,1,,宋体,-9,,0,0,0,0,0,1,2,1,1,1,1,0,0,0,0,-1,0,,0,,0
d0050045=3,8,1,8,1,,宋体,-9,,0,0,0,0,0,1,2,1,1,1,1,0,0,0,0,-1,0,,0,,0
d0050046=3,9,1,9,1,,宋体,-9,,0,0,0,0,0,1,2,1,1,1,1,0,0,0,0,-1,0,,0,,0
d0050047=3,10,1,10,1,,宋体,-9,,0,0,0,0,0,1,2,1,1,1,1,0,0,0,0,-1,0,,0,,0
d0050048=3,11,1,11,1,,宋体,-9,,0,0,0,0,0,1,2,1,1,1,1,0,0,0,0,-1,0,,0,,0
d0050049=3,12,1,12,1,,宋体,-9,,0,0,0,0,0,1,2,1,1,1,1,0,0,0,0,-1,0,,0,,0
d0050050=3,13,1,13,1,,宋体,-9,,0,0,0,0,0,1,2,1,1,1,1,0,0,0,0,-1,0,,0,,0
d0050051=3,14,1,14,1,,宋体,-9,,0,0,0,0,0,1,2,1,1,1,1,0,0,0,0,-1,0,,0,,0
d0050052=3,15,1,15,1,,宋体,-9,,0,0,0,0,0,1,2,1,1,1,1,0,0,0,0,-1,0,,0,,0
d0050053=3,16,1,16,1,,宋体,-9,,0,0,0,0,0,2,2,1,1,1,1,0,0,0,0,-1,0,,0,,0
d0050054=3,17,1,17,1,,宋体,-9,,0,0,0,0,0,1,2,1,1,1,1,0,0,0,0,-1,0,,0,,0
d0050055=3,18,1,18,1,,宋体,-9,,0,0,0,0,0,2,2,1,1,1,1,0,0,0,0,-1,0,,0,,0
d0050056=3,19,1,19,1,,宋体,-9,,0,0,0,0,0,1,2,1,1,1,1,0,0,0,0,-1,0,,0,,0
d0050057=3,20,1,20,1,,宋体,-9,,0,0,0,0,0,2,2,0,0,0,0,0,0,0,0,-1,0,,0,,0
d0050058=3,21,1,21,1,,宋体,-9,,0,0,0,0,0,2,2,0,0,0,0,0,0,0,0,-1,0,,0,,0
d0050059=3,22,1,22,1,1,宋体,-9,,0,0,0,0,0,0,2,1,1,1,1,0,0,0,0,-1,0,,0,,0
d0050060=5,1,1,19,1,第[pageno]页 共[pagecount]页,宋体,-11,,0,0,0,0,0,2,2,0,0,0,0,0,0,0,0,-1,0,,0,,0
d0050061=5,20,1,20,1,,宋体,-9,,0,0,0,0,0,2,2,0,0,0,0,0,0,0,0,-1,0,,0,,0
d0050062=5,21,1,21,1,,宋体,-9,,0,0,0,0,0,2,2,0,0,0,0,0,0,0,0,-1,0,,0,,0
[PARAMETER]
[报表参数]
desc=报表参数
enabled=1
count=8
1=打印工程名称,L(项目名称),项目名称,标段名称,项目名称+标段名称,不打印项目名称
2=序号前缀,L(无),A,B,C,D,无
3=合并相同项目,R(True)
4=打印套用单价序号,R(false)
5=按单价计算程序排序,R(True)
6=打印单价为空的项目,R(false)
7=打印共享清单,R(True)
8=打印有定额的项目,R(True)
[/PARAMETER]
[SOURCE]
type=rptx
dll=全国02_通用_建筑工程单价汇总表.dll
level=1
[参数设置结果]
打印工程名称=项目名称
序号前缀=无
合并相同项目=False
打印套用单价序号=False
按单价计算程序排序=False
打印单价为空的项目=True
工程节点类型=2001,2004
打印有定额的项目=True
[TEMP]
ReWrite=1
