[DESIGN]
d001=0
d001001=施工机械台时汇总表,150,150,150,150,2,1.5,-1,宋体,-10,0,0,1,1.5,-1
d003=27
d0030001=序号,35,宋体,-10,,0,0,0,0,16777215,1,2,1,1,1,1,0,0,0,0,-1,0,序号,0
d0030002=编号,51,宋体,-10,,0,0,0,0,16777215,1,2,1,1,1,1,0,0,1,1,-1,0,编号,0
d0030003=名称及规格,177,宋体,-10,,0,0,0,0,16777215,1,2,1,1,1,1,0,0,0,0,-1,0,名称及规格,0
d0030004=台时费,60,宋体,-10,,0,0,0,0,16777215,1,2,1,1,1,1,0,0,0,1,-1,0,台时费,0
d0030005=折旧费,60,宋体,-10,,0,0,0,0,16777215,1,2,1,1,1,1,0,0,0,1,-1,0,折旧费,0
d0030006=修理费,60,宋体,-10,,0,0,0,0,16777215,1,2,1,1,1,1,0,0,0,1,-1,0,修理费,0
d0030007=安装拆卸费,60,宋体,-10,,0,0,0,0,16777215,1,2,1,1,1,1,0,0,0,1,-1,0,安装拆卸费,0
d0030008=人工费,60,宋体,-9,,0,0,0,0,0,0,0,1,1,1,1,0,0,0,1,-1,0,人工费,0
d0030009=动力燃料费,60,宋体,-10,,0,0,0,0,16777215,1,2,1,1,1,1,0,0,0,1,-1,0,动力燃料费,0
d0030010=一类费用小计,51,宋体,-10,,0,0,0,0,16777215,0,2,1,1,1,1,0,0,1,0,0,0,一类费用小计,0
d0030011=汽油用量,47,宋体,-10,,0,0,0,0,16777215,0,2,1,1,1,1,0,0,1,1,0,0,汽油用量,0
d0030012=汽油,45,宋体,-10,,0,0,0,0,16777215,1,2,1,1,1,1,0,0,1,1,-1,0,汽油,0
d0030013=柴油用量,47,宋体,-10,,0,0,0,0,16777215,0,2,1,1,1,1,0,0,1,1,0,0,柴油用量,0
d0030014=柴油,47,宋体,-10,,0,0,0,0,16777215,1,2,1,1,1,1,0,0,1,1,-1,0,柴油,0
d0030015=电用量,48,宋体,-10,,0,0,0,0,16777215,0,2,1,1,1,1,0,0,1,1,0,0,电用量,0
d0030016=电,45,宋体,-10,,0,0,0,0,16777215,1,2,1,1,1,1,0,0,1,1,-1,0,电,0
d0030017=水用量,48,宋体,-10,,0,0,0,0,16777215,0,2,1,1,1,1,0,0,1,1,0,0,水用量,0
d0030018=水,47,宋体,-10,,0,0,0,0,16777215,1,2,1,1,1,1,0,0,1,1,-1,0,水,0
d0030019=风用量,47,宋体,-10,,0,0,0,0,16777215,0,2,1,1,1,1,0,0,1,1,0,0,风用量,0
d0030020=风,46,宋体,-10,,0,0,0,0,16777215,1,2,1,1,1,1,0,0,1,1,-1,0,风,0
d0030021=煤用量,46,宋体,-10,,0,0,0,0,16777215,0,2,1,1,1,1,0,0,1,1,0,0,煤用量,0
d0030022=煤,46,宋体,-10,,0,0,0,0,16777215,1,2,1,1,1,1,0,0,1,1,-1,0,煤,0
d0030023=人工用量,46,宋体,-10,,0,0,0,0,16777215,0,2,1,1,1,1,0,0,1,1,0,0,人工用量,0
d0030024=人工,46,宋体,-10,,0,0,0,0,16777215,1,2,1,1,1,1,0,0,1,1,-1,0,人工,0
d0030025=动力燃料费,60,宋体,-9,,0,0,0,0,0,0,0,1,1,1,1,0,0,1,0,-1,0,动力燃料费,0
d0030026=二类费用小计,46,宋体,-10,,0,0,0,0,16777215,1,2,1,1,1,1,0,0,1,1,-1,0,二类费用小计,0
d0030027=三类费用,52,宋体,-10,,0,0,0,0,16777215,1,2,1,1,1,1,0,0,1,1,-1,0,三类费用,0

d0040001=3
d0040002=4
d0040003=1
d0040004=0
d0040005=1

d005=76
d0050001=1,1,1,27,2,施工机械[台班单位]费汇总表,宋体,-18,700,0,0,0,0,0,2,2,0,0,0,0,0,0,0,0,-1,0,,0
d0050002=1,1,3,22,3,工程名称：[工程名称],宋体,-10,,0,0,0,0,0,0,1,0,0,0,0,0,0,0,0,-1,0,,0
d0050003=1,23,3,23,3,,宋体,-9,,0,0,0,0,0,2,2,0,0,0,0,0,0,0,0,-1,0,,0
d0050004=1,24,3,27,3,单位：元,宋体,-10,,0,0,0,0,0,1,1,0,0,0,0,0,0,0,0,-1,0,,0
d0050005=2,1,1,1,4,序号,宋体,-10,,0,0,0,0,0,2,2,1,1,1,1,0,0,0,0,-1,0,,0
d0050006=2,2,1,2,4,编号,宋体,-10,,0,0,0,0,0,2,2,1,1,1,1,0,0,0,0,-1,0,,0
d0050007=2,3,1,3,4,名称及规格,宋体,-10,,0,0,0,0,0,2,2,1,1,1,1,0,0,0,0,-1,0,,0
d0050008=2,4,1,4,4,[台班单位]费,宋体,-10,,0,0,0,0,0,2,2,1,1,1,1,0,0,0,0,-1,0,,0
d0050009=2,5,1,9,1,其    中,宋体,-10,,0,0,0,0,0,2,2,1,1,1,1,0,0,0,0,-1,0,,0
d0050010=2,10,1,10,4,一类费char(13)char(10)用小计,宋体,-10,,0,0,0,0,0,2,2,1,1,1,1,0,0,0,0,-1,0,,0
d0050011=2,11,1,26,1,二类费用,宋体,-10,,0,0,0,0,0,2,2,1,1,1,1,0,0,0,0,-1,0,,0
d0050012=2,27,1,27,4,三类char(13)char(10)费用,宋体,-10,,0,0,0,0,0,2,2,1,1,1,1,0,0,0,0,-1,0,,0
d0050013=2,5,2,5,4,折旧费,宋体,-10,,0,0,0,0,0,2,2,1,1,1,1,0,0,0,0,-1,0,,0
d0050014=2,6,2,6,4,修理及替char(13)char(10)换设备费,宋体,-10,,0,0,0,0,0,2,2,1,1,1,1,0,0,0,0,-1,0,,0
d0050015=2,7,2,7,4,安拆费,宋体,-10,,0,0,0,0,0,2,2,1,1,1,1,0,0,0,0,-1,0,,0
d0050016=2,8,2,8,4,人工费,宋体,-9,,0,0,0,0,0,2,2,1,1,1,1,0,0,0,0,-1,0,,0
d0050017=2,9,2,9,4,动力燃料费,宋体,-10,,0,0,0,0,0,2,2,1,1,1,1,0,0,0,0,-1,0,,0
d0050018=2,11,2,12,2,汽油,宋体,-10,,0,0,0,0,0,2,2,1,1,1,1,0,0,0,0,-1,0,,0
d0050019=2,13,2,14,2,柴油,宋体,-10,,0,0,0,0,0,2,2,1,1,1,1,0,0,0,0,-1,0,,0
d0050020=2,15,2,16,2,电,宋体,-10,,0,0,0,0,0,2,2,1,1,1,1,0,0,0,0,-1,0,,0
d0050021=2,17,2,18,2,水,宋体,-10,,0,0,0,0,0,2,2,1,1,1,1,0,0,0,0,-1,0,,0
d0050022=2,19,2,20,2,风,宋体,-10,,0,0,0,0,0,2,2,1,1,1,1,0,0,0,0,-1,0,,0
d0050023=2,21,2,22,2,煤,宋体,-10,,0,0,0,0,0,2,2,1,1,1,1,0,0,0,0,-1,0,,0
d0050024=2,23,2,24,2,人工费,宋体,-10,,0,0,0,0,0,2,2,1,1,1,1,0,0,0,0,-1,0,,0
d0050025=2,25,2,25,4,动力燃料费,宋体,-9,,0,0,0,0,0,2,2,1,1,1,1,0,0,0,0,-1,0,,0
d0050026=2,26,2,26,4,小计,宋体,-10,,0,0,0,0,0,2,2,1,1,1,1,0,0,0,0,-1,0,,0
d0050027=2,11,3,12,3,[汽油],宋体,-10,,0,0,0,0,0,1,2,1,1,1,1,0,0,0,0,-1,0,,0
d0050028=2,13,3,14,3,[柴油],宋体,-10,,0,0,0,0,0,1,2,1,1,1,1,0,0,0,0,-1,0,,0
d0050029=2,15,3,16,3,[电],宋体,-10,,0,0,0,0,0,1,2,1,1,1,1,0,0,0,0,-1,0,,0
d0050030=2,17,3,18,3,[水],宋体,-10,,0,0,0,0,0,1,2,1,1,1,1,0,0,0,0,-1,0,,0
d0050031=2,19,3,20,3,[风],宋体,-10,,0,0,0,0,0,1,2,1,1,1,1,0,0,0,0,-1,0,,0
d0050032=2,21,3,22,3,[煤],宋体,-10,,0,0,0,0,0,1,2,1,1,1,1,0,0,0,0,-1,0,,0
d0050033=2,23,3,24,3,[人工],宋体,-10,,0,0,0,0,0,1,2,1,1,1,1,0,0,0,0,-1,0,,0
d0050034=2,11,4,11,4,数量,宋体,-10,,0,0,0,0,0,2,2,1,1,1,1,0,0,0,0,-1,0,,0
d0050035=2,12,4,12,4,合计,宋体,-10,,0,0,0,0,0,2,2,1,1,1,1,0,0,0,0,-1,0,,0
d0050036=2,13,4,13,4,数量,宋体,-10,,0,0,0,0,0,2,2,1,1,1,1,0,0,0,0,-1,0,,0
d0050037=2,14,4,14,4,合计,宋体,-10,,0,0,0,0,0,2,2,1,1,1,1,0,0,0,0,-1,0,,0
d0050038=2,15,4,15,4,数量,宋体,-10,,0,0,0,0,0,2,2,1,1,1,1,0,0,0,0,-1,0,,0
d0050039=2,16,4,16,4,合计,宋体,-10,,0,0,0,0,0,2,2,1,1,1,1,0,0,0,0,-1,0,,0
d0050040=2,17,4,17,4,数量,宋体,-10,,0,0,0,0,0,2,2,1,1,1,1,0,0,0,0,-1,0,,0
d0050041=2,18,4,18,4,合计,宋体,-10,,0,0,0,0,0,2,2,1,1,1,1,0,0,0,0,-1,0,,0
d0050042=2,19,4,19,4,数量,宋体,-10,,0,0,0,0,0,2,2,1,1,1,1,0,0,0,0,-1,0,,0
d0050043=2,20,4,20,4,合计,宋体,-10,,0,0,0,0,0,2,2,1,1,1,1,0,0,0,0,-1,0,,0
d0050044=2,21,4,21,4,数量,宋体,-10,,0,0,0,0,0,2,2,1,1,1,1,0,0,0,0,-1,0,,0
d0050045=2,22,4,22,4,合计,宋体,-10,,0,0,0,0,0,2,2,1,1,1,1,0,0,0,0,-1,0,,0
d0050046=2,23,4,23,4,数量,宋体,-10,,0,0,0,0,0,2,2,1,1,1,1,0,0,0,0,-1,0,,0
d0050047=2,24,4,24,4,合计,宋体,-10,,0,0,0,0,0,2,2,1,1,1,1,0,0,0,0,-1,0,,0
d0050048=3,1,1,1,1,,宋体,-9.75,,0,0,0,0,0,2,2,1,1,1,1,0,0,0,0,-1,0,,0
d0050049=3,2,1,2,1,,宋体,-9.75,,0,0,0,0,0,2,2,1,1,1,1,0,0,0,0,-1,0,,0
d0050050=3,3,1,3,1,,宋体,-9.75,,0,0,0,0,0,0,2,1,1,1,1,0,0,0,0,-1,0,,0
d0050051=3,4,1,4,1,,宋体,-9.75,,0,0,0,0,0,1,2,1,1,1,1,0,0,0,0,-1,0,,0
d0050052=3,5,1,5,1,,宋体,-9.75,,0,0,0,0,0,1,2,1,1,1,1,0,0,0,0,-1,0,,0
d0050053=3,6,1,6,1,,宋体,-9.75,,0,0,0,0,0,1,2,1,1,1,1,0,0,0,0,-1,0,,0
d0050054=3,7,1,7,1,,宋体,-9.75,,0,0,0,0,0,1,2,1,1,1,1,0,0,0,0,-1,0,,0
d0050055=3,8,1,8,1,,宋体,-9,,0,0,0,0,0,2,2,1,1,1,1,0,0,0,0,-1,0,,0
d0050056=3,9,1,9,1,,宋体,-9.75,,0,0,0,0,0,1,2,1,1,1,1,0,0,0,0,-1,0,,0
d0050057=3,10,1,10,1,,宋体,-9.75,,0,0,0,0,0,1,2,1,1,1,1,0,0,0,0,-1,0,,0
d0050058=3,11,1,11,1,,宋体,-9.75,,0,0,0,0,0,1,2,1,1,1,1,0,0,0,0,-1,0,,0
d0050059=3,12,1,12,1,,宋体,-9.75,,0,0,0,0,0,1,2,1,1,1,1,0,0,0,0,-1,0,,0
d0050060=3,13,1,13,1,,宋体,-9.75,,0,0,0,0,0,1,2,1,1,1,1,0,0,0,0,-1,0,,0
d0050061=3,14,1,14,1,,宋体,-9.75,,0,0,0,0,0,1,2,1,1,1,1,0,0,0,0,-1,0,,0
d0050062=3,15,1,15,1,,宋体,-9.75,,0,0,0,0,0,1,2,1,1,1,1,0,0,0,0,-1,0,,0
d0050063=3,16,1,16,1,,宋体,-9.75,,0,0,0,0,0,1,2,1,1,1,1,0,0,0,0,-1,0,,0
d0050064=3,17,1,17,1,,宋体,-9.75,,0,0,0,0,0,1,2,1,1,1,1,0,0,0,0,-1,0,,0
d0050065=3,18,1,18,1,,宋体,-9.75,,0,0,0,0,0,1,2,1,1,1,1,0,0,0,0,-1,0,,0
d0050066=3,19,1,19,1,,宋体,-9.75,,0,0,0,0,0,1,2,1,1,1,1,0,0,0,0,-1,0,,0
d0050067=3,20,1,20,1,,宋体,-9.75,,0,0,0,0,0,1,2,1,1,1,1,0,0,0,0,-1,0,,0
d0050068=3,21,1,21,1,,宋体,-9.75,,0,0,0,0,0,1,2,1,1,1,1,0,0,0,0,-1,0,,0
d0050069=3,22,1,22,1,,宋体,-9.75,,0,0,0,0,0,1,2,1,1,1,1,0,0,0,0,-1,0,,0
d0050070=3,23,1,23,1,,宋体,-9.75,,0,0,0,0,0,1,2,1,1,1,1,0,0,0,0,-1,0,,0
d0050071=3,24,1,24,1,,宋体,-9.75,,0,0,0,0,0,1,2,1,1,1,1,0,0,0,0,-1,0,,0
d0050072=3,25,1,25,1,,宋体,-9.75,,0,0,0,0,0,2,2,1,1,1,1,0,0,0,0,-1,0,,0
d0050073=3,26,1,26,1,,宋体,-9.75,,0,0,0,0,0,1,2,1,1,1,1,0,0,0,0,-1,0,,0
d0050074=3,27,1,27,1,,宋体,-9.75,,0,0,0,0,0,1,2,1,1,1,1,0,0,0,0,-1,0,,0
d0050075=3,28,1,28,1,1,宋体,-9.75,,0,0,0,0,0,2,2,0,0,0,0,0,0,0,0,-1,0,,0
d0050076=5,1,1,27,1,第[pageno]页 共[pagecount]页,宋体,-10,,0,0,0,0,0,2,2,0,0,0,0,0,0,0,0,-1,0,,0
[PARAMETER]
[报表参数]
desc=报表参数
enabled=1
count=3
1=人工显示,L(初级工),初级工,中级工,高级工,工长
2=预算价组价,R(False)
3=打印电水风下机械,R(False)
[/PARAMETER]
[SOURCE]
rpt=全国02_通用_施工机械台时汇总表.rpt
rptx=全国02_通用_施工机械台时汇总表.rptx
dll=全国02_通用_机械台班预算单价计算表.dll
type=rptx
level=1
[TEMP]
ReWrite=1
[参数设置结果]
人工显示=中级工
预算价组价=False
打印电水风下机械=False
