[DESIGN]
d001=0
d001001=招标人供应材料价格表,110,110,123,123,1,2.25,-1,宋体,-9,0,0,1.0,1.5
d002=8
d0020001=xh
d003=8
d0030001=序号,40,,,400,0,0,0,0,,1,2,1,1,1,1,0,0,0,0,,,序号,0
d0040001=5
d0040002=2
d0040003=1
d0040004=0
d0040005=2
d0040006=0
d005=24
d0030002=材料名称,60,,,400,0,0,0,0,,1,2,1,1,1,1,0,0,0,0,,,材料名称,0
d0030003=规格型号,60,,,400,0,0,0,0,,1,2,1,1,1,1,0,0,0,0,,,规格型号,0
d0030004=材料单位,60,,,400,0,0,0,0,,1,2,1,1,1,1,0,0,0,0,,,材料单位,0
d0030005=供应价,60,,,400,0,0,0,0,,1,2,1,1,1,1,0,0,0,0,,,供应价
d0030006=材料单价,60,,,400,0,0,0,0,,1,2,1,1,1,1,0,0,0,0,,,预算价,0
d0030007=供应条件,60,,,400,0,0,0,0,,1,2,1,1,1,1,0,0,1,0,,,供应条件,0
d0030008=备注,60,,,400,0,0,0,0,,1,2,1,1,1,1,0,0,1,0,,,备注,0
d00400010001=1
d00400010002=1
d00400010003=1
d00400010004=1
d00400010005=1
d00400020001=1
d00400020002=1
d0050001=1,1,1,8,2,招标人供应材料价格表,宋体,19,700,,,,,,2,2,0,0,0,0
d0050002=1,1,4,3,4,合同编号：[合同编号],宋体,9,400,,,,,,0,2,0,0,0,0
d0050003=1,1,5,3,5,工程名称：[工程名称],宋体,9,400,,,,,,0,2,0,0,0,0
d0050004=1,6,5,8,5,第[pageno]页 共[pagecount]页,宋体,9,400,,,,,,1,2,0,0,0,0
d0050005=2,1,1,1,2,序号,宋体,9,400,,,,,,2,2,1,1,1,1
d0050006=2,2,1,2,2,材料名称,宋体,9,400,,,,,,2,2,1,1,1,1
d0050007=2,3,1,3,2,型号规格,宋体,9,400,,,,,,2,2,1,1,1,1
d0050008=2,4,1,4,2,计量char(13)char(10)单位,宋体,9,400,,,,,,2,2,1,1,1,1
d0050009=2,5,1,5,2,供应价char(13)char(10)（元）,宋体,9,400,,,,,,2,2,1,1,1,1
d0050010=2,6,1,6,2,预算价char(13)char(10)（元）,宋体,9,400,,,,,,2,2,1,1,1,1
d0050011=2,7,1,7,2,供应条件,,,400,,,,,,2,2,1,1,1,1
d0050012=2,8,1,8,2,备注,,,400,,,,,,2,2,1,1,1,1
d0050013=5,4,1,5,1,法定代表人,宋体,9,400,,,,,,0,2,0,0,0,0
d0050014=5,4,2,5,2,（委托代理人）： ,宋体,9,400,,,,,,0,2,0,0,0,0
d0050015=5,8,2,8,2,（签字）,宋体,9,400,,,,,,1,2,0,0,0,0
d00400050001=1
d00400050002=1
d0050016=3,1,1,1,1,,,,,,,,,,2,,1,1,1,1
d0050017=3,2,1,2,1,,,,,,,,,,2,,1,1,1,1
d0050018=3,3,1,3,1,,,,,,,,,,2,,1,1,1,1
d0050019=3,4,1,4,1,,,,,,,,,,2,,1,1,1,1
d0050020=3,5,1,5,1,,,,,,,,,,1,,1,1,1,1
d0050021=3,6,1,6,1,,,,,,,,,,1,,1,1,1,1
d0050022=3,7,1,7,1,,,,,,,,,,,,1,1,1,1
d0050023=3,8,1,8,1,,,,,,,,,,,,1,1,1,1
d0050024=3,9,1,9,1,1,,,,,,,,,,,1,1,1,1
[DATA]
select string(number(*)) as xh,clmc,clgg,cldw,yj,dj,gytj,clbm,bz from zbrtg_cl order by xh
[/DATA]
[SQL]
[/SQL]
[SQLSYNTAX]
[/SQLSYNTAX]
[PARAMETER]
[/PARAMETER]
[DESCRIBE]
[/DESCRIBE]
[SOURCE]
type=rptx
dll=report_国标_招标人_招标人供应材料价格表.dll
[TEMP]
ReWrite=1
