[DESIGN]
d001=0
d001001=分组工程报价组成表,150,150,150,150,2,1.5,-1,宋体,-10,0,0,1,1.5
d003=23
d0030001=序号,50,宋体,-9,,0,0,0,0,16777215,2,2,1,1,1,1,0,0,1,0,-1,0,序号,0
d0030002=编号,50,宋体,-9,,0,0,0,0,16777215,2,2,1,1,1,1,0,0,0,1,-1,0,编号,0
d0030003=项目名称,100,宋体,-9,,0,0,0,0,16777215,1,2,1,1,1,1,1,0,0,0,-1,0,项目名称,0
d0030004=项目单位,50,宋体,-9,,0,0,0,0,16777215,1,2,1,1,1,1,0,0,0,0,-1,0,项目单位,0
d0030005=项目单价,60,宋体,-9,,0,0,0,0,16777215,1,2,1,1,1,1,0,0,0,1,-1,0,项目单价,0
d0030006=人工费,60,宋体,-9,,0,0,0,0,16777215,1,2,1,1,1,1,0,0,0,1,-1,0,人工费,0
d0030007=材料费,60,宋体,-9,,0,0,0,0,16777215,1,2,1,1,1,1,0,0,0,1,-1,0,材料费,0
d0030008=招标人材料费,60,宋体,-9,,0,0,0,0,16777215,0,2,1,1,1,1,0,1,0,1,-1,0,招标人提供的材料费,0
d0030009=一类费用,60,宋体,-9,,0,0,0,0,16777215,0,2,1,1,1,1,0,0,0,1,-1,0,一类费用,0
d0030010=二三类费用,60,宋体,-9,,0,0,0,0,16777215,0,2,1,1,1,1,0,0,0,1,-1,0,二三类费用,0
d0030011=机械费,62,宋体,-9,,0,0,0,0,16777215,1,2,1,1,1,1,0,0,0,1,-1,0,机械费,0
d0030012=招标人一类费用,60,宋体,-9,,0,0,0,0,16777215,0,2,1,1,1,1,0,0,1,1,-1,0,招标人一类费用,0
d0030013=招标人二三类费用,60,宋体,-9,,0,0,0,0,16777215,0,2,1,1,1,1,0,0,1,1,-1,0,招标人二三类费用,0
d0030014=招标人机械费,60,宋体,-9,,0,0,0,0,16777215,0,2,1,1,1,1,0,0,1,1,-1,0,招标人提供的机械费,0
d0030015=其他费,60,宋体,-9,,0,0,0,0,16777215,1,2,1,1,1,1,0,0,0,1,-1,0,其他费,0
d0030016=其它直接费,60,宋体,-9,,0,0,0,0,16777215,1,2,1,1,1,1,0,0,0,1,-1,0,其它直接费,0
d0030017=现场经费,60,宋体,-9,,0,0,0,0,16777215,1,2,1,1,1,1,0,0,0,1,-1,0,现场经费,0
d0030018=间接费,60,宋体,-9,,0,0,0,0,16777215,1,2,1,1,1,1,0,0,0,1,-1,0,间接费,0
d0030019=企业利润,60,宋体,-9,,0,0,0,0,16777215,1,2,1,1,1,1,0,0,0,1,-1,0,企业利润,0
d0030020=价差,60,宋体,-9,,0,0,0,0,16777215,1,2,1,1,1,1,0,1,0,1,-1,0,价差,0
d0030021=税金,60,宋体,-9,,0,0,0,0,16777215,1,2,1,1,1,1,0,0,0,1,-1,0,税金,0
d0030022=其他费用摊销,60,宋体,-9,,0,0,0,0,16777215,1,2,1,1,1,1,0,1,0,1,-1,0,其他费用摊销,0
d0030023=项目合价,60,宋体,-9,,0,0,0,0,16777215,1,2,1,1,1,1,0,0,0,1,-1,0,项目合价,0

d0040001=4
d0040002=2
d0040003=0
d0040004=0
d0040005=4

d005=86
d0050001=1,1,1,23,2,分组工程报价组成表,宋体,-18,700,0,0,0,0,0,2,2,0,0,0,0,0,0,0,0,-1,0,,0
d0050002=1,1,3,18,4,工程名称：,宋体,-9,,0,0,0,0,0,0,1,0,0,0,0,0,0,0,0,-1,0,,0
d0050003=1,19,3,23,4,单位：    ,宋体,-9,,0,0,0,0,0,1,1,0,0,0,0,0,0,0,0,-1,0,,0
d0050004=2,1,1,1,2,序号,宋体,-9,,0,0,0,0,0,2,2,1,1,1,1,0,0,0,0,-1,0,,0
d0050005=2,2,1,2,2,编号,宋体,-9,,0,0,0,0,0,2,2,1,1,1,1,0,0,0,0,-1,0,,0
d0050006=2,3,1,3,2,项目名称,宋体,-9,,0,0,0,0,0,2,2,1,1,1,1,0,0,0,0,-1,0,,0
d0050007=2,4,1,4,2,单位,宋体,-9,,0,0,0,0,0,2,2,1,1,1,1,0,0,0,0,-1,0,,0
d0050008=2,5,1,5,2,单价char(13)char(10),宋体,-9,,0,0,0,0,0,2,2,1,1,1,1,0,0,0,0,-1,0,,0
d0050009=2,6,1,6,2,人工费,宋体,-9,,0,0,0,0,0,2,2,1,1,1,1,0,0,0,0,-1,0,,0
d0050010=2,7,1,7,2,材料费,宋体,-9,,0,0,0,0,0,2,2,1,1,1,1,0,0,0,0,-1,0,,0
d0050011=2,8,1,8,2,招标人提供的char(13)char(10)材料费,宋体,-9,,0,0,0,0,0,2,2,1,1,1,1,0,0,0,0,-1,0,,0
d0050012=2,9,1,11,1,机械费,宋体,-9,,0,0,0,0,0,2,2,1,1,1,1,0,0,0,0,-1,0,,0
d0050013=2,12,1,14,1,招标人提供的机械费,宋体,-9,,0,0,0,0,0,2,2,1,1,1,1,0,0,0,0,-1,0,,0
d0050014=2,15,1,15,2,其他费,宋体,-9,,0,0,0,0,0,2,2,1,1,1,1,0,0,0,0,-1,0,,0
d0050015=2,16,1,16,2,其他char(13)char(10)直接费char(13)char(10),宋体,-9,,0,0,0,0,0,2,2,1,1,1,1,0,0,0,0,-1,0,,0
d0050016=2,17,1,17,2,现场char(13)char(10)经费char(13)char(10),宋体,-9,,0,0,0,0,0,2,2,1,1,1,1,0,0,0,0,-1,0,,0
d0050017=2,18,1,18,2,间接费,宋体,-9,,0,0,0,0,0,2,2,1,1,1,1,0,0,0,0,-1,0,,0
d0050018=2,19,1,19,2,利润,宋体,-9,,0,0,0,0,0,2,2,1,1,1,1,0,0,0,0,-1,0,,0
d0050019=2,20,1,20,2,价差,宋体,-9,,0,0,0,0,0,2,2,1,1,1,1,0,0,0,0,-1,0,,0
d0050020=2,21,1,21,2,税金,宋体,-9,,0,0,0,0,0,2,2,1,1,1,1,0,0,0,0,-1,0,,0
d0050021=2,22,1,22,2,其他char(13)char(10)费用char(13)char(10)摊销char(13)char(10),宋体,-9,,0,0,0,0,0,2,2,1,1,1,1,0,0,0,0,-1,0,,0
d0050022=2,23,1,23,2,合计,宋体,-9,,0,0,0,0,0,2,2,1,1,1,1,0,0,0,0,-1,0,,0
d0050023=2,9,2,9,2,一类费用,宋体,-9,,0,0,0,0,0,2,2,1,1,1,1,0,0,0,0,-1,0,,0
d0050024=2,10,2,10,2,二三类char(13)char(10)费用char(13)char(10),宋体,-9,,0,0,0,0,0,2,2,1,1,1,1,0,0,0,0,-1,0,,0
d0050025=2,11,2,11,2,小计,宋体,-9,,0,0,0,0,0,2,2,1,1,1,1,0,0,0,0,-1,0,,0
d0050026=2,12,2,12,2,一类费用,宋体,-9,,0,0,0,0,0,2,2,1,1,1,1,0,0,0,0,-1,0,,0
d0050027=2,13,2,13,2,二三类费用,宋体,-9,,0,0,0,0,0,2,2,1,1,1,1,0,0,0,0,-1,0,,0
d0050028=2,14,2,14,2,小计,宋体,-9,,0,0,0,0,0,2,2,1,1,1,1,0,0,0,0,-1,0,,0
d0050029=3,1,1,1,1,,宋体,-9,,0,0,0,0,0,2,2,0,0,0,0,0,0,0,0,-1,0,,0
d0050030=3,2,1,2,1,,宋体,-9,,0,0,0,0,0,2,2,1,1,1,1,0,0,0,0,-1,0,,0
d0050031=3,3,1,3,1,,宋体,-9,,0,0,0,0,0,2,2,1,1,1,1,0,0,0,0,-1,0,,0
d0050032=3,4,1,4,1,,宋体,-9,,0,0,0,0,0,2,2,1,1,1,1,0,0,0,0,-1,0,,0
d0050033=3,5,1,5,1,,宋体,-9,,0,0,0,0,0,2,2,1,1,1,1,0,0,0,0,-1,0,,0
d0050034=3,6,1,6,1,,宋体,-9,,0,0,0,0,0,2,2,1,1,1,1,0,0,0,0,-1,0,,0
d0050035=3,7,1,7,1,,宋体,-9,,0,0,0,0,0,2,2,1,1,1,1,0,0,0,0,-1,0,,0
d0050036=3,8,1,8,1,,宋体,-9,,0,0,0,0,0,2,2,1,1,1,1,0,0,0,0,-1,0,,0
d0050037=3,9,1,9,1,,宋体,-9,,0,0,0,0,0,2,2,1,1,1,1,0,0,0,0,-1,0,,0
d0050038=3,10,1,10,1,,宋体,-9,,0,0,0,0,0,2,2,1,1,1,1,0,0,0,0,-1,0,,0
d0050039=3,11,1,11,1,,宋体,-9,,0,0,0,0,0,2,2,1,1,1,1,0,0,0,0,-1,0,,0
d0050040=3,12,1,12,1,,宋体,-9,,0,0,0,0,0,2,2,1,1,1,1,0,0,0,0,-1,0,,0
d0050041=3,13,1,13,1,,宋体,-9,,0,0,0,0,0,2,2,1,1,1,1,0,0,0,0,-1,0,,0
d0050042=3,14,1,14,1,,宋体,-9,,0,0,0,0,0,2,2,1,1,1,1,0,0,0,0,-1,0,,0
d0050043=3,15,1,15,1,,宋体,-9,,0,0,0,0,0,2,2,1,1,1,1,0,0,0,0,-1,0,,0
d0050044=3,16,1,16,1,,宋体,-9,,0,0,0,0,0,2,2,1,1,1,1,0,0,0,0,-1,0,,0
d0050045=3,17,1,17,1,,宋体,-9,,0,0,0,0,0,2,2,1,1,1,1,0,0,0,0,-1,0,,0
d0050046=3,18,1,18,1,,宋体,-9,,0,0,0,0,0,2,2,1,1,1,1,0,0,0,0,-1,0,,0
d0050047=3,19,1,19,1,,宋体,-9,,0,0,0,0,0,2,2,1,1,1,1,0,0,0,0,-1,0,,0
d0050048=3,20,1,20,1,,宋体,-9,,0,0,0,0,0,2,2,1,1,1,1,0,0,0,0,-1,0,,0
d0050049=3,21,1,21,1,,宋体,-9,,0,0,0,0,0,2,2,1,1,1,1,0,0,0,0,-1,0,,0
d0050050=3,22,1,22,1,,宋体,-9,,0,0,0,0,0,2,2,1,1,1,1,0,0,0,0,-1,0,,0
d0050051=3,23,1,23,1,,宋体,-9,,0,0,0,0,0,2,2,1,1,1,1,0,0,0,0,-1,0,,0
d0050052=3,24,1,24,1,1,宋体,-9,,0,0,0,0,0,2,2,0,0,0,0,0,0,0,0,-1,0,,0
d0050053=3,1,2,1,2,,宋体,-9,,0,0,0,0,0,2,2,0,0,0,0,0,0,0,0,-1,0,,0
d0050054=3,2,2,2,2,,宋体,-9,,0,0,0,0,0,2,2,1,1,1,1,0,0,0,0,-1,0,,0
d0050055=3,3,2,3,2,,宋体,-9,,0,0,0,0,0,2,2,1,1,1,1,0,0,0,0,-1,0,,0
d0050056=3,4,2,4,2,,宋体,-9,,0,0,0,0,0,2,2,1,1,1,1,0,0,0,0,-1,0,,0
d0050057=3,5,2,5,2,,宋体,-9,,0,0,0,0,0,2,2,1,1,1,1,0,0,0,0,-1,0,,0
d0050058=3,6,2,6,2,,宋体,-9,,0,0,0,0,0,2,2,1,1,1,1,0,0,0,0,-1,0,,0
d0050059=3,7,2,7,2,,宋体,-9,,0,0,0,0,0,2,2,1,1,1,1,0,0,0,0,-1,0,,0
d0050060=3,8,2,8,2,,宋体,-9,,0,0,0,0,0,2,2,1,1,1,1,0,0,0,0,-1,0,,0
d0050061=3,9,2,9,2,,宋体,-9,,0,0,0,0,0,2,2,1,1,1,1,0,0,0,0,-1,0,,0
d0050062=3,10,2,10,2,,宋体,-9,,0,0,0,0,0,2,2,1,1,1,1,0,0,0,0,-1,0,,0
d0050063=3,11,2,11,2,,宋体,-9,,0,0,0,0,0,2,2,1,1,1,1,0,0,0,0,-1,0,,0
d0050064=3,12,2,12,2,,宋体,-9,,0,0,0,0,0,2,2,1,1,1,1,0,0,0,0,-1,0,,0
d0050065=3,13,2,13,2,,宋体,-9,,0,0,0,0,0,2,2,1,1,1,1,0,0,0,0,-1,0,,0
d0050066=3,14,2,14,2,,宋体,-9,,0,0,0,0,0,2,2,1,1,1,1,0,0,0,0,-1,0,,0
d0050067=3,15,2,15,2,,宋体,-9,,0,0,0,0,0,2,2,1,1,1,1,0,0,0,0,-1,0,,0
d0050068=3,16,2,16,2,,宋体,-9,,0,0,0,0,0,2,2,1,1,1,1,0,0,0,0,-1,0,,0
d0050069=3,17,2,17,2,,宋体,-9,,0,0,0,0,0,2,2,1,1,1,1,0,0,0,0,-1,0,,0
d0050070=3,18,2,18,2,,宋体,-9,,0,0,0,0,0,2,2,1,1,1,1,0,0,0,0,-1,0,,0
d0050071=3,19,2,19,2,,宋体,-9,,0,0,0,0,0,2,2,1,1,1,1,0,0,0,0,-1,0,,0
d0050072=3,20,2,20,2,,宋体,-9,,0,0,0,0,0,2,2,1,1,1,1,0,0,0,0,-1,0,,0
d0050073=3,21,2,21,2,,宋体,-9,,0,0,0,0,0,2,2,1,1,1,1,0,0,0,0,-1,0,,0
d0050074=3,22,2,22,2,,宋体,-9,,0,0,0,0,0,2,2,1,1,1,1,0,0,0,0,-1,0,,0
d0050075=3,23,2,23,2,,宋体,-9,,0,0,0,0,0,2,2,1,1,1,1,0,0,0,0,-1,0,,0
d0050076=3,24,2,24,2,1003,宋体,-9,,0,0,0,0,0,2,2,0,0,0,0,0,0,0,0,-1,0,,0
d0050077=5,1,1,1,1,,宋体,-9,,0,0,0,0,0,2,1,0,0,0,0,0,0,0,0,-1,0,,0
d0050078=5,2,1,18,1,投标人：,宋体,-9,,0,0,0,0,0,1,1,0,0,0,0,0,0,0,0,-1,0,,0
d0050079=5,19,1,23,1, ,宋体,-9,,0,0,0,0,0,0,1,0,1,0,0,0,0,0,0,-1,0,,0
d0050080=5,1,2,1,2,,宋体,-9,,0,0,0,0,0,2,1,0,0,0,0,0,0,0,0,-1,0,,0
d0050081=5,2,2,18,2,法定代表人(委托代理人)：,宋体,-9,,0,0,0,0,0,1,1,0,0,0,0,0,0,0,0,-1,0,,0
d0050082=5,19,2,23,2, ,宋体,-9,,0,0,0,0,0,0,1,0,1,0,0,0,0,0,0,-1,0,,0
d0050083=5,1,3,1,3,,宋体,-9,,0,0,0,0,0,2,1,0,0,0,0,0,0,0,0,-1,0,,0
d0050084=5,2,3,18,3,,宋体,-9,,0,0,0,0,0,1,1,0,0,0,0,0,0,0,0,-1,0,,0
d0050085=5,19,3,23,3,       年    月    日,宋体,-9,,0,0,0,0,0,0,1,0,0,0,0,0,0,0,0,-1,0,,0
d0050086=5,1,4,23,4,第  页 共  页,宋体,-9,,0,0,0,0,0,2,1,0,0,0,0,0,0,0,0,-1,0,,0
[PARAMETER]
[/PARAMETER]
[SOURCE]
dll=空表.dll
[TEMP]
ReWrite=1
