[DESIGN]
d001=1
d001001=工程量清单,201,201,85,77,1,1.50,-1,宋体,-13,0,1,0.1,0.1
d002=9
d0020001=col1
d0020002=col2
d0020003=col3
d0020004=col4
d0020005=col5
d0020006=col6
d0020007=col7
d0020008=col8
d0020009=col9
d003=4
d0030001=col1,140,,,400,1,0,0,0,,0,2,1,,,,,,,0
d0030002=col2,100,,,400,1,0,0,0,,0,2,1
d0030003=col3,100,,,400,1,0,0,0,,0,2,1
d0030004=col4,181,,,400,1,0,0,0,,0,2,1,,,,,,,0
d0040001=0
d0040002=19
d0040003=1
d0040004=0
d0040005=0
d0040006=0
d005=18
d0050001=2,1,3,4,4,工 程 量 清 单,,-22,700,0,0,0,0,,2,2,0,0,0,0
d0050002=2,1,7,1,8,招   标   人:,,,400,0,0,0,0,,0,1,0,0,0,0
d0050003=2,1,9,1,10,招 标 单 位char(13)char(10)法代表人char(13)char(10)(或委托代理人):,,,400,0,0,0,0,,0,1,0,0,0,0
d0050004=2,1,11,1,12,中 介机 构char(13)char(10)法定代表人char(13)char(10)(或委托代理人):,,,400,0,0,0,0,,0,1,0,0,0,0
d0050005=2,1,13,1,14,造价工程师char(13)char(10)及注册证号：,,,400,0,0,0,0,,0,1,0,0,0,0
d0050006=2,1,15,1,16,编 制时 间:,,,400,0,0,0,0,,0,1,0,0,0,0
d0050007=2,4,7,4,8,（单位盖章）,,,400,0,0,0,0,,0,1,0,0,0,0
d0050008=2,4,9,4,10,（签字盖章）,,,400,0,0,0,0,,0,1,0,0,0,0
d0050009=2,4,11,4,12,（签字盖章）,,,400,0,0,0,0,,0,1,0,0,0,0
d0050010=2,4,13,4,14,（签字盖执业专用章）,,,400,0,0,0,0,,0,1,0,0,0,0,,,,,,0
d0050011=2,2,7,3,8,[招标单位],,,400,0,0,0,0,,0,1,0,1,0,0,,,,,,-9
d0050012=2,2,9,3,10,[招标单位法定代表人],,,400,0,0,0,0,,0,1,0,1,0,0,,,,,,-9
d0050013=2,2,11,3,12,[中介单位法定代表人],,,400,0,0,0,0,,0,1,0,1,0,0,,,,,,-9
d0050014=2,2,13,3,14,[招标单位资格证],,,400,0,0,0,0,,0,1,0,1,0,0,,,,,,-9
d0050015=2,2,15,3,16,[编制日期],,,400,0,0,0,0,,0,1,0,1,0,0,,,,,,-9
d0050016=2,1,1,4,2,[工程名称],,,400,0,0,0,0,,2,1,0,0,0,0,,,,,,18
d0050017=2,2,5,2,5,合同编号：,,,400,0,0,0,0,,1,2,0,0,0,0
d0050018=2,3,5,4,5,[合同编号],,,400,0,0,0,0,,0,2,0,0,0,0

[DATA]
call usp_bzsm()
[/DATA]

[SQL]
alter procedure
usp_bzsm()
begin
  declare bzsm long varchar;
  declare bzfz long varchar;
  declare bzxx long varchar;
  declare local temporary table temptab(
   
    xh integer null default
    autoincrement,
    col1 varchar(1) null default '',
    col2 varchar(1) null default '',
    xxx_flag integer not null default 0,
    xxx_expand1_sx_ex long varchar null default '',
    xxx_expand2_sx_ex long varchar null default '',
    xxx_expand1 long varchar null default '',
    xxx_expand2 long varchar null default '',
    ) on commit delete rows;
  select prodata_value into bzsm from prodata where prodata_dwname = 'Make_Explain_sl' and prodata_column = 'cloumn1';
  select prodata_value into bzfz from prodata where prodata_dwname = 'Make_Explain_sl' and prodata_column = 'cloumn2';
  select prodata_value into bzxx from prodata where prodata_dwname = 'Make_Explain_sl' and prodata_column = 'cloumn3';
  insert into temptab(xxx_flag,xxx_expand1) values(-3,'编制说明(@@)'+bzsm);
  insert into temptab(xxx_flag,xxx_expand1) values(-3,'编制附注(@@)'+bzfz);
  insert into temptab(xxx_flag,xxx_expand1) values(-3,'备注信息(@@)'+bzxx);
  select* from temptab order by xh asc;
end
[/SQL]

[SQLSYNTAX]
[/SQLSYNTAX]

[PARAMETER]
[/PARAMETER]

[DESCRIBE]
report_国标_招标人_工程量清单.htm
[/DESCRIBE]
[TEMP]
ReWrite=1
