[DESIGN]
d001=1
d001001=建设工程造价审核定案表(招投标) - 横向,150,150,150,150,2,1.5,-1,宋体,-10,0,1,1,0.1,-1
d003=8
d0030001=colleft,60,宋体,-9,,0,0,0,0,0,0,0,1,1,1,1,0,0,0,0,-1,0,左边框,0,,0
d0030002=col1,109,宋体,-9,,1,0,0,0,16777215,0,2,1,1,1,1,0,0,0,1,-1,0,A,0,,0
d0030003=col2,224,宋体,-9,,1,0,0,0,16777215,0,2,1,1,1,1,0,0,0,0,-1,0,B,0,,0
d0030004=col3,132,宋体,-9,,1,0,0,0,16777215,0,2,1,1,1,1,0,0,0,1,-1,0,C,0,,0
d0030005=col4,213,宋体,-9,,1,0,0,0,16777215,0,2,1,1,1,1,0,0,0,0,-1,0,D,0,,0
d0030006=col5,113,宋体,-9,,0,0,0,0,0,0,0,1,1,1,1,0,0,0,1,-1,0,E,0,,0
d0030007=col6,243,宋体,-9,,0,0,0,0,0,0,0,1,1,1,1,0,0,0,0,-1,0,F,0,,0
d0030008=colright,60,宋体,-9,,0,0,0,0,0,0,0,1,1,1,1,0,0,0,0,-1,0,右边框,0,,0

d0040001=0
d0040002=26
d0040003=0
d0040004=0
d0040005=0

d005=114
d0050001=2,1,1,1,1,,宋体,-9,,0,0,0,0,0,2,2,0,0,0,0,0,0,0,0,-1,0,,0,,0
d0050002=2,2,1,7,1,建设工程造价审核定案表,宋体,-22,700,0,0,0,0,0,2,1,0,0,0,0,0,0,0,0,-1,0,,0,,0
d0050003=2,8,1,8,1,,宋体,-9,,0,0,0,0,0,2,2,0,0,0,0,0,0,0,0,-1,0,,0,,0
d0050004=2,1,2,1,2,,宋体,-9,,0,0,0,0,0,2,2,0,0,0,0,0,0,0,0,-1,0,,0,,0
d0050005=2,2,2,2,2, 存档编号：,宋体,-9,,0,0,0,0,0,0,2,0,0,0,0,0,0,0,0,-1,0,,0,,0
d0050006=2,3,2,7,2,,宋体,-9,,0,0,0,0,0,0,2,0,0,0,0,0,0,0,0,-1,0,,0,,0
d0050007=2,8,2,8,2,,宋体,-9,,0,0,0,0,0,2,2,0,0,0,0,0,0,0,0,-1,0,,0,,0
d0050008=2,1,3,1,3,,宋体,-9,,0,0,0,0,0,2,2,0,0,0,0,0,0,0,0,-1,0,,0,,0
d0050009=2,2,3,2,3, 咨询公司(单位):,宋体,-9,,0,0,0,0,0,0,2,0,0,0,0,0,0,0,0,-1,0,,0,,0
d0050010=2,3,3,7,3,,宋体,-9,,0,0,0,0,0,2,2,0,0,0,0,0,0,0,0,-1,0,,0,,0
d0050011=2,8,3,8,3,,宋体,-9,,0,0,0,0,0,2,2,0,0,0,0,0,0,0,0,-1,0,,0,,0
d0050012=2,1,4,1,4,,宋体,-9,,0,0,0,0,0,2,2,0,0,0,0,0,0,0,0,-1,0,,0,,0
d0050013=2,2,4,2,5, 工程名称：,宋体,-9,,0,0,0,0,0,0,2,1,1,1,1,0,0,0,0,-1,0,,0,,0
d0050014=2,3,4,7,5,    [工程名称],宋体,-9,,0,0,0,0,0,0,2,1,1,1,1,0,0,0,0,-1,0,,0,,0
d0050015=2,8,4,8,4,,宋体,-9,,0,0,0,0,0,2,2,0,0,0,0,0,0,0,0,-1,0,,0,,0
d0050016=2,1,5,1,5,,宋体,-9,,0,0,0,0,0,2,2,0,0,0,0,0,0,0,0,-1,0,,0,,0
d0050017=2,8,5,8,5,,宋体,-9,,0,0,0,0,0,2,2,0,0,0,0,0,0,0,0,-1,0,,0,,0
d0050018=2,1,6,1,6,,宋体,-9,,0,0,0,0,0,2,2,0,0,0,0,0,0,0,0,-1,0,,0,,0
d0050019=2,2,6,7,7,审定结果,宋体,-9,,0,0,0,0,0,2,2,1,1,1,1,0,0,0,0,-1,0,,0,,0
d0050020=2,8,6,8,6,,宋体,-9,,0,0,0,0,0,2,2,0,0,0,0,0,0,0,0,-1,0,,0,,0
d0050021=2,1,7,1,7,,宋体,-9,,0,0,0,0,0,2,2,0,0,0,0,0,0,0,0,-1,0,,0,,0
d0050022=2,8,7,8,7,,宋体,-9,,0,0,0,0,0,2,2,0,0,0,0,0,0,0,0,-1,0,,0,,0
d0050023=2,1,8,1,8,,宋体,-9,,0,0,0,0,0,2,2,0,0,0,0,0,0,0,0,-1,0,,0,,0
d0050024=2,2,8,2,9, 送审造价：,宋体,-9,,0,0,0,0,0,0,2,1,1,1,1,0,0,0,0,-1,0,,0,,0
d0050025=2,3,8,3,9,[送审金额小写] 元    ,宋体,-9,,0,0,0,0,0,2,2,1,1,1,1,0,0,0,0,-1,0,,0,,0
d0050026=2,4,8,4,9, 审核造价：,宋体,-9,,0,0,0,0,0,0,2,1,1,1,1,0,0,0,0,-1,0,,0,,0
d0050027=2,5,8,5,9,[审定金额小写] 元  ,宋体,-9,,0,0,0,0,0,2,2,1,1,1,1,0,0,0,0,-1,0,,0,,0
d0050028=2,6,8,6,9, 审减(增)造价：,宋体,-9,,0,0,0,0,0,2,2,1,1,1,1,0,0,0,0,-1,0,,0,,0
d0050029=2,7,8,7,9,[审核价差金额] 元  ,宋体,-9,,0,0,0,0,0,2,2,1,1,1,1,0,0,0,0,-1,0,,0,,0
d0050030=2,8,8,8,8,,宋体,-9,,0,0,0,0,0,2,2,0,0,0,0,0,0,0,0,-1,0,,0,,0
d0050031=2,1,9,1,9,,宋体,-9,,0,0,0,0,0,2,2,0,0,0,0,0,0,0,0,-1,0,,0,,0
d0050032=2,8,9,8,9,,宋体,-9,,0,0,0,0,0,2,2,0,0,0,0,0,0,0,0,-1,0,,0,,0
d0050033=2,1,10,1,10,,宋体,-9,,0,0,0,0,0,2,2,0,0,0,0,0,0,0,0,-1,0,,0,,0
d0050034=2,2,10,4,11, 定案造价(小写)：[审定金额小写] 元  ,宋体,-9,,0,0,0,0,0,0,2,1,0,1,0,0,0,0,0,-1,0,,0,,0
d0050035=2,5,10,7,11,     （大写）：[审定金额大写] ,宋体,-9,,0,0,0,0,0,0,2,1,0,0,0,0,0,0,0,-1,0,,0,,0
d0050036=2,8,10,8,10,,宋体,-9,,0,0,0,0,0,2,2,0,0,1,0,0,0,0,0,-1,0,,0,,0
d0050037=2,1,11,1,11,,宋体,-9,,0,0,0,0,0,2,2,0,0,0,0,0,0,0,0,-1,0,,0,,0
d0050038=2,8,11,8,11,,宋体,-9,,0,0,0,0,0,2,2,0,0,1,0,0,0,0,0,-1,0,,0,,0
d0050039=2,1,12,1,12,,宋体,-9,,0,0,0,0,0,2,2,0,0,0,0,0,0,0,0,-1,0,,0,,0
d0050040=2,2,12,3,13, 建设单位意见：,宋体,-9,,0,0,0,0,0,0,2,1,1,1,1,0,0,0,0,-1,0,,0,,0
d0050041=2,4,12,5,13, 施工单位意见：,宋体,-9,,0,0,0,0,0,0,2,1,1,1,1,0,0,0,0,-1,0,,0,,0
d0050042=2,6,12,7,13, 咨询单位意见：,宋体,-9,,0,0,0,0,0,0,2,1,1,1,1,0,0,0,0,-1,0,,0,,0
d0050043=2,8,12,8,12,,宋体,-9,,0,0,0,0,0,2,2,0,0,0,0,0,0,0,0,-1,0,,0,,0
d0050044=2,1,13,1,13,,宋体,-9,,0,0,0,0,0,2,2,0,0,0,0,0,0,0,0,-1,0,,0,,0
d0050045=2,8,13,8,13,,宋体,-9,,0,0,0,0,0,2,2,0,0,0,0,0,0,0,0,-1,0,,0,,0
d0050046=2,1,14,1,14,,宋体,-9,,0,0,0,0,0,2,2,0,0,0,0,0,0,0,0,-1,0,,0,,0
d0050047=2,2,14,2,14,,宋体,-9,,0,0,0,0,0,0,2,0,0,1,0,0,0,0,0,-1,0,,0,,0
d0050048=2,3,14,3,14,,宋体,-9,,0,0,0,0,0,2,2,0,0,0,1,0,0,0,0,-1,0,,0,,0
d0050049=2,4,14,4,14,,宋体,-9,,0,0,0,0,0,2,2,0,0,0,0,0,0,0,0,-1,0,,0,,0
d0050050=2,5,14,5,14,,宋体,-9,,0,0,0,0,0,0,1,0,0,0,1,0,0,0,0,-1,0,,0,,0
d0050051=2,6,14,6,14,,宋体,-9,,0,0,0,0,0,2,2,0,0,0,0,0,0,0,0,-1,0,,0,,0
d0050052=2,7,14,7,14,,宋体,-9,,0,0,0,0,0,2,2,0,0,0,1,0,0,0,0,-1,0,,0,,0
d0050053=2,8,14,8,14,,宋体,-9,,0,0,0,0,0,2,2,0,0,0,0,0,0,0,0,-1,0,,0,,0
d0050054=2,1,15,1,15,,宋体,-9,,0,0,0,0,0,2,2,0,0,0,0,0,0,0,0,-1,0,,0,,0
d0050055=2,2,15,2,15,,宋体,-9,,0,0,0,0,0,0,2,0,0,1,0,0,0,0,0,-1,0,,0,,0
d0050056=2,3,15,3,15,,宋体,-9,,0,0,0,0,0,2,2,0,0,0,1,0,0,0,0,-1,0,,0,,0
d0050057=2,4,15,4,15,,宋体,-9,,0,0,0,0,0,2,2,0,0,0,0,0,0,0,0,-1,0,,0,,0
d0050058=2,5,15,5,15,,宋体,-9,,0,0,0,0,0,0,1,0,0,0,1,0,0,0,0,-1,0,,0,,0
d0050059=2,6,15,6,15,,宋体,-9,,0,0,0,0,0,2,2,0,0,0,0,0,0,0,0,-1,0,,0,,0
d0050060=2,7,15,7,15,,宋体,-9,,0,0,0,0,0,2,2,0,0,0,1,0,0,0,0,-1,0,,0,,0
d0050061=2,8,15,8,15,,宋体,-9,,0,0,0,0,0,2,2,0,0,0,0,0,0,0,0,-1,0,,0,,0
d0050062=2,1,16,1,16,,宋体,-9,,0,0,0,0,0,2,2,0,0,0,0,0,0,0,0,-1,0,,0,,0
d0050063=2,2,16,2,16,,宋体,-9,,0,0,0,0,0,0,2,0,0,1,0,0,0,0,0,-1,0,,0,,0
d0050064=2,3,16,3,16,,宋体,-9,,0,0,0,0,0,2,2,0,0,0,1,0,0,0,0,-1,0,,0,,0
d0050065=2,4,16,4,16,,宋体,-9,,0,0,0,0,0,2,2,0,0,0,0,0,0,0,0,-1,0,,0,,0
d0050066=2,5,16,5,16,,宋体,-9,,0,0,0,0,0,0,1,0,0,0,1,0,0,0,0,-1,0,,0,,0
d0050067=2,6,16,6,16,,宋体,-9,,0,0,0,0,0,2,2,0,0,0,0,0,0,0,0,-1,0,,0,,0
d0050068=2,7,16,7,16,,宋体,-9,,0,0,0,0,0,2,2,0,0,0,1,0,0,0,0,-1,0,,0,,0
d0050069=2,8,16,8,16,,宋体,-9,,0,0,0,0,0,2,2,0,0,0,0,0,0,0,0,-1,0,,0,,0
d0050070=2,1,17,1,17,,宋体,-9,,0,0,0,0,0,2,2,0,0,0,0,0,0,0,0,-1,0,,0,,0
d0050071=2,2,17,2,17,,宋体,-9,,0,0,0,0,0,0,2,0,0,1,0,0,0,0,0,-1,0,,0,,0
d0050072=2,3,17,3,18,（公章）,宋体,-9,,0,0,0,0,0,2,2,0,0,0,1,0,0,0,0,-1,0,,0,,0
d0050073=2,4,17,4,17,,宋体,-9,,0,0,0,0,0,2,2,0,0,0,0,0,0,0,0,-1,0,,0,,0
d0050074=2,5,17,5,18,（公章）,宋体,-9,,0,0,0,0,0,2,2,0,0,0,1,0,0,0,0,-1,0,,0,,0
d0050075=2,6,17,6,17,,宋体,-9,,0,0,0,0,0,2,2,0,0,0,0,0,0,0,0,-1,0,,0,,0
d0050076=2,7,17,7,18,（公章）,宋体,-9,,0,0,0,0,0,2,2,0,0,0,1,0,0,0,0,-1,0,,0,,0
d0050077=2,8,17,8,17,,宋体,-9,,0,0,0,0,0,2,2,0,0,0,0,0,0,0,0,-1,0,,0,,0
d0050078=2,1,18,1,18,,宋体,-9,,0,0,0,0,0,2,2,0,0,0,0,0,0,0,0,-1,0,,0,,0
d0050079=2,2,18,2,18,,宋体,-9,,0,0,0,0,0,2,2,0,0,1,0,0,0,0,0,-1,0,,0,,0
d0050080=2,4,18,4,18,,宋体,-9,,0,0,0,0,0,2,2,0,0,0,0,0,0,0,0,-1,0,,0,,0
d0050081=2,6,18,6,18,,宋体,-9,,0,0,0,0,0,2,2,0,0,0,0,0,0,0,0,-1,0,,0,,0
d0050082=2,8,18,8,18,,宋体,-9,,0,0,0,0,0,2,2,0,0,0,0,0,0,0,0,-1,0,,0,,0
d0050083=2,1,19,1,19,,宋体,-9,,0,0,0,0,0,2,2,0,0,0,0,0,0,0,0,-1,0,,0,,0
d0050084=2,2,19,3,20, 负责人签章：,宋体,-9,,0,0,0,0,0,0,2,0,0,1,0,0,0,0,0,-1,0,,0,,0
d0050085=2,4,19,5,20, 负责人签章：,宋体,-9,,0,0,0,0,0,0,2,0,0,1,0,0,0,0,0,-1,0,,0,,0
d0050086=2,6,19,7,20, 负责人签章：,宋体,-9,,0,0,0,0,0,0,2,0,0,1,0,0,0,0,0,-1,0,,0,,0
d0050087=2,8,19,8,19,,宋体,-9,,0,0,0,0,0,2,2,0,0,1,0,0,0,0,0,-1,0,,0,,0
d0050088=2,1,20,1,20,,宋体,-9,,0,0,0,0,0,2,2,0,0,0,0,0,0,0,0,-1,0,,0,,0
d0050089=2,8,20,8,20,,宋体,-9,,0,0,0,0,0,2,2,0,0,1,0,0,0,0,0,-1,0,,0,,0
d0050090=2,1,21,1,21,,宋体,-9,,0,0,0,0,0,2,2,0,0,0,0,0,0,0,0,-1,0,,0,,0
d0050091=2,2,21,2,21,,宋体,-9,,0,0,0,0,0,0,2,0,0,1,0,0,0,0,0,-1,0,,0,,0
d0050092=2,3,21,3,22,年    月    日,宋体,-9,,0,0,0,0,0,2,2,0,0,0,1,0,0,0,0,-1,0,,0,,0
d0050093=2,4,21,4,21,,宋体,-9,,0,0,0,0,0,2,2,0,0,0,0,0,0,0,0,-1,0,,0,,0
d0050094=2,5,21,5,22,年    月    日,宋体,-9,,0,0,0,0,0,2,2,0,0,0,1,0,0,0,0,-1,0,,0,,0
d0050095=2,6,21,6,21,,宋体,-9,,0,0,0,0,0,2,2,0,0,0,0,0,0,0,0,-1,0,,0,,0
d0050096=2,7,21,7,22,年    月    日,宋体,-9,,0,0,0,0,0,2,2,0,0,0,1,0,0,0,0,-1,0,,0,,0
d0050097=2,8,21,8,21,,宋体,-9,,0,0,0,0,0,2,2,0,0,0,0,0,0,0,0,-1,0,,0,,0
d0050098=2,1,22,1,22,,宋体,-9,,0,0,0,0,0,2,2,0,0,0,0,0,0,0,0,-1,0,,0,,0
d0050099=2,2,22,2,22,,宋体,-9,,0,0,0,0,0,0,2,0,0,1,0,0,0,0,0,-1,0,,0,,0
d0050100=2,4,22,4,22,,宋体,-9,,0,0,0,0,0,2,2,0,0,0,0,0,0,0,0,-1,0,,0,,0
d0050101=2,6,22,6,22,,宋体,-9,,0,0,0,0,0,2,2,0,0,0,0,0,0,0,0,-1,0,,0,,0
d0050102=2,8,22,8,22,,宋体,-9,,0,0,0,0,0,2,2,0,0,0,0,0,0,0,0,-1,0,,0,,0
d0050103=2,1,23,1,23,,宋体,-9,,0,0,0,0,0,2,2,0,0,0,0,0,0,0,0,-1,0,,0,,0
d0050104=2,2,23,7,24, 备注：,宋体,-9,,0,0,0,0,0,0,2,1,1,1,1,0,0,0,0,-1,0,,0,,0
d0050105=2,8,23,8,23,,宋体,-9,,0,0,0,0,0,2,2,0,0,0,0,0,0,0,0,-1,0,,0,,0
d0050106=2,1,24,1,24,,宋体,-9,,0,0,0,0,0,2,2,0,0,0,0,0,0,0,0,-1,0,,0,,0
d0050107=2,8,24,8,24,,宋体,-9,,0,0,0,0,0,2,2,0,0,0,0,0,0,0,0,-1,0,,0,,0
d0050108=2,1,25,1,25,,宋体,-9,,0,0,0,0,0,2,2,0,0,0,0,0,0,0,0,-1,0,,0,,0
d0050109=2,2,25,3,26, 编制人：,宋体,-9,,0,0,0,0,0,0,2,0,0,0,0,0,0,0,0,-1,0,,0,,0
d0050110=2,4,25,5,26,         复核人：,宋体,-9,,0,0,0,0,0,0,2,0,0,0,0,0,0,0,0,-1,0,,0,,0
d0050111=2,6,25,7,26,                     编制日期： [编制日期],宋体,-9,,0,0,0,0,0,0,2,0,0,0,0,0,0,0,0,-1,0,,0,,0
d0050112=2,8,25,8,25,,宋体,-9,,0,0,0,0,0,2,2,0,0,0,0,0,0,0,0,-1,0,,0,,0
d0050113=2,1,26,1,26,,宋体,-9,,0,0,0,0,0,2,2,0,0,0,0,0,0,0,0,-1,0,,0,,0
d0050114=2,8,26,8,26,,宋体,-9,,0,0,0,0,0,2,2,0,0,0,0,0,0,0,0,-1,0,,0,,0
[PARAMETER]
[/PARAMETER]
[SOURCE]
level=0
dll=工程项目总价表(审计).dll
[TEMP]
ReWrite=1
