[DESIGN]
d001=1
d001001=工程预（结）算造价审核书( 招投标),150,150,150,150,1,1.5,-1,宋体,-10,0,1,1,0.1,-1
d003=4
d0030001=col1,225,宋体,-9,,1,0,0,0,16777215,0,2,1,1,1,1,0,0,0,0,-1,0,未命名,0,,0
d0030002=col2,173,宋体,-9,,1,0,0,0,16777215,0,2,1,1,1,1,0,0,0,1,-1,0,未命名,0,,0
d0030003=col3,169,宋体,-9,,1,0,0,0,16777215,0,2,1,1,1,1,0,0,0,1,-1,0,未命名,0,,0
d0030004=col4,95,宋体,-9,,1,0,0,0,16777215,0,2,1,1,1,1,0,0,0,0,-1,0,未命名,0,,0

d0040001=0
d0040002=36
d0040003=0
d0040004=0
d0040005=0

d005=123
d0050001=2,1,1,1,1,,宋体,-9,,0,0,0,0,0,2,2,0,0,0,0,0,0,0,0,-1,0,,0,,0
d0050002=2,2,1,2,1,,宋体,-9,,0,0,0,0,0,2,2,0,0,0,0,0,0,0,0,-1,0,,0,,0
d0050003=2,3,1,3,1,,宋体,-9,,0,0,0,0,0,2,2,0,0,0,0,0,0,0,0,-1,0,,0,,0
d0050004=2,4,1,4,1,,宋体,-9,,0,0,0,0,0,2,2,0,0,0,0,0,0,0,0,-1,0,,0,,0
d0050005=2,1,2,4,3,工程预（结）算造价审核书,宋体,-22,700,0,0,0,0,0,2,1,0,0,0,0,0,0,0,0,-1,0,,0,,0
d0050006=2,1,4,1,4,,宋体,-9,,0,0,0,0,0,2,2,0,0,0,0,0,0,0,0,-1,0,,0,,0
d0050007=2,2,4,2,4,,宋体,-9,,0,0,0,0,0,2,2,0,0,0,0,0,0,0,0,-1,0,,0,,0
d0050008=2,3,4,3,4,,宋体,-9,,0,0,0,0,0,2,2,0,0,0,0,0,0,0,0,-1,0,,0,,0
d0050009=2,4,4,4,4,,宋体,-9,,0,0,0,0,0,2,2,0,0,0,0,0,0,0,0,-1,0,,0,,0
d0050010=2,1,5,1,5,,宋体,-9,,0,0,0,0,0,2,2,0,0,0,0,0,0,0,0,-1,0,,0,,0
d0050011=2,2,5,2,5,,宋体,-9,,0,0,0,0,0,2,2,0,0,0,0,0,0,0,0,-1,0,,0,,0
d0050012=2,3,5,3,5,,宋体,-9,,0,0,0,0,0,2,2,0,0,0,0,0,0,0,0,-1,0,,0,,0
d0050013=2,4,5,4,5,,宋体,-9,,0,0,0,0,0,2,2,0,0,0,0,0,0,0,0,-1,0,,0,,0
d0050014=2,1,6,1,7,工程名称：,宋体,-12,,0,0,0,0,0,1,1,0,0,0,0,0,0,0,0,-1,0,,0,,0
d0050015=2,2,6,3,7,[工程名称],宋体,-12,,0,0,0,0,0,0,1,0,1,0,0,0,0,0,0,-1,0,,0,,0
d0050016=2,4,6,4,6,,宋体,-9,,0,0,0,0,0,2,2,0,0,0,0,0,0,0,0,-1,0,,0,,0
d0050017=2,4,7,4,7,,宋体,-9,,0,0,0,0,0,2,2,0,0,0,0,0,0,0,0,-1,0,,0,,0
d0050018=2,1,8,1,8,,宋体,-12,,0,0,0,0,0,1,2,0,0,0,0,0,0,0,0,-1,0,,0,,0
d0050019=2,2,8,2,8,,宋体,-12,,0,0,0,0,0,0,2,0,0,0,0,0,0,0,0,-1,0,,0,,0
d0050020=2,3,8,3,8,,宋体,-12,,0,0,0,0,0,0,2,0,0,0,0,0,0,0,0,-1,0,,0,,0
d0050021=2,4,8,4,8,,宋体,-12,,0,0,0,0,0,2,2,0,0,0,0,0,0,0,0,-1,0,,0,,0
d0050022=2,1,9,1,9,,宋体,-12,,0,0,0,0,0,1,2,0,0,0,0,0,0,0,0,-1,0,,0,,0
d0050023=2,2,9,2,9,,宋体,-12,,0,0,0,0,0,0,2,0,0,0,0,0,0,0,0,-1,0,,0,,0
d0050024=2,3,9,3,9,,宋体,-12,,0,0,0,0,0,0,2,0,0,0,0,0,0,0,0,-1,0,,0,,0
d0050025=2,4,9,4,9,,宋体,-12,,0,0,0,0,0,2,2,0,0,0,0,0,0,0,0,-1,0,,0,,0
d0050026=2,1,10,1,10,,宋体,-12,,0,0,0,0,0,2,2,0,0,0,0,0,0,0,0,-1,0,,0,,0
d0050027=2,2,10,2,10,,宋体,-12,,0,0,0,0,0,0,2,0,0,0,0,0,0,0,0,-1,0,,0,,0
d0050028=2,3,10,3,10,,宋体,-12,,0,0,0,0,0,0,2,0,0,0,0,0,0,0,0,-1,0,,0,,0
d0050029=2,4,10,4,10,,宋体,-12,,0,0,0,0,0,2,2,0,0,0,0,0,0,0,0,-1,0,,0,,0
d0050030=2,1,11,1,11,送审金额（大写）:,宋体,-12,,0,0,0,0,0,1,2,0,0,0,0,0,0,0,0,-1,0,,0,,0
d0050031=2,2,11,3,11,[送审金额大写],宋体,-12,,0,0,0,0,0,0,2,0,1,0,0,0,0,0,0,-1,0,,0,,0
d0050032=2,4,11,4,11,,宋体,-12,,0,0,0,0,0,2,2,0,0,0,0,0,0,0,0,-1,0,,0,,0
d0050033=2,1,12,1,12,,宋体,-12,,0,0,0,0,0,2,2,0,0,0,0,0,0,0,0,-1,0,,0,,0
d0050034=2,2,12,2,12,,宋体,-12,,0,0,0,0,0,0,2,0,0,0,0,0,0,0,0,-1,0,,0,,0
d0050035=2,3,12,3,12,,宋体,-12,,0,0,0,0,0,0,2,0,0,0,0,0,0,0,0,-1,0,,0,,0
d0050036=2,4,12,4,12,,宋体,-12,,0,0,0,0,0,2,2,0,0,0,0,0,0,0,0,-1,0,,0,,0
d0050037=2,1,13,1,13,（小写）:,宋体,-12,,0,0,0,0,0,1,2,0,0,0,0,0,0,0,0,-1,0,,0,,0
d0050038=2,2,13,3,13,[送审金额小写],宋体,-12,,0,0,0,0,0,0,2,0,1,0,0,0,0,0,0,-1,0,,0,,0
d0050039=2,4,13,4,13,,宋体,-12,,0,0,0,0,0,2,2,0,0,0,0,0,0,0,0,-1,0,,0,,0
d0050040=2,1,14,1,14,,宋体,-12,,0,0,0,0,0,1,2,0,0,0,0,0,0,0,0,-1,0,,0,,0
d0050041=2,2,14,2,14,,宋体,-12,,0,0,0,0,0,0,2,0,0,0,0,0,0,0,0,-1,0,,0,,0
d0050042=2,3,14,3,14,,宋体,-12,,0,0,0,0,0,0,2,0,0,0,0,0,0,0,0,-1,0,,0,,0
d0050043=2,4,14,4,14,,宋体,-12,,0,0,0,0,0,2,2,0,0,0,0,0,0,0,0,-1,0,,0,,0
d0050044=2,1,15,1,15,,宋体,-12,,0,0,0,0,0,2,2,0,0,0,0,0,0,0,0,-1,0,,0,,0
d0050045=2,2,15,2,15,,宋体,-12,,0,0,0,0,0,0,2,0,0,0,0,0,0,0,0,-1,0,,0,,0
d0050046=2,3,15,3,15,,宋体,-12,,0,0,0,0,0,0,2,0,0,0,0,0,0,0,0,-1,0,,0,,0
d0050047=2,4,15,4,15,,宋体,-12,,0,0,0,0,0,2,2,0,0,0,0,0,0,0,0,-1,0,,0,,0
d0050048=2,1,16,1,16,,宋体,-12,,0,0,0,0,0,1,2,0,0,0,0,0,0,0,0,-1,0,,0,,0
d0050049=2,2,16,2,16,,宋体,-12,,0,0,0,0,0,0,2,0,0,0,0,0,0,0,0,-1,0,,0,,0
d0050050=2,3,16,3,16,,宋体,-12,,0,0,0,0,0,0,2,0,0,0,0,0,0,0,0,-1,0,,0,,0
d0050051=2,4,16,4,16,,宋体,-12,,0,0,0,0,0,2,2,0,0,0,0,0,0,0,0,-1,0,,0,,0
d0050052=2,1,17,1,17,审核金额（大写）:,宋体,-12,,0,0,0,0,0,1,1,0,0,0,0,0,0,0,0,-1,0,,0,,0
d0050053=2,2,17,3,17,[审定金额大写],宋体,-12,,0,0,0,0,0,0,2,0,1,0,0,0,0,0,0,-1,0,,0,,0
d0050054=2,4,17,4,17,,宋体,-9,,0,0,0,0,0,2,2,0,0,0,0,0,0,0,0,-1,0,,0,,0
d0050055=2,1,18,1,18,,宋体,-9,,0,0,0,0,0,2,1,0,0,0,0,0,0,0,0,-1,0,,0,,0
d0050056=2,2,18,2,18,,宋体,-12,,0,0,0,0,0,0,2,0,0,0,0,0,0,0,0,-1,0,,0,,0
d0050057=2,3,18,3,18,,宋体,-12,,0,0,0,0,0,0,2,0,0,0,0,0,0,0,0,-1,0,,0,,0
d0050058=2,4,18,4,18,,宋体,-9,,0,0,0,0,0,2,2,0,0,0,0,0,0,0,0,-1,0,,0,,0
d0050059=2,1,19,1,19,（小写）:,宋体,-12,,0,0,0,0,0,1,1,0,0,0,0,0,0,0,0,-1,0,,0,,0
d0050060=2,2,19,3,19,[审定金额小写],宋体,-12,,0,0,0,0,0,0,2,0,1,0,0,0,0,0,0,-1,0,,0,,0
d0050061=2,4,19,4,19,,宋体,-9,,0,0,0,0,0,2,2,0,0,0,0,0,0,0,0,-1,0,,0,,0
d0050062=2,1,20,1,20,,宋体,-9,,0,0,0,0,0,2,1,0,0,0,0,0,0,0,0,-1,0,,0,,0
d0050063=2,2,20,2,20,,宋体,-9,,0,0,0,0,0,2,2,0,0,0,0,0,0,0,0,-1,0,,0,,0
d0050064=2,3,20,3,20,,宋体,-9,,0,0,0,0,0,2,2,0,0,0,0,0,0,0,0,-1,0,,0,,0
d0050065=2,4,20,4,20,,宋体,-9,,0,0,0,0,0,2,2,0,0,0,0,0,0,0,0,-1,0,,0,,0
d0050066=2,1,21,1,21,,宋体,-9,,0,0,0,0,0,2,1,0,0,0,0,0,0,0,0,-1,0,,0,,0
d0050067=2,2,21,2,21,,宋体,-9,,0,0,0,0,0,2,2,0,0,0,0,0,0,0,0,-1,0,,0,,0
d0050068=2,3,21,3,21,,宋体,-9,,0,0,0,0,0,2,2,0,0,0,0,0,0,0,0,-1,0,,0,,0
d0050069=2,4,21,4,21,,宋体,-9,,0,0,0,0,0,2,2,0,0,0,0,0,0,0,0,-1,0,,0,,0
d0050070=2,1,22,1,22,,宋体,-9,,0,0,0,0,0,2,1,0,0,0,0,0,0,0,0,-1,0,,0,,0
d0050071=2,2,22,2,22,,宋体,-9,,0,0,0,0,0,2,2,0,0,0,0,0,0,0,0,-1,0,,0,,0
d0050072=2,3,22,3,22,,宋体,-9,,0,0,0,0,0,2,2,0,0,0,0,0,0,0,0,-1,0,,0,,0
d0050073=2,4,22,4,22,,宋体,-9,,0,0,0,0,0,2,2,0,0,0,0,0,0,0,0,-1,0,,0,,0
d0050074=2,1,23,1,23,建设单位:,宋体,-12,,0,0,0,0,0,1,1,0,0,0,0,0,0,0,0,-1,0,,0,,0
d0050075=2,2,23,3,23,,宋体,-9,,0,0,0,0,0,2,2,0,1,0,0,0,0,0,0,-1,0,,0,,0
d0050076=2,4,23,4,23,（单位盖章）,宋体,-9,,0,0,0,0,0,0,1,0,0,0,0,0,0,0,0,-1,0,,0,,0
d0050077=2,1,24,1,24,,宋体,-9,,0,0,0,0,0,2,1,0,0,0,0,0,0,0,0,-1,0,,0,,0
d0050078=2,2,24,2,24,,宋体,-9,,0,0,0,0,0,2,2,0,0,0,0,0,0,0,0,-1,0,,0,,0
d0050079=2,3,24,3,24,,宋体,-9,,0,0,0,0,0,2,2,0,0,0,0,0,0,0,0,-1,0,,0,,0
d0050080=2,4,24,4,24,,宋体,-9,,0,0,0,0,0,0,1,0,0,0,0,0,0,0,0,-1,0,,0,,0
d0050081=2,1,25,1,25,法定代表人或其授权人:,宋体,-12,,0,0,0,0,0,1,1,0,0,0,0,0,0,0,0,-1,0,,0,,0
d0050082=2,2,25,3,25,,宋体,-9,,0,0,0,0,0,2,2,0,1,0,0,0,0,0,0,-1,0,,0,,0
d0050083=2,4,25,4,25,（签字或盖章）,宋体,-9,,0,0,0,0,0,0,1,0,0,0,0,0,0,0,0,-1,0,,0,,0
d0050084=2,1,26,1,26,,宋体,-9,,0,0,0,0,0,2,1,0,0,0,0,0,0,0,0,-1,0,,0,,0
d0050085=2,2,26,2,26,,宋体,-9,,0,0,0,0,0,2,2,0,0,0,0,0,0,0,0,-1,0,,0,,0
d0050086=2,3,26,3,26,,宋体,-9,,0,0,0,0,0,2,2,0,0,0,0,0,0,0,0,-1,0,,0,,0
d0050087=2,4,26,4,26,,宋体,-9,,0,0,0,0,0,0,1,0,0,0,0,0,0,0,0,-1,0,,0,,0
d0050088=2,1,27,1,27,施工单位:,宋体,-12,,0,0,0,0,0,1,1,0,0,0,0,0,0,0,0,-1,0,,0,,0
d0050089=2,2,27,3,27,,宋体,-9,,0,0,0,0,0,2,2,0,1,0,0,0,0,0,0,-1,0,,0,,0
d0050090=2,4,27,4,27,（单位盖章）,宋体,-9,,0,0,0,0,0,0,1,0,0,0,0,0,0,0,0,-1,0,,0,,0
d0050091=2,1,28,1,28,,宋体,-9,,0,0,0,0,0,2,1,0,0,0,0,0,0,0,0,-1,0,,0,,0
d0050092=2,2,28,2,28,,宋体,-9,,0,0,0,0,0,2,2,0,0,0,0,0,0,0,0,-1,0,,0,,0
d0050093=2,3,28,3,28,,宋体,-9,,0,0,0,0,0,2,2,0,0,0,0,0,0,0,0,-1,0,,0,,0
d0050094=2,4,28,4,28,,宋体,-9,,0,0,0,0,0,0,1,0,0,0,0,0,0,0,0,-1,0,,0,,0
d0050095=2,1,29,1,29,法定代表人或其授权人:,宋体,-12,,0,0,0,0,0,1,1,0,0,0,0,0,0,0,0,-1,0,,0,,0
d0050096=2,2,29,3,29,,宋体,-9,,0,0,0,0,0,2,2,0,1,0,0,0,0,0,0,-1,0,,0,,0
d0050097=2,4,29,4,29,（签字或盖章）,宋体,-9,,0,0,0,0,0,0,1,0,0,0,0,0,0,0,0,-1,0,,0,,0
d0050098=2,1,30,1,30,,宋体,-12,,0,0,0,0,0,1,1,0,0,0,0,0,0,0,0,-1,0,,0,,0
d0050099=2,2,30,2,30,,宋体,-9,,0,0,0,0,0,2,2,0,0,0,0,0,0,0,0,-1,0,,0,,0
d0050100=2,3,30,3,30,,宋体,-9,,0,0,0,0,0,2,2,0,0,0,0,0,0,0,0,-1,0,,0,,0
d0050101=2,4,30,4,30,,宋体,-9,,0,0,0,0,0,0,1,0,0,0,0,0,0,0,0,-1,0,,0,,0
d0050102=2,1,31,1,31,造价咨询单位:,宋体,-12,,0,0,0,0,0,1,1,0,0,0,0,0,0,0,0,-1,0,,0,,0
d0050103=2,2,31,3,31,,宋体,-9,,0,0,0,0,0,2,2,0,1,0,0,0,0,0,0,-1,0,,0,,0
d0050104=2,4,31,4,31,（单位盖章）,宋体,-9,,0,0,0,0,0,0,1,0,0,0,0,0,0,0,0,-1,0,,0,,0
d0050105=2,1,32,1,32,,宋体,-12,,0,0,0,0,0,1,1,0,0,0,0,0,0,0,0,-1,0,,0,,0
d0050106=2,2,32,2,32,,宋体,-9,,0,0,0,0,0,2,2,0,0,0,0,0,0,0,0,-1,0,,0,,0
d0050107=2,3,32,3,32,,宋体,-9,,0,0,0,0,0,2,2,0,0,0,0,0,0,0,0,-1,0,,0,,0
d0050108=2,4,32,4,32,,宋体,-9,,0,0,0,0,0,0,1,0,0,0,0,0,0,0,0,-1,0,,0,,0
d0050109=2,1,33,1,33,法定代表人或其授权人:,宋体,-12,,0,0,0,0,0,1,1,0,0,0,0,0,0,0,0,-1,0,,0,,0
d0050110=2,2,33,3,33,,宋体,-9,,0,0,0,0,0,2,2,0,1,0,0,0,0,0,0,-1,0,,0,,0
d0050111=2,4,33,4,33,（签字或盖章）,宋体,-9,,0,0,0,0,0,0,1,0,0,0,0,0,0,0,0,-1,0,,0,,0
d0050112=2,1,34,1,34,,宋体,-9,,0,0,0,0,0,2,2,0,0,0,0,0,0,0,0,-1,0,,0,,0
d0050113=2,2,34,2,34,,宋体,-9,,0,0,0,0,0,2,2,0,0,0,0,0,0,0,0,-1,0,,0,,0
d0050114=2,3,34,3,34,,宋体,-9,,0,0,0,0,0,2,2,0,0,0,0,0,0,0,0,-1,0,,0,,0
d0050115=2,4,34,4,34,,宋体,-9,,0,0,0,0,0,2,2,0,0,0,0,0,0,0,0,-1,0,,0,,0
d0050116=2,1,35,1,35,,宋体,-9,,0,0,0,0,0,2,2,0,0,0,0,0,0,0,0,-1,0,,0,,0
d0050117=2,2,35,2,35,,宋体,-9,,0,0,0,0,0,2,2,0,0,0,0,0,0,0,0,-1,0,,0,,0
d0050118=2,3,35,3,35,,宋体,-9,,0,0,0,0,0,2,2,0,0,0,0,0,0,0,0,-1,0,,0,,0
d0050119=2,4,35,4,35,,宋体,-9,,0,0,0,0,0,2,2,0,0,0,0,0,0,0,0,-1,0,,0,,0
d0050120=2,1,36,1,36,,宋体,-9,,0,0,0,0,0,2,2,0,0,0,0,0,0,0,0,-1,0,,0,,0
d0050121=2,2,36,2,36,,宋体,-9,,0,0,0,0,0,2,2,0,0,0,0,0,0,0,0,-1,0,,0,,0
d0050122=2,3,36,3,36,,宋体,-9,,0,0,0,0,0,2,2,0,0,0,0,0,0,0,0,-1,0,,0,,0
d0050123=2,4,36,4,36,,宋体,-9,,0,0,0,0,0,2,2,0,0,0,0,0,0,0,0,-1,0,,0,,0
[PARAMETER]
[/PARAMETER]
[SOURCE]
level=0
dll=工程项目总价表(审计).dll
[TEMP]
ReWrite=1
