[DESIGN]
d001=0
d001001=数据汇总,150,150,150,150,0,2,-1,宋体,-9,0,0,1,1,-1
d003=5
d0030001=序号,146,宋体,-9,,0,0,0,0,0,0,0,1,1,1,1,0,0,0,0,-1,0,序号,0,
d0030002=名称,60,宋体,-9,,0,0,0,0,0,0,0,1,1,1,1,0,0,0,0,-1,0,名称,0,
d0030003=分类分项项目,60,宋体,-9,,0,0,0,0,0,0,0,1,1,1,1,0,0,0,0,-1,0,分类分项项目,0,
d0030004=措施项目,60,宋体,-9,,0,0,0,0,0,0,0,1,1,1,1,0,0,0,0,-1,0,措施项目,0,
d0030005=其他项目,60,宋体,-9,,0,0,0,0,0,0,0,1,1,1,1,0,0,0,0,-1,0,其他项目,0,

d0040001=0
d0040002=2
d0040003=1
d0040004=0
d0040005=0

d005=11
d0050001=2,1,1,1,2,序号,宋体,-9,,0,0,0,0,0,2,2,1,1,1,1,0,0,0,0,-1,0,,0,
d0050002=2,2,1,2,2,名称,宋体,-9,,0,0,0,0,0,2,2,1,1,1,1,0,0,0,0,-1,0,,0,
d0050003=2,3,1,3,2,分类分项项目,宋体,-9,,0,0,0,0,0,2,2,1,1,1,1,0,0,0,0,-1,0,,0,
d0050004=2,4,1,4,2,措施项目,宋体,-9,,0,0,0,0,0,2,2,1,1,1,1,0,0,0,0,-1,0,,0,
d0050005=2,5,1,5,2,其他项目,宋体,-9,,0,0,0,0,0,2,2,1,1,1,1,0,0,0,0,-1,0,,0,
d0050006=3,1,1,1,1,,宋体,-9,,0,0,0,0,0,0,2,1,1,1,1,0,0,0,0,-1,0,,0,
d0050007=3,2,1,2,1,,宋体,-9,,0,0,0,0,0,1,2,1,1,1,1,0,0,0,0,-1,0,,0,
d0050008=3,3,1,3,1,,宋体,-9,,0,0,0,0,0,1,2,1,1,1,1,0,0,0,0,-1,0,,0,
d0050009=3,4,1,4,1,,宋体,-9,,0,0,0,0,0,1,2,1,1,1,1,0,0,0,0,-1,0,,0,
d0050010=3,5,1,5,1,,宋体,-9,,0,0,0,0,0,1,2,1,1,1,1,0,0,0,0,-1,0,,0,
d0050011=3,6,1,6,1,1,宋体,-9,,0,0,0,0,0,0,0,1,1,1,1,0,0,0,0,-1,0,,0,
[SOURCE]
level=0
dll=空表.dll
